[0.065s] Invoking command in '/home/dev/gazebo-tutorials/gazebo-drone-ros/build/cam_interface': CMAKE_PREFIX_PATH=/opt/ros/humble /usr/bin/cmake --build /home/dev/gazebo-tutorials/gazebo-drone-ros/build/cam_interface -- -j4 -l4
[0.115s] [  9%] Built target cam_interface__cpp
[0.116s] [ 12%] Built target cam_interface__rosidl_generator_c
[0.144s] [ 12%] Built target ament_cmake_python_copy_cam_interface
[0.148s] [ 22%] Built target cam_interface__rosidl_typesupport_cpp
[0.152s] [ 32%] Built target cam_interface__rosidl_typesupport_introspection_cpp
[0.166s] [ 41%] Built target cam_interface__rosidl_typesupport_fastrtps_cpp
[0.180s] [ 51%] Built target cam_interface__rosidl_typesupport_c
[0.184s] [ 61%] Built target cam_interface__rosidl_typesupport_fastrtps_c
[0.189s] [ 70%] Built target cam_interface__rosidl_typesupport_introspection_c
[0.210s] [ 70%] Built target cam_interface
[0.239s] [ 74%] Built target cam_interface__py
[0.269s] [ 80%] Built target cam_interface__rosidl_generator_py
[0.303s] [ 87%] Built target cam_interface__rosidl_typesupport_fastrtps_c__pyext
[0.309s] [ 93%] Built target cam_interface__rosidl_typesupport_introspection_c__pyext
[0.320s] [100%] Built target cam_interface__rosidl_typesupport_c__pyext
[0.610s] running egg_info
[0.611s] writing cam_interface.egg-info/PKG-INFO
[0.611s] writing dependency_links to cam_interface.egg-info/dependency_links.txt
[0.612s] writing top-level names to cam_interface.egg-info/top_level.txt
[0.616s] reading manifest file 'cam_interface.egg-info/SOURCES.txt'
[0.617s] writing manifest file 'cam_interface.egg-info/SOURCES.txt'
[0.666s] [100%] Built target ament_cmake_python_build_cam_interface_egg
[0.677s] Invoked command in '/home/dev/gazebo-tutorials/gazebo-drone-ros/build/cam_interface' returned '0': CMAKE_PREFIX_PATH=/opt/ros/humble /usr/bin/cmake --build /home/dev/gazebo-tutorials/gazebo-drone-ros/build/cam_interface -- -j4 -l4
[0.746s] Invoking command in '/home/dev/gazebo-tutorials/gazebo-drone-ros/build/cam_interface': CMAKE_PREFIX_PATH=/opt/ros/humble /usr/bin/cmake --install /home/dev/gazebo-tutorials/gazebo-drone-ros/build/cam_interface
[0.756s] -- Install configuration: ""
[0.756s] -- Up-to-date: /home/dev/gazebo-tutorials/gazebo-drone-ros/install/cam_interface/share/ament_index/resource_index/rosidl_interfaces/cam_interface
[0.756s] -- Up-to-date: /home/dev/gazebo-tutorials/gazebo-drone-ros/install/cam_interface/include/cam_interface/cam_interface
[0.756s] -- Up-to-date: /home/dev/gazebo-tutorials/gazebo-drone-ros/install/cam_interface/include/cam_interface/cam_interface/msg
[0.756s] -- Up-to-date: /home/dev/gazebo-tutorials/gazebo-drone-ros/install/cam_interface/include/cam_interface/cam_interface/msg/rosidl_generator_c__visibility_control.h
[0.756s] -- Up-to-date: /home/dev/gazebo-tutorials/gazebo-drone-ros/install/cam_interface/include/cam_interface/cam_interface/msg/pixel.h
[0.756s] -- Up-to-date: /home/dev/gazebo-tutorials/gazebo-drone-ros/install/cam_interface/include/cam_interface/cam_interface/msg/detail
[0.756s] -- Up-to-date: /home/dev/gazebo-tutorials/gazebo-drone-ros/install/cam_interface/include/cam_interface/cam_interface/msg/detail/pixel__functions.c
[0.756s] -- Up-to-date: /home/dev/gazebo-tutorials/gazebo-drone-ros/install/cam_interface/include/cam_interface/cam_interface/msg/detail/pixel__type_support.h
[0.756s] -- Up-to-date: /home/dev/gazebo-tutorials/gazebo-drone-ros/install/cam_interface/include/cam_interface/cam_interface/msg/detail/pixel__struct.h
[0.756s] -- Up-to-date: /home/dev/gazebo-tutorials/gazebo-drone-ros/install/cam_interface/include/cam_interface/cam_interface/msg/detail/pixel__functions.h
[0.756s] -- Up-to-date: /home/dev/gazebo-tutorials/gazebo-drone-ros/install/cam_interface/share/cam_interface/environment/library_path.sh
[0.757s] -- Up-to-date: /home/dev/gazebo-tutorials/gazebo-drone-ros/install/cam_interface/share/cam_interface/environment/library_path.dsv
[0.757s] -- Up-to-date: /home/dev/gazebo-tutorials/gazebo-drone-ros/install/cam_interface/lib/libcam_interface__rosidl_generator_c.so
[0.757s] -- Up-to-date: /home/dev/gazebo-tutorials/gazebo-drone-ros/install/cam_interface/include/cam_interface/cam_interface
[0.757s] -- Up-to-date: /home/dev/gazebo-tutorials/gazebo-drone-ros/install/cam_interface/include/cam_interface/cam_interface/msg
[0.757s] -- Up-to-date: /home/dev/gazebo-tutorials/gazebo-drone-ros/install/cam_interface/include/cam_interface/cam_interface/msg/rosidl_typesupport_fastrtps_c__visibility_control.h
[0.757s] -- Up-to-date: /home/dev/gazebo-tutorials/gazebo-drone-ros/install/cam_interface/include/cam_interface/cam_interface/msg/detail
[0.757s] -- Up-to-date: /home/dev/gazebo-tutorials/gazebo-drone-ros/install/cam_interface/include/cam_interface/cam_interface/msg/detail/pixel__rosidl_typesupport_fastrtps_c.h
[0.757s] -- Up-to-date: /home/dev/gazebo-tutorials/gazebo-drone-ros/install/cam_interface/lib/libcam_interface__rosidl_typesupport_fastrtps_c.so
[0.757s] -- Up-to-date: /home/dev/gazebo-tutorials/gazebo-drone-ros/install/cam_interface/include/cam_interface/cam_interface
[0.758s] -- Up-to-date: /home/dev/gazebo-tutorials/gazebo-drone-ros/install/cam_interface/include/cam_interface/cam_interface/msg
[0.758s] -- Up-to-date: /home/dev/gazebo-tutorials/gazebo-drone-ros/install/cam_interface/include/cam_interface/cam_interface/msg/detail
[0.758s] -- Up-to-date: /home/dev/gazebo-tutorials/gazebo-drone-ros/install/cam_interface/include/cam_interface/cam_interface/msg/detail/pixel__traits.hpp
[0.758s] -- Up-to-date: /home/dev/gazebo-tutorials/gazebo-drone-ros/install/cam_interface/include/cam_interface/cam_interface/msg/detail/pixel__builder.hpp
[0.758s] -- Up-to-date: /home/dev/gazebo-tutorials/gazebo-drone-ros/install/cam_interface/include/cam_interface/cam_interface/msg/detail/pixel__struct.hpp
[0.758s] -- Up-to-date: /home/dev/gazebo-tutorials/gazebo-drone-ros/install/cam_interface/include/cam_interface/cam_interface/msg/pixel.hpp
[0.758s] -- Up-to-date: /home/dev/gazebo-tutorials/gazebo-drone-ros/install/cam_interface/include/cam_interface/cam_interface
[0.758s] -- Up-to-date: /home/dev/gazebo-tutorials/gazebo-drone-ros/install/cam_interface/include/cam_interface/cam_interface/msg
[0.758s] -- Up-to-date: /home/dev/gazebo-tutorials/gazebo-drone-ros/install/cam_interface/include/cam_interface/cam_interface/msg/rosidl_typesupport_fastrtps_cpp__visibility_control.h
[0.759s] -- Up-to-date: /home/dev/gazebo-tutorials/gazebo-drone-ros/install/cam_interface/include/cam_interface/cam_interface/msg/detail
[0.759s] -- Up-to-date: /home/dev/gazebo-tutorials/gazebo-drone-ros/install/cam_interface/include/cam_interface/cam_interface/msg/detail/dds_fastrtps
[0.759s] -- Up-to-date: /home/dev/gazebo-tutorials/gazebo-drone-ros/install/cam_interface/include/cam_interface/cam_interface/msg/detail/pixel__rosidl_typesupport_fastrtps_cpp.hpp
[0.759s] -- Up-to-date: /home/dev/gazebo-tutorials/gazebo-drone-ros/install/cam_interface/lib/libcam_interface__rosidl_typesupport_fastrtps_cpp.so
[0.759s] -- Up-to-date: /home/dev/gazebo-tutorials/gazebo-drone-ros/install/cam_interface/include/cam_interface/cam_interface
[0.759s] -- Up-to-date: /home/dev/gazebo-tutorials/gazebo-drone-ros/install/cam_interface/include/cam_interface/cam_interface/msg
[0.759s] -- Up-to-date: /home/dev/gazebo-tutorials/gazebo-drone-ros/install/cam_interface/include/cam_interface/cam_interface/msg/rosidl_typesupport_introspection_c__visibility_control.h
[0.759s] -- Up-to-date: /home/dev/gazebo-tutorials/gazebo-drone-ros/install/cam_interface/include/cam_interface/cam_interface/msg/detail
[0.759s] -- Up-to-date: /home/dev/gazebo-tutorials/gazebo-drone-ros/install/cam_interface/include/cam_interface/cam_interface/msg/detail/pixel__type_support.c
[0.759s] -- Up-to-date: /home/dev/gazebo-tutorials/gazebo-drone-ros/install/cam_interface/include/cam_interface/cam_interface/msg/detail/pixel__rosidl_typesupport_introspection_c.h
[0.759s] -- Up-to-date: /home/dev/gazebo-tutorials/gazebo-drone-ros/install/cam_interface/lib/libcam_interface__rosidl_typesupport_introspection_c.so
[0.759s] -- Up-to-date: /home/dev/gazebo-tutorials/gazebo-drone-ros/install/cam_interface/lib/libcam_interface__rosidl_typesupport_c.so
[0.759s] -- Up-to-date: /home/dev/gazebo-tutorials/gazebo-drone-ros/install/cam_interface/include/cam_interface/cam_interface
[0.760s] -- Up-to-date: /home/dev/gazebo-tutorials/gazebo-drone-ros/install/cam_interface/include/cam_interface/cam_interface/msg
[0.760s] -- Up-to-date: /home/dev/gazebo-tutorials/gazebo-drone-ros/install/cam_interface/include/cam_interface/cam_interface/msg/detail
[0.760s] -- Up-to-date: /home/dev/gazebo-tutorials/gazebo-drone-ros/install/cam_interface/include/cam_interface/cam_interface/msg/detail/pixel__type_support.cpp
[0.760s] -- Up-to-date: /home/dev/gazebo-tutorials/gazebo-drone-ros/install/cam_interface/include/cam_interface/cam_interface/msg/detail/pixel__rosidl_typesupport_introspection_cpp.hpp
[0.760s] -- Up-to-date: /home/dev/gazebo-tutorials/gazebo-drone-ros/install/cam_interface/lib/libcam_interface__rosidl_typesupport_introspection_cpp.so
[0.760s] -- Up-to-date: /home/dev/gazebo-tutorials/gazebo-drone-ros/install/cam_interface/lib/libcam_interface__rosidl_typesupport_cpp.so
[0.760s] -- Up-to-date: /home/dev/gazebo-tutorials/gazebo-drone-ros/install/cam_interface/share/cam_interface/environment/pythonpath.sh
[0.760s] -- Up-to-date: /home/dev/gazebo-tutorials/gazebo-drone-ros/install/cam_interface/share/cam_interface/environment/pythonpath.dsv
[0.760s] -- Up-to-date: /home/dev/gazebo-tutorials/gazebo-drone-ros/install/cam_interface/local/lib/python3.10/dist-packages/cam_interface-0.0.0-py3.10.egg-info
[0.761s] -- Installing: /home/dev/gazebo-tutorials/gazebo-drone-ros/install/cam_interface/local/lib/python3.10/dist-packages/cam_interface-0.0.0-py3.10.egg-info/top_level.txt
[0.761s] -- Installing: /home/dev/gazebo-tutorials/gazebo-drone-ros/install/cam_interface/local/lib/python3.10/dist-packages/cam_interface-0.0.0-py3.10.egg-info/SOURCES.txt
[0.761s] -- Installing: /home/dev/gazebo-tutorials/gazebo-drone-ros/install/cam_interface/local/lib/python3.10/dist-packages/cam_interface-0.0.0-py3.10.egg-info/PKG-INFO
[0.761s] -- Installing: /home/dev/gazebo-tutorials/gazebo-drone-ros/install/cam_interface/local/lib/python3.10/dist-packages/cam_interface-0.0.0-py3.10.egg-info/dependency_links.txt
[0.761s] -- Up-to-date: /home/dev/gazebo-tutorials/gazebo-drone-ros/install/cam_interface/local/lib/python3.10/dist-packages/cam_interface
[0.761s] -- Up-to-date: /home/dev/gazebo-tutorials/gazebo-drone-ros/install/cam_interface/local/lib/python3.10/dist-packages/cam_interface/_cam_interface_s.ep.rosidl_typesupport_fastrtps_c.c
[0.762s] -- Up-to-date: /home/dev/gazebo-tutorials/gazebo-drone-ros/install/cam_interface/local/lib/python3.10/dist-packages/cam_interface/_cam_interface_s.ep.rosidl_typesupport_c.c
[0.762s] -- Up-to-date: /home/dev/gazebo-tutorials/gazebo-drone-ros/install/cam_interface/local/lib/python3.10/dist-packages/cam_interface/__init__.py
[0.762s] -- Up-to-date: /home/dev/gazebo-tutorials/gazebo-drone-ros/install/cam_interface/local/lib/python3.10/dist-packages/cam_interface/libcam_interface__rosidl_generator_py.so
[0.762s] -- Up-to-date: /home/dev/gazebo-tutorials/gazebo-drone-ros/install/cam_interface/local/lib/python3.10/dist-packages/cam_interface/cam_interface_s__rosidl_typesupport_c.cpython-310-x86_64-linux-gnu.so
[0.762s] -- Up-to-date: /home/dev/gazebo-tutorials/gazebo-drone-ros/install/cam_interface/local/lib/python3.10/dist-packages/cam_interface/cam_interface_s__rosidl_typesupport_fastrtps_c.cpython-310-x86_64-linux-gnu.so
[0.762s] -- Up-to-date: /home/dev/gazebo-tutorials/gazebo-drone-ros/install/cam_interface/local/lib/python3.10/dist-packages/cam_interface/cam_interface_s__rosidl_typesupport_introspection_c.cpython-310-x86_64-linux-gnu.so
[0.762s] -- Up-to-date: /home/dev/gazebo-tutorials/gazebo-drone-ros/install/cam_interface/local/lib/python3.10/dist-packages/cam_interface/msg
[0.762s] -- Up-to-date: /home/dev/gazebo-tutorials/gazebo-drone-ros/install/cam_interface/local/lib/python3.10/dist-packages/cam_interface/msg/_pixel_s.c
[0.762s] -- Up-to-date: /home/dev/gazebo-tutorials/gazebo-drone-ros/install/cam_interface/local/lib/python3.10/dist-packages/cam_interface/msg/__init__.py
[0.762s] -- Up-to-date: /home/dev/gazebo-tutorials/gazebo-drone-ros/install/cam_interface/local/lib/python3.10/dist-packages/cam_interface/msg/_pixel.py
[0.762s] -- Up-to-date: /home/dev/gazebo-tutorials/gazebo-drone-ros/install/cam_interface/local/lib/python3.10/dist-packages/cam_interface/_cam_interface_s.ep.rosidl_typesupport_introspection_c.c
[0.806s] Listing '/home/dev/gazebo-tutorials/gazebo-drone-ros/install/cam_interface/local/lib/python3.10/dist-packages/cam_interface'...
[0.806s] Listing '/home/dev/gazebo-tutorials/gazebo-drone-ros/install/cam_interface/local/lib/python3.10/dist-packages/cam_interface/msg'...
[0.811s] -- Up-to-date: /home/dev/gazebo-tutorials/gazebo-drone-ros/install/cam_interface/local/lib/python3.10/dist-packages/cam_interface/cam_interface_s__rosidl_typesupport_fastrtps_c.cpython-310-x86_64-linux-gnu.so
[0.812s] -- Up-to-date: /home/dev/gazebo-tutorials/gazebo-drone-ros/install/cam_interface/local/lib/python3.10/dist-packages/cam_interface/cam_interface_s__rosidl_typesupport_introspection_c.cpython-310-x86_64-linux-gnu.so
[0.812s] -- Up-to-date: /home/dev/gazebo-tutorials/gazebo-drone-ros/install/cam_interface/local/lib/python3.10/dist-packages/cam_interface/cam_interface_s__rosidl_typesupport_c.cpython-310-x86_64-linux-gnu.so
[0.812s] -- Up-to-date: /home/dev/gazebo-tutorials/gazebo-drone-ros/install/cam_interface/lib/libcam_interface__rosidl_generator_py.so
[0.812s] -- Up-to-date: /home/dev/gazebo-tutorials/gazebo-drone-ros/install/cam_interface/share/cam_interface/msg/Pixel.idl
[0.812s] -- Up-to-date: /home/dev/gazebo-tutorials/gazebo-drone-ros/install/cam_interface/share/cam_interface/msg/Pixel.msg
[0.813s] -- Up-to-date: /home/dev/gazebo-tutorials/gazebo-drone-ros/install/cam_interface/share/ament_index/resource_index/package_run_dependencies/cam_interface
[0.813s] -- Up-to-date: /home/dev/gazebo-tutorials/gazebo-drone-ros/install/cam_interface/share/ament_index/resource_index/parent_prefix_path/cam_interface
[0.813s] -- Up-to-date: /home/dev/gazebo-tutorials/gazebo-drone-ros/install/cam_interface/share/cam_interface/environment/ament_prefix_path.sh
[0.813s] -- Up-to-date: /home/dev/gazebo-tutorials/gazebo-drone-ros/install/cam_interface/share/cam_interface/environment/ament_prefix_path.dsv
[0.813s] -- Up-to-date: /home/dev/gazebo-tutorials/gazebo-drone-ros/install/cam_interface/share/cam_interface/environment/path.sh
[0.813s] -- Up-to-date: /home/dev/gazebo-tutorials/gazebo-drone-ros/install/cam_interface/share/cam_interface/environment/path.dsv
[0.813s] -- Up-to-date: /home/dev/gazebo-tutorials/gazebo-drone-ros/install/cam_interface/share/cam_interface/local_setup.bash
[0.813s] -- Up-to-date: /home/dev/gazebo-tutorials/gazebo-drone-ros/install/cam_interface/share/cam_interface/local_setup.sh
[0.813s] -- Up-to-date: /home/dev/gazebo-tutorials/gazebo-drone-ros/install/cam_interface/share/cam_interface/local_setup.zsh
[0.814s] -- Up-to-date: /home/dev/gazebo-tutorials/gazebo-drone-ros/install/cam_interface/share/cam_interface/local_setup.dsv
[0.814s] -- Installing: /home/dev/gazebo-tutorials/gazebo-drone-ros/install/cam_interface/share/cam_interface/package.dsv
[0.814s] -- Up-to-date: /home/dev/gazebo-tutorials/gazebo-drone-ros/install/cam_interface/share/ament_index/resource_index/packages/cam_interface
[0.814s] -- Up-to-date: /home/dev/gazebo-tutorials/gazebo-drone-ros/install/cam_interface/share/cam_interface/cmake/export_cam_interface__rosidl_generator_cExport.cmake
[0.814s] -- Up-to-date: /home/dev/gazebo-tutorials/gazebo-drone-ros/install/cam_interface/share/cam_interface/cmake/export_cam_interface__rosidl_generator_cExport-noconfig.cmake
[0.814s] -- Up-to-date: /home/dev/gazebo-tutorials/gazebo-drone-ros/install/cam_interface/share/cam_interface/cmake/export_cam_interface__rosidl_typesupport_fastrtps_cExport.cmake
[0.814s] -- Up-to-date: /home/dev/gazebo-tutorials/gazebo-drone-ros/install/cam_interface/share/cam_interface/cmake/export_cam_interface__rosidl_typesupport_fastrtps_cExport-noconfig.cmake
[0.815s] -- Up-to-date: /home/dev/gazebo-tutorials/gazebo-drone-ros/install/cam_interface/share/cam_interface/cmake/export_cam_interface__rosidl_generator_cppExport.cmake
[0.815s] -- Up-to-date: /home/dev/gazebo-tutorials/gazebo-drone-ros/install/cam_interface/share/cam_interface/cmake/export_cam_interface__rosidl_typesupport_fastrtps_cppExport.cmake
[0.815s] -- Up-to-date: /home/dev/gazebo-tutorials/gazebo-drone-ros/install/cam_interface/share/cam_interface/cmake/export_cam_interface__rosidl_typesupport_fastrtps_cppExport-noconfig.cmake
[0.815s] -- Up-to-date: /home/dev/gazebo-tutorials/gazebo-drone-ros/install/cam_interface/share/cam_interface/cmake/cam_interface__rosidl_typesupport_introspection_cExport.cmake
[0.815s] -- Up-to-date: /home/dev/gazebo-tutorials/gazebo-drone-ros/install/cam_interface/share/cam_interface/cmake/cam_interface__rosidl_typesupport_introspection_cExport-noconfig.cmake
[0.815s] -- Up-to-date: /home/dev/gazebo-tutorials/gazebo-drone-ros/install/cam_interface/share/cam_interface/cmake/cam_interface__rosidl_typesupport_cExport.cmake
[0.815s] -- Up-to-date: /home/dev/gazebo-tutorials/gazebo-drone-ros/install/cam_interface/share/cam_interface/cmake/cam_interface__rosidl_typesupport_cExport-noconfig.cmake
[0.815s] -- Up-to-date: /home/dev/gazebo-tutorials/gazebo-drone-ros/install/cam_interface/share/cam_interface/cmake/cam_interface__rosidl_typesupport_introspection_cppExport.cmake
[0.815s] -- Up-to-date: /home/dev/gazebo-tutorials/gazebo-drone-ros/install/cam_interface/share/cam_interface/cmake/cam_interface__rosidl_typesupport_introspection_cppExport-noconfig.cmake
[0.816s] -- Up-to-date: /home/dev/gazebo-tutorials/gazebo-drone-ros/install/cam_interface/share/cam_interface/cmake/cam_interface__rosidl_typesupport_cppExport.cmake
[0.816s] -- Up-to-date: /home/dev/gazebo-tutorials/gazebo-drone-ros/install/cam_interface/share/cam_interface/cmake/cam_interface__rosidl_typesupport_cppExport-noconfig.cmake
[0.816s] -- Up-to-date: /home/dev/gazebo-tutorials/gazebo-drone-ros/install/cam_interface/share/cam_interface/cmake/export_cam_interface__rosidl_generator_pyExport.cmake
[0.816s] -- Up-to-date: /home/dev/gazebo-tutorials/gazebo-drone-ros/install/cam_interface/share/cam_interface/cmake/export_cam_interface__rosidl_generator_pyExport-noconfig.cmake
[0.816s] -- Up-to-date: /home/dev/gazebo-tutorials/gazebo-drone-ros/install/cam_interface/share/cam_interface/cmake/rosidl_cmake-extras.cmake
[0.816s] -- Up-to-date: /home/dev/gazebo-tutorials/gazebo-drone-ros/install/cam_interface/share/cam_interface/cmake/ament_cmake_export_dependencies-extras.cmake
[0.816s] -- Up-to-date: /home/dev/gazebo-tutorials/gazebo-drone-ros/install/cam_interface/share/cam_interface/cmake/ament_cmake_export_include_directories-extras.cmake
[0.816s] -- Up-to-date: /home/dev/gazebo-tutorials/gazebo-drone-ros/install/cam_interface/share/cam_interface/cmake/ament_cmake_export_libraries-extras.cmake
[0.816s] -- Up-to-date: /home/dev/gazebo-tutorials/gazebo-drone-ros/install/cam_interface/share/cam_interface/cmake/ament_cmake_export_targets-extras.cmake
[0.817s] -- Up-to-date: /home/dev/gazebo-tutorials/gazebo-drone-ros/install/cam_interface/share/cam_interface/cmake/rosidl_cmake_export_typesupport_targets-extras.cmake
[0.817s] -- Up-to-date: /home/dev/gazebo-tutorials/gazebo-drone-ros/install/cam_interface/share/cam_interface/cmake/rosidl_cmake_export_typesupport_libraries-extras.cmake
[0.817s] -- Up-to-date: /home/dev/gazebo-tutorials/gazebo-drone-ros/install/cam_interface/share/cam_interface/cmake/cam_interfaceConfig.cmake
[0.817s] -- Up-to-date: /home/dev/gazebo-tutorials/gazebo-drone-ros/install/cam_interface/share/cam_interface/cmake/cam_interfaceConfig-version.cmake
[0.817s] -- Up-to-date: /home/dev/gazebo-tutorials/gazebo-drone-ros/install/cam_interface/share/cam_interface/package.xml
[0.821s] Invoked command in '/home/dev/gazebo-tutorials/gazebo-drone-ros/build/cam_interface' returned '0': CMAKE_PREFIX_PATH=/opt/ros/humble /usr/bin/cmake --install /home/dev/gazebo-tutorials/gazebo-drone-ros/build/cam_interface
