[35m[1mConsolidate compiler generated dependencies of target box_camera_plugin[0m
[ 50%] [32mBuilding CXX object CMakeFiles/box_camera_plugin.dir/src/boxCameraPlugin.cpp.o[0m
In file included from [01m[K/usr/include/c++/11/functional:59[m[K,
                 from [01m[K/usr/include/c++/11/pstl/glue_algorithm_defs.h:13[m[K,
                 from [01m[K/usr/include/c++/11/algorithm:74[m[K,
                 from [01m[K/usr/include/ignition/math6/gz/math/Helpers.hh:20[m[K,
                 from [01m[K/usr/include/ignition/math6/gz/math/Quaternion.hh:20[m[K,
                 from [01m[K/usr/include/ignition/math6/gz/math/Pose3.hh:20[m[K,
                 from [01m[K/usr/include/ignition/math6/ignition/math/Pose3.hh:18[m[K,
                 from [01m[K/usr/include/sdformat-9.7/sdf/Actor.hh:23[m[K,
                 from [01m[K/usr/include/sdformat-9.7/sdf/sdf.hh:2[m[K,
                 from [01m[K/usr/include/gazebo-11/gazebo/common/Plugin.hh:33[m[K,
                 from [01m[K/home/dev/gazebo-tutorials/gazebo-drone-ros/src/box_camera/include/boxCamera/boxCameraPlugin.hpp:4[m[K,
                 from [01m[K/home/dev/gazebo-tutorials/gazebo-drone-ros/src/box_camera/src/boxCameraPlugin.cpp:1[m[K:
/usr/include/c++/11/bits/std_function.h: In instantiation of ‘[01m[Kstd::function<_Res(_ArgTypes ...)>::function(_Functor&&) [with _Functor = std::_Bind<void (gazebo::BoxCameraPluginPrivate::*(std::unique_ptr<gazebo::BoxCameraPluginPrivate>))()>; _Constraints = void; _Res = void; _ArgTypes = {}][m[K’:
[01m[K/home/dev/gazebo-tutorials/gazebo-drone-ros/src/box_camera/src/boxCameraPlugin.cpp:65:71:[m[K   required from here
[01m[K/usr/include/c++/11/bits/std_function.h:439:69:[m[K [01;31m[Kerror: [m[Kstatic assertion failed: std::function target must be copy-constructible
  439 |           static_assert(is_copy_constructible<__decay_t<_Functor>>::[01;31m[Kvalue[m[K,
      |                                                                     [01;31m[K^~~~~[m[K
[01m[K/usr/include/c++/11/bits/std_function.h:439:69:[m[K [01;36m[Knote: [m[K‘[01m[Kstd::integral_constant<bool, false>::value[m[K’ evaluates to false
In file included from [01m[K/usr/include/c++/11/pstl/glue_algorithm_defs.h:13[m[K,
                 from [01m[K/usr/include/c++/11/algorithm:74[m[K,
                 from [01m[K/usr/include/ignition/math6/gz/math/Helpers.hh:20[m[K,
                 from [01m[K/usr/include/ignition/math6/gz/math/Quaternion.hh:20[m[K,
                 from [01m[K/usr/include/ignition/math6/gz/math/Pose3.hh:20[m[K,
                 from [01m[K/usr/include/ignition/math6/ignition/math/Pose3.hh:18[m[K,
                 from [01m[K/usr/include/sdformat-9.7/sdf/Actor.hh:23[m[K,
                 from [01m[K/usr/include/sdformat-9.7/sdf/sdf.hh:2[m[K,
                 from [01m[K/usr/include/gazebo-11/gazebo/common/Plugin.hh:33[m[K,
                 from [01m[K/home/dev/gazebo-tutorials/gazebo-drone-ros/src/box_camera/include/boxCamera/boxCameraPlugin.hpp:4[m[K,
                 from [01m[K/home/dev/gazebo-tutorials/gazebo-drone-ros/src/box_camera/src/boxCameraPlugin.cpp:1[m[K:
/usr/include/c++/11/functional: In instantiation of ‘[01m[Kstd::_Bind<_Functor(_Bound_args ...)>::_Bind(_Functor&&, _Args&& ...) [with _Args = {std::unique_ptr<gazebo::BoxCameraPluginPrivate, std::default_delete<gazebo::BoxCameraPluginPrivate> >&}; _Functor = void (gazebo::BoxCameraPluginPrivate::*)(); _Bound_args = {std::unique_ptr<gazebo::BoxCameraPluginPrivate, std::default_delete<gazebo::BoxCameraPluginPrivate> >}][m[K’:
[01m[K/usr/include/c++/11/functional:792:38:[m[K   required from ‘[01m[Ktypename std::_Bind_helper<std::__is_socketlike<_Func>::value, _Func, _BoundArgs ...>::type std::bind(_Func&&, _BoundArgs&& ...) [with _Func = void (gazebo::BoxCameraPluginPrivate::*)(); _BoundArgs = {std::unique_ptr<gazebo::BoxCameraPluginPrivate, std::default_delete<gazebo::BoxCameraPluginPrivate> >&}; typename std::_Bind_helper<std::__is_socketlike<_Func>::value, _Func, _BoundArgs ...>::type = std::_Bind_helper<false, void (gazebo::BoxCameraPluginPrivate::*)(), std::unique_ptr<gazebo::BoxCameraPluginPrivate, std::default_delete<gazebo::BoxCameraPluginPrivate> >&>::type; std::__is_socketlike<_Func> = std::__is_socketlike<void (gazebo::BoxCameraPluginPrivate::*)(), void (gazebo::BoxCameraPluginPrivate::*)()>; typename std::decay<_Tp>::type = void (gazebo::BoxCameraPluginPrivate::*)()][m[K’
[01m[K/home/dev/gazebo-tutorials/gazebo-drone-ros/src/box_camera/src/boxCameraPlugin.cpp:65:81:[m[K   required from here
[01m[K/usr/include/c++/11/functional:490:33:[m[K [01;31m[Kerror: [m[Kno matching function for call to ‘[01m[Kstd::tuple<std::unique_ptr<gazebo::BoxCameraPluginPrivate, std::default_delete<gazebo::BoxCameraPluginPrivate> > >::tuple(std::unique_ptr<gazebo::BoxCameraPluginPrivate>&)[m[K’
  490 |         : _M_f(std::move(__f)), [01;31m[K_M_bound_args(std::forward<_Args>(__args)...)[m[K
      |                                 [01;31m[K^~~~~~~~~~~~~~~~~~~~~~~~~~~~~~~~~~~~~~~~~~~~~[m[K
In file included from [01m[K/usr/include/c++/11/bits/unique_ptr.h:37[m[K,
                 from [01m[K/usr/include/c++/11/memory:76[m[K,
                 from [01m[K/usr/include/sdformat-9.7/sdf/Actor.hh:20[m[K,
                 from [01m[K/usr/include/sdformat-9.7/sdf/sdf.hh:2[m[K,
                 from [01m[K/usr/include/gazebo-11/gazebo/common/Plugin.hh:33[m[K,
                 from [01m[K/home/dev/gazebo-tutorials/gazebo-drone-ros/src/box_camera/include/boxCamera/boxCameraPlugin.hpp:4[m[K,
                 from [01m[K/home/dev/gazebo-tutorials/gazebo-drone-ros/src/box_camera/src/boxCameraPlugin.cpp:1[m[K:
[01m[K/usr/include/c++/11/tuple:888:9:[m[K [01;36m[Knote: [m[Kcandidate: ‘[01m[Ktemplate<class _Alloc, class ... _UElements, bool _Valid, typename std::enable_if<std::tuple<std::unique_ptr<gazebo::BoxCameraPluginPrivate, std::default_delete<gazebo::BoxCameraPluginPrivate> > >::_TCC<_Valid>::__is_explicitly_constructible<_UElements ...>(), bool>::type <anonymous> > std::tuple<_Elements>::tuple(std::allocator_arg_t, const _Alloc&, std::tuple<_Args2 ...>&&) [with _Alloc = _Alloc; _UElements = {_UElements ...}; bool _Valid = _Valid; typename std::enable_if<std::tuple<_Elements>::_TCC<_Valid>::__is_explicitly_constructible<_UElements ...>(), bool>::type <anonymous> = <anonymous>; _Elements = {std::unique_ptr<gazebo::BoxCameraPluginPrivate, std::default_delete<gazebo::BoxCameraPluginPrivate> >}][m[K’
  888 |         [01;36m[Ktuple[m[K(allocator_arg_t __tag, const _Alloc& __a,
      |         [01;36m[K^~~~~[m[K
[01m[K/usr/include/c++/11/tuple:888:9:[m[K [01;36m[Knote: [m[K  template argument deduction/substitution failed:
In file included from [01m[K/usr/include/c++/11/pstl/glue_algorithm_defs.h:13[m[K,
                 from [01m[K/usr/include/c++/11/algorithm:74[m[K,
                 from [01m[K/usr/include/ignition/math6/gz/math/Helpers.hh:20[m[K,
                 from [01m[K/usr/include/ignition/math6/gz/math/Quaternion.hh:20[m[K,
                 from [01m[K/usr/include/ignition/math6/gz/math/Pose3.hh:20[m[K,
                 from [01m[K/usr/include/ignition/math6/ignition/math/Pose3.hh:18[m[K,
                 from [01m[K/usr/include/sdformat-9.7/sdf/Actor.hh:23[m[K,
                 from [01m[K/usr/include/sdformat-9.7/sdf/sdf.hh:2[m[K,
                 from [01m[K/usr/include/gazebo-11/gazebo/common/Plugin.hh:33[m[K,
                 from [01m[K/home/dev/gazebo-tutorials/gazebo-drone-ros/src/box_camera/include/boxCamera/boxCameraPlugin.hpp:4[m[K,
                 from [01m[K/home/dev/gazebo-tutorials/gazebo-drone-ros/src/box_camera/src/boxCameraPlugin.cpp:1[m[K:
[01m[K/usr/include/c++/11/functional:490:33:[m[K [01;36m[Knote: [m[K  candidate expects 3 arguments, 1 provided
  490 |         : _M_f(std::move(__f)), [01;36m[K_M_bound_args(std::forward<_Args>(__args)...)[m[K
      |                                 [01;36m[K^~~~~~~~~~~~~~~~~~~~~~~~~~~~~~~~~~~~~~~~~~~~~[m[K
In file included from [01m[K/usr/include/c++/11/bits/unique_ptr.h:37[m[K,
                 from [01m[K/usr/include/c++/11/memory:76[m[K,
                 from [01m[K/usr/include/sdformat-9.7/sdf/Actor.hh:20[m[K,
                 from [01m[K/usr/include/sdformat-9.7/sdf/sdf.hh:2[m[K,
                 from [01m[K/usr/include/gazebo-11/gazebo/common/Plugin.hh:33[m[K,
                 from [01m[K/home/dev/gazebo-tutorials/gazebo-drone-ros/src/box_camera/include/boxCamera/boxCameraPlugin.hpp:4[m[K,
                 from [01m[K/home/dev/gazebo-tutorials/gazebo-drone-ros/src/box_camera/src/boxCameraPlugin.cpp:1[m[K:
[01m[K/usr/include/c++/11/tuple:876:9:[m[K [01;36m[Knote: [m[Kcandidate: ‘[01m[Ktemplate<class _Alloc, class ... _UElements, bool _Valid, typename std::enable_if<std::tuple<std::unique_ptr<gazebo::BoxCameraPluginPrivate, std::default_delete<gazebo::BoxCameraPluginPrivate> > >::_TCC<_Valid>::__is_implicitly_constructible<_UElements ...>(), bool>::type <anonymous> > std::tuple<_Elements>::tuple(std::allocator_arg_t, const _Alloc&, std::tuple<_Args2 ...>&&) [with _Alloc = _Alloc; _UElements = {_UElements ...}; bool _Valid = _Valid; typename std::enable_if<std::tuple<_Elements>::_TCC<_Valid>::__is_implicitly_constructible<_UElements ...>(), bool>::type <anonymous> = <anonymous>; _Elements = {std::unique_ptr<gazebo::BoxCameraPluginPrivate, std::default_delete<gazebo::BoxCameraPluginPrivate> >}][m[K’
  876 |         [01;36m[Ktuple[m[K(allocator_arg_t __tag, const _Alloc& __a,
      |         [01;36m[K^~~~~[m[K
[01m[K/usr/include/c++/11/tuple:876:9:[m[K [01;36m[Knote: [m[K  template argument deduction/substitution failed:
In file included from [01m[K/usr/include/c++/11/pstl/glue_algorithm_defs.h:13[m[K,
                 from [01m[K/usr/include/c++/11/algorithm:74[m[K,
                 from [01m[K/usr/include/ignition/math6/gz/math/Helpers.hh:20[m[K,
                 from [01m[K/usr/include/ignition/math6/gz/math/Quaternion.hh:20[m[K,
                 from [01m[K/usr/include/ignition/math6/gz/math/Pose3.hh:20[m[K,
                 from [01m[K/usr/include/ignition/math6/ignition/math/Pose3.hh:18[m[K,
                 from [01m[K/usr/include/sdformat-9.7/sdf/Actor.hh:23[m[K,
                 from [01m[K/usr/include/sdformat-9.7/sdf/sdf.hh:2[m[K,
                 from [01m[K/usr/include/gazebo-11/gazebo/common/Plugin.hh:33[m[K,
                 from [01m[K/home/dev/gazebo-tutorials/gazebo-drone-ros/src/box_camera/include/boxCamera/boxCameraPlugin.hpp:4[m[K,
                 from [01m[K/home/dev/gazebo-tutorials/gazebo-drone-ros/src/box_camera/src/boxCameraPlugin.cpp:1[m[K:
[01m[K/usr/include/c++/11/functional:490:33:[m[K [01;36m[Knote: [m[K  candidate expects 3 arguments, 1 provided
  490 |         : _M_f(std::move(__f)), [01;36m[K_M_bound_args(std::forward<_Args>(__args)...)[m[K
      |                                 [01;36m[K^~~~~~~~~~~~~~~~~~~~~~~~~~~~~~~~~~~~~~~~~~~~~[m[K
In file included from [01m[K/usr/include/c++/11/bits/unique_ptr.h:37[m[K,
                 from [01m[K/usr/include/c++/11/memory:76[m[K,
                 from [01m[K/usr/include/sdformat-9.7/sdf/Actor.hh:20[m[K,
                 from [01m[K/usr/include/sdformat-9.7/sdf/sdf.hh:2[m[K,
                 from [01m[K/usr/include/gazebo-11/gazebo/common/Plugin.hh:33[m[K,
                 from [01m[K/home/dev/gazebo-tutorials/gazebo-drone-ros/src/box_camera/include/boxCamera/boxCameraPlugin.hpp:4[m[K,
                 from [01m[K/home/dev/gazebo-tutorials/gazebo-drone-ros/src/box_camera/src/boxCameraPlugin.cpp:1[m[K:
[01m[K/usr/include/c++/11/tuple:865:9:[m[K [01;36m[Knote: [m[Kcandidate: ‘[01m[Ktemplate<class _Alloc, class ... _UElements, bool _Valid, typename std::enable_if<std::tuple<std::unique_ptr<gazebo::BoxCameraPluginPrivate, std::default_delete<gazebo::BoxCameraPluginPrivate> > >::_TCC<_Valid>::__is_explicitly_constructible<const _UElements& ...>(), bool>::type <anonymous> > std::tuple<_Elements>::tuple(std::allocator_arg_t, const _Alloc&, const std::tuple<_Args2 ...>&) [with _Alloc = _Alloc; _UElements = {_UElements ...}; bool _Valid = _Valid; typename std::enable_if<std::tuple<_Elements>::_TCC<_Valid>::__is_explicitly_constructible<const _UElements& ...>(), bool>::type <anonymous> = <anonymous>; _Elements = {std::unique_ptr<gazebo::BoxCameraPluginPrivate, std::default_delete<gazebo::BoxCameraPluginPrivate> >}][m[K’
  865 |         [01;36m[Ktuple[m[K(allocator_arg_t __tag, const _Alloc& __a,
      |         [01;36m[K^~~~~[m[K
[01m[K/usr/include/c++/11/tuple:865:9:[m[K [01;36m[Knote: [m[K  template argument deduction/substitution failed:
In file included from [01m[K/usr/include/c++/11/pstl/glue_algorithm_defs.h:13[m[K,
                 from [01m[K/usr/include/c++/11/algorithm:74[m[K,
                 from [01m[K/usr/include/ignition/math6/gz/math/Helpers.hh:20[m[K,
                 from [01m[K/usr/include/ignition/math6/gz/math/Quaternion.hh:20[m[K,
                 from [01m[K/usr/include/ignition/math6/gz/math/Pose3.hh:20[m[K,
                 from [01m[K/usr/include/ignition/math6/ignition/math/Pose3.hh:18[m[K,
                 from [01m[K/usr/include/sdformat-9.7/sdf/Actor.hh:23[m[K,
                 from [01m[K/usr/include/sdformat-9.7/sdf/sdf.hh:2[m[K,
                 from [01m[K/usr/include/gazebo-11/gazebo/common/Plugin.hh:33[m[K,
                 from [01m[K/home/dev/gazebo-tutorials/gazebo-drone-ros/src/box_camera/include/boxCamera/boxCameraPlugin.hpp:4[m[K,
                 from [01m[K/home/dev/gazebo-tutorials/gazebo-drone-ros/src/box_camera/src/boxCameraPlugin.cpp:1[m[K:
[01m[K/usr/include/c++/11/functional:490:33:[m[K [01;36m[Knote: [m[K  candidate expects 3 arguments, 1 provided
  490 |         : _M_f(std::move(__f)), [01;36m[K_M_bound_args(std::forward<_Args>(__args)...)[m[K
      |                                 [01;36m[K^~~~~~~~~~~~~~~~~~~~~~~~~~~~~~~~~~~~~~~~~~~~~[m[K
In file included from [01m[K/usr/include/c++/11/bits/unique_ptr.h:37[m[K,
                 from [01m[K/usr/include/c++/11/memory:76[m[K,
                 from [01m[K/usr/include/sdformat-9.7/sdf/Actor.hh:20[m[K,
                 from [01m[K/usr/include/sdformat-9.7/sdf/sdf.hh:2[m[K,
                 from [01m[K/usr/include/gazebo-11/gazebo/common/Plugin.hh:33[m[K,
                 from [01m[K/home/dev/gazebo-tutorials/gazebo-drone-ros/src/box_camera/include/boxCamera/boxCameraPlugin.hpp:4[m[K,
                 from [01m[K/home/dev/gazebo-tutorials/gazebo-drone-ros/src/box_camera/src/boxCameraPlugin.cpp:1[m[K:
[01m[K/usr/include/c++/11/tuple:853:9:[m[K [01;36m[Knote: [m[Kcandidate: ‘[01m[Ktemplate<class _Alloc, class ... _UElements, bool _Valid, typename std::enable_if<std::tuple<std::unique_ptr<gazebo::BoxCameraPluginPrivate, std::default_delete<gazebo::BoxCameraPluginPrivate> > >::_TCC<_Valid>::__is_implicitly_constructible<const _UElements& ...>(), bool>::type <anonymous> > std::tuple<_Elements>::tuple(std::allocator_arg_t, const _Alloc&, const std::tuple<_Args2 ...>&) [with _Alloc = _Alloc; _UElements = {_UElements ...}; bool _Valid = _Valid; typename std::enable_if<std::tuple<_Elements>::_TCC<_Valid>::__is_implicitly_constructible<const _UElements& ...>(), bool>::type <anonymous> = <anonymous>; _Elements = {std::unique_ptr<gazebo::BoxCameraPluginPrivate, std::default_delete<gazebo::BoxCameraPluginPrivate> >}][m[K’
  853 |         [01;36m[Ktuple[m[K(allocator_arg_t __tag, const _Alloc& __a,
      |         [01;36m[K^~~~~[m[K
[01m[K/usr/include/c++/11/tuple:853:9:[m[K [01;36m[Knote: [m[K  template argument deduction/substitution failed:
In file included from [01m[K/usr/include/c++/11/pstl/glue_algorithm_defs.h:13[m[K,
                 from [01m[K/usr/include/c++/11/algorithm:74[m[K,
                 from [01m[K/usr/include/ignition/math6/gz/math/Helpers.hh:20[m[K,
                 from [01m[K/usr/include/ignition/math6/gz/math/Quaternion.hh:20[m[K,
                 from [01m[K/usr/include/ignition/math6/gz/math/Pose3.hh:20[m[K,
                 from [01m[K/usr/include/ignition/math6/ignition/math/Pose3.hh:18[m[K,
                 from [01m[K/usr/include/sdformat-9.7/sdf/Actor.hh:23[m[K,
                 from [01m[K/usr/include/sdformat-9.7/sdf/sdf.hh:2[m[K,
                 from [01m[K/usr/include/gazebo-11/gazebo/common/Plugin.hh:33[m[K,
                 from [01m[K/home/dev/gazebo-tutorials/gazebo-drone-ros/src/box_camera/include/boxCamera/boxCameraPlugin.hpp:4[m[K,
                 from [01m[K/home/dev/gazebo-tutorials/gazebo-drone-ros/src/box_camera/src/boxCameraPlugin.cpp:1[m[K:
[01m[K/usr/include/c++/11/functional:490:33:[m[K [01;36m[Knote: [m[K  candidate expects 3 arguments, 1 provided
  490 |         : _M_f(std::move(__f)), [01;36m[K_M_bound_args(std::forward<_Args>(__args)...)[m[K
      |                                 [01;36m[K^~~~~~~~~~~~~~~~~~~~~~~~~~~~~~~~~~~~~~~~~~~~~[m[K
In file included from [01m[K/usr/include/c++/11/bits/unique_ptr.h:37[m[K,
                 from [01m[K/usr/include/c++/11/memory:76[m[K,
                 from [01m[K/usr/include/sdformat-9.7/sdf/Actor.hh:20[m[K,
                 from [01m[K/usr/include/sdformat-9.7/sdf/sdf.hh:2[m[K,
                 from [01m[K/usr/include/gazebo-11/gazebo/common/Plugin.hh:33[m[K,
                 from [01m[K/home/dev/gazebo-tutorials/gazebo-drone-ros/src/box_camera/include/boxCamera/boxCameraPlugin.hpp:4[m[K,
                 from [01m[K/home/dev/gazebo-tutorials/gazebo-drone-ros/src/box_camera/src/boxCameraPlugin.cpp:1[m[K:
[01m[K/usr/include/c++/11/tuple:845:9:[m[K [01;36m[Knote: [m[Kcandidate: ‘[01m[Ktemplate<class _Alloc> std::tuple<_Elements>::tuple(std::allocator_arg_t, const _Alloc&, std::tuple<_Elements>&&) [with _Alloc = _Alloc; _Elements = {std::unique_ptr<gazebo::BoxCameraPluginPrivate, std::default_delete<gazebo::BoxCameraPluginPrivate> >}][m[K’
  845 |         [01;36m[Ktuple[m[K(allocator_arg_t __tag, const _Alloc& __a, tuple&& __in)
      |         [01;36m[K^~~~~[m[K
[01m[K/usr/include/c++/11/tuple:845:9:[m[K [01;36m[Knote: [m[K  template argument deduction/substitution failed:
In file included from [01m[K/usr/include/c++/11/pstl/glue_algorithm_defs.h:13[m[K,
                 from [01m[K/usr/include/c++/11/algorithm:74[m[K,
                 from [01m[K/usr/include/ignition/math6/gz/math/Helpers.hh:20[m[K,
                 from [01m[K/usr/include/ignition/math6/gz/math/Quaternion.hh:20[m[K,
                 from [01m[K/usr/include/ignition/math6/gz/math/Pose3.hh:20[m[K,
                 from [01m[K/usr/include/ignition/math6/ignition/math/Pose3.hh:18[m[K,
                 from [01m[K/usr/include/sdformat-9.7/sdf/Actor.hh:23[m[K,
                 from [01m[K/usr/include/sdformat-9.7/sdf/sdf.hh:2[m[K,
                 from [01m[K/usr/include/gazebo-11/gazebo/common/Plugin.hh:33[m[K,
                 from [01m[K/home/dev/gazebo-tutorials/gazebo-drone-ros/src/box_camera/include/boxCamera/boxCameraPlugin.hpp:4[m[K,
                 from [01m[K/home/dev/gazebo-tutorials/gazebo-drone-ros/src/box_camera/src/boxCameraPlugin.cpp:1[m[K:
[01m[K/usr/include/c++/11/functional:490:33:[m[K [01;36m[Knote: [m[K  candidate expects 3 arguments, 1 provided
  490 |         : _M_f(std::move(__f)), [01;36m[K_M_bound_args(std::forward<_Args>(__args)...)[m[K
      |                                 [01;36m[K^~~~~~~~~~~~~~~~~~~~~~~~~~~~~~~~~~~~~~~~~~~~~[m[K
In file included from [01m[K/usr/include/c++/11/bits/unique_ptr.h:37[m[K,
                 from [01m[K/usr/include/c++/11/memory:76[m[K,
                 from [01m[K/usr/include/sdformat-9.7/sdf/Actor.hh:20[m[K,
                 from [01m[K/usr/include/sdformat-9.7/sdf/sdf.hh:2[m[K,
                 from [01m[K/usr/include/gazebo-11/gazebo/common/Plugin.hh:33[m[K,
                 from [01m[K/home/dev/gazebo-tutorials/gazebo-drone-ros/src/box_camera/include/boxCamera/boxCameraPlugin.hpp:4[m[K,
                 from [01m[K/home/dev/gazebo-tutorials/gazebo-drone-ros/src/box_camera/src/boxCameraPlugin.cpp:1[m[K:
[01m[K/usr/include/c++/11/tuple:840:9:[m[K [01;36m[Knote: [m[Kcandidate: ‘[01m[Ktemplate<class _Alloc> std::tuple<_Elements>::tuple(std::allocator_arg_t, const _Alloc&, const std::tuple<_Elements>&) [with _Alloc = _Alloc; _Elements = {std::unique_ptr<gazebo::BoxCameraPluginPrivate, std::default_delete<gazebo::BoxCameraPluginPrivate> >}][m[K’
  840 |         [01;36m[Ktuple[m[K(allocator_arg_t __tag, const _Alloc& __a, const tuple& __in)
      |         [01;36m[K^~~~~[m[K
[01m[K/usr/include/c++/11/tuple:840:9:[m[K [01;36m[Knote: [m[K  template argument deduction/substitution failed:
In file included from [01m[K/usr/include/c++/11/pstl/glue_algorithm_defs.h:13[m[K,
                 from [01m[K/usr/include/c++/11/algorithm:74[m[K,
                 from [01m[K/usr/include/ignition/math6/gz/math/Helpers.hh:20[m[K,
                 from [01m[K/usr/include/ignition/math6/gz/math/Quaternion.hh:20[m[K,
                 from [01m[K/usr/include/ignition/math6/gz/math/Pose3.hh:20[m[K,
                 from [01m[K/usr/include/ignition/math6/ignition/math/Pose3.hh:18[m[K,
                 from [01m[K/usr/include/sdformat-9.7/sdf/Actor.hh:23[m[K,
                 from [01m[K/usr/include/sdformat-9.7/sdf/sdf.hh:2[m[K,
                 from [01m[K/usr/include/gazebo-11/gazebo/common/Plugin.hh:33[m[K,
                 from [01m[K/home/dev/gazebo-tutorials/gazebo-drone-ros/src/box_camera/include/boxCamera/boxCameraPlugin.hpp:4[m[K,
                 from [01m[K/home/dev/gazebo-tutorials/gazebo-drone-ros/src/box_camera/src/boxCameraPlugin.cpp:1[m[K:
[01m[K/usr/include/c++/11/functional:490:33:[m[K [01;36m[Knote: [m[K  candidate expects 3 arguments, 1 provided
  490 |         : _M_f(std::move(__f)), [01;36m[K_M_bound_args(std::forward<_Args>(__args)...)[m[K
      |                                 [01;36m[K^~~~~~~~~~~~~~~~~~~~~~~~~~~~~~~~~~~~~~~~~~~~~[m[K
In file included from [01m[K/usr/include/c++/11/bits/unique_ptr.h:37[m[K,
                 from [01m[K/usr/include/c++/11/memory:76[m[K,
                 from [01m[K/usr/include/sdformat-9.7/sdf/Actor.hh:20[m[K,
                 from [01m[K/usr/include/sdformat-9.7/sdf/sdf.hh:2[m[K,
                 from [01m[K/usr/include/gazebo-11/gazebo/common/Plugin.hh:33[m[K,
                 from [01m[K/home/dev/gazebo-tutorials/gazebo-drone-ros/src/box_camera/include/boxCamera/boxCameraPlugin.hpp:4[m[K,
                 from [01m[K/home/dev/gazebo-tutorials/gazebo-drone-ros/src/box_camera/src/boxCameraPlugin.cpp:1[m[K:
[01m[K/usr/include/c++/11/tuple:833:9:[m[K [01;36m[Knote: [m[Kcandidate: ‘[01m[Ktemplate<class _Alloc, class ... _UElements, bool _Valid, typename std::enable_if<std::tuple<std::unique_ptr<gazebo::BoxCameraPluginPrivate, std::default_delete<gazebo::BoxCameraPluginPrivate> > >::_TCC<_Valid>::__is_explicitly_constructible<_UElements ...>(), bool>::type <anonymous> > std::tuple<_Elements>::tuple(std::allocator_arg_t, const _Alloc&, _UElements&& ...) [with _Alloc = _Alloc; _UElements = {_UElements ...}; bool _Valid = _Valid; typename std::enable_if<std::tuple<_Elements>::_TCC<_Valid>::__is_explicitly_constructible<_UElements ...>(), bool>::type <anonymous> = <anonymous>; _Elements = {std::unique_ptr<gazebo::BoxCameraPluginPrivate, std::default_delete<gazebo::BoxCameraPluginPrivate> >}][m[K’
  833 |         [01;36m[Ktuple[m[K(allocator_arg_t __tag, const _Alloc& __a,
      |         [01;36m[K^~~~~[m[K
[01m[K/usr/include/c++/11/tuple:833:9:[m[K [01;36m[Knote: [m[K  template argument deduction/substitution failed:
In file included from [01m[K/usr/include/c++/11/pstl/glue_algorithm_defs.h:13[m[K,
                 from [01m[K/usr/include/c++/11/algorithm:74[m[K,
                 from [01m[K/usr/include/ignition/math6/gz/math/Helpers.hh:20[m[K,
                 from [01m[K/usr/include/ignition/math6/gz/math/Quaternion.hh:20[m[K,
                 from [01m[K/usr/include/ignition/math6/gz/math/Pose3.hh:20[m[K,
                 from [01m[K/usr/include/ignition/math6/ignition/math/Pose3.hh:18[m[K,
                 from [01m[K/usr/include/sdformat-9.7/sdf/Actor.hh:23[m[K,
                 from [01m[K/usr/include/sdformat-9.7/sdf/sdf.hh:2[m[K,
                 from [01m[K/usr/include/gazebo-11/gazebo/common/Plugin.hh:33[m[K,
                 from [01m[K/home/dev/gazebo-tutorials/gazebo-drone-ros/src/box_camera/include/boxCamera/boxCameraPlugin.hpp:4[m[K,
                 from [01m[K/home/dev/gazebo-tutorials/gazebo-drone-ros/src/box_camera/src/boxCameraPlugin.cpp:1[m[K:
[01m[K/usr/include/c++/11/functional:490:33:[m[K [01;36m[Knote: [m[K  candidate expects at least 2 arguments, 1 provided
  490 |         : _M_f(std::move(__f)), [01;36m[K_M_bound_args(std::forward<_Args>(__args)...)[m[K
      |                                 [01;36m[K^~~~~~~~~~~~~~~~~~~~~~~~~~~~~~~~~~~~~~~~~~~~~[m[K
In file included from [01m[K/usr/include/c++/11/bits/unique_ptr.h:37[m[K,
                 from [01m[K/usr/include/c++/11/memory:76[m[K,
                 from [01m[K/usr/include/sdformat-9.7/sdf/Actor.hh:20[m[K,
                 from [01m[K/usr/include/sdformat-9.7/sdf/sdf.hh:2[m[K,
                 from [01m[K/usr/include/gazebo-11/gazebo/common/Plugin.hh:33[m[K,
                 from [01m[K/home/dev/gazebo-tutorials/gazebo-drone-ros/src/box_camera/include/boxCamera/boxCameraPlugin.hpp:4[m[K,
                 from [01m[K/home/dev/gazebo-tutorials/gazebo-drone-ros/src/box_camera/src/boxCameraPlugin.cpp:1[m[K:
[01m[K/usr/include/c++/11/tuple:823:9:[m[K [01;36m[Knote: [m[Kcandidate: ‘[01m[Ktemplate<class _Alloc, class ... _UElements, bool _Valid, typename std::enable_if<std::tuple<std::unique_ptr<gazebo::BoxCameraPluginPrivate, std::default_delete<gazebo::BoxCameraPluginPrivate> > >::_TCC<_Valid>::__is_implicitly_constructible<_UElements ...>(), bool>::type <anonymous> > std::tuple<_Elements>::tuple(std::allocator_arg_t, const _Alloc&, _UElements&& ...) [with _Alloc = _Alloc; _UElements = {_UElements ...}; bool _Valid = _Valid; typename std::enable_if<std::tuple<_Elements>::_TCC<_Valid>::__is_implicitly_constructible<_UElements ...>(), bool>::type <anonymous> = <anonymous>; _Elements = {std::unique_ptr<gazebo::BoxCameraPluginPrivate, std::default_delete<gazebo::BoxCameraPluginPrivate> >}][m[K’
  823 |         [01;36m[Ktuple[m[K(allocator_arg_t __tag, const _Alloc& __a,
      |         [01;36m[K^~~~~[m[K
[01m[K/usr/include/c++/11/tuple:823:9:[m[K [01;36m[Knote: [m[K  template argument deduction/substitution failed:
In file included from [01m[K/usr/include/c++/11/pstl/glue_algorithm_defs.h:13[m[K,
                 from [01m[K/usr/include/c++/11/algorithm:74[m[K,
                 from [01m[K/usr/include/ignition/math6/gz/math/Helpers.hh:20[m[K,
                 from [01m[K/usr/include/ignition/math6/gz/math/Quaternion.hh:20[m[K,
                 from [01m[K/usr/include/ignition/math6/gz/math/Pose3.hh:20[m[K,
                 from [01m[K/usr/include/ignition/math6/ignition/math/Pose3.hh:18[m[K,
                 from [01m[K/usr/include/sdformat-9.7/sdf/Actor.hh:23[m[K,
                 from [01m[K/usr/include/sdformat-9.7/sdf/sdf.hh:2[m[K,
                 from [01m[K/usr/include/gazebo-11/gazebo/common/Plugin.hh:33[m[K,
                 from [01m[K/home/dev/gazebo-tutorials/gazebo-drone-ros/src/box_camera/include/boxCamera/boxCameraPlugin.hpp:4[m[K,
                 from [01m[K/home/dev/gazebo-tutorials/gazebo-drone-ros/src/box_camera/src/boxCameraPlugin.cpp:1[m[K:
[01m[K/usr/include/c++/11/functional:490:33:[m[K [01;36m[Knote: [m[K  candidate expects at least 2 arguments, 1 provided
  490 |         : _M_f(std::move(__f)), [01;36m[K_M_bound_args(std::forward<_Args>(__args)...)[m[K
      |                                 [01;36m[K^~~~~~~~~~~~~~~~~~~~~~~~~~~~~~~~~~~~~~~~~~~~~[m[K
In file included from [01m[K/usr/include/c++/11/bits/unique_ptr.h:37[m[K,
                 from [01m[K/usr/include/c++/11/memory:76[m[K,
                 from [01m[K/usr/include/sdformat-9.7/sdf/Actor.hh:20[m[K,
                 from [01m[K/usr/include/sdformat-9.7/sdf/sdf.hh:2[m[K,
                 from [01m[K/usr/include/gazebo-11/gazebo/common/Plugin.hh:33[m[K,
                 from [01m[K/home/dev/gazebo-tutorials/gazebo-drone-ros/src/box_camera/include/boxCamera/boxCameraPlugin.hpp:4[m[K,
                 from [01m[K/home/dev/gazebo-tutorials/gazebo-drone-ros/src/box_camera/src/boxCameraPlugin.cpp:1[m[K:
[01m[K/usr/include/c++/11/tuple:815:9:[m[K [01;36m[Knote: [m[Kcandidate: ‘[01m[Ktemplate<class _Alloc, bool _NotEmpty, typename std::enable_if<std::tuple<std::unique_ptr<gazebo::BoxCameraPluginPrivate, std::default_delete<gazebo::BoxCameraPluginPrivate> > >::_TCC<_Valid>::__is_explicitly_constructible<const unique_ptr<gazebo::BoxCameraPluginPrivate, std::default_delete<gazebo::BoxCameraPluginPrivate> >&>(), bool>::type <anonymous> > std::tuple<_Elements>::tuple(std::allocator_arg_t, const _Alloc&, const _Elements& ...) [with _Alloc = _Alloc; bool _NotEmpty = _NotEmpty; typename std::enable_if<std::tuple<_Elements>::_TCC<_Valid>::__is_explicitly_constructible<const _Elements& ...>(), bool>::type <anonymous> = <anonymous>; _Elements = {std::unique_ptr<gazebo::BoxCameraPluginPrivate, std::default_delete<gazebo::BoxCameraPluginPrivate> >}][m[K’
  815 |         [01;36m[Ktuple[m[K(allocator_arg_t __tag, const _Alloc& __a,
      |         [01;36m[K^~~~~[m[K
[01m[K/usr/include/c++/11/tuple:815:9:[m[K [01;36m[Knote: [m[K  template argument deduction/substitution failed:
In file included from [01m[K/usr/include/c++/11/pstl/glue_algorithm_defs.h:13[m[K,
                 from [01m[K/usr/include/c++/11/algorithm:74[m[K,
                 from [01m[K/usr/include/ignition/math6/gz/math/Helpers.hh:20[m[K,
                 from [01m[K/usr/include/ignition/math6/gz/math/Quaternion.hh:20[m[K,
                 from [01m[K/usr/include/ignition/math6/gz/math/Pose3.hh:20[m[K,
                 from [01m[K/usr/include/ignition/math6/ignition/math/Pose3.hh:18[m[K,
                 from [01m[K/usr/include/sdformat-9.7/sdf/Actor.hh:23[m[K,
                 from [01m[K/usr/include/sdformat-9.7/sdf/sdf.hh:2[m[K,
                 from [01m[K/usr/include/gazebo-11/gazebo/common/Plugin.hh:33[m[K,
                 from [01m[K/home/dev/gazebo-tutorials/gazebo-drone-ros/src/box_camera/include/boxCamera/boxCameraPlugin.hpp:4[m[K,
                 from [01m[K/home/dev/gazebo-tutorials/gazebo-drone-ros/src/box_camera/src/boxCameraPlugin.cpp:1[m[K:
[01m[K/usr/include/c++/11/functional:490:33:[m[K [01;36m[Knote: [m[K  candidate expects 3 arguments, 1 provided
  490 |         : _M_f(std::move(__f)), [01;36m[K_M_bound_args(std::forward<_Args>(__args)...)[m[K
      |                                 [01;36m[K^~~~~~~~~~~~~~~~~~~~~~~~~~~~~~~~~~~~~~~~~~~~~[m[K
In file included from [01m[K/usr/include/c++/11/bits/unique_ptr.h:37[m[K,
                 from [01m[K/usr/include/c++/11/memory:76[m[K,
                 from [01m[K/usr/include/sdformat-9.7/sdf/Actor.hh:20[m[K,
                 from [01m[K/usr/include/sdformat-9.7/sdf/sdf.hh:2[m[K,
                 from [01m[K/usr/include/gazebo-11/gazebo/common/Plugin.hh:33[m[K,
                 from [01m[K/home/dev/gazebo-tutorials/gazebo-drone-ros/src/box_camera/include/boxCamera/boxCameraPlugin.hpp:4[m[K,
                 from [01m[K/home/dev/gazebo-tutorials/gazebo-drone-ros/src/box_camera/src/boxCameraPlugin.cpp:1[m[K:
[01m[K/usr/include/c++/11/tuple:807:9:[m[K [01;36m[Knote: [m[Kcandidate: ‘[01m[Ktemplate<class _Alloc, bool _NotEmpty, typename std::enable_if<std::tuple<std::unique_ptr<gazebo::BoxCameraPluginPrivate, std::default_delete<gazebo::BoxCameraPluginPrivate> > >::_TCC<_Valid>::__is_implicitly_constructible<const unique_ptr<gazebo::BoxCameraPluginPrivate, std::default_delete<gazebo::BoxCameraPluginPrivate> >&>(), bool>::type <anonymous> > std::tuple<_Elements>::tuple(std::allocator_arg_t, const _Alloc&, const _Elements& ...) [with _Alloc = _Alloc; bool _NotEmpty = _NotEmpty; typename std::enable_if<std::tuple<_Elements>::_TCC<_Valid>::__is_implicitly_constructible<const _Elements& ...>(), bool>::type <anonymous> = <anonymous>; _Elements = {std::unique_ptr<gazebo::BoxCameraPluginPrivate, std::default_delete<gazebo::BoxCameraPluginPrivate> >}][m[K’
  807 |         [01;36m[Ktuple[m[K(allocator_arg_t __tag, const _Alloc& __a,
      |         [01;36m[K^~~~~[m[K
[01m[K/usr/include/c++/11/tuple:807:9:[m[K [01;36m[Knote: [m[K  template argument deduction/substitution failed:
In file included from [01m[K/usr/include/c++/11/pstl/glue_algorithm_defs.h:13[m[K,
                 from [01m[K/usr/include/c++/11/algorithm:74[m[K,
                 from [01m[K/usr/include/ignition/math6/gz/math/Helpers.hh:20[m[K,
                 from [01m[K/usr/include/ignition/math6/gz/math/Quaternion.hh:20[m[K,
                 from [01m[K/usr/include/ignition/math6/gz/math/Pose3.hh:20[m[K,
                 from [01m[K/usr/include/ignition/math6/ignition/math/Pose3.hh:18[m[K,
                 from [01m[K/usr/include/sdformat-9.7/sdf/Actor.hh:23[m[K,
                 from [01m[K/usr/include/sdformat-9.7/sdf/sdf.hh:2[m[K,
                 from [01m[K/usr/include/gazebo-11/gazebo/common/Plugin.hh:33[m[K,
                 from [01m[K/home/dev/gazebo-tutorials/gazebo-drone-ros/src/box_camera/include/boxCamera/boxCameraPlugin.hpp:4[m[K,
                 from [01m[K/home/dev/gazebo-tutorials/gazebo-drone-ros/src/box_camera/src/boxCameraPlugin.cpp:1[m[K:
[01m[K/usr/include/c++/11/functional:490:33:[m[K [01;36m[Knote: [m[K  candidate expects 3 arguments, 1 provided
  490 |         : _M_f(std::move(__f)), [01;36m[K_M_bound_args(std::forward<_Args>(__args)...)[m[K
      |                                 [01;36m[K^~~~~~~~~~~~~~~~~~~~~~~~~~~~~~~~~~~~~~~~~~~~~[m[K
In file included from [01m[K/usr/include/c++/11/bits/unique_ptr.h:37[m[K,
                 from [01m[K/usr/include/c++/11/memory:76[m[K,
                 from [01m[K/usr/include/sdformat-9.7/sdf/Actor.hh:20[m[K,
                 from [01m[K/usr/include/sdformat-9.7/sdf/sdf.hh:2[m[K,
                 from [01m[K/usr/include/gazebo-11/gazebo/common/Plugin.hh:33[m[K,
                 from [01m[K/home/dev/gazebo-tutorials/gazebo-drone-ros/src/box_camera/include/boxCamera/boxCameraPlugin.hpp:4[m[K,
                 from [01m[K/home/dev/gazebo-tutorials/gazebo-drone-ros/src/box_camera/src/boxCameraPlugin.cpp:1[m[K:
[01m[K/usr/include/c++/11/tuple:801:9:[m[K [01;36m[Knote: [m[Kcandidate: ‘[01m[Ktemplate<class _Alloc, typename std::enable_if<std::tuple<std::unique_ptr<gazebo::BoxCameraPluginPrivate, std::default_delete<gazebo::BoxCameraPluginPrivate> > >::_TCC<std::is_object<_Alloc>::value>::__is_implicitly_default_constructible(), bool>::type <anonymous> > std::tuple<_Elements>::tuple(std::allocator_arg_t, const _Alloc&) [with _Alloc = _Alloc; typename std::enable_if<std::tuple<_Elements>::_TCC<std::is_object<_Alloc>::value>::__is_implicitly_default_constructible(), bool>::type <anonymous> = <anonymous>; _Elements = {std::unique_ptr<gazebo::BoxCameraPluginPrivate, std::default_delete<gazebo::BoxCameraPluginPrivate> >}][m[K’
  801 |         [01;36m[Ktuple[m[K(allocator_arg_t __tag, const _Alloc& __a)
      |         [01;36m[K^~~~~[m[K
[01m[K/usr/include/c++/11/tuple:801:9:[m[K [01;36m[Knote: [m[K  template argument deduction/substitution failed:
In file included from [01m[K/usr/include/c++/11/pstl/glue_algorithm_defs.h:13[m[K,
                 from [01m[K/usr/include/c++/11/algorithm:74[m[K,
                 from [01m[K/usr/include/ignition/math6/gz/math/Helpers.hh:20[m[K,
                 from [01m[K/usr/include/ignition/math6/gz/math/Quaternion.hh:20[m[K,
                 from [01m[K/usr/include/ignition/math6/gz/math/Pose3.hh:20[m[K,
                 from [01m[K/usr/include/ignition/math6/ignition/math/Pose3.hh:18[m[K,
                 from [01m[K/usr/include/sdformat-9.7/sdf/Actor.hh:23[m[K,
                 from [01m[K/usr/include/sdformat-9.7/sdf/sdf.hh:2[m[K,
                 from [01m[K/usr/include/gazebo-11/gazebo/common/Plugin.hh:33[m[K,
                 from [01m[K/home/dev/gazebo-tutorials/gazebo-drone-ros/src/box_camera/include/boxCamera/boxCameraPlugin.hpp:4[m[K,
                 from [01m[K/home/dev/gazebo-tutorials/gazebo-drone-ros/src/box_camera/src/boxCameraPlugin.cpp:1[m[K:
[01m[K/usr/include/c++/11/functional:490:33:[m[K [01;36m[Knote: [m[K  candidate expects 2 arguments, 1 provided
  490 |         : _M_f(std::move(__f)), [01;36m[K_M_bound_args(std::forward<_Args>(__args)...)[m[K
      |                                 [01;36m[K^~~~~~~~~~~~~~~~~~~~~~~~~~~~~~~~~~~~~~~~~~~~~[m[K
In file included from [01m[K/usr/include/c++/11/bits/unique_ptr.h:37[m[K,
                 from [01m[K/usr/include/c++/11/memory:76[m[K,
                 from [01m[K/usr/include/sdformat-9.7/sdf/Actor.hh:20[m[K,
                 from [01m[K/usr/include/sdformat-9.7/sdf/sdf.hh:2[m[K,
                 from [01m[K/usr/include/gazebo-11/gazebo/common/Plugin.hh:33[m[K,
                 from [01m[K/home/dev/gazebo-tutorials/gazebo-drone-ros/src/box_camera/include/boxCamera/boxCameraPlugin.hpp:4[m[K,
                 from [01m[K/home/dev/gazebo-tutorials/gazebo-drone-ros/src/box_camera/src/boxCameraPlugin.cpp:1[m[K:
[01m[K/usr/include/c++/11/tuple:792:9:[m[K [01;36m[Knote: [m[Kcandidate: ‘[01m[Ktemplate<class ... _UElements, bool _Valid, typename std::enable_if<std::tuple<std::unique_ptr<gazebo::BoxCameraPluginPrivate, std::default_delete<gazebo::BoxCameraPluginPrivate> > >::_TCC<_Valid>::__is_explicitly_constructible<_UElements ...>(), bool>::type <anonymous> > constexpr std::tuple<_Elements>::tuple(std::tuple<_Args1 ...>&&) [with _UElements = {_UElements ...}; bool _Valid = _Valid; typename std::enable_if<std::tuple<_Elements>::_TCC<_Valid>::__is_explicitly_constructible<_UElements ...>(), bool>::type <anonymous> = <anonymous>; _Elements = {std::unique_ptr<gazebo::BoxCameraPluginPrivate, std::default_delete<gazebo::BoxCameraPluginPrivate> >}][m[K’
  792 |         [01;36m[Ktuple[m[K(tuple<_UElements...>&& __in)
      |         [01;36m[K^~~~~[m[K
[01m[K/usr/include/c++/11/tuple:792:9:[m[K [01;36m[Knote: [m[K  template argument deduction/substitution failed:
In file included from [01m[K/usr/include/c++/11/pstl/glue_algorithm_defs.h:13[m[K,
                 from [01m[K/usr/include/c++/11/algorithm:74[m[K,
                 from [01m[K/usr/include/ignition/math6/gz/math/Helpers.hh:20[m[K,
                 from [01m[K/usr/include/ignition/math6/gz/math/Quaternion.hh:20[m[K,
                 from [01m[K/usr/include/ignition/math6/gz/math/Pose3.hh:20[m[K,
                 from [01m[K/usr/include/ignition/math6/ignition/math/Pose3.hh:18[m[K,
                 from [01m[K/usr/include/sdformat-9.7/sdf/Actor.hh:23[m[K,
                 from [01m[K/usr/include/sdformat-9.7/sdf/sdf.hh:2[m[K,
                 from [01m[K/usr/include/gazebo-11/gazebo/common/Plugin.hh:33[m[K,
                 from [01m[K/home/dev/gazebo-tutorials/gazebo-drone-ros/src/box_camera/include/boxCamera/boxCameraPlugin.hpp:4[m[K,
                 from [01m[K/home/dev/gazebo-tutorials/gazebo-drone-ros/src/box_camera/src/boxCameraPlugin.cpp:1[m[K:
[01m[K/usr/include/c++/11/functional:490:33:[m[K [01;36m[Knote: [m[K  ‘[01m[Kstd::unique_ptr<gazebo::BoxCameraPluginPrivate>[m[K’ is not derived from ‘[01m[Kstd::tuple<_Tps ...>[m[K’
  490 |         : _M_f(std::move(__f)), [01;36m[K_M_bound_args(std::forward<_Args>(__args)...)[m[K
      |                                 [01;36m[K^~~~~~~~~~~~~~~~~~~~~~~~~~~~~~~~~~~~~~~~~~~~~[m[K
In file included from [01m[K/usr/include/c++/11/bits/unique_ptr.h:37[m[K,
                 from [01m[K/usr/include/c++/11/memory:76[m[K,
                 from [01m[K/usr/include/sdformat-9.7/sdf/Actor.hh:20[m[K,
                 from [01m[K/usr/include/sdformat-9.7/sdf/sdf.hh:2[m[K,
                 from [01m[K/usr/include/gazebo-11/gazebo/common/Plugin.hh:33[m[K,
                 from [01m[K/home/dev/gazebo-tutorials/gazebo-drone-ros/src/box_camera/include/boxCamera/boxCameraPlugin.hpp:4[m[K,
                 from [01m[K/home/dev/gazebo-tutorials/gazebo-drone-ros/src/box_camera/src/boxCameraPlugin.cpp:1[m[K:
[01m[K/usr/include/c++/11/tuple:783:9:[m[K [01;36m[Knote: [m[Kcandidate: ‘[01m[Ktemplate<class ... _UElements, bool _Valid, typename std::enable_if<std::tuple<std::unique_ptr<gazebo::BoxCameraPluginPrivate, std::default_delete<gazebo::BoxCameraPluginPrivate> > >::_TCC<_Valid>::__is_implicitly_constructible<_UElements ...>(), bool>::type <anonymous> > constexpr std::tuple<_Elements>::tuple(std::tuple<_Args1 ...>&&) [with _UElements = {_UElements ...}; bool _Valid = _Valid; typename std::enable_if<std::tuple<_Elements>::_TCC<_Valid>::__is_implicitly_constructible<_UElements ...>(), bool>::type <anonymous> = <anonymous>; _Elements = {std::unique_ptr<gazebo::BoxCameraPluginPrivate, std::default_delete<gazebo::BoxCameraPluginPrivate> >}][m[K’
  783 |         [01;36m[Ktuple[m[K(tuple<_UElements...>&& __in)
      |         [01;36m[K^~~~~[m[K
[01m[K/usr/include/c++/11/tuple:783:9:[m[K [01;36m[Knote: [m[K  template argument deduction/substitution failed:
In file included from [01m[K/usr/include/c++/11/pstl/glue_algorithm_defs.h:13[m[K,
                 from [01m[K/usr/include/c++/11/algorithm:74[m[K,
                 from [01m[K/usr/include/ignition/math6/gz/math/Helpers.hh:20[m[K,
                 from [01m[K/usr/include/ignition/math6/gz/math/Quaternion.hh:20[m[K,
                 from [01m[K/usr/include/ignition/math6/gz/math/Pose3.hh:20[m[K,
                 from [01m[K/usr/include/ignition/math6/ignition/math/Pose3.hh:18[m[K,
                 from [01m[K/usr/include/sdformat-9.7/sdf/Actor.hh:23[m[K,
                 from [01m[K/usr/include/sdformat-9.7/sdf/sdf.hh:2[m[K,
                 from [01m[K/usr/include/gazebo-11/gazebo/common/Plugin.hh:33[m[K,
                 from [01m[K/home/dev/gazebo-tutorials/gazebo-drone-ros/src/box_camera/include/boxCamera/boxCameraPlugin.hpp:4[m[K,
                 from [01m[K/home/dev/gazebo-tutorials/gazebo-drone-ros/src/box_camera/src/boxCameraPlugin.cpp:1[m[K:
[01m[K/usr/include/c++/11/functional:490:33:[m[K [01;36m[Knote: [m[K  ‘[01m[Kstd::unique_ptr<gazebo::BoxCameraPluginPrivate>[m[K’ is not derived from ‘[01m[Kstd::tuple<_Tps ...>[m[K’
  490 |         : _M_f(std::move(__f)), [01;36m[K_M_bound_args(std::forward<_Args>(__args)...)[m[K
      |                                 [01;36m[K^~~~~~~~~~~~~~~~~~~~~~~~~~~~~~~~~~~~~~~~~~~~~[m[K
In file included from [01m[K/usr/include/c++/11/bits/unique_ptr.h:37[m[K,
                 from [01m[K/usr/include/c++/11/memory:76[m[K,
                 from [01m[K/usr/include/sdformat-9.7/sdf/Actor.hh:20[m[K,
                 from [01m[K/usr/include/sdformat-9.7/sdf/sdf.hh:2[m[K,
                 from [01m[K/usr/include/gazebo-11/gazebo/common/Plugin.hh:33[m[K,
                 from [01m[K/home/dev/gazebo-tutorials/gazebo-drone-ros/src/box_camera/include/boxCamera/boxCameraPlugin.hpp:4[m[K,
                 from [01m[K/home/dev/gazebo-tutorials/gazebo-drone-ros/src/box_camera/src/boxCameraPlugin.cpp:1[m[K:
[01m[K/usr/include/c++/11/tuple:773:9:[m[K [01;36m[Knote: [m[Kcandidate: ‘[01m[Ktemplate<class ... _UElements, bool _Valid, typename std::enable_if<std::tuple<std::unique_ptr<gazebo::BoxCameraPluginPrivate, std::default_delete<gazebo::BoxCameraPluginPrivate> > >::_TCC<_Valid>::__is_explicitly_constructible<const _UElements& ...>(), bool>::type <anonymous> > constexpr std::tuple<_Elements>::tuple(const std::tuple<_Args1 ...>&) [with _UElements = {_UElements ...}; bool _Valid = _Valid; typename std::enable_if<std::tuple<_Elements>::_TCC<_Valid>::__is_explicitly_constructible<const _UElements& ...>(), bool>::type <anonymous> = <anonymous>; _Elements = {std::unique_ptr<gazebo::BoxCameraPluginPrivate, std::default_delete<gazebo::BoxCameraPluginPrivate> >}][m[K’
  773 |         [01;36m[Ktuple[m[K(const tuple<_UElements...>& __in)
      |         [01;36m[K^~~~~[m[K
[01m[K/usr/include/c++/11/tuple:773:9:[m[K [01;36m[Knote: [m[K  template argument deduction/substitution failed:
In file included from [01m[K/usr/include/c++/11/pstl/glue_algorithm_defs.h:13[m[K,
                 from [01m[K/usr/include/c++/11/algorithm:74[m[K,
                 from [01m[K/usr/include/ignition/math6/gz/math/Helpers.hh:20[m[K,
                 from [01m[K/usr/include/ignition/math6/gz/math/Quaternion.hh:20[m[K,
                 from [01m[K/usr/include/ignition/math6/gz/math/Pose3.hh:20[m[K,
                 from [01m[K/usr/include/ignition/math6/ignition/math/Pose3.hh:18[m[K,
                 from [01m[K/usr/include/sdformat-9.7/sdf/Actor.hh:23[m[K,
                 from [01m[K/usr/include/sdformat-9.7/sdf/sdf.hh:2[m[K,
                 from [01m[K/usr/include/gazebo-11/gazebo/common/Plugin.hh:33[m[K,
                 from [01m[K/home/dev/gazebo-tutorials/gazebo-drone-ros/src/box_camera/include/boxCamera/boxCameraPlugin.hpp:4[m[K,
                 from [01m[K/home/dev/gazebo-tutorials/gazebo-drone-ros/src/box_camera/src/boxCameraPlugin.cpp:1[m[K:
[01m[K/usr/include/c++/11/functional:490:33:[m[K [01;36m[Knote: [m[K  ‘[01m[Kstd::unique_ptr<gazebo::BoxCameraPluginPrivate>[m[K’ is not derived from ‘[01m[Kconst std::tuple<_Tps ...>[m[K’
  490 |         : _M_f(std::move(__f)), [01;36m[K_M_bound_args(std::forward<_Args>(__args)...)[m[K
      |                                 [01;36m[K^~~~~~~~~~~~~~~~~~~~~~~~~~~~~~~~~~~~~~~~~~~~~[m[K
In file included from [01m[K/usr/include/c++/11/bits/unique_ptr.h:37[m[K,
                 from [01m[K/usr/include/c++/11/memory:76[m[K,
                 from [01m[K/usr/include/sdformat-9.7/sdf/Actor.hh:20[m[K,
                 from [01m[K/usr/include/sdformat-9.7/sdf/sdf.hh:2[m[K,
                 from [01m[K/usr/include/gazebo-11/gazebo/common/Plugin.hh:33[m[K,
                 from [01m[K/home/dev/gazebo-tutorials/gazebo-drone-ros/src/box_camera/include/boxCamera/boxCameraPlugin.hpp:4[m[K,
                 from [01m[K/home/dev/gazebo-tutorials/gazebo-drone-ros/src/box_camera/src/boxCameraPlugin.cpp:1[m[K:
[01m[K/usr/include/c++/11/tuple:763:9:[m[K [01;36m[Knote: [m[Kcandidate: ‘[01m[Ktemplate<class ... _UElements, bool _Valid, typename std::enable_if<std::tuple<std::unique_ptr<gazebo::BoxCameraPluginPrivate, std::default_delete<gazebo::BoxCameraPluginPrivate> > >::_TCC<_Valid>::__is_implicitly_constructible<const _UElements& ...>(), bool>::type <anonymous> > constexpr std::tuple<_Elements>::tuple(const std::tuple<_Args1 ...>&) [with _UElements = {_UElements ...}; bool _Valid = _Valid; typename std::enable_if<std::tuple<_Elements>::_TCC<_Valid>::__is_implicitly_constructible<const _UElements& ...>(), bool>::type <anonymous> = <anonymous>; _Elements = {std::unique_ptr<gazebo::BoxCameraPluginPrivate, std::default_delete<gazebo::BoxCameraPluginPrivate> >}][m[K’
  763 |         [01;36m[Ktuple[m[K(const tuple<_UElements...>& __in)
      |         [01;36m[K^~~~~[m[K
[01m[K/usr/include/c++/11/tuple:763:9:[m[K [01;36m[Knote: [m[K  template argument deduction/substitution failed:
In file included from [01m[K/usr/include/c++/11/pstl/glue_algorithm_defs.h:13[m[K,
                 from [01m[K/usr/include/c++/11/algorithm:74[m[K,
                 from [01m[K/usr/include/ignition/math6/gz/math/Helpers.hh:20[m[K,
                 from [01m[K/usr/include/ignition/math6/gz/math/Quaternion.hh:20[m[K,
                 from [01m[K/usr/include/ignition/math6/gz/math/Pose3.hh:20[m[K,
                 from [01m[K/usr/include/ignition/math6/ignition/math/Pose3.hh:18[m[K,
                 from [01m[K/usr/include/sdformat-9.7/sdf/Actor.hh:23[m[K,
                 from [01m[K/usr/include/sdformat-9.7/sdf/sdf.hh:2[m[K,
                 from [01m[K/usr/include/gazebo-11/gazebo/common/Plugin.hh:33[m[K,
                 from [01m[K/home/dev/gazebo-tutorials/gazebo-drone-ros/src/box_camera/include/boxCamera/boxCameraPlugin.hpp:4[m[K,
                 from [01m[K/home/dev/gazebo-tutorials/gazebo-drone-ros/src/box_camera/src/boxCameraPlugin.cpp:1[m[K:
[01m[K/usr/include/c++/11/functional:490:33:[m[K [01;36m[Knote: [m[K  ‘[01m[Kstd::unique_ptr<gazebo::BoxCameraPluginPrivate>[m[K’ is not derived from ‘[01m[Kconst std::tuple<_Tps ...>[m[K’
  490 |         : _M_f(std::move(__f)), [01;36m[K_M_bound_args(std::forward<_Args>(__args)...)[m[K
      |                                 [01;36m[K^~~~~~~~~~~~~~~~~~~~~~~~~~~~~~~~~~~~~~~~~~~~~[m[K
In file included from [01m[K/usr/include/c++/11/bits/unique_ptr.h:37[m[K,
                 from [01m[K/usr/include/c++/11/memory:76[m[K,
                 from [01m[K/usr/include/sdformat-9.7/sdf/Actor.hh:20[m[K,
                 from [01m[K/usr/include/sdformat-9.7/sdf/sdf.hh:2[m[K,
                 from [01m[K/usr/include/gazebo-11/gazebo/common/Plugin.hh:33[m[K,
                 from [01m[K/home/dev/gazebo-tutorials/gazebo-drone-ros/src/box_camera/include/boxCamera/boxCameraPlugin.hpp:4[m[K,
                 from [01m[K/home/dev/gazebo-tutorials/gazebo-drone-ros/src/box_camera/src/boxCameraPlugin.cpp:1[m[K:
[01m[K/usr/include/c++/11/tuple:750:9:[m[K [01;36m[Knote: [m[Kcandidate: ‘[01m[Ktemplate<class ... _UElements, bool _Valid, typename std::enable_if<std::tuple<std::unique_ptr<gazebo::BoxCameraPluginPrivate, std::default_delete<gazebo::BoxCameraPluginPrivate> > >::_TCC<_Valid>::__is_explicitly_constructible<_UElements ...>(), bool>::type <anonymous> > constexpr std::tuple<_Elements>::tuple(_UElements&& ...) [with _UElements = {_UElements ...}; bool _Valid = _Valid; typename std::enable_if<std::tuple<_Elements>::_TCC<_Valid>::__is_explicitly_constructible<_UElements ...>(), bool>::type <anonymous> = <anonymous>; _Elements = {std::unique_ptr<gazebo::BoxCameraPluginPrivate, std::default_delete<gazebo::BoxCameraPluginPrivate> >}][m[K’
  750 |         [01;36m[Ktuple[m[K(_UElements&&... __elements)
      |         [01;36m[K^~~~~[m[K
[01m[K/usr/include/c++/11/tuple:750:9:[m[K [01;36m[Knote: [m[K  template argument deduction/substitution failed:
[01m[K/usr/include/c++/11/tuple:748:55:[m[K [01;31m[Kerror: [m[Kno type named ‘[01m[Ktype[m[K’ in ‘[01m[Kstruct std::enable_if<false, bool>[m[K’
  748 |                _ExplicitCtor<_Valid, _UElements...> = [01;31m[Kfalse[m[K>
      |                                                       [01;31m[K^~~~~[m[K
[01m[K/usr/include/c++/11/tuple:742:9:[m[K [01;36m[Knote: [m[Kcandidate: ‘[01m[Ktemplate<class ... _UElements, bool _Valid, typename std::enable_if<std::tuple<std::unique_ptr<gazebo::BoxCameraPluginPrivate, std::default_delete<gazebo::BoxCameraPluginPrivate> > >::_TCC<_Valid>::__is_implicitly_constructible<_UElements ...>(), bool>::type <anonymous> > constexpr std::tuple<_Elements>::tuple(_UElements&& ...) [with _UElements = {_UElements ...}; bool _Valid = _Valid; typename std::enable_if<std::tuple<_Elements>::_TCC<_Valid>::__is_implicitly_constructible<_UElements ...>(), bool>::type <anonymous> = <anonymous>; _Elements = {std::unique_ptr<gazebo::BoxCameraPluginPrivate, std::default_delete<gazebo::BoxCameraPluginPrivate> >}][m[K’
  742 |         [01;36m[Ktuple[m[K(_UElements&&... __elements)
      |         [01;36m[K^~~~~[m[K
[01m[K/usr/include/c++/11/tuple:742:9:[m[K [01;36m[Knote: [m[K  template argument deduction/substitution failed:
[01m[K/usr/include/c++/11/tuple:740:55:[m[K [01;31m[Kerror: [m[Kno type named ‘[01m[Ktype[m[K’ in ‘[01m[Kstruct std::enable_if<false, bool>[m[K’
  740 |                _ImplicitCtor<_Valid, _UElements...> = [01;31m[Ktrue[m[K>
      |                                                       [01;31m[K^~~~[m[K
[01m[K/usr/include/c++/11/tuple:734:9:[m[K [01;36m[Knote: [m[Kcandidate: ‘[01m[Ktemplate<bool _NotEmpty, typename std::enable_if<std::tuple<std::unique_ptr<gazebo::BoxCameraPluginPrivate, std::default_delete<gazebo::BoxCameraPluginPrivate> > >::_TCC<_Cond>::__is_explicitly_constructible<const unique_ptr<gazebo::BoxCameraPluginPrivate, std::default_delete<gazebo::BoxCameraPluginPrivate> >&>(), bool>::type <anonymous> > constexpr std::tuple<_Elements>::tuple(const _Elements& ...) [with bool _NotEmpty = _NotEmpty; typename std::enable_if<std::tuple<_Elements>::_TCC<_Dummy>::__is_explicitly_constructible<const _Elements& ...>(), bool>::type <anonymous> = <anonymous>; _Elements = {std::unique_ptr<gazebo::BoxCameraPluginPrivate, std::default_delete<gazebo::BoxCameraPluginPrivate> >}][m[K’
  734 |         [01;36m[Ktuple[m[K(const _Elements&... __elements)
      |         [01;36m[K^~~~~[m[K
[01m[K/usr/include/c++/11/tuple:734:9:[m[K [01;36m[Knote: [m[K  template argument deduction/substitution failed:
[01m[K/usr/include/c++/11/tuple:732:64:[m[K [01;31m[Kerror: [m[Kno type named ‘[01m[Ktype[m[K’ in ‘[01m[Kstruct std::enable_if<false, bool>[m[K’
  732 |                _ExplicitCtor<_NotEmpty, const _Elements&...> = [01;31m[Kfalse[m[K>
      |                                                                [01;31m[K^~~~~[m[K
[01m[K/usr/include/c++/11/tuple:727:9:[m[K [01;36m[Knote: [m[Kcandidate: ‘[01m[Ktemplate<bool _NotEmpty, typename std::enable_if<std::tuple<std::unique_ptr<gazebo::BoxCameraPluginPrivate, std::default_delete<gazebo::BoxCameraPluginPrivate> > >::_TCC<_Cond>::__is_implicitly_constructible<const unique_ptr<gazebo::BoxCameraPluginPrivate, std::default_delete<gazebo::BoxCameraPluginPrivate> >&>(), bool>::type <anonymous> > constexpr std::tuple<_Elements>::tuple(const _Elements& ...) [with bool _NotEmpty = _NotEmpty; typename std::enable_if<std::tuple<_Elements>::_TCC<_Dummy>::__is_implicitly_constructible<const _Elements& ...>(), bool>::type <anonymous> = <anonymous>; _Elements = {std::unique_ptr<gazebo::BoxCameraPluginPrivate, std::default_delete<gazebo::BoxCameraPluginPrivate> >}][m[K’
  727 |         [01;36m[Ktuple[m[K(const _Elements&... __elements)
      |         [01;36m[K^~~~~[m[K
[01m[K/usr/include/c++/11/tuple:727:9:[m[K [01;36m[Knote: [m[K  template argument deduction/substitution failed:
[01m[K/usr/include/c++/11/tuple:725:64:[m[K [01;31m[Kerror: [m[Kno type named ‘[01m[Ktype[m[K’ in ‘[01m[Kstruct std::enable_if<false, bool>[m[K’
  725 |                _ImplicitCtor<_NotEmpty, const _Elements&...> = [01;31m[Ktrue[m[K>
      |                                                                [01;31m[K^~~~[m[K
[01m[K/usr/include/c++/11/tuple:720:9:[m[K [01;36m[Knote: [m[Kcandidate: ‘[01m[Ktemplate<class _Dummy, typename std::enable_if<std::tuple<std::unique_ptr<gazebo::BoxCameraPluginPrivate, std::default_delete<gazebo::BoxCameraPluginPrivate> > >::_TCC<std::is_void<_Tp>::value>::__is_explicitly_default_constructible(), bool>::type <anonymous> > constexpr std::tuple<_Elements>::tuple() [with _Dummy = _Dummy; typename std::enable_if<std::tuple<_Elements>::_TCC<std::is_void<_Dummy>::value>::__is_explicitly_default_constructible(), bool>::type <anonymous> = <anonymous>; _Elements = {std::unique_ptr<gazebo::BoxCameraPluginPrivate, std::default_delete<gazebo::BoxCameraPluginPrivate> >}][m[K’
  720 |         [01;36m[Ktuple[m[K()
      |         [01;36m[K^~~~~[m[K
[01m[K/usr/include/c++/11/tuple:720:9:[m[K [01;36m[Knote: [m[K  template argument deduction/substitution failed:
In file included from [01m[K/usr/include/c++/11/pstl/glue_algorithm_defs.h:13[m[K,
                 from [01m[K/usr/include/c++/11/algorithm:74[m[K,
                 from [01m[K/usr/include/ignition/math6/gz/math/Helpers.hh:20[m[K,
                 from [01m[K/usr/include/ignition/math6/gz/math/Quaternion.hh:20[m[K,
                 from [01m[K/usr/include/ignition/math6/gz/math/Pose3.hh:20[m[K,
                 from [01m[K/usr/include/ignition/math6/ignition/math/Pose3.hh:18[m[K,
                 from [01m[K/usr/include/sdformat-9.7/sdf/Actor.hh:23[m[K,
                 from [01m[K/usr/include/sdformat-9.7/sdf/sdf.hh:2[m[K,
                 from [01m[K/usr/include/gazebo-11/gazebo/common/Plugin.hh:33[m[K,
                 from [01m[K/home/dev/gazebo-tutorials/gazebo-drone-ros/src/box_camera/include/boxCamera/boxCameraPlugin.hpp:4[m[K,
                 from [01m[K/home/dev/gazebo-tutorials/gazebo-drone-ros/src/box_camera/src/boxCameraPlugin.cpp:1[m[K:
[01m[K/usr/include/c++/11/functional:490:33:[m[K [01;36m[Knote: [m[K  candidate expects 0 arguments, 1 provided
  490 |         : _M_f(std::move(__f)), [01;36m[K_M_bound_args(std::forward<_Args>(__args)...)[m[K
      |                                 [01;36m[K^~~~~~~~~~~~~~~~~~~~~~~~~~~~~~~~~~~~~~~~~~~~~[m[K
In file included from [01m[K/usr/include/c++/11/bits/unique_ptr.h:37[m[K,
                 from [01m[K/usr/include/c++/11/memory:76[m[K,
                 from [01m[K/usr/include/sdformat-9.7/sdf/Actor.hh:20[m[K,
                 from [01m[K/usr/include/sdformat-9.7/sdf/sdf.hh:2[m[K,
                 from [01m[K/usr/include/gazebo-11/gazebo/common/Plugin.hh:33[m[K,
                 from [01m[K/home/dev/gazebo-tutorials/gazebo-drone-ros/src/box_camera/include/boxCamera/boxCameraPlugin.hpp:4[m[K,
                 from [01m[K/home/dev/gazebo-tutorials/gazebo-drone-ros/src/box_camera/src/boxCameraPlugin.cpp:1[m[K:
[01m[K/usr/include/c++/11/tuple:713:9:[m[K [01;36m[Knote: [m[Kcandidate: ‘[01m[Ktemplate<class _Dummy, typename std::enable_if<std::tuple<std::unique_ptr<gazebo::BoxCameraPluginPrivate, std::default_delete<gazebo::BoxCameraPluginPrivate> > >::_TCC<std::is_void<_Tp>::value>::__is_implicitly_default_constructible(), bool>::type <anonymous> > constexpr std::tuple<_Elements>::tuple() [with _Dummy = _Dummy; typename std::enable_if<std::tuple<_Elements>::_TCC<std::is_void<_Dummy>::value>::__is_implicitly_default_constructible(), bool>::type <anonymous> = <anonymous>; _Elements = {std::unique_ptr<gazebo::BoxCameraPluginPrivate, std::default_delete<gazebo::BoxCameraPluginPrivate> >}][m[K’
  713 |         [01;36m[Ktuple[m[K()
      |         [01;36m[K^~~~~[m[K
[01m[K/usr/include/c++/11/tuple:713:9:[m[K [01;36m[Knote: [m[K  template argument deduction/substitution failed:
In file included from [01m[K/usr/include/c++/11/pstl/glue_algorithm_defs.h:13[m[K,
                 from [01m[K/usr/include/c++/11/algorithm:74[m[K,
                 from [01m[K/usr/include/ignition/math6/gz/math/Helpers.hh:20[m[K,
                 from [01m[K/usr/include/ignition/math6/gz/math/Quaternion.hh:20[m[K,
                 from [01m[K/usr/include/ignition/math6/gz/math/Pose3.hh:20[m[K,
                 from [01m[K/usr/include/ignition/math6/ignition/math/Pose3.hh:18[m[K,
                 from [01m[K/usr/include/sdformat-9.7/sdf/Actor.hh:23[m[K,
                 from [01m[K/usr/include/sdformat-9.7/sdf/sdf.hh:2[m[K,
                 from [01m[K/usr/include/gazebo-11/gazebo/common/Plugin.hh:33[m[K,
                 from [01m[K/home/dev/gazebo-tutorials/gazebo-drone-ros/src/box_camera/include/boxCamera/boxCameraPlugin.hpp:4[m[K,
                 from [01m[K/home/dev/gazebo-tutorials/gazebo-drone-ros/src/box_camera/src/boxCameraPlugin.cpp:1[m[K:
[01m[K/usr/include/c++/11/functional:490:33:[m[K [01;36m[Knote: [m[K  candidate expects 0 arguments, 1 provided
  490 |         : _M_f(std::move(__f)), [01;36m[K_M_bound_args(std::forward<_Args>(__args)...)[m[K
      |                                 [01;36m[K^~~~~~~~~~~~~~~~~~~~~~~~~~~~~~~~~~~~~~~~~~~~~[m[K
In file included from [01m[K/usr/include/c++/11/bits/unique_ptr.h:37[m[K,
                 from [01m[K/usr/include/c++/11/memory:76[m[K,
                 from [01m[K/usr/include/sdformat-9.7/sdf/Actor.hh:20[m[K,
                 from [01m[K/usr/include/sdformat-9.7/sdf/sdf.hh:2[m[K,
                 from [01m[K/usr/include/gazebo-11/gazebo/common/Plugin.hh:33[m[K,
                 from [01m[K/home/dev/gazebo-tutorials/gazebo-drone-ros/src/box_camera/include/boxCamera/boxCameraPlugin.hpp:4[m[K,
                 from [01m[K/home/dev/gazebo-tutorials/gazebo-drone-ros/src/box_camera/src/boxCameraPlugin.cpp:1[m[K:
[01m[K/usr/include/c++/11/tuple:756:17:[m[K [01;36m[Knote: [m[Kcandidate: ‘[01m[Kconstexpr std::tuple<_Elements>::tuple(std::tuple<_Elements>&&) [with _Elements = {std::unique_ptr<gazebo::BoxCameraPluginPrivate, std::default_delete<gazebo::BoxCameraPluginPrivate> >}][m[K’
  756 |       constexpr [01;36m[Ktuple[m[K(tuple&&) = default;
      |                 [01;36m[K^~~~~[m[K
[01m[K/usr/include/c++/11/tuple:756:23:[m[K [01;36m[Knote: [m[K  no known conversion for argument 1 from ‘[01m[Kstd::unique_ptr<gazebo::BoxCameraPluginPrivate>[m[K’ to ‘[01m[Kstd::tuple<std::unique_ptr<gazebo::BoxCameraPluginPrivate, std::default_delete<gazebo::BoxCameraPluginPrivate> > >&&[m[K’
  756 |       constexpr tuple([01;36m[Ktuple&&[m[K) = default;
      |                       [01;36m[K^~~~~~~[m[K
gmake[2]: *** [CMakeFiles/box_camera_plugin.dir/build.make:76: CMakeFiles/box_camera_plugin.dir/src/boxCameraPlugin.cpp.o] Error 1
gmake[1]: *** [CMakeFiles/Makefile2:137: CMakeFiles/box_camera_plugin.dir/all] Error 2
gmake: *** [Makefile:146: all] Error 2
