[0.246s] Invoking command in '/home/dev/gazebo-tutorials/gazebo-drone-ros/build/box_camera': AMENT_PREFIX_PATH=/home/dev/gazebo-tutorials/gazebo-drone-ros/install/cam_interface:${AMENT_PREFIX_PATH} CMAKE_PREFIX_PATH=/home/dev/gazebo-tutorials/gazebo-drone-ros/install/cam_interface:/opt/ros/humble LD_LIBRARY_PATH=/home/dev/gazebo-tutorials/gazebo-drone-ros/install/cam_interface/lib:${LD_LIBRARY_PATH} PYTHONPATH=/home/dev/gazebo-tutorials/gazebo-drone-ros/install/cam_interface/local/lib/python3.10/dist-packages:${PYTHONPATH} /usr/bin/cmake --build /home/dev/gazebo-tutorials/gazebo-drone-ros/build/box_camera -- -j4 -l4
[0.382s] [35m[1mConsolidate compiler generated dependencies of target box_camera_plugin[0m
[0.500s] [ 50%] [32mBuilding CXX object CMakeFiles/box_camera_plugin.dir/src/boxCameraPlugin.cpp.o[0m
[34.735s] In file included from [01m[K/usr/include/c++/11/functional:59[m[K,
[34.735s]                  from [01m[K/usr/include/c++/11/pstl/glue_algorithm_defs.h:13[m[K,
[34.735s]                  from [01m[K/usr/include/c++/11/algorithm:74[m[K,
[34.735s]                  from [01m[K/usr/include/ignition/math6/gz/math/Helpers.hh:20[m[K,
[34.735s]                  from [01m[K/usr/include/ignition/math6/gz/math/Quaternion.hh:20[m[K,
[34.735s]                  from [01m[K/usr/include/ignition/math6/gz/math/Pose3.hh:20[m[K,
[34.735s]                  from [01m[K/usr/include/ignition/math6/ignition/math/Pose3.hh:18[m[K,
[34.735s]                  from [01m[K/usr/include/sdformat-9.7/sdf/Actor.hh:23[m[K,
[34.735s]                  from [01m[K/usr/include/sdformat-9.7/sdf/sdf.hh:2[m[K,
[34.736s]                  from [01m[K/usr/include/gazebo-11/gazebo/common/Plugin.hh:33[m[K,
[34.736s]                  from [01m[K/home/dev/gazebo-tutorials/gazebo-drone-ros/src/box_camera/include/boxCamera/boxCameraPlugin.hpp:4[m[K,
[34.736s]                  from [01m[K/home/dev/gazebo-tutorials/gazebo-drone-ros/src/box_camera/src/boxCameraPlugin.cpp:1[m[K:
[34.736s] /usr/include/c++/11/bits/std_function.h: In instantiation of ‘[01m[Kstd::function<_Res(_ArgTypes ...)>::function(_Functor&&) [with _Functor = std::_Bind<void (gazebo::BoxCameraPluginPrivate::*(std::unique_ptr<gazebo::BoxCameraPluginPrivate>))()>; _Constraints = void; _Res = void; _ArgTypes = {}][m[K’:
[34.736s] [01m[K/home/dev/gazebo-tutorials/gazebo-drone-ros/src/box_camera/src/boxCameraPlugin.cpp:65:71:[m[K   required from here
[34.736s] [01m[K/usr/include/c++/11/bits/std_function.h:439:69:[m[K [01;31m[Kerror: [m[Kstatic assertion failed: std::function target must be copy-constructible
[34.740s]   439 |           static_assert(is_copy_constructible<__decay_t<_Functor>>::[01;31m[Kvalue[m[K,
[34.740s]       |                                                                     [01;31m[K^~~~~[m[K
[34.740s] [01m[K/usr/include/c++/11/bits/std_function.h:439:69:[m[K [01;36m[Knote: [m[K‘[01m[Kstd::integral_constant<bool, false>::value[m[K’ evaluates to false
[35.647s] In file included from [01m[K/usr/include/c++/11/pstl/glue_algorithm_defs.h:13[m[K,
[35.648s]                  from [01m[K/usr/include/c++/11/algorithm:74[m[K,
[35.652s]                  from [01m[K/usr/include/ignition/math6/gz/math/Helpers.hh:20[m[K,
[35.656s]                  from [01m[K/usr/include/ignition/math6/gz/math/Quaternion.hh:20[m[K,
[35.658s]                  from [01m[K/usr/include/ignition/math6/gz/math/Pose3.hh:20[m[K,
[35.659s]                  from [01m[K/usr/include/ignition/math6/ignition/math/Pose3.hh:18[m[K,
[35.659s]                  from [01m[K/usr/include/sdformat-9.7/sdf/Actor.hh:23[m[K,
[35.659s]                  from [01m[K/usr/include/sdformat-9.7/sdf/sdf.hh:2[m[K,
[35.660s]                  from [01m[K/usr/include/gazebo-11/gazebo/common/Plugin.hh:33[m[K,
[35.660s]                  from [01m[K/home/dev/gazebo-tutorials/gazebo-drone-ros/src/box_camera/include/boxCamera/boxCameraPlugin.hpp:4[m[K,
[35.660s]                  from [01m[K/home/dev/gazebo-tutorials/gazebo-drone-ros/src/box_camera/src/boxCameraPlugin.cpp:1[m[K:
[35.660s] /usr/include/c++/11/functional: In instantiation of ‘[01m[Kstd::_Bind<_Functor(_Bound_args ...)>::_Bind(_Functor&&, _Args&& ...) [with _Args = {std::unique_ptr<gazebo::BoxCameraPluginPrivate, std::default_delete<gazebo::BoxCameraPluginPrivate> >&}; _Functor = void (gazebo::BoxCameraPluginPrivate::*)(); _Bound_args = {std::unique_ptr<gazebo::BoxCameraPluginPrivate, std::default_delete<gazebo::BoxCameraPluginPrivate> >}][m[K’:
[35.660s] [01m[K/usr/include/c++/11/functional:792:38:[m[K   required from ‘[01m[Ktypename std::_Bind_helper<std::__is_socketlike<_Func>::value, _Func, _BoundArgs ...>::type std::bind(_Func&&, _BoundArgs&& ...) [with _Func = void (gazebo::BoxCameraPluginPrivate::*)(); _BoundArgs = {std::unique_ptr<gazebo::BoxCameraPluginPrivate, std::default_delete<gazebo::BoxCameraPluginPrivate> >&}; typename std::_Bind_helper<std::__is_socketlike<_Func>::value, _Func, _BoundArgs ...>::type = std::_Bind_helper<false, void (gazebo::BoxCameraPluginPrivate::*)(), std::unique_ptr<gazebo::BoxCameraPluginPrivate, std::default_delete<gazebo::BoxCameraPluginPrivate> >&>::type; std::__is_socketlike<_Func> = std::__is_socketlike<void (gazebo::BoxCameraPluginPrivate::*)(), void (gazebo::BoxCameraPluginPrivate::*)()>; typename std::decay<_Tp>::type = void (gazebo::BoxCameraPluginPrivate::*)()][m[K’
[35.660s] [01m[K/home/dev/gazebo-tutorials/gazebo-drone-ros/src/box_camera/src/boxCameraPlugin.cpp:65:81:[m[K   required from here
[35.660s] [01m[K/usr/include/c++/11/functional:490:33:[m[K [01;31m[Kerror: [m[Kno matching function for call to ‘[01m[Kstd::tuple<std::unique_ptr<gazebo::BoxCameraPluginPrivate, std::default_delete<gazebo::BoxCameraPluginPrivate> > >::tuple(std::unique_ptr<gazebo::BoxCameraPluginPrivate>&)[m[K’
[35.660s]   490 |         : _M_f(std::move(__f)), [01;31m[K_M_bound_args(std::forward<_Args>(__args)...)[m[K
[35.660s]       |                                 [01;31m[K^~~~~~~~~~~~~~~~~~~~~~~~~~~~~~~~~~~~~~~~~~~~~[m[K
[35.660s] In file included from [01m[K/usr/include/c++/11/bits/unique_ptr.h:37[m[K,
[35.660s]                  from [01m[K/usr/include/c++/11/memory:76[m[K,
[35.661s]                  from [01m[K/usr/include/sdformat-9.7/sdf/Actor.hh:20[m[K,
[35.661s]                  from [01m[K/usr/include/sdformat-9.7/sdf/sdf.hh:2[m[K,
[35.661s]                  from [01m[K/usr/include/gazebo-11/gazebo/common/Plugin.hh:33[m[K,
[35.661s]                  from [01m[K/home/dev/gazebo-tutorials/gazebo-drone-ros/src/box_camera/include/boxCamera/boxCameraPlugin.hpp:4[m[K,
[35.661s]                  from [01m[K/home/dev/gazebo-tutorials/gazebo-drone-ros/src/box_camera/src/boxCameraPlugin.cpp:1[m[K:
[35.661s] [01m[K/usr/include/c++/11/tuple:888:9:[m[K [01;36m[Knote: [m[Kcandidate: ‘[01m[Ktemplate<class _Alloc, class ... _UElements, bool _Valid, typename std::enable_if<std::tuple<std::unique_ptr<gazebo::BoxCameraPluginPrivate, std::default_delete<gazebo::BoxCameraPluginPrivate> > >::_TCC<_Valid>::__is_explicitly_constructible<_UElements ...>(), bool>::type <anonymous> > std::tuple<_Elements>::tuple(std::allocator_arg_t, const _Alloc&, std::tuple<_Args2 ...>&&) [with _Alloc = _Alloc; _UElements = {_UElements ...}; bool _Valid = _Valid; typename std::enable_if<std::tuple<_Elements>::_TCC<_Valid>::__is_explicitly_constructible<_UElements ...>(), bool>::type <anonymous> = <anonymous>; _Elements = {std::unique_ptr<gazebo::BoxCameraPluginPrivate, std::default_delete<gazebo::BoxCameraPluginPrivate> >}][m[K’
[35.661s]   888 |         [01;36m[Ktuple[m[K(allocator_arg_t __tag, const _Alloc& __a,
[35.661s]       |         [01;36m[K^~~~~[m[K
[35.662s] [01m[K/usr/include/c++/11/tuple:888:9:[m[K [01;36m[Knote: [m[K  template argument deduction/substitution failed:
[35.662s] In file included from [01m[K/usr/include/c++/11/pstl/glue_algorithm_defs.h:13[m[K,
[35.662s]                  from [01m[K/usr/include/c++/11/algorithm:74[m[K,
[35.662s]                  from [01m[K/usr/include/ignition/math6/gz/math/Helpers.hh:20[m[K,
[35.662s]                  from [01m[K/usr/include/ignition/math6/gz/math/Quaternion.hh:20[m[K,
[35.662s]                  from [01m[K/usr/include/ignition/math6/gz/math/Pose3.hh:20[m[K,
[35.662s]                  from [01m[K/usr/include/ignition/math6/ignition/math/Pose3.hh:18[m[K,
[35.662s]                  from [01m[K/usr/include/sdformat-9.7/sdf/Actor.hh:23[m[K,
[35.662s]                  from [01m[K/usr/include/sdformat-9.7/sdf/sdf.hh:2[m[K,
[35.662s]                  from [01m[K/usr/include/gazebo-11/gazebo/common/Plugin.hh:33[m[K,
[35.662s]                  from [01m[K/home/dev/gazebo-tutorials/gazebo-drone-ros/src/box_camera/include/boxCamera/boxCameraPlugin.hpp:4[m[K,
[35.663s]                  from [01m[K/home/dev/gazebo-tutorials/gazebo-drone-ros/src/box_camera/src/boxCameraPlugin.cpp:1[m[K:
[35.663s] [01m[K/usr/include/c++/11/functional:490:33:[m[K [01;36m[Knote: [m[K  candidate expects 3 arguments, 1 provided
[35.663s]   490 |         : _M_f(std::move(__f)), [01;36m[K_M_bound_args(std::forward<_Args>(__args)...)[m[K
[35.663s]       |                                 [01;36m[K^~~~~~~~~~~~~~~~~~~~~~~~~~~~~~~~~~~~~~~~~~~~~[m[K
[35.663s] In file included from [01m[K/usr/include/c++/11/bits/unique_ptr.h:37[m[K,
[35.663s]                  from [01m[K/usr/include/c++/11/memory:76[m[K,
[35.663s]                  from [01m[K/usr/include/sdformat-9.7/sdf/Actor.hh:20[m[K,
[35.663s]                  from [01m[K/usr/include/sdformat-9.7/sdf/sdf.hh:2[m[K,
[35.663s]                  from [01m[K/usr/include/gazebo-11/gazebo/common/Plugin.hh:33[m[K,
[35.663s]                  from [01m[K/home/dev/gazebo-tutorials/gazebo-drone-ros/src/box_camera/include/boxCamera/boxCameraPlugin.hpp:4[m[K,
[35.663s]                  from [01m[K/home/dev/gazebo-tutorials/gazebo-drone-ros/src/box_camera/src/boxCameraPlugin.cpp:1[m[K:
[35.663s] [01m[K/usr/include/c++/11/tuple:876:9:[m[K [01;36m[Knote: [m[Kcandidate: ‘[01m[Ktemplate<class _Alloc, class ... _UElements, bool _Valid, typename std::enable_if<std::tuple<std::unique_ptr<gazebo::BoxCameraPluginPrivate, std::default_delete<gazebo::BoxCameraPluginPrivate> > >::_TCC<_Valid>::__is_implicitly_constructible<_UElements ...>(), bool>::type <anonymous> > std::tuple<_Elements>::tuple(std::allocator_arg_t, const _Alloc&, std::tuple<_Args2 ...>&&) [with _Alloc = _Alloc; _UElements = {_UElements ...}; bool _Valid = _Valid; typename std::enable_if<std::tuple<_Elements>::_TCC<_Valid>::__is_implicitly_constructible<_UElements ...>(), bool>::type <anonymous> = <anonymous>; _Elements = {std::unique_ptr<gazebo::BoxCameraPluginPrivate, std::default_delete<gazebo::BoxCameraPluginPrivate> >}][m[K’
[35.664s]   876 |         [01;36m[Ktuple[m[K(allocator_arg_t __tag, const _Alloc& __a,
[35.664s]       |         [01;36m[K^~~~~[m[K
[35.665s] [01m[K/usr/include/c++/11/tuple:876:9:[m[K [01;36m[Knote: [m[K  template argument deduction/substitution failed:
[35.667s] In file included from [01m[K/usr/include/c++/11/pstl/glue_algorithm_defs.h:13[m[K,
[35.668s]                  from [01m[K/usr/include/c++/11/algorithm:74[m[K,
[35.668s]                  from [01m[K/usr/include/ignition/math6/gz/math/Helpers.hh:20[m[K,
[35.668s]                  from [01m[K/usr/include/ignition/math6/gz/math/Quaternion.hh:20[m[K,
[35.670s]                  from [01m[K/usr/include/ignition/math6/gz/math/Pose3.hh:20[m[K,
[35.672s]                  from [01m[K/usr/include/ignition/math6/ignition/math/Pose3.hh:18[m[K,
[35.672s]                  from [01m[K/usr/include/sdformat-9.7/sdf/Actor.hh:23[m[K,
[35.672s]                  from [01m[K/usr/include/sdformat-9.7/sdf/sdf.hh:2[m[K,
[35.673s]                  from [01m[K/usr/include/gazebo-11/gazebo/common/Plugin.hh:33[m[K,
[35.673s]                  from [01m[K/home/dev/gazebo-tutorials/gazebo-drone-ros/src/box_camera/include/boxCamera/boxCameraPlugin.hpp:4[m[K,
[35.673s]                  from [01m[K/home/dev/gazebo-tutorials/gazebo-drone-ros/src/box_camera/src/boxCameraPlugin.cpp:1[m[K:
[35.673s] [01m[K/usr/include/c++/11/functional:490:33:[m[K [01;36m[Knote: [m[K  candidate expects 3 arguments, 1 provided
[35.674s]   490 |         : _M_f(std::move(__f)), [01;36m[K_M_bound_args(std::forward<_Args>(__args)...)[m[K
[35.674s]       |                                 [01;36m[K^~~~~~~~~~~~~~~~~~~~~~~~~~~~~~~~~~~~~~~~~~~~~[m[K
[35.674s] In file included from [01m[K/usr/include/c++/11/bits/unique_ptr.h:37[m[K,
[35.675s]                  from [01m[K/usr/include/c++/11/memory:76[m[K,
[35.675s]                  from [01m[K/usr/include/sdformat-9.7/sdf/Actor.hh:20[m[K,
[35.675s]                  from [01m[K/usr/include/sdformat-9.7/sdf/sdf.hh:2[m[K,
[35.675s]                  from [01m[K/usr/include/gazebo-11/gazebo/common/Plugin.hh:33[m[K,
[35.675s]                  from [01m[K/home/dev/gazebo-tutorials/gazebo-drone-ros/src/box_camera/include/boxCamera/boxCameraPlugin.hpp:4[m[K,
[35.675s]                  from [01m[K/home/dev/gazebo-tutorials/gazebo-drone-ros/src/box_camera/src/boxCameraPlugin.cpp:1[m[K:
[35.675s] [01m[K/usr/include/c++/11/tuple:865:9:[m[K [01;36m[Knote: [m[Kcandidate: ‘[01m[Ktemplate<class _Alloc, class ... _UElements, bool _Valid, typename std::enable_if<std::tuple<std::unique_ptr<gazebo::BoxCameraPluginPrivate, std::default_delete<gazebo::BoxCameraPluginPrivate> > >::_TCC<_Valid>::__is_explicitly_constructible<const _UElements& ...>(), bool>::type <anonymous> > std::tuple<_Elements>::tuple(std::allocator_arg_t, const _Alloc&, const std::tuple<_Args2 ...>&) [with _Alloc = _Alloc; _UElements = {_UElements ...}; bool _Valid = _Valid; typename std::enable_if<std::tuple<_Elements>::_TCC<_Valid>::__is_explicitly_constructible<const _UElements& ...>(), bool>::type <anonymous> = <anonymous>; _Elements = {std::unique_ptr<gazebo::BoxCameraPluginPrivate, std::default_delete<gazebo::BoxCameraPluginPrivate> >}][m[K’
[35.676s]   865 |         [01;36m[Ktuple[m[K(allocator_arg_t __tag, const _Alloc& __a,
[35.676s]       |         [01;36m[K^~~~~[m[K
[35.676s] [01m[K/usr/include/c++/11/tuple:865:9:[m[K [01;36m[Knote: [m[K  template argument deduction/substitution failed:
[35.676s] In file included from [01m[K/usr/include/c++/11/pstl/glue_algorithm_defs.h:13[m[K,
[35.676s]                  from [01m[K/usr/include/c++/11/algorithm:74[m[K,
[35.676s]                  from [01m[K/usr/include/ignition/math6/gz/math/Helpers.hh:20[m[K,
[35.676s]                  from [01m[K/usr/include/ignition/math6/gz/math/Quaternion.hh:20[m[K,
[35.676s]                  from [01m[K/usr/include/ignition/math6/gz/math/Pose3.hh:20[m[K,
[35.676s]                  from [01m[K/usr/include/ignition/math6/ignition/math/Pose3.hh:18[m[K,
[35.676s]                  from [01m[K/usr/include/sdformat-9.7/sdf/Actor.hh:23[m[K,
[35.676s]                  from [01m[K/usr/include/sdformat-9.7/sdf/sdf.hh:2[m[K,
[35.677s]                  from [01m[K/usr/include/gazebo-11/gazebo/common/Plugin.hh:33[m[K,
[35.677s]                  from [01m[K/home/dev/gazebo-tutorials/gazebo-drone-ros/src/box_camera/include/boxCamera/boxCameraPlugin.hpp:4[m[K,
[35.677s]                  from [01m[K/home/dev/gazebo-tutorials/gazebo-drone-ros/src/box_camera/src/boxCameraPlugin.cpp:1[m[K:
[35.677s] [01m[K/usr/include/c++/11/functional:490:33:[m[K [01;36m[Knote: [m[K  candidate expects 3 arguments, 1 provided
[35.677s]   490 |         : _M_f(std::move(__f)), [01;36m[K_M_bound_args(std::forward<_Args>(__args)...)[m[K
[35.677s]       |                                 [01;36m[K^~~~~~~~~~~~~~~~~~~~~~~~~~~~~~~~~~~~~~~~~~~~~[m[K
[35.677s] In file included from [01m[K/usr/include/c++/11/bits/unique_ptr.h:37[m[K,
[35.677s]                  from [01m[K/usr/include/c++/11/memory:76[m[K,
[35.677s]                  from [01m[K/usr/include/sdformat-9.7/sdf/Actor.hh:20[m[K,
[35.677s]                  from [01m[K/usr/include/sdformat-9.7/sdf/sdf.hh:2[m[K,
[35.678s]                  from [01m[K/usr/include/gazebo-11/gazebo/common/Plugin.hh:33[m[K,
[35.678s]                  from [01m[K/home/dev/gazebo-tutorials/gazebo-drone-ros/src/box_camera/include/boxCamera/boxCameraPlugin.hpp:4[m[K,
[35.678s]                  from [01m[K/home/dev/gazebo-tutorials/gazebo-drone-ros/src/box_camera/src/boxCameraPlugin.cpp:1[m[K:
[35.678s] [01m[K/usr/include/c++/11/tuple:853:9:[m[K [01;36m[Knote: [m[Kcandidate: ‘[01m[Ktemplate<class _Alloc, class ... _UElements, bool _Valid, typename std::enable_if<std::tuple<std::unique_ptr<gazebo::BoxCameraPluginPrivate, std::default_delete<gazebo::BoxCameraPluginPrivate> > >::_TCC<_Valid>::__is_implicitly_constructible<const _UElements& ...>(), bool>::type <anonymous> > std::tuple<_Elements>::tuple(std::allocator_arg_t, const _Alloc&, const std::tuple<_Args2 ...>&) [with _Alloc = _Alloc; _UElements = {_UElements ...}; bool _Valid = _Valid; typename std::enable_if<std::tuple<_Elements>::_TCC<_Valid>::__is_implicitly_constructible<const _UElements& ...>(), bool>::type <anonymous> = <anonymous>; _Elements = {std::unique_ptr<gazebo::BoxCameraPluginPrivate, std::default_delete<gazebo::BoxCameraPluginPrivate> >}][m[K’
[35.678s]   853 |         [01;36m[Ktuple[m[K(allocator_arg_t __tag, const _Alloc& __a,
[35.678s]       |         [01;36m[K^~~~~[m[K
[35.678s] [01m[K/usr/include/c++/11/tuple:853:9:[m[K [01;36m[Knote: [m[K  template argument deduction/substitution failed:
[35.678s] In file included from [01m[K/usr/include/c++/11/pstl/glue_algorithm_defs.h:13[m[K,
[35.678s]                  from [01m[K/usr/include/c++/11/algorithm:74[m[K,
[35.678s]                  from [01m[K/usr/include/ignition/math6/gz/math/Helpers.hh:20[m[K,
[35.678s]                  from [01m[K/usr/include/ignition/math6/gz/math/Quaternion.hh:20[m[K,
[35.679s]                  from [01m[K/usr/include/ignition/math6/gz/math/Pose3.hh:20[m[K,
[35.679s]                  from [01m[K/usr/include/ignition/math6/ignition/math/Pose3.hh:18[m[K,
[35.679s]                  from [01m[K/usr/include/sdformat-9.7/sdf/Actor.hh:23[m[K,
[35.679s]                  from [01m[K/usr/include/sdformat-9.7/sdf/sdf.hh:2[m[K,
[35.679s]                  from [01m[K/usr/include/gazebo-11/gazebo/common/Plugin.hh:33[m[K,
[35.679s]                  from [01m[K/home/dev/gazebo-tutorials/gazebo-drone-ros/src/box_camera/include/boxCamera/boxCameraPlugin.hpp:4[m[K,
[35.679s]                  from [01m[K/home/dev/gazebo-tutorials/gazebo-drone-ros/src/box_camera/src/boxCameraPlugin.cpp:1[m[K:
[35.679s] [01m[K/usr/include/c++/11/functional:490:33:[m[K [01;36m[Knote: [m[K  candidate expects 3 arguments, 1 provided
[35.679s]   490 |         : _M_f(std::move(__f)), [01;36m[K_M_bound_args(std::forward<_Args>(__args)...)[m[K
[35.679s]       |                                 [01;36m[K^~~~~~~~~~~~~~~~~~~~~~~~~~~~~~~~~~~~~~~~~~~~~[m[K
[35.679s] In file included from [01m[K/usr/include/c++/11/bits/unique_ptr.h:37[m[K,
[35.681s]                  from [01m[K/usr/include/c++/11/memory:76[m[K,
[35.681s]                  from [01m[K/usr/include/sdformat-9.7/sdf/Actor.hh:20[m[K,
[35.683s]                  from [01m[K/usr/include/sdformat-9.7/sdf/sdf.hh:2[m[K,
[35.685s]                  from [01m[K/usr/include/gazebo-11/gazebo/common/Plugin.hh:33[m[K,
[35.685s]                  from [01m[K/home/dev/gazebo-tutorials/gazebo-drone-ros/src/box_camera/include/boxCamera/boxCameraPlugin.hpp:4[m[K,
[35.686s]                  from [01m[K/home/dev/gazebo-tutorials/gazebo-drone-ros/src/box_camera/src/boxCameraPlugin.cpp:1[m[K:
[35.689s] [01m[K/usr/include/c++/11/tuple:845:9:[m[K [01;36m[Knote: [m[Kcandidate: ‘[01m[Ktemplate<class _Alloc> std::tuple<_Elements>::tuple(std::allocator_arg_t, const _Alloc&, std::tuple<_Elements>&&) [with _Alloc = _Alloc; _Elements = {std::unique_ptr<gazebo::BoxCameraPluginPrivate, std::default_delete<gazebo::BoxCameraPluginPrivate> >}][m[K’
[35.689s]   845 |         [01;36m[Ktuple[m[K(allocator_arg_t __tag, const _Alloc& __a, tuple&& __in)
[35.690s]       |         [01;36m[K^~~~~[m[K
[35.691s] [01m[K/usr/include/c++/11/tuple:845:9:[m[K [01;36m[Knote: [m[K  template argument deduction/substitution failed:
[35.691s] In file included from [01m[K/usr/include/c++/11/pstl/glue_algorithm_defs.h:13[m[K,
[35.691s]                  from [01m[K/usr/include/c++/11/algorithm:74[m[K,
[35.692s]                  from [01m[K/usr/include/ignition/math6/gz/math/Helpers.hh:20[m[K,
[35.692s]                  from [01m[K/usr/include/ignition/math6/gz/math/Quaternion.hh:20[m[K,
[35.692s]                  from [01m[K/usr/include/ignition/math6/gz/math/Pose3.hh:20[m[K,
[35.695s]                  from [01m[K/usr/include/ignition/math6/ignition/math/Pose3.hh:18[m[K,
[35.696s]                  from [01m[K/usr/include/sdformat-9.7/sdf/Actor.hh:23[m[K,
[35.696s]                  from [01m[K/usr/include/sdformat-9.7/sdf/sdf.hh:2[m[K,
[35.696s]                  from [01m[K/usr/include/gazebo-11/gazebo/common/Plugin.hh:33[m[K,
[35.697s]                  from [01m[K/home/dev/gazebo-tutorials/gazebo-drone-ros/src/box_camera/include/boxCamera/boxCameraPlugin.hpp:4[m[K,
[35.697s]                  from [01m[K/home/dev/gazebo-tutorials/gazebo-drone-ros/src/box_camera/src/boxCameraPlugin.cpp:1[m[K:
[35.698s] [01m[K/usr/include/c++/11/functional:490:33:[m[K [01;36m[Knote: [m[K  candidate expects 3 arguments, 1 provided
[35.699s]   490 |         : _M_f(std::move(__f)), [01;36m[K_M_bound_args(std::forward<_Args>(__args)...)[m[K
[35.699s]       |                                 [01;36m[K^~~~~~~~~~~~~~~~~~~~~~~~~~~~~~~~~~~~~~~~~~~~~[m[K
[35.699s] In file included from [01m[K/usr/include/c++/11/bits/unique_ptr.h:37[m[K,
[35.699s]                  from [01m[K/usr/include/c++/11/memory:76[m[K,
[35.699s]                  from [01m[K/usr/include/sdformat-9.7/sdf/Actor.hh:20[m[K,
[35.699s]                  from [01m[K/usr/include/sdformat-9.7/sdf/sdf.hh:2[m[K,
[35.699s]                  from [01m[K/usr/include/gazebo-11/gazebo/common/Plugin.hh:33[m[K,
[35.699s]                  from [01m[K/home/dev/gazebo-tutorials/gazebo-drone-ros/src/box_camera/include/boxCamera/boxCameraPlugin.hpp:4[m[K,
[35.699s]                  from [01m[K/home/dev/gazebo-tutorials/gazebo-drone-ros/src/box_camera/src/boxCameraPlugin.cpp:1[m[K:
[35.700s] [01m[K/usr/include/c++/11/tuple:840:9:[m[K [01;36m[Knote: [m[Kcandidate: ‘[01m[Ktemplate<class _Alloc> std::tuple<_Elements>::tuple(std::allocator_arg_t, const _Alloc&, const std::tuple<_Elements>&) [with _Alloc = _Alloc; _Elements = {std::unique_ptr<gazebo::BoxCameraPluginPrivate, std::default_delete<gazebo::BoxCameraPluginPrivate> >}][m[K’
[35.700s]   840 |         [01;36m[Ktuple[m[K(allocator_arg_t __tag, const _Alloc& __a, const tuple& __in)
[35.700s]       |         [01;36m[K^~~~~[m[K
[35.700s] [01m[K/usr/include/c++/11/tuple:840:9:[m[K [01;36m[Knote: [m[K  template argument deduction/substitution failed:
[35.700s] In file included from [01m[K/usr/include/c++/11/pstl/glue_algorithm_defs.h:13[m[K,
[35.700s]                  from [01m[K/usr/include/c++/11/algorithm:74[m[K,
[35.700s]                  from [01m[K/usr/include/ignition/math6/gz/math/Helpers.hh:20[m[K,
[35.700s]                  from [01m[K/usr/include/ignition/math6/gz/math/Quaternion.hh:20[m[K,
[35.700s]                  from [01m[K/usr/include/ignition/math6/gz/math/Pose3.hh:20[m[K,
[35.701s]                  from [01m[K/usr/include/ignition/math6/ignition/math/Pose3.hh:18[m[K,
[35.701s]                  from [01m[K/usr/include/sdformat-9.7/sdf/Actor.hh:23[m[K,
[35.701s]                  from [01m[K/usr/include/sdformat-9.7/sdf/sdf.hh:2[m[K,
[35.701s]                  from [01m[K/usr/include/gazebo-11/gazebo/common/Plugin.hh:33[m[K,
[35.701s]                  from [01m[K/home/dev/gazebo-tutorials/gazebo-drone-ros/src/box_camera/include/boxCamera/boxCameraPlugin.hpp:4[m[K,
[35.702s]                  from [01m[K/home/dev/gazebo-tutorials/gazebo-drone-ros/src/box_camera/src/boxCameraPlugin.cpp:1[m[K:
[35.705s] [01m[K/usr/include/c++/11/functional:490:33:[m[K [01;36m[Knote: [m[K  candidate expects 3 arguments, 1 provided
[35.705s]   490 |         : _M_f(std::move(__f)), [01;36m[K_M_bound_args(std::forward<_Args>(__args)...)[m[K
[35.705s]       |                                 [01;36m[K^~~~~~~~~~~~~~~~~~~~~~~~~~~~~~~~~~~~~~~~~~~~~[m[K
[35.706s] In file included from [01m[K/usr/include/c++/11/bits/unique_ptr.h:37[m[K,
[35.710s]                  from [01m[K/usr/include/c++/11/memory:76[m[K,
[35.710s]                  from [01m[K/usr/include/sdformat-9.7/sdf/Actor.hh:20[m[K,
[35.710s]                  from [01m[K/usr/include/sdformat-9.7/sdf/sdf.hh:2[m[K,
[35.711s]                  from [01m[K/usr/include/gazebo-11/gazebo/common/Plugin.hh:33[m[K,
[35.711s]                  from [01m[K/home/dev/gazebo-tutorials/gazebo-drone-ros/src/box_camera/include/boxCamera/boxCameraPlugin.hpp:4[m[K,
[35.711s]                  from [01m[K/home/dev/gazebo-tutorials/gazebo-drone-ros/src/box_camera/src/boxCameraPlugin.cpp:1[m[K:
[35.711s] [01m[K/usr/include/c++/11/tuple:833:9:[m[K [01;36m[Knote: [m[Kcandidate: ‘[01m[Ktemplate<class _Alloc, class ... _UElements, bool _Valid, typename std::enable_if<std::tuple<std::unique_ptr<gazebo::BoxCameraPluginPrivate, std::default_delete<gazebo::BoxCameraPluginPrivate> > >::_TCC<_Valid>::__is_explicitly_constructible<_UElements ...>(), bool>::type <anonymous> > std::tuple<_Elements>::tuple(std::allocator_arg_t, const _Alloc&, _UElements&& ...) [with _Alloc = _Alloc; _UElements = {_UElements ...}; bool _Valid = _Valid; typename std::enable_if<std::tuple<_Elements>::_TCC<_Valid>::__is_explicitly_constructible<_UElements ...>(), bool>::type <anonymous> = <anonymous>; _Elements = {std::unique_ptr<gazebo::BoxCameraPluginPrivate, std::default_delete<gazebo::BoxCameraPluginPrivate> >}][m[K’
[35.711s]   833 |         [01;36m[Ktuple[m[K(allocator_arg_t __tag, const _Alloc& __a,
[35.712s]       |         [01;36m[K^~~~~[m[K
[35.712s] [01m[K/usr/include/c++/11/tuple:833:9:[m[K [01;36m[Knote: [m[K  template argument deduction/substitution failed:
[35.713s] In file included from [01m[K/usr/include/c++/11/pstl/glue_algorithm_defs.h:13[m[K,
[35.713s]                  from [01m[K/usr/include/c++/11/algorithm:74[m[K,
[35.713s]                  from [01m[K/usr/include/ignition/math6/gz/math/Helpers.hh:20[m[K,
[35.713s]                  from [01m[K/usr/include/ignition/math6/gz/math/Quaternion.hh:20[m[K,
[35.713s]                  from [01m[K/usr/include/ignition/math6/gz/math/Pose3.hh:20[m[K,
[35.713s]                  from [01m[K/usr/include/ignition/math6/ignition/math/Pose3.hh:18[m[K,
[35.713s]                  from [01m[K/usr/include/sdformat-9.7/sdf/Actor.hh:23[m[K,
[35.713s]                  from [01m[K/usr/include/sdformat-9.7/sdf/sdf.hh:2[m[K,
[35.714s]                  from [01m[K/usr/include/gazebo-11/gazebo/common/Plugin.hh:33[m[K,
[35.717s]                  from [01m[K/home/dev/gazebo-tutorials/gazebo-drone-ros/src/box_camera/include/boxCamera/boxCameraPlugin.hpp:4[m[K,
[35.717s]                  from [01m[K/home/dev/gazebo-tutorials/gazebo-drone-ros/src/box_camera/src/boxCameraPlugin.cpp:1[m[K:
[35.718s] [01m[K/usr/include/c++/11/functional:490:33:[m[K [01;36m[Knote: [m[K  candidate expects at least 2 arguments, 1 provided
[35.722s]   490 |         : _M_f(std::move(__f)), [01;36m[K_M_bound_args(std::forward<_Args>(__args)...)[m[K
[35.723s]       |                                 [01;36m[K^~~~~~~~~~~~~~~~~~~~~~~~~~~~~~~~~~~~~~~~~~~~~[m[K
[35.723s] In file included from [01m[K/usr/include/c++/11/bits/unique_ptr.h:37[m[K,
[35.723s]                  from [01m[K/usr/include/c++/11/memory:76[m[K,
[35.724s]                  from [01m[K/usr/include/sdformat-9.7/sdf/Actor.hh:20[m[K,
[35.724s]                  from [01m[K/usr/include/sdformat-9.7/sdf/sdf.hh:2[m[K,
[35.724s]                  from [01m[K/usr/include/gazebo-11/gazebo/common/Plugin.hh:33[m[K,
[35.724s]                  from [01m[K/home/dev/gazebo-tutorials/gazebo-drone-ros/src/box_camera/include/boxCamera/boxCameraPlugin.hpp:4[m[K,
[35.724s]                  from [01m[K/home/dev/gazebo-tutorials/gazebo-drone-ros/src/box_camera/src/boxCameraPlugin.cpp:1[m[K:
[35.725s] [01m[K/usr/include/c++/11/tuple:823:9:[m[K [01;36m[Knote: [m[Kcandidate: ‘[01m[Ktemplate<class _Alloc, class ... _UElements, bool _Valid, typename std::enable_if<std::tuple<std::unique_ptr<gazebo::BoxCameraPluginPrivate, std::default_delete<gazebo::BoxCameraPluginPrivate> > >::_TCC<_Valid>::__is_implicitly_constructible<_UElements ...>(), bool>::type <anonymous> > std::tuple<_Elements>::tuple(std::allocator_arg_t, const _Alloc&, _UElements&& ...) [with _Alloc = _Alloc; _UElements = {_UElements ...}; bool _Valid = _Valid; typename std::enable_if<std::tuple<_Elements>::_TCC<_Valid>::__is_implicitly_constructible<_UElements ...>(), bool>::type <anonymous> = <anonymous>; _Elements = {std::unique_ptr<gazebo::BoxCameraPluginPrivate, std::default_delete<gazebo::BoxCameraPluginPrivate> >}][m[K’
[35.725s]   823 |         [01;36m[Ktuple[m[K(allocator_arg_t __tag, const _Alloc& __a,
[35.725s]       |         [01;36m[K^~~~~[m[K
[35.725s] [01m[K/usr/include/c++/11/tuple:823:9:[m[K [01;36m[Knote: [m[K  template argument deduction/substitution failed:
[35.725s] In file included from [01m[K/usr/include/c++/11/pstl/glue_algorithm_defs.h:13[m[K,
[35.725s]                  from [01m[K/usr/include/c++/11/algorithm:74[m[K,
[35.726s]                  from [01m[K/usr/include/ignition/math6/gz/math/Helpers.hh:20[m[K,
[35.728s]                  from [01m[K/usr/include/ignition/math6/gz/math/Quaternion.hh:20[m[K,
[35.729s]                  from [01m[K/usr/include/ignition/math6/gz/math/Pose3.hh:20[m[K,
[35.729s]                  from [01m[K/usr/include/ignition/math6/ignition/math/Pose3.hh:18[m[K,
[35.730s]                  from [01m[K/usr/include/sdformat-9.7/sdf/Actor.hh:23[m[K,
[35.731s]                  from [01m[K/usr/include/sdformat-9.7/sdf/sdf.hh:2[m[K,
[35.732s]                  from [01m[K/usr/include/gazebo-11/gazebo/common/Plugin.hh:33[m[K,
[35.733s]                  from [01m[K/home/dev/gazebo-tutorials/gazebo-drone-ros/src/box_camera/include/boxCamera/boxCameraPlugin.hpp:4[m[K,
[35.735s]                  from [01m[K/home/dev/gazebo-tutorials/gazebo-drone-ros/src/box_camera/src/boxCameraPlugin.cpp:1[m[K:
[35.735s] [01m[K/usr/include/c++/11/functional:490:33:[m[K [01;36m[Knote: [m[K  candidate expects at least 2 arguments, 1 provided
[35.735s]   490 |         : _M_f(std::move(__f)), [01;36m[K_M_bound_args(std::forward<_Args>(__args)...)[m[K
[35.739s]       |                                 [01;36m[K^~~~~~~~~~~~~~~~~~~~~~~~~~~~~~~~~~~~~~~~~~~~~[m[K
[35.740s] In file included from [01m[K/usr/include/c++/11/bits/unique_ptr.h:37[m[K,
[35.740s]                  from [01m[K/usr/include/c++/11/memory:76[m[K,
[35.740s]                  from [01m[K/usr/include/sdformat-9.7/sdf/Actor.hh:20[m[K,
[35.741s]                  from [01m[K/usr/include/sdformat-9.7/sdf/sdf.hh:2[m[K,
[35.742s]                  from [01m[K/usr/include/gazebo-11/gazebo/common/Plugin.hh:33[m[K,
[35.742s]                  from [01m[K/home/dev/gazebo-tutorials/gazebo-drone-ros/src/box_camera/include/boxCamera/boxCameraPlugin.hpp:4[m[K,
[35.742s]                  from [01m[K/home/dev/gazebo-tutorials/gazebo-drone-ros/src/box_camera/src/boxCameraPlugin.cpp:1[m[K:
[35.742s] [01m[K/usr/include/c++/11/tuple:815:9:[m[K [01;36m[Knote: [m[Kcandidate: ‘[01m[Ktemplate<class _Alloc, bool _NotEmpty, typename std::enable_if<std::tuple<std::unique_ptr<gazebo::BoxCameraPluginPrivate, std::default_delete<gazebo::BoxCameraPluginPrivate> > >::_TCC<_Valid>::__is_explicitly_constructible<const unique_ptr<gazebo::BoxCameraPluginPrivate, std::default_delete<gazebo::BoxCameraPluginPrivate> >&>(), bool>::type <anonymous> > std::tuple<_Elements>::tuple(std::allocator_arg_t, const _Alloc&, const _Elements& ...) [with _Alloc = _Alloc; bool _NotEmpty = _NotEmpty; typename std::enable_if<std::tuple<_Elements>::_TCC<_Valid>::__is_explicitly_constructible<const _Elements& ...>(), bool>::type <anonymous> = <anonymous>; _Elements = {std::unique_ptr<gazebo::BoxCameraPluginPrivate, std::default_delete<gazebo::BoxCameraPluginPrivate> >}][m[K’
[35.743s]   815 |         [01;36m[Ktuple[m[K(allocator_arg_t __tag, const _Alloc& __a,
[35.743s]       |         [01;36m[K^~~~~[m[K
[35.743s] [01m[K/usr/include/c++/11/tuple:815:9:[m[K [01;36m[Knote: [m[K  template argument deduction/substitution failed:
[35.743s] In file included from [01m[K/usr/include/c++/11/pstl/glue_algorithm_defs.h:13[m[K,
[35.743s]                  from [01m[K/usr/include/c++/11/algorithm:74[m[K,
[35.743s]                  from [01m[K/usr/include/ignition/math6/gz/math/Helpers.hh:20[m[K,
[35.743s]                  from [01m[K/usr/include/ignition/math6/gz/math/Quaternion.hh:20[m[K,
[35.743s]                  from [01m[K/usr/include/ignition/math6/gz/math/Pose3.hh:20[m[K,
[35.743s]                  from [01m[K/usr/include/ignition/math6/ignition/math/Pose3.hh:18[m[K,
[35.744s]                  from [01m[K/usr/include/sdformat-9.7/sdf/Actor.hh:23[m[K,
[35.744s]                  from [01m[K/usr/include/sdformat-9.7/sdf/sdf.hh:2[m[K,
[35.744s]                  from [01m[K/usr/include/gazebo-11/gazebo/common/Plugin.hh:33[m[K,
[35.744s]                  from [01m[K/home/dev/gazebo-tutorials/gazebo-drone-ros/src/box_camera/include/boxCamera/boxCameraPlugin.hpp:4[m[K,
[35.744s]                  from [01m[K/home/dev/gazebo-tutorials/gazebo-drone-ros/src/box_camera/src/boxCameraPlugin.cpp:1[m[K:
[35.744s] [01m[K/usr/include/c++/11/functional:490:33:[m[K [01;36m[Knote: [m[K  candidate expects 3 arguments, 1 provided
[35.744s]   490 |         : _M_f(std::move(__f)), [01;36m[K_M_bound_args(std::forward<_Args>(__args)...)[m[K
[35.744s]       |                                 [01;36m[K^~~~~~~~~~~~~~~~~~~~~~~~~~~~~~~~~~~~~~~~~~~~~[m[K
[35.744s] In file included from [01m[K/usr/include/c++/11/bits/unique_ptr.h:37[m[K,
[35.745s]                  from [01m[K/usr/include/c++/11/memory:76[m[K,
[35.745s]                  from [01m[K/usr/include/sdformat-9.7/sdf/Actor.hh:20[m[K,
[35.745s]                  from [01m[K/usr/include/sdformat-9.7/sdf/sdf.hh:2[m[K,
[35.745s]                  from [01m[K/usr/include/gazebo-11/gazebo/common/Plugin.hh:33[m[K,
[35.745s]                  from [01m[K/home/dev/gazebo-tutorials/gazebo-drone-ros/src/box_camera/include/boxCamera/boxCameraPlugin.hpp:4[m[K,
[35.745s]                  from [01m[K/home/dev/gazebo-tutorials/gazebo-drone-ros/src/box_camera/src/boxCameraPlugin.cpp:1[m[K:
[35.745s] [01m[K/usr/include/c++/11/tuple:807:9:[m[K [01;36m[Knote: [m[Kcandidate: ‘[01m[Ktemplate<class _Alloc, bool _NotEmpty, typename std::enable_if<std::tuple<std::unique_ptr<gazebo::BoxCameraPluginPrivate, std::default_delete<gazebo::BoxCameraPluginPrivate> > >::_TCC<_Valid>::__is_implicitly_constructible<const unique_ptr<gazebo::BoxCameraPluginPrivate, std::default_delete<gazebo::BoxCameraPluginPrivate> >&>(), bool>::type <anonymous> > std::tuple<_Elements>::tuple(std::allocator_arg_t, const _Alloc&, const _Elements& ...) [with _Alloc = _Alloc; bool _NotEmpty = _NotEmpty; typename std::enable_if<std::tuple<_Elements>::_TCC<_Valid>::__is_implicitly_constructible<const _Elements& ...>(), bool>::type <anonymous> = <anonymous>; _Elements = {std::unique_ptr<gazebo::BoxCameraPluginPrivate, std::default_delete<gazebo::BoxCameraPluginPrivate> >}][m[K’
[35.745s]   807 |         [01;36m[Ktuple[m[K(allocator_arg_t __tag, const _Alloc& __a,
[35.746s]       |         [01;36m[K^~~~~[m[K
[35.746s] [01m[K/usr/include/c++/11/tuple:807:9:[m[K [01;36m[Knote: [m[K  template argument deduction/substitution failed:
[35.746s] In file included from [01m[K/usr/include/c++/11/pstl/glue_algorithm_defs.h:13[m[K,
[35.746s]                  from [01m[K/usr/include/c++/11/algorithm:74[m[K,
[35.746s]                  from [01m[K/usr/include/ignition/math6/gz/math/Helpers.hh:20[m[K,
[35.750s]                  from [01m[K/usr/include/ignition/math6/gz/math/Quaternion.hh:20[m[K,
[35.754s]                  from [01m[K/usr/include/ignition/math6/gz/math/Pose3.hh:20[m[K,
[35.754s]                  from [01m[K/usr/include/ignition/math6/ignition/math/Pose3.hh:18[m[K,
[35.754s]                  from [01m[K/usr/include/sdformat-9.7/sdf/Actor.hh:23[m[K,
[35.755s]                  from [01m[K/usr/include/sdformat-9.7/sdf/sdf.hh:2[m[K,
[35.755s]                  from [01m[K/usr/include/gazebo-11/gazebo/common/Plugin.hh:33[m[K,
[35.756s]                  from [01m[K/home/dev/gazebo-tutorials/gazebo-drone-ros/src/box_camera/include/boxCamera/boxCameraPlugin.hpp:4[m[K,
[35.756s]                  from [01m[K/home/dev/gazebo-tutorials/gazebo-drone-ros/src/box_camera/src/boxCameraPlugin.cpp:1[m[K:
[35.757s] [01m[K/usr/include/c++/11/functional:490:33:[m[K [01;36m[Knote: [m[K  candidate expects 3 arguments, 1 provided
[35.757s]   490 |         : _M_f(std::move(__f)), [01;36m[K_M_bound_args(std::forward<_Args>(__args)...)[m[K
[35.757s]       |                                 [01;36m[K^~~~~~~~~~~~~~~~~~~~~~~~~~~~~~~~~~~~~~~~~~~~~[m[K
[35.757s] In file included from [01m[K/usr/include/c++/11/bits/unique_ptr.h:37[m[K,
[35.757s]                  from [01m[K/usr/include/c++/11/memory:76[m[K,
[35.761s]                  from [01m[K/usr/include/sdformat-9.7/sdf/Actor.hh:20[m[K,
[35.761s]                  from [01m[K/usr/include/sdformat-9.7/sdf/sdf.hh:2[m[K,
[35.761s]                  from [01m[K/usr/include/gazebo-11/gazebo/common/Plugin.hh:33[m[K,
[35.762s]                  from [01m[K/home/dev/gazebo-tutorials/gazebo-drone-ros/src/box_camera/include/boxCamera/boxCameraPlugin.hpp:4[m[K,
[35.762s]                  from [01m[K/home/dev/gazebo-tutorials/gazebo-drone-ros/src/box_camera/src/boxCameraPlugin.cpp:1[m[K:
[35.762s] [01m[K/usr/include/c++/11/tuple:801:9:[m[K [01;36m[Knote: [m[Kcandidate: ‘[01m[Ktemplate<class _Alloc, typename std::enable_if<std::tuple<std::unique_ptr<gazebo::BoxCameraPluginPrivate, std::default_delete<gazebo::BoxCameraPluginPrivate> > >::_TCC<std::is_object<_Alloc>::value>::__is_implicitly_default_constructible(), bool>::type <anonymous> > std::tuple<_Elements>::tuple(std::allocator_arg_t, const _Alloc&) [with _Alloc = _Alloc; typename std::enable_if<std::tuple<_Elements>::_TCC<std::is_object<_Alloc>::value>::__is_implicitly_default_constructible(), bool>::type <anonymous> = <anonymous>; _Elements = {std::unique_ptr<gazebo::BoxCameraPluginPrivate, std::default_delete<gazebo::BoxCameraPluginPrivate> >}][m[K’
[35.762s]   801 |         [01;36m[Ktuple[m[K(allocator_arg_t __tag, const _Alloc& __a)
[35.762s]       |         [01;36m[K^~~~~[m[K
[35.766s] [01m[K/usr/include/c++/11/tuple:801:9:[m[K [01;36m[Knote: [m[K  template argument deduction/substitution failed:
[35.766s] In file included from [01m[K/usr/include/c++/11/pstl/glue_algorithm_defs.h:13[m[K,
[35.770s]                  from [01m[K/usr/include/c++/11/algorithm:74[m[K,
[35.771s]                  from [01m[K/usr/include/ignition/math6/gz/math/Helpers.hh:20[m[K,
[35.771s]                  from [01m[K/usr/include/ignition/math6/gz/math/Quaternion.hh:20[m[K,
[35.771s]                  from [01m[K/usr/include/ignition/math6/gz/math/Pose3.hh:20[m[K,
[35.771s]                  from [01m[K/usr/include/ignition/math6/ignition/math/Pose3.hh:18[m[K,
[35.772s]                  from [01m[K/usr/include/sdformat-9.7/sdf/Actor.hh:23[m[K,
[35.772s]                  from [01m[K/usr/include/sdformat-9.7/sdf/sdf.hh:2[m[K,
[35.772s]                  from [01m[K/usr/include/gazebo-11/gazebo/common/Plugin.hh:33[m[K,
[35.773s]                  from [01m[K/home/dev/gazebo-tutorials/gazebo-drone-ros/src/box_camera/include/boxCamera/boxCameraPlugin.hpp:4[m[K,
[35.773s]                  from [01m[K/home/dev/gazebo-tutorials/gazebo-drone-ros/src/box_camera/src/boxCameraPlugin.cpp:1[m[K:
[35.773s] [01m[K/usr/include/c++/11/functional:490:33:[m[K [01;36m[Knote: [m[K  candidate expects 2 arguments, 1 provided
[35.773s]   490 |         : _M_f(std::move(__f)), [01;36m[K_M_bound_args(std::forward<_Args>(__args)...)[m[K
[35.773s]       |                                 [01;36m[K^~~~~~~~~~~~~~~~~~~~~~~~~~~~~~~~~~~~~~~~~~~~~[m[K
[35.773s] In file included from [01m[K/usr/include/c++/11/bits/unique_ptr.h:37[m[K,
[35.773s]                  from [01m[K/usr/include/c++/11/memory:76[m[K,
[35.774s]                  from [01m[K/usr/include/sdformat-9.7/sdf/Actor.hh:20[m[K,
[35.774s]                  from [01m[K/usr/include/sdformat-9.7/sdf/sdf.hh:2[m[K,
[35.774s]                  from [01m[K/usr/include/gazebo-11/gazebo/common/Plugin.hh:33[m[K,
[35.774s]                  from [01m[K/home/dev/gazebo-tutorials/gazebo-drone-ros/src/box_camera/include/boxCamera/boxCameraPlugin.hpp:4[m[K,
[35.774s]                  from [01m[K/home/dev/gazebo-tutorials/gazebo-drone-ros/src/box_camera/src/boxCameraPlugin.cpp:1[m[K:
[35.774s] [01m[K/usr/include/c++/11/tuple:792:9:[m[K [01;36m[Knote: [m[Kcandidate: ‘[01m[Ktemplate<class ... _UElements, bool _Valid, typename std::enable_if<std::tuple<std::unique_ptr<gazebo::BoxCameraPluginPrivate, std::default_delete<gazebo::BoxCameraPluginPrivate> > >::_TCC<_Valid>::__is_explicitly_constructible<_UElements ...>(), bool>::type <anonymous> > constexpr std::tuple<_Elements>::tuple(std::tuple<_Args1 ...>&&) [with _UElements = {_UElements ...}; bool _Valid = _Valid; typename std::enable_if<std::tuple<_Elements>::_TCC<_Valid>::__is_explicitly_constructible<_UElements ...>(), bool>::type <anonymous> = <anonymous>; _Elements = {std::unique_ptr<gazebo::BoxCameraPluginPrivate, std::default_delete<gazebo::BoxCameraPluginPrivate> >}][m[K’
[35.774s]   792 |         [01;36m[Ktuple[m[K(tuple<_UElements...>&& __in)
[35.774s]       |         [01;36m[K^~~~~[m[K
[35.774s] [01m[K/usr/include/c++/11/tuple:792:9:[m[K [01;36m[Knote: [m[K  template argument deduction/substitution failed:
[35.775s] In file included from [01m[K/usr/include/c++/11/pstl/glue_algorithm_defs.h:13[m[K,
[35.775s]                  from [01m[K/usr/include/c++/11/algorithm:74[m[K,
[35.775s]                  from [01m[K/usr/include/ignition/math6/gz/math/Helpers.hh:20[m[K,
[35.775s]                  from [01m[K/usr/include/ignition/math6/gz/math/Quaternion.hh:20[m[K,
[35.775s]                  from [01m[K/usr/include/ignition/math6/gz/math/Pose3.hh:20[m[K,
[35.775s]                  from [01m[K/usr/include/ignition/math6/ignition/math/Pose3.hh:18[m[K,
[35.775s]                  from [01m[K/usr/include/sdformat-9.7/sdf/Actor.hh:23[m[K,
[35.776s]                  from [01m[K/usr/include/sdformat-9.7/sdf/sdf.hh:2[m[K,
[35.776s]                  from [01m[K/usr/include/gazebo-11/gazebo/common/Plugin.hh:33[m[K,
[35.776s]                  from [01m[K/home/dev/gazebo-tutorials/gazebo-drone-ros/src/box_camera/include/boxCamera/boxCameraPlugin.hpp:4[m[K,
[35.776s]                  from [01m[K/home/dev/gazebo-tutorials/gazebo-drone-ros/src/box_camera/src/boxCameraPlugin.cpp:1[m[K:
[35.776s] [01m[K/usr/include/c++/11/functional:490:33:[m[K [01;36m[Knote: [m[K  ‘[01m[Kstd::unique_ptr<gazebo::BoxCameraPluginPrivate>[m[K’ is not derived from ‘[01m[Kstd::tuple<_Tps ...>[m[K’
[35.776s]   490 |         : _M_f(std::move(__f)), [01;36m[K_M_bound_args(std::forward<_Args>(__args)...)[m[K
[35.776s]       |                                 [01;36m[K^~~~~~~~~~~~~~~~~~~~~~~~~~~~~~~~~~~~~~~~~~~~~[m[K
[35.776s] In file included from [01m[K/usr/include/c++/11/bits/unique_ptr.h:37[m[K,
[35.776s]                  from [01m[K/usr/include/c++/11/memory:76[m[K,
[35.777s]                  from [01m[K/usr/include/sdformat-9.7/sdf/Actor.hh:20[m[K,
[35.780s]                  from [01m[K/usr/include/sdformat-9.7/sdf/sdf.hh:2[m[K,
[35.786s]                  from [01m[K/usr/include/gazebo-11/gazebo/common/Plugin.hh:33[m[K,
[35.787s]                  from [01m[K/home/dev/gazebo-tutorials/gazebo-drone-ros/src/box_camera/include/boxCamera/boxCameraPlugin.hpp:4[m[K,
[35.787s]                  from [01m[K/home/dev/gazebo-tutorials/gazebo-drone-ros/src/box_camera/src/boxCameraPlugin.cpp:1[m[K:
[35.787s] [01m[K/usr/include/c++/11/tuple:783:9:[m[K [01;36m[Knote: [m[Kcandidate: ‘[01m[Ktemplate<class ... _UElements, bool _Valid, typename std::enable_if<std::tuple<std::unique_ptr<gazebo::BoxCameraPluginPrivate, std::default_delete<gazebo::BoxCameraPluginPrivate> > >::_TCC<_Valid>::__is_implicitly_constructible<_UElements ...>(), bool>::type <anonymous> > constexpr std::tuple<_Elements>::tuple(std::tuple<_Args1 ...>&&) [with _UElements = {_UElements ...}; bool _Valid = _Valid; typename std::enable_if<std::tuple<_Elements>::_TCC<_Valid>::__is_implicitly_constructible<_UElements ...>(), bool>::type <anonymous> = <anonymous>; _Elements = {std::unique_ptr<gazebo::BoxCameraPluginPrivate, std::default_delete<gazebo::BoxCameraPluginPrivate> >}][m[K’
[35.787s]   783 |         [01;36m[Ktuple[m[K(tuple<_UElements...>&& __in)
[35.791s]       |         [01;36m[K^~~~~[m[K
[35.791s] [01m[K/usr/include/c++/11/tuple:783:9:[m[K [01;36m[Knote: [m[K  template argument deduction/substitution failed:
[35.792s] In file included from [01m[K/usr/include/c++/11/pstl/glue_algorithm_defs.h:13[m[K,
[35.792s]                  from [01m[K/usr/include/c++/11/algorithm:74[m[K,
[35.792s]                  from [01m[K/usr/include/ignition/math6/gz/math/Helpers.hh:20[m[K,
[35.792s]                  from [01m[K/usr/include/ignition/math6/gz/math/Quaternion.hh:20[m[K,
[35.792s]                  from [01m[K/usr/include/ignition/math6/gz/math/Pose3.hh:20[m[K,
[35.792s]                  from [01m[K/usr/include/ignition/math6/ignition/math/Pose3.hh:18[m[K,
[35.793s]                  from [01m[K/usr/include/sdformat-9.7/sdf/Actor.hh:23[m[K,
[35.793s]                  from [01m[K/usr/include/sdformat-9.7/sdf/sdf.hh:2[m[K,
[35.793s]                  from [01m[K/usr/include/gazebo-11/gazebo/common/Plugin.hh:33[m[K,
[35.793s]                  from [01m[K/home/dev/gazebo-tutorials/gazebo-drone-ros/src/box_camera/include/boxCamera/boxCameraPlugin.hpp:4[m[K,
[35.793s]                  from [01m[K/home/dev/gazebo-tutorials/gazebo-drone-ros/src/box_camera/src/boxCameraPlugin.cpp:1[m[K:
[35.793s] [01m[K/usr/include/c++/11/functional:490:33:[m[K [01;36m[Knote: [m[K  ‘[01m[Kstd::unique_ptr<gazebo::BoxCameraPluginPrivate>[m[K’ is not derived from ‘[01m[Kstd::tuple<_Tps ...>[m[K’
[35.793s]   490 |         : _M_f(std::move(__f)), [01;36m[K_M_bound_args(std::forward<_Args>(__args)...)[m[K
[35.793s]       |                                 [01;36m[K^~~~~~~~~~~~~~~~~~~~~~~~~~~~~~~~~~~~~~~~~~~~~[m[K
[35.793s] In file included from [01m[K/usr/include/c++/11/bits/unique_ptr.h:37[m[K,
[35.794s]                  from [01m[K/usr/include/c++/11/memory:76[m[K,
[35.794s]                  from [01m[K/usr/include/sdformat-9.7/sdf/Actor.hh:20[m[K,
[35.794s]                  from [01m[K/usr/include/sdformat-9.7/sdf/sdf.hh:2[m[K,
[35.794s]                  from [01m[K/usr/include/gazebo-11/gazebo/common/Plugin.hh:33[m[K,
[35.794s]                  from [01m[K/home/dev/gazebo-tutorials/gazebo-drone-ros/src/box_camera/include/boxCamera/boxCameraPlugin.hpp:4[m[K,
[35.794s]                  from [01m[K/home/dev/gazebo-tutorials/gazebo-drone-ros/src/box_camera/src/boxCameraPlugin.cpp:1[m[K:
[35.794s] [01m[K/usr/include/c++/11/tuple:773:9:[m[K [01;36m[Knote: [m[Kcandidate: ‘[01m[Ktemplate<class ... _UElements, bool _Valid, typename std::enable_if<std::tuple<std::unique_ptr<gazebo::BoxCameraPluginPrivate, std::default_delete<gazebo::BoxCameraPluginPrivate> > >::_TCC<_Valid>::__is_explicitly_constructible<const _UElements& ...>(), bool>::type <anonymous> > constexpr std::tuple<_Elements>::tuple(const std::tuple<_Args1 ...>&) [with _UElements = {_UElements ...}; bool _Valid = _Valid; typename std::enable_if<std::tuple<_Elements>::_TCC<_Valid>::__is_explicitly_constructible<const _UElements& ...>(), bool>::type <anonymous> = <anonymous>; _Elements = {std::unique_ptr<gazebo::BoxCameraPluginPrivate, std::default_delete<gazebo::BoxCameraPluginPrivate> >}][m[K’
[35.794s]   773 |         [01;36m[Ktuple[m[K(const tuple<_UElements...>& __in)
[35.794s]       |         [01;36m[K^~~~~[m[K
[35.794s] [01m[K/usr/include/c++/11/tuple:773:9:[m[K [01;36m[Knote: [m[K  template argument deduction/substitution failed:
[35.794s] In file included from [01m[K/usr/include/c++/11/pstl/glue_algorithm_defs.h:13[m[K,
[35.795s]                  from [01m[K/usr/include/c++/11/algorithm:74[m[K,
[35.795s]                  from [01m[K/usr/include/ignition/math6/gz/math/Helpers.hh:20[m[K,
[35.795s]                  from [01m[K/usr/include/ignition/math6/gz/math/Quaternion.hh:20[m[K,
[35.795s]                  from [01m[K/usr/include/ignition/math6/gz/math/Pose3.hh:20[m[K,
[35.795s]                  from [01m[K/usr/include/ignition/math6/ignition/math/Pose3.hh:18[m[K,
[35.795s]                  from [01m[K/usr/include/sdformat-9.7/sdf/Actor.hh:23[m[K,
[35.795s]                  from [01m[K/usr/include/sdformat-9.7/sdf/sdf.hh:2[m[K,
[35.795s]                  from [01m[K/usr/include/gazebo-11/gazebo/common/Plugin.hh:33[m[K,
[35.795s]                  from [01m[K/home/dev/gazebo-tutorials/gazebo-drone-ros/src/box_camera/include/boxCamera/boxCameraPlugin.hpp:4[m[K,
[35.799s]                  from [01m[K/home/dev/gazebo-tutorials/gazebo-drone-ros/src/box_camera/src/boxCameraPlugin.cpp:1[m[K:
[35.804s] [01m[K/usr/include/c++/11/functional:490:33:[m[K [01;36m[Knote: [m[K  ‘[01m[Kstd::unique_ptr<gazebo::BoxCameraPluginPrivate>[m[K’ is not derived from ‘[01m[Kconst std::tuple<_Tps ...>[m[K’
[35.804s]   490 |         : _M_f(std::move(__f)), [01;36m[K_M_bound_args(std::forward<_Args>(__args)...)[m[K
[35.804s]       |                                 [01;36m[K^~~~~~~~~~~~~~~~~~~~~~~~~~~~~~~~~~~~~~~~~~~~~[m[K
[35.805s] In file included from [01m[K/usr/include/c++/11/bits/unique_ptr.h:37[m[K,
[35.805s]                  from [01m[K/usr/include/c++/11/memory:76[m[K,
[35.805s]                  from [01m[K/usr/include/sdformat-9.7/sdf/Actor.hh:20[m[K,
[35.806s]                  from [01m[K/usr/include/sdformat-9.7/sdf/sdf.hh:2[m[K,
[35.806s]                  from [01m[K/usr/include/gazebo-11/gazebo/common/Plugin.hh:33[m[K,
[35.806s]                  from [01m[K/home/dev/gazebo-tutorials/gazebo-drone-ros/src/box_camera/include/boxCamera/boxCameraPlugin.hpp:4[m[K,
[35.806s]                  from [01m[K/home/dev/gazebo-tutorials/gazebo-drone-ros/src/box_camera/src/boxCameraPlugin.cpp:1[m[K:
[35.806s] [01m[K/usr/include/c++/11/tuple:763:9:[m[K [01;36m[Knote: [m[Kcandidate: ‘[01m[Ktemplate<class ... _UElements, bool _Valid, typename std::enable_if<std::tuple<std::unique_ptr<gazebo::BoxCameraPluginPrivate, std::default_delete<gazebo::BoxCameraPluginPrivate> > >::_TCC<_Valid>::__is_implicitly_constructible<const _UElements& ...>(), bool>::type <anonymous> > constexpr std::tuple<_Elements>::tuple(const std::tuple<_Args1 ...>&) [with _UElements = {_UElements ...}; bool _Valid = _Valid; typename std::enable_if<std::tuple<_Elements>::_TCC<_Valid>::__is_implicitly_constructible<const _UElements& ...>(), bool>::type <anonymous> = <anonymous>; _Elements = {std::unique_ptr<gazebo::BoxCameraPluginPrivate, std::default_delete<gazebo::BoxCameraPluginPrivate> >}][m[K’
[35.807s]   763 |         [01;36m[Ktuple[m[K(const tuple<_UElements...>& __in)
[35.807s]       |         [01;36m[K^~~~~[m[K
[35.807s] [01m[K/usr/include/c++/11/tuple:763:9:[m[K [01;36m[Knote: [m[K  template argument deduction/substitution failed:
[35.807s] In file included from [01m[K/usr/include/c++/11/pstl/glue_algorithm_defs.h:13[m[K,
[35.807s]                  from [01m[K/usr/include/c++/11/algorithm:74[m[K,
[35.807s]                  from [01m[K/usr/include/ignition/math6/gz/math/Helpers.hh:20[m[K,
[35.807s]                  from [01m[K/usr/include/ignition/math6/gz/math/Quaternion.hh:20[m[K,
[35.808s]                  from [01m[K/usr/include/ignition/math6/gz/math/Pose3.hh:20[m[K,
[35.808s]                  from [01m[K/usr/include/ignition/math6/ignition/math/Pose3.hh:18[m[K,
[35.808s]                  from [01m[K/usr/include/sdformat-9.7/sdf/Actor.hh:23[m[K,
[35.808s]                  from [01m[K/usr/include/sdformat-9.7/sdf/sdf.hh:2[m[K,
[35.808s]                  from [01m[K/usr/include/gazebo-11/gazebo/common/Plugin.hh:33[m[K,
[35.808s]                  from [01m[K/home/dev/gazebo-tutorials/gazebo-drone-ros/src/box_camera/include/boxCamera/boxCameraPlugin.hpp:4[m[K,
[35.808s]                  from [01m[K/home/dev/gazebo-tutorials/gazebo-drone-ros/src/box_camera/src/boxCameraPlugin.cpp:1[m[K:
[35.812s] [01m[K/usr/include/c++/11/functional:490:33:[m[K [01;36m[Knote: [m[K  ‘[01m[Kstd::unique_ptr<gazebo::BoxCameraPluginPrivate>[m[K’ is not derived from ‘[01m[Kconst std::tuple<_Tps ...>[m[K’
[35.812s]   490 |         : _M_f(std::move(__f)), [01;36m[K_M_bound_args(std::forward<_Args>(__args)...)[m[K
[35.816s]       |                                 [01;36m[K^~~~~~~~~~~~~~~~~~~~~~~~~~~~~~~~~~~~~~~~~~~~~[m[K
[35.817s] In file included from [01m[K/usr/include/c++/11/bits/unique_ptr.h:37[m[K,
[35.817s]                  from [01m[K/usr/include/c++/11/memory:76[m[K,
[35.817s]                  from [01m[K/usr/include/sdformat-9.7/sdf/Actor.hh:20[m[K,
[35.818s]                  from [01m[K/usr/include/sdformat-9.7/sdf/sdf.hh:2[m[K,
[35.819s]                  from [01m[K/usr/include/gazebo-11/gazebo/common/Plugin.hh:33[m[K,
[35.819s]                  from [01m[K/home/dev/gazebo-tutorials/gazebo-drone-ros/src/box_camera/include/boxCamera/boxCameraPlugin.hpp:4[m[K,
[35.819s]                  from [01m[K/home/dev/gazebo-tutorials/gazebo-drone-ros/src/box_camera/src/boxCameraPlugin.cpp:1[m[K:
[35.819s] [01m[K/usr/include/c++/11/tuple:750:9:[m[K [01;36m[Knote: [m[Kcandidate: ‘[01m[Ktemplate<class ... _UElements, bool _Valid, typename std::enable_if<std::tuple<std::unique_ptr<gazebo::BoxCameraPluginPrivate, std::default_delete<gazebo::BoxCameraPluginPrivate> > >::_TCC<_Valid>::__is_explicitly_constructible<_UElements ...>(), bool>::type <anonymous> > constexpr std::tuple<_Elements>::tuple(_UElements&& ...) [with _UElements = {_UElements ...}; bool _Valid = _Valid; typename std::enable_if<std::tuple<_Elements>::_TCC<_Valid>::__is_explicitly_constructible<_UElements ...>(), bool>::type <anonymous> = <anonymous>; _Elements = {std::unique_ptr<gazebo::BoxCameraPluginPrivate, std::default_delete<gazebo::BoxCameraPluginPrivate> >}][m[K’
[35.820s]   750 |         [01;36m[Ktuple[m[K(_UElements&&... __elements)
[35.820s]       |         [01;36m[K^~~~~[m[K
[35.823s] [01m[K/usr/include/c++/11/tuple:750:9:[m[K [01;36m[Knote: [m[K  template argument deduction/substitution failed:
[35.824s] [01m[K/usr/include/c++/11/tuple:748:55:[m[K [01;31m[Kerror: [m[Kno type named ‘[01m[Ktype[m[K’ in ‘[01m[Kstruct std::enable_if<false, bool>[m[K’
[35.824s]   748 |                _ExplicitCtor<_Valid, _UElements...> = [01;31m[Kfalse[m[K>
[35.824s]       |                                                       [01;31m[K^~~~~[m[K
[35.824s] [01m[K/usr/include/c++/11/tuple:742:9:[m[K [01;36m[Knote: [m[Kcandidate: ‘[01m[Ktemplate<class ... _UElements, bool _Valid, typename std::enable_if<std::tuple<std::unique_ptr<gazebo::BoxCameraPluginPrivate, std::default_delete<gazebo::BoxCameraPluginPrivate> > >::_TCC<_Valid>::__is_implicitly_constructible<_UElements ...>(), bool>::type <anonymous> > constexpr std::tuple<_Elements>::tuple(_UElements&& ...) [with _UElements = {_UElements ...}; bool _Valid = _Valid; typename std::enable_if<std::tuple<_Elements>::_TCC<_Valid>::__is_implicitly_constructible<_UElements ...>(), bool>::type <anonymous> = <anonymous>; _Elements = {std::unique_ptr<gazebo::BoxCameraPluginPrivate, std::default_delete<gazebo::BoxCameraPluginPrivate> >}][m[K’
[35.825s]   742 |         [01;36m[Ktuple[m[K(_UElements&&... __elements)
[35.825s]       |         [01;36m[K^~~~~[m[K
[35.825s] [01m[K/usr/include/c++/11/tuple:742:9:[m[K [01;36m[Knote: [m[K  template argument deduction/substitution failed:
[35.825s] [01m[K/usr/include/c++/11/tuple:740:55:[m[K [01;31m[Kerror: [m[Kno type named ‘[01m[Ktype[m[K’ in ‘[01m[Kstruct std::enable_if<false, bool>[m[K’
[35.825s]   740 |                _ImplicitCtor<_Valid, _UElements...> = [01;31m[Ktrue[m[K>
[35.825s]       |                                                       [01;31m[K^~~~[m[K
[35.825s] [01m[K/usr/include/c++/11/tuple:734:9:[m[K [01;36m[Knote: [m[Kcandidate: ‘[01m[Ktemplate<bool _NotEmpty, typename std::enable_if<std::tuple<std::unique_ptr<gazebo::BoxCameraPluginPrivate, std::default_delete<gazebo::BoxCameraPluginPrivate> > >::_TCC<_Cond>::__is_explicitly_constructible<const unique_ptr<gazebo::BoxCameraPluginPrivate, std::default_delete<gazebo::BoxCameraPluginPrivate> >&>(), bool>::type <anonymous> > constexpr std::tuple<_Elements>::tuple(const _Elements& ...) [with bool _NotEmpty = _NotEmpty; typename std::enable_if<std::tuple<_Elements>::_TCC<_Dummy>::__is_explicitly_constructible<const _Elements& ...>(), bool>::type <anonymous> = <anonymous>; _Elements = {std::unique_ptr<gazebo::BoxCameraPluginPrivate, std::default_delete<gazebo::BoxCameraPluginPrivate> >}][m[K’
[35.825s]   734 |         [01;36m[Ktuple[m[K(const _Elements&... __elements)
[35.826s]       |         [01;36m[K^~~~~[m[K
[35.826s] [01m[K/usr/include/c++/11/tuple:734:9:[m[K [01;36m[Knote: [m[K  template argument deduction/substitution failed:
[35.826s] [01m[K/usr/include/c++/11/tuple:732:64:[m[K [01;31m[Kerror: [m[Kno type named ‘[01m[Ktype[m[K’ in ‘[01m[Kstruct std::enable_if<false, bool>[m[K’
[35.826s]   732 |                _ExplicitCtor<_NotEmpty, const _Elements&...> = [01;31m[Kfalse[m[K>
[35.826s]       |                                                                [01;31m[K^~~~~[m[K
[35.826s] [01m[K/usr/include/c++/11/tuple:727:9:[m[K [01;36m[Knote: [m[Kcandidate: ‘[01m[Ktemplate<bool _NotEmpty, typename std::enable_if<std::tuple<std::unique_ptr<gazebo::BoxCameraPluginPrivate, std::default_delete<gazebo::BoxCameraPluginPrivate> > >::_TCC<_Cond>::__is_implicitly_constructible<const unique_ptr<gazebo::BoxCameraPluginPrivate, std::default_delete<gazebo::BoxCameraPluginPrivate> >&>(), bool>::type <anonymous> > constexpr std::tuple<_Elements>::tuple(const _Elements& ...) [with bool _NotEmpty = _NotEmpty; typename std::enable_if<std::tuple<_Elements>::_TCC<_Dummy>::__is_implicitly_constructible<const _Elements& ...>(), bool>::type <anonymous> = <anonymous>; _Elements = {std::unique_ptr<gazebo::BoxCameraPluginPrivate, std::default_delete<gazebo::BoxCameraPluginPrivate> >}][m[K’
[35.826s]   727 |         [01;36m[Ktuple[m[K(const _Elements&... __elements)
[35.826s]       |         [01;36m[K^~~~~[m[K
[35.826s] [01m[K/usr/include/c++/11/tuple:727:9:[m[K [01;36m[Knote: [m[K  template argument deduction/substitution failed:
[35.826s] [01m[K/usr/include/c++/11/tuple:725:64:[m[K [01;31m[Kerror: [m[Kno type named ‘[01m[Ktype[m[K’ in ‘[01m[Kstruct std::enable_if<false, bool>[m[K’
[35.827s]   725 |                _ImplicitCtor<_NotEmpty, const _Elements&...> = [01;31m[Ktrue[m[K>
[35.827s]       |                                                                [01;31m[K^~~~[m[K
[35.827s] [01m[K/usr/include/c++/11/tuple:720:9:[m[K [01;36m[Knote: [m[Kcandidate: ‘[01m[Ktemplate<class _Dummy, typename std::enable_if<std::tuple<std::unique_ptr<gazebo::BoxCameraPluginPrivate, std::default_delete<gazebo::BoxCameraPluginPrivate> > >::_TCC<std::is_void<_Tp>::value>::__is_explicitly_default_constructible(), bool>::type <anonymous> > constexpr std::tuple<_Elements>::tuple() [with _Dummy = _Dummy; typename std::enable_if<std::tuple<_Elements>::_TCC<std::is_void<_Dummy>::value>::__is_explicitly_default_constructible(), bool>::type <anonymous> = <anonymous>; _Elements = {std::unique_ptr<gazebo::BoxCameraPluginPrivate, std::default_delete<gazebo::BoxCameraPluginPrivate> >}][m[K’
[35.827s]   720 |         [01;36m[Ktuple[m[K()
[35.830s]       |         [01;36m[K^~~~~[m[K
[35.831s] [01m[K/usr/include/c++/11/tuple:720:9:[m[K [01;36m[Knote: [m[K  template argument deduction/substitution failed:
[35.835s] In file included from [01m[K/usr/include/c++/11/pstl/glue_algorithm_defs.h:13[m[K,
[35.835s]                  from [01m[K/usr/include/c++/11/algorithm:74[m[K,
[35.836s]                  from [01m[K/usr/include/ignition/math6/gz/math/Helpers.hh:20[m[K,
[35.836s]                  from [01m[K/usr/include/ignition/math6/gz/math/Quaternion.hh:20[m[K,
[35.837s]                  from [01m[K/usr/include/ignition/math6/gz/math/Pose3.hh:20[m[K,
[35.838s]                  from [01m[K/usr/include/ignition/math6/ignition/math/Pose3.hh:18[m[K,
[35.838s]                  from [01m[K/usr/include/sdformat-9.7/sdf/Actor.hh:23[m[K,
[35.838s]                  from [01m[K/usr/include/sdformat-9.7/sdf/sdf.hh:2[m[K,
[35.838s]                  from [01m[K/usr/include/gazebo-11/gazebo/common/Plugin.hh:33[m[K,
[35.838s]                  from [01m[K/home/dev/gazebo-tutorials/gazebo-drone-ros/src/box_camera/include/boxCamera/boxCameraPlugin.hpp:4[m[K,
[35.838s]                  from [01m[K/home/dev/gazebo-tutorials/gazebo-drone-ros/src/box_camera/src/boxCameraPlugin.cpp:1[m[K:
[35.838s] [01m[K/usr/include/c++/11/functional:490:33:[m[K [01;36m[Knote: [m[K  candidate expects 0 arguments, 1 provided
[35.839s]   490 |         : _M_f(std::move(__f)), [01;36m[K_M_bound_args(std::forward<_Args>(__args)...)[m[K
[35.839s]       |                                 [01;36m[K^~~~~~~~~~~~~~~~~~~~~~~~~~~~~~~~~~~~~~~~~~~~~[m[K
[35.839s] In file included from [01m[K/usr/include/c++/11/bits/unique_ptr.h:37[m[K,
[35.839s]                  from [01m[K/usr/include/c++/11/memory:76[m[K,
[35.839s]                  from [01m[K/usr/include/sdformat-9.7/sdf/Actor.hh:20[m[K,
[35.839s]                  from [01m[K/usr/include/sdformat-9.7/sdf/sdf.hh:2[m[K,
[35.839s]                  from [01m[K/usr/include/gazebo-11/gazebo/common/Plugin.hh:33[m[K,
[35.839s]                  from [01m[K/home/dev/gazebo-tutorials/gazebo-drone-ros/src/box_camera/include/boxCamera/boxCameraPlugin.hpp:4[m[K,
[35.839s]                  from [01m[K/home/dev/gazebo-tutorials/gazebo-drone-ros/src/box_camera/src/boxCameraPlugin.cpp:1[m[K:
[35.840s] [01m[K/usr/include/c++/11/tuple:713:9:[m[K [01;36m[Knote: [m[Kcandidate: ‘[01m[Ktemplate<class _Dummy, typename std::enable_if<std::tuple<std::unique_ptr<gazebo::BoxCameraPluginPrivate, std::default_delete<gazebo::BoxCameraPluginPrivate> > >::_TCC<std::is_void<_Tp>::value>::__is_implicitly_default_constructible(), bool>::type <anonymous> > constexpr std::tuple<_Elements>::tuple() [with _Dummy = _Dummy; typename std::enable_if<std::tuple<_Elements>::_TCC<std::is_void<_Dummy>::value>::__is_implicitly_default_constructible(), bool>::type <anonymous> = <anonymous>; _Elements = {std::unique_ptr<gazebo::BoxCameraPluginPrivate, std::default_delete<gazebo::BoxCameraPluginPrivate> >}][m[K’
[35.840s]   713 |         [01;36m[Ktuple[m[K()
[35.840s]       |         [01;36m[K^~~~~[m[K
[35.840s] [01m[K/usr/include/c++/11/tuple:713:9:[m[K [01;36m[Knote: [m[K  template argument deduction/substitution failed:
[35.840s] In file included from [01m[K/usr/include/c++/11/pstl/glue_algorithm_defs.h:13[m[K,
[35.840s]                  from [01m[K/usr/include/c++/11/algorithm:74[m[K,
[35.840s]                  from [01m[K/usr/include/ignition/math6/gz/math/Helpers.hh:20[m[K,
[35.840s]                  from [01m[K/usr/include/ignition/math6/gz/math/Quaternion.hh:20[m[K,
[35.840s]                  from [01m[K/usr/include/ignition/math6/gz/math/Pose3.hh:20[m[K,
[35.840s]                  from [01m[K/usr/include/ignition/math6/ignition/math/Pose3.hh:18[m[K,
[35.840s]                  from [01m[K/usr/include/sdformat-9.7/sdf/Actor.hh:23[m[K,
[35.840s]                  from [01m[K/usr/include/sdformat-9.7/sdf/sdf.hh:2[m[K,
[35.841s]                  from [01m[K/usr/include/gazebo-11/gazebo/common/Plugin.hh:33[m[K,
[35.841s]                  from [01m[K/home/dev/gazebo-tutorials/gazebo-drone-ros/src/box_camera/include/boxCamera/boxCameraPlugin.hpp:4[m[K,
[35.841s]                  from [01m[K/home/dev/gazebo-tutorials/gazebo-drone-ros/src/box_camera/src/boxCameraPlugin.cpp:1[m[K:
[35.841s] [01m[K/usr/include/c++/11/functional:490:33:[m[K [01;36m[Knote: [m[K  candidate expects 0 arguments, 1 provided
[35.841s]   490 |         : _M_f(std::move(__f)), [01;36m[K_M_bound_args(std::forward<_Args>(__args)...)[m[K
[35.841s]       |                                 [01;36m[K^~~~~~~~~~~~~~~~~~~~~~~~~~~~~~~~~~~~~~~~~~~~~[m[K
[35.841s] In file included from [01m[K/usr/include/c++/11/bits/unique_ptr.h:37[m[K,
[35.841s]                  from [01m[K/usr/include/c++/11/memory:76[m[K,
[35.841s]                  from [01m[K/usr/include/sdformat-9.7/sdf/Actor.hh:20[m[K,
[35.842s]                  from [01m[K/usr/include/sdformat-9.7/sdf/sdf.hh:2[m[K,
[35.842s]                  from [01m[K/usr/include/gazebo-11/gazebo/common/Plugin.hh:33[m[K,
[35.842s]                  from [01m[K/home/dev/gazebo-tutorials/gazebo-drone-ros/src/box_camera/include/boxCamera/boxCameraPlugin.hpp:4[m[K,
[35.842s]                  from [01m[K/home/dev/gazebo-tutorials/gazebo-drone-ros/src/box_camera/src/boxCameraPlugin.cpp:1[m[K:
[35.842s] [01m[K/usr/include/c++/11/tuple:756:17:[m[K [01;36m[Knote: [m[Kcandidate: ‘[01m[Kconstexpr std::tuple<_Elements>::tuple(std::tuple<_Elements>&&) [with _Elements = {std::unique_ptr<gazebo::BoxCameraPluginPrivate, std::default_delete<gazebo::BoxCameraPluginPrivate> >}][m[K’
[35.842s]   756 |       constexpr [01;36m[Ktuple[m[K(tuple&&) = default;
[35.842s]       |                 [01;36m[K^~~~~[m[K
[35.842s] [01m[K/usr/include/c++/11/tuple:756:23:[m[K [01;36m[Knote: [m[K  no known conversion for argument 1 from ‘[01m[Kstd::unique_ptr<gazebo::BoxCameraPluginPrivate>[m[K’ to ‘[01m[Kstd::tuple<std::unique_ptr<gazebo::BoxCameraPluginPrivate, std::default_delete<gazebo::BoxCameraPluginPrivate> > >&&[m[K’
[35.842s]   756 |       constexpr tuple([01;36m[Ktuple&&[m[K) = default;
[35.842s]       |                       [01;36m[K^~~~~~~[m[K
[40.192s] gmake[2]: *** [CMakeFiles/box_camera_plugin.dir/build.make:76: CMakeFiles/box_camera_plugin.dir/src/boxCameraPlugin.cpp.o] Error 1
[40.194s] gmake[1]: *** [CMakeFiles/Makefile2:137: CMakeFiles/box_camera_plugin.dir/all] Error 2
[40.194s] gmake: *** [Makefile:146: all] Error 2
[40.203s] Invoked command in '/home/dev/gazebo-tutorials/gazebo-drone-ros/build/box_camera' returned '2': AMENT_PREFIX_PATH=/home/dev/gazebo-tutorials/gazebo-drone-ros/install/cam_interface:${AMENT_PREFIX_PATH} CMAKE_PREFIX_PATH=/home/dev/gazebo-tutorials/gazebo-drone-ros/install/cam_interface:/opt/ros/humble LD_LIBRARY_PATH=/home/dev/gazebo-tutorials/gazebo-drone-ros/install/cam_interface/lib:${LD_LIBRARY_PATH} PYTHONPATH=/home/dev/gazebo-tutorials/gazebo-drone-ros/install/cam_interface/local/lib/python3.10/dist-packages:${PYTHONPATH} /usr/bin/cmake --build /home/dev/gazebo-tutorials/gazebo-drone-ros/build/box_camera -- -j4 -l4
