[0.058s] Invoking command in '/home/dev/gazebo-tutorials/gazebo-drone-ros/build/box_camera': CMAKE_PREFIX_PATH=/opt/ros/humble /usr/bin/cmake /home/dev/gazebo-tutorials/gazebo-drone-ros/src/box_camera -DCMAKE_INSTALL_PREFIX=/home/dev/gazebo-tutorials/gazebo-drone-ros/install/box_camera
[0.104s] -- The C compiler identification is GNU 11.4.0
[0.155s] -- The CXX compiler identification is GNU 11.4.0
[0.161s] -- Detecting C compiler ABI info
[0.221s] -- Detecting C compiler ABI info - done
[0.228s] -- Check for working C compiler: /usr/bin/cc - skipped
[0.228s] -- Detecting C compile features
[0.229s] -- Detecting C compile features - done
[0.231s] -- Detecting CXX compiler ABI info
[0.303s] -- Detecting CXX compiler ABI info - done
[0.311s] -- Check for working CXX compiler: /usr/bin/c++ - skipped
[0.311s] -- Detecting CXX compile features
[0.312s] -- Detecting CXX compile features - done
[0.314s] -- Found ament_cmake: 1.3.7 (/opt/ros/humble/share/ament_cmake/cmake)
[0.475s] -- Found Python3: /usr/bin/python3.10 (found version "3.10.12") found components: Interpreter 
[0.553s] -- Found rclcpp: 16.0.8 (/opt/ros/humble/share/rclcpp/cmake)
[0.587s] -- Found rosidl_generator_c: 3.1.5 (/opt/ros/humble/share/rosidl_generator_c/cmake)
[0.591s] -- Found rosidl_adapter: 3.1.5 (/opt/ros/humble/share/rosidl_adapter/cmake)
[0.598s] -- Found rosidl_generator_cpp: 3.1.5 (/opt/ros/humble/share/rosidl_generator_cpp/cmake)
[0.612s] -- Using all available rosidl_typesupport_c: rosidl_typesupport_fastrtps_c;rosidl_typesupport_introspection_c
[0.629s] -- Using all available rosidl_typesupport_cpp: rosidl_typesupport_fastrtps_cpp;rosidl_typesupport_introspection_cpp
[0.688s] -- Found rmw_implementation_cmake: 6.1.1 (/opt/ros/humble/share/rmw_implementation_cmake/cmake)
[0.690s] -- Found rmw_fastrtps_cpp: 6.2.6 (/opt/ros/humble/share/rmw_fastrtps_cpp/cmake)
[0.778s] -- Found OpenSSL: /usr/lib/x86_64-linux-gnu/libcrypto.so (found version "3.0.2")  
[0.803s] -- Found FastRTPS: /opt/ros/humble/include  
[0.848s] -- Using RMW implementation 'rmw_fastrtps_cpp' as default
[0.856s] -- Looking for pthread.h
[0.922s] -- Looking for pthread.h - found
[0.922s] -- Performing Test CMAKE_HAVE_LIBC_PTHREAD
[0.991s] -- Performing Test CMAKE_HAVE_LIBC_PTHREAD - Success
[0.992s] -- Found Threads: TRUE  
[1.137s] -- Found rclpy: 3.3.11 (/opt/ros/humble/share/rclpy/cmake)
[1.143s] [33mCMake Warning (dev) at /usr/share/cmake-3.22/Modules/FindPackageHandleStandardArgs.cmake:438 (message):
[1.143s]   The package name passed to `find_package_handle_standard_args` (PkgConfig)
[1.143s]   does not match the name of the calling package (gazebo).  This can lead to
[1.143s]   problems in calling code that expects `find_package` result variables
[1.143s]   (e.g., `_FOUND`) to follow a certain pattern.
[1.143s] Call Stack (most recent call first):
[1.143s]   /usr/share/cmake-3.22/Modules/FindPkgConfig.cmake:99 (find_package_handle_standard_args)
[1.144s]   /usr/lib/x86_64-linux-gnu/cmake/gazebo/gazebo-config.cmake:72 (include)
[1.144s]   CMakeLists.txt:21 (find_package)
[1.144s] This warning is for project developers.  Use -Wno-dev to suppress it.
[1.144s] [0m
[1.144s] -- Found PkgConfig: /usr/bin/pkg-config (found version "0.29.2") 
[1.145s] -- Checking for module 'bullet>=2.82'
[1.156s] --   Found bullet, version 3.05
[1.251s] -- Found fcl: /usr/include (found suitable version "0.7.0", minimum required is "0.5.0") 
[1.295s] -- Found assimp: /usr/include (found version "5.2.0") 
[1.312s] -- Found DART: /usr/include (Required is at least version "6.6") found components: dart 
[1.336s] -- Found Boost: /usr/lib/x86_64-linux-gnu/cmake/Boost-1.74.0/BoostConfig.cmake (found suitable version "1.74.0", minimum required is "1.40.0") found components: thread system filesystem program_options regex iostreams date_time 
[1.348s] -- Found Protobuf: /usr/lib/x86_64-linux-gnu/libprotobuf.so (found version "3.12.4") 
[1.352s] -- Looking for ignition-math6 -- found version 6.15.1
[1.358s] -- Searching for dependencies of ignition-math6
[1.359s] -- Looking for OGRE...
[1.359s] -- OGRE_PREFIX_WATCH changed.
[1.364s] -- Checking for module 'OGRE'
[1.375s] --   Found OGRE, version 1.9.0
[1.404s] -- Found Ogre Ghadamon (1.9.0)
[1.413s] -- Found OGRE: optimized;/usr/lib/x86_64-linux-gnu/libOgreMain.so;debug;/usr/lib/x86_64-linux-gnu/libOgreMain.so
[1.423s] -- Looking for OGRE_Paging...
[1.428s] -- Found OGRE_Paging: optimized;/usr/lib/x86_64-linux-gnu/libOgrePaging.so;debug;/usr/lib/x86_64-linux-gnu/libOgrePaging.so
[1.428s] -- Looking for OGRE_Terrain...
[1.432s] -- Found OGRE_Terrain: optimized;/usr/lib/x86_64-linux-gnu/libOgreTerrain.so;debug;/usr/lib/x86_64-linux-gnu/libOgreTerrain.so
[1.432s] -- Looking for OGRE_Property...
[1.438s] -- Found OGRE_Property: optimized;/usr/lib/x86_64-linux-gnu/libOgreProperty.so;debug;/usr/lib/x86_64-linux-gnu/libOgreProperty.so
[1.438s] -- Looking for OGRE_RTShaderSystem...
[1.442s] -- Found OGRE_RTShaderSystem: optimized;/usr/lib/x86_64-linux-gnu/libOgreRTShaderSystem.so;debug;/usr/lib/x86_64-linux-gnu/libOgreRTShaderSystem.so
[1.442s] -- Looking for OGRE_Volume...
[1.447s] -- Found OGRE_Volume: optimized;/usr/lib/x86_64-linux-gnu/libOgreVolume.so;debug;/usr/lib/x86_64-linux-gnu/libOgreVolume.so
[1.447s] -- Looking for OGRE_Overlay...
[1.451s] -- Found OGRE_Overlay: optimized;/usr/lib/x86_64-linux-gnu/libOgreOverlay.so;debug;/usr/lib/x86_64-linux-gnu/libOgreOverlay.so
[1.551s] -- Looking for ignition-math6 -- found version 6.15.1
[1.552s] -- Looking for ignition-transport8 -- found version 8.2.1
[1.553s] -- Searching for dependencies of ignition-transport8
[1.568s] -- Found Protobuf: /usr/lib/x86_64-linux-gnu/libprotobuf.so (found suitable version "3.12.4", minimum required is "3") 
[1.578s] -- Config-file not installed for ZeroMQ -- checking for pkg-config
[1.582s] -- Checking for module 'libzmq >= 4'
[1.593s] --   Found libzmq , version 4.3.4
[1.629s] -- Found ZeroMQ: TRUE (Required is at least version "4") 
[1.635s] -- Checking for module 'uuid'
[1.646s] --   Found uuid, version 2.37.2
[1.675s] -- Found UUID: TRUE  
[1.677s] -- Looking for ignition-msgs5 -- found version 5.8.1
[1.677s] -- Searching for dependencies of ignition-msgs5
[1.694s] -- Looking for ignition-math6 -- found version 6.15.1
[1.699s] -- Checking for module 'tinyxml2'
[1.712s] --   Found tinyxml2, version 9.0.0
[1.744s] -- Looking for ignition-msgs5 -- found version 5.8.1
[1.746s] -- Looking for ignition-common3 -- found version 3.14.0
[1.747s] -- Searching for dependencies of ignition-common3
[1.747s] -- Looking for dlfcn.h - found
[1.748s] -- Looking for libdl - found
[1.749s] -- Found DL: TRUE  
[1.759s] -- Found tinyobjloader: /usr/lib/x86_64-linux-gnu/cmake/tinyobjloader/tinyobjloader-config.cmake (found version "2.0.0") 
[1.759s] -- Searching for <ignition-common3> component [graphics]
[1.761s] -- Looking for ignition-common3-graphics -- found version 3.14.0
[1.761s] -- Searching for dependencies of ignition-common3-graphics
[1.762s] -- Looking for ignition-math6 -- found version 6.15.1
[1.764s] -- Looking for ignition-fuel_tools4 -- found version 4.4.0
[1.765s] -- Searching for dependencies of ignition-fuel_tools4
[1.836s] -- Found CURL: /usr/lib/x86_64-linux-gnu/libcurl.so (found version "7.81.0")  
[1.844s] -- Checking for module 'jsoncpp'
[1.856s] --   Found jsoncpp, version 1.9.5
[1.885s] -- Found JSONCPP: TRUE  
[1.890s] -- Checking for module 'libzip'
[1.902s] --   Found libzip, version 1.7.3
[1.935s] -- Found ZIP: TRUE  
[1.935s] -- Looking for ignition-common3 -- found version 3.14.0
[1.935s] -- Looking for ignition-math6 -- found version 6.15.1
[1.936s] -- Looking for ignition-msgs5 -- found version 5.8.1
[1.940s] -- Found gazebo_ros: 3.7.0 (/opt/ros/humble/share/gazebo_ros/cmake)
[1.945s] -- Gazebo version: 11.10
[1.945s] -- Checking for module 'tbb'
[1.956s] --   Found tbb, version 2021.5.0
[1.990s] -- Found robot_state_publisher: 3.0.3 (/opt/ros/humble/share/robot_state_publisher/cmake)
[2.044s] -- Found eigen3_cmake_module: 0.1.1 (/opt/ros/humble/share/eigen3_cmake_module/cmake)
[2.045s] -- Found Eigen3: TRUE (found version "3.4.0") 
[2.045s] -- Ensuring Eigen3 include directory is part of orocos-kdl CMake target
[2.553s] -- Configuring done
[2.567s] -- Generating done
[2.570s] -- Build files have been written to: /home/dev/gazebo-tutorials/gazebo-drone-ros/build/box_camera
[2.582s] Invoked command in '/home/dev/gazebo-tutorials/gazebo-drone-ros/build/box_camera' returned '0': CMAKE_PREFIX_PATH=/opt/ros/humble /usr/bin/cmake /home/dev/gazebo-tutorials/gazebo-drone-ros/src/box_camera -DCMAKE_INSTALL_PREFIX=/home/dev/gazebo-tutorials/gazebo-drone-ros/install/box_camera
[2.584s] Invoking command in '/home/dev/gazebo-tutorials/gazebo-drone-ros/build/box_camera': CMAKE_PREFIX_PATH=/opt/ros/humble /usr/bin/cmake --build /home/dev/gazebo-tutorials/gazebo-drone-ros/build/box_camera -- -j4 -l4
[2.633s] [ 50%] [32mBuilding CXX object CMakeFiles/box_camera_plugin.dir/src/boxCameraPlugin.cpp.o[0m
[12.529s] [100%] [32m[1mLinking CXX shared library libbox_camera_plugin.so[0m
[12.778s] [100%] Built target box_camera_plugin
[12.787s] Invoked command in '/home/dev/gazebo-tutorials/gazebo-drone-ros/build/box_camera' returned '0': CMAKE_PREFIX_PATH=/opt/ros/humble /usr/bin/cmake --build /home/dev/gazebo-tutorials/gazebo-drone-ros/build/box_camera -- -j4 -l4
[12.817s] Invoking command in '/home/dev/gazebo-tutorials/gazebo-drone-ros/build/box_camera': CMAKE_PREFIX_PATH=/opt/ros/humble /usr/bin/cmake --install /home/dev/gazebo-tutorials/gazebo-drone-ros/build/box_camera
[12.824s] -- Install configuration: ""
[12.824s] -- Installing: /home/dev/gazebo-tutorials/gazebo-drone-ros/install/box_camera/share/box_camera//src
[12.824s] -- Installing: /home/dev/gazebo-tutorials/gazebo-drone-ros/install/box_camera/share/box_camera//src/boxCameraPlugin.cpp
[12.824s] -- Installing: /home/dev/gazebo-tutorials/gazebo-drone-ros/install/box_camera/share/box_camera/environment/library_path.sh
[12.825s] -- Installing: /home/dev/gazebo-tutorials/gazebo-drone-ros/install/box_camera/share/box_camera/environment/library_path.dsv
[12.825s] -- Installing: /home/dev/gazebo-tutorials/gazebo-drone-ros/install/box_camera/lib/libbox_camera_plugin.so
[12.826s] -- Set runtime path of "/home/dev/gazebo-tutorials/gazebo-drone-ros/install/box_camera/lib/libbox_camera_plugin.so" to ""
[12.826s] -- Installing: /home/dev/gazebo-tutorials/gazebo-drone-ros/install/box_camera/share/ament_index/resource_index/package_run_dependencies/box_camera
[12.826s] -- Installing: /home/dev/gazebo-tutorials/gazebo-drone-ros/install/box_camera/share/ament_index/resource_index/parent_prefix_path/box_camera
[12.827s] -- Installing: /home/dev/gazebo-tutorials/gazebo-drone-ros/install/box_camera/share/box_camera/environment/ament_prefix_path.sh
[12.827s] -- Installing: /home/dev/gazebo-tutorials/gazebo-drone-ros/install/box_camera/share/box_camera/environment/ament_prefix_path.dsv
[12.827s] -- Installing: /home/dev/gazebo-tutorials/gazebo-drone-ros/install/box_camera/share/box_camera/environment/path.sh
[12.827s] -- Installing: /home/dev/gazebo-tutorials/gazebo-drone-ros/install/box_camera/share/box_camera/environment/path.dsv
[12.827s] -- Installing: /home/dev/gazebo-tutorials/gazebo-drone-ros/install/box_camera/share/box_camera/local_setup.bash
[12.827s] -- Installing: /home/dev/gazebo-tutorials/gazebo-drone-ros/install/box_camera/share/box_camera/local_setup.sh
[12.827s] -- Installing: /home/dev/gazebo-tutorials/gazebo-drone-ros/install/box_camera/share/box_camera/local_setup.zsh
[12.828s] -- Installing: /home/dev/gazebo-tutorials/gazebo-drone-ros/install/box_camera/share/box_camera/local_setup.dsv
[12.828s] -- Installing: /home/dev/gazebo-tutorials/gazebo-drone-ros/install/box_camera/share/box_camera/package.dsv
[12.828s] -- Installing: /home/dev/gazebo-tutorials/gazebo-drone-ros/install/box_camera/share/ament_index/resource_index/packages/box_camera
[12.828s] -- Installing: /home/dev/gazebo-tutorials/gazebo-drone-ros/install/box_camera/share/box_camera/cmake/ament_cmake_export_libraries-extras.cmake
[12.828s] -- Installing: /home/dev/gazebo-tutorials/gazebo-drone-ros/install/box_camera/share/box_camera/cmake/box_cameraConfig.cmake
[12.829s] -- Installing: /home/dev/gazebo-tutorials/gazebo-drone-ros/install/box_camera/share/box_camera/cmake/box_cameraConfig-version.cmake
[12.829s] -- Installing: /home/dev/gazebo-tutorials/gazebo-drone-ros/install/box_camera/share/box_camera/package.xml
[12.829s] -- Installing: /home/dev/gazebo-tutorials/gazebo-drone-ros/install/box_camera/include
[12.829s] -- Installing: /home/dev/gazebo-tutorials/gazebo-drone-ros/install/box_camera/include/boxCamera
[12.829s] -- Installing: /home/dev/gazebo-tutorials/gazebo-drone-ros/install/box_camera/include/boxCamera/boxCameraPlugin.hpp
[12.831s] Invoked command in '/home/dev/gazebo-tutorials/gazebo-drone-ros/build/box_camera' returned '0': CMAKE_PREFIX_PATH=/opt/ros/humble /usr/bin/cmake --install /home/dev/gazebo-tutorials/gazebo-drone-ros/build/box_camera
