[0.060s] Invoking command in '/home/dev/gazebo-tutorials/gazebo-drone-ros/build/box_camera': AMENT_PREFIX_PATH=/home/dev/gazebo-tutorials/gazebo-drone-ros/install/cam_interface:${AMENT_PREFIX_PATH} CMAKE_PREFIX_PATH=/home/dev/gazebo-tutorials/gazebo-drone-ros/install/cam_interface:/opt/ros/humble LD_LIBRARY_PATH=/home/dev/gazebo-tutorials/gazebo-drone-ros/install/cam_interface/lib:${LD_LIBRARY_PATH} PYTHONPATH=/home/dev/gazebo-tutorials/gazebo-drone-ros/install/cam_interface/local/lib/python3.10/dist-packages:${PYTHONPATH} /usr/bin/cmake --build /home/dev/gazebo-tutorials/gazebo-drone-ros/build/box_camera -- -j4 -l4
[0.107s] [35m[1mConsolidate compiler generated dependencies of target box_camera_plugin[0m
[0.149s] [ 50%] [32mBuilding CXX object CMakeFiles/box_camera_plugin.dir/src/boxCameraPlugin.cpp.o[0m
[4.132s] In file included from [01m[K/home/dev/gazebo-tutorials/gazebo-drone-ros/src/box_camera/src/boxCameraPlugin.cpp:1[m[K:
[4.132s] [01m[K/home/dev/gazebo-tutorials/gazebo-drone-ros/src/box_camera/include/boxCamera/boxCameraPlugin.hpp:25:13:[m[K [01;31m[Kerror: [m[K‘[01m[Krclcpp[m[K’ does not name a type
[4.133s]    25 |             [01;31m[Krclcpp[m[K::Publisher<cam_interface::msg::Pixel>::SharedPtr cam_publisher;
[4.133s]       |             [01;31m[K^~~~~~[m[K
[9.858s] [01m[K/home/dev/gazebo-tutorials/gazebo-drone-ros/src/box_camera/src/boxCameraPlugin.cpp:[m[K In constructor ‘[01m[Kgazebo::BoxCameraPlugin::BoxCameraPlugin()[m[K’:
[9.858s] [01m[K/home/dev/gazebo-tutorials/gazebo-drone-ros/src/box_camera/src/boxCameraPlugin.cpp:37:53:[m[K [01;31m[Kerror: [m[Kexpected primary-expression before ‘[01m[K)[m[K’ token
[9.858s]    37 |         impl_->ros_node_ = gazebo_ros::Node::Get(sdf[01;31m[K)[m[K;
[9.858s]       |                                                     [01;31m[K^[m[K
[9.858s] [01m[K/home/dev/gazebo-tutorials/gazebo-drone-ros/src/box_camera/src/boxCameraPlugin.cpp:38:17:[m[K [01;31m[Kerror: [m[K‘[01m[Krclcpp::Publisher<cam_interface::msg::Pixel_<std::allocator<void> > >::SharedPtr gazebo::BoxCameraPluginPrivate::cam_publisher[m[K’ is private within this context
[9.858s]    38 |         impl_-> [01;31m[Kcam_publisher[m[K = impl_->ros_node_->create_publisher<cam_interface::msg::Pixel>("/sai_custom_plugin/data", 10);
[9.858s]       |                 [01;31m[K^~~~~~~~~~~~~[m[K
[9.858s] [01m[K/home/dev/gazebo-tutorials/gazebo-drone-ros/src/box_camera/src/boxCameraPlugin.cpp:29:69:[m[K [01;36m[Knote: [m[Kdeclared private here
[9.858s]    29 |             rclcpp::Publisher<cam_interface::msg::Pixel>::SharedPtr [01;36m[Kcam_publisher[m[K;
[9.858s]       |                                                                     [01;36m[K^~~~~~~~~~~~~[m[K
[11.987s] gmake[2]: *** [CMakeFiles/box_camera_plugin.dir/build.make:76: CMakeFiles/box_camera_plugin.dir/src/boxCameraPlugin.cpp.o] Error 1
[11.987s] gmake[1]: *** [CMakeFiles/Makefile2:137: CMakeFiles/box_camera_plugin.dir/all] Error 2
[11.987s] gmake: *** [Makefile:146: all] Error 2
[11.989s] Invoked command in '/home/dev/gazebo-tutorials/gazebo-drone-ros/build/box_camera' returned '2': AMENT_PREFIX_PATH=/home/dev/gazebo-tutorials/gazebo-drone-ros/install/cam_interface:${AMENT_PREFIX_PATH} CMAKE_PREFIX_PATH=/home/dev/gazebo-tutorials/gazebo-drone-ros/install/cam_interface:/opt/ros/humble LD_LIBRARY_PATH=/home/dev/gazebo-tutorials/gazebo-drone-ros/install/cam_interface/lib:${LD_LIBRARY_PATH} PYTHONPATH=/home/dev/gazebo-tutorials/gazebo-drone-ros/install/cam_interface/local/lib/python3.10/dist-packages:${PYTHONPATH} /usr/bin/cmake --build /home/dev/gazebo-tutorials/gazebo-drone-ros/build/box_camera -- -j4 -l4
