[0.694s] Invoking command in '/home/dev/gazebo-tutorials/gazebo-drone-ros/build/box_camera': CMAKE_PREFIX_PATH=/opt/ros/humble /usr/bin/cmake --build /home/dev/gazebo-tutorials/gazebo-drone-ros/build/box_camera -- -j4 -l4
[0.903s] -- Found ament_cmake: 1.3.7 (/opt/ros/humble/share/ament_cmake/cmake)
[2.206s] -- Found rclcpp: 16.0.8 (/opt/ros/humble/share/rclcpp/cmake)
[2.409s] -- Found rosidl_generator_c: 3.1.5 (/opt/ros/humble/share/rosidl_generator_c/cmake)
[2.415s] -- Found rosidl_adapter: 3.1.5 (/opt/ros/humble/share/rosidl_adapter/cmake)
[2.442s] -- Found rosidl_generator_cpp: 3.1.5 (/opt/ros/humble/share/rosidl_generator_cpp/cmake)
[2.572s] -- Using all available rosidl_typesupport_c: rosidl_typesupport_fastrtps_c;rosidl_typesupport_introspection_c
[2.707s] -- Using all available rosidl_typesupport_cpp: rosidl_typesupport_fastrtps_cpp;rosidl_typesupport_introspection_cpp
[3.120s] -- Found rmw_implementation_cmake: 6.1.1 (/opt/ros/humble/share/rmw_implementation_cmake/cmake)
[3.133s] -- Found rmw_fastrtps_cpp: 6.2.6 (/opt/ros/humble/share/rmw_fastrtps_cpp/cmake)
[3.904s] -- Using RMW implementation 'rmw_fastrtps_cpp' as default
[5.144s] -- Found rclpy: 3.3.11 (/opt/ros/humble/share/rclpy/cmake)
[5.163s] [33mCMake Warning (dev) at /usr/share/cmake-3.22/Modules/FindPackageHandleStandardArgs.cmake:438 (message):
[5.163s]   The package name passed to `find_package_handle_standard_args` (PkgConfig)
[5.165s]   does not match the name of the calling package (gazebo).  This can lead to
[5.165s]   problems in calling code that expects `find_package` result variables
[5.165s]   (e.g., `_FOUND`) to follow a certain pattern.
[5.165s] Call Stack (most recent call first):
[5.168s]   /usr/share/cmake-3.22/Modules/FindPkgConfig.cmake:99 (find_package_handle_standard_args)
[5.169s]   /usr/lib/x86_64-linux-gnu/cmake/gazebo/gazebo-config.cmake:72 (include)
[5.171s]   CMakeLists.txt:21 (find_package)
[5.182s] This warning is for project developers.  Use -Wno-dev to suppress it.
[5.187s] [0m
[5.318s] -- Found DART: /usr/include (Required is at least version "6.6") found components: dart 
[5.547s] -- Found Protobuf: /usr/lib/x86_64-linux-gnu/libprotobuf.so (found version "3.12.4") 
[5.554s] -- Looking for ignition-math6 -- found version 6.15.1
[5.591s] -- Searching for dependencies of ignition-math6
[5.599s] -- Looking for OGRE...
[5.633s] -- Found Ogre Ghadamon (1.9.0)
[5.635s] -- Found OGRE: optimized;/usr/lib/x86_64-linux-gnu/libOgreMain.so;debug;/usr/lib/x86_64-linux-gnu/libOgreMain.so
[5.702s] -- Looking for OGRE_Paging...
[5.703s] -- Found OGRE_Paging: optimized;/usr/lib/x86_64-linux-gnu/libOgrePaging.so;debug;/usr/lib/x86_64-linux-gnu/libOgrePaging.so
[5.707s] -- Looking for OGRE_Terrain...
[5.708s] -- Found OGRE_Terrain: optimized;/usr/lib/x86_64-linux-gnu/libOgreTerrain.so;debug;/usr/lib/x86_64-linux-gnu/libOgreTerrain.so
[5.708s] -- Looking for OGRE_Property...
[5.708s] -- Found OGRE_Property: optimized;/usr/lib/x86_64-linux-gnu/libOgreProperty.so;debug;/usr/lib/x86_64-linux-gnu/libOgreProperty.so
[5.708s] -- Looking for OGRE_RTShaderSystem...
[5.709s] -- Found OGRE_RTShaderSystem: optimized;/usr/lib/x86_64-linux-gnu/libOgreRTShaderSystem.so;debug;/usr/lib/x86_64-linux-gnu/libOgreRTShaderSystem.so
[5.709s] -- Looking for OGRE_Volume...
[5.709s] -- Found OGRE_Volume: optimized;/usr/lib/x86_64-linux-gnu/libOgreVolume.so;debug;/usr/lib/x86_64-linux-gnu/libOgreVolume.so
[5.709s] -- Looking for OGRE_Overlay...
[5.709s] -- Found OGRE_Overlay: optimized;/usr/lib/x86_64-linux-gnu/libOgreOverlay.so;debug;/usr/lib/x86_64-linux-gnu/libOgreOverlay.so
[6.622s] -- Looking for ignition-math6 -- found version 6.15.1
[6.623s] -- Looking for ignition-transport8 -- found version 8.2.1
[6.624s] -- Searching for dependencies of ignition-transport8
[6.740s] -- Found Protobuf: /usr/lib/x86_64-linux-gnu/libprotobuf.so (found suitable version "3.12.4", minimum required is "3") 
[6.820s] -- Config-file not installed for ZeroMQ -- checking for pkg-config
[6.880s] -- Checking for module 'libzmq >= 4'
[6.985s] --   Found libzmq , version 4.3.4
[7.224s] -- Checking for module 'uuid'
[7.362s] --   Found uuid, version 2.37.2
[7.655s] -- Looking for ignition-msgs5 -- found version 5.8.1
[7.657s] -- Searching for dependencies of ignition-msgs5
[7.773s] -- Looking for ignition-math6 -- found version 6.15.1
[7.824s] -- Checking for module 'tinyxml2'
[7.916s] --   Found tinyxml2, version 9.0.0
[8.174s] -- Looking for ignition-msgs5 -- found version 5.8.1
[8.178s] -- Looking for ignition-common3 -- found version 3.14.0
[8.183s] -- Searching for dependencies of ignition-common3
[8.187s] -- Looking for dlfcn.h - found
[8.190s] -- Looking for libdl - found
[8.268s] -- Searching for <ignition-common3> component [graphics]
[8.273s] -- Looking for ignition-common3-graphics -- found version 3.14.0
[8.277s] -- Searching for dependencies of ignition-common3-graphics
[8.277s] -- Looking for ignition-math6 -- found version 6.15.1
[8.279s] -- Looking for ignition-fuel_tools4 -- found version 4.4.0
[8.279s] -- Searching for dependencies of ignition-fuel_tools4
[8.523s] -- Checking for module 'jsoncpp'
[8.612s] --   Found jsoncpp, version 1.9.5
[8.869s] -- Checking for module 'libzip'
[8.966s] --   Found libzip, version 1.7.3
[9.210s] -- Looking for ignition-common3 -- found version 3.14.0
[9.215s] -- Looking for ignition-math6 -- found version 6.15.1
[9.216s] -- Looking for ignition-msgs5 -- found version 5.8.1
[9.233s] -- Found gazebo_ros: 3.7.0 (/opt/ros/humble/share/gazebo_ros/cmake)
[9.265s] -- Gazebo version: 11.10
[9.306s] -- Found robot_state_publisher: 3.0.3 (/opt/ros/humble/share/robot_state_publisher/cmake)
[9.690s] -- Found eigen3_cmake_module: 0.1.1 (/opt/ros/humble/share/eigen3_cmake_module/cmake)
[9.698s] -- Ensuring Eigen3 include directory is part of orocos-kdl CMake target
[13.089s] -- Found xacro: 2.0.8 (/opt/ros/humble/share/xacro/cmake)
[13.756s] -- Configuring done
[13.949s] -- Generating done
[13.958s] -- Build files have been written to: /home/dev/gazebo-tutorials/gazebo-drone-ros/build/box_camera
[14.206s] [35m[1mConsolidate compiler generated dependencies of target box_camera_plugin[0m
[14.700s] [100%] Built target box_camera_plugin
[14.775s] Invoked command in '/home/dev/gazebo-tutorials/gazebo-drone-ros/build/box_camera' returned '0': CMAKE_PREFIX_PATH=/opt/ros/humble /usr/bin/cmake --build /home/dev/gazebo-tutorials/gazebo-drone-ros/build/box_camera -- -j4 -l4
[15.079s] Invoking command in '/home/dev/gazebo-tutorials/gazebo-drone-ros/build/box_camera': CMAKE_PREFIX_PATH=/opt/ros/humble /usr/bin/cmake --install /home/dev/gazebo-tutorials/gazebo-drone-ros/build/box_camera
[15.105s] -- Install configuration: ""
[15.113s] -- Up-to-date: /home/dev/gazebo-tutorials/gazebo-drone-ros/install/box_camera/share/box_camera//src
[15.118s] -- Up-to-date: /home/dev/gazebo-tutorials/gazebo-drone-ros/install/box_camera/share/box_camera//src/boxCameraPlugin.cpp
[15.118s] -- Up-to-date: /home/dev/gazebo-tutorials/gazebo-drone-ros/install/box_camera/share/box_camera/environment/library_path.sh
[15.120s] -- Installing: /home/dev/gazebo-tutorials/gazebo-drone-ros/install/box_camera/share/box_camera/environment/library_path.dsv
[15.135s] -- Up-to-date: /home/dev/gazebo-tutorials/gazebo-drone-ros/install/box_camera/lib/libbox_camera_plugin.so
[15.142s] -- Up-to-date: /home/dev/gazebo-tutorials/gazebo-drone-ros/install/box_camera/share/ament_index/resource_index/package_run_dependencies/box_camera
[15.143s] -- Up-to-date: /home/dev/gazebo-tutorials/gazebo-drone-ros/install/box_camera/share/ament_index/resource_index/parent_prefix_path/box_camera
[15.143s] -- Up-to-date: /home/dev/gazebo-tutorials/gazebo-drone-ros/install/box_camera/share/box_camera/environment/ament_prefix_path.sh
[15.143s] -- Installing: /home/dev/gazebo-tutorials/gazebo-drone-ros/install/box_camera/share/box_camera/environment/ament_prefix_path.dsv
[15.143s] -- Up-to-date: /home/dev/gazebo-tutorials/gazebo-drone-ros/install/box_camera/share/box_camera/environment/path.sh
[15.143s] -- Installing: /home/dev/gazebo-tutorials/gazebo-drone-ros/install/box_camera/share/box_camera/environment/path.dsv
[15.143s] -- Up-to-date: /home/dev/gazebo-tutorials/gazebo-drone-ros/install/box_camera/share/box_camera/local_setup.bash
[15.143s] -- Up-to-date: /home/dev/gazebo-tutorials/gazebo-drone-ros/install/box_camera/share/box_camera/local_setup.sh
[15.143s] -- Up-to-date: /home/dev/gazebo-tutorials/gazebo-drone-ros/install/box_camera/share/box_camera/local_setup.zsh
[15.143s] -- Installing: /home/dev/gazebo-tutorials/gazebo-drone-ros/install/box_camera/share/box_camera/local_setup.dsv
[15.143s] -- Installing: /home/dev/gazebo-tutorials/gazebo-drone-ros/install/box_camera/share/box_camera/package.dsv
[15.144s] -- Up-to-date: /home/dev/gazebo-tutorials/gazebo-drone-ros/install/box_camera/share/ament_index/resource_index/packages/box_camera
[15.144s] -- Up-to-date: /home/dev/gazebo-tutorials/gazebo-drone-ros/install/box_camera/share/box_camera/cmake/ament_cmake_export_libraries-extras.cmake
[15.144s] -- Up-to-date: /home/dev/gazebo-tutorials/gazebo-drone-ros/install/box_camera/share/box_camera/cmake/box_cameraConfig.cmake
[15.144s] -- Up-to-date: /home/dev/gazebo-tutorials/gazebo-drone-ros/install/box_camera/share/box_camera/cmake/box_cameraConfig-version.cmake
[15.144s] -- Up-to-date: /home/dev/gazebo-tutorials/gazebo-drone-ros/install/box_camera/share/box_camera/package.xml
[15.144s] -- Up-to-date: /home/dev/gazebo-tutorials/gazebo-drone-ros/install/box_camera/include
[15.144s] -- Up-to-date: /home/dev/gazebo-tutorials/gazebo-drone-ros/install/box_camera/include/boxCamera
[15.144s] -- Up-to-date: /home/dev/gazebo-tutorials/gazebo-drone-ros/install/box_camera/include/boxCamera/boxCameraPlugin.hpp
[15.158s] Invoked command in '/home/dev/gazebo-tutorials/gazebo-drone-ros/build/box_camera' returned '0': CMAKE_PREFIX_PATH=/opt/ros/humble /usr/bin/cmake --install /home/dev/gazebo-tutorials/gazebo-drone-ros/build/box_camera
