[0.062s] Invoking command in '/home/dev/gazebo-tutorials/gazebo-drone-ros/build/box_camera': AMENT_PREFIX_PATH=/home/dev/gazebo-tutorials/gazebo-drone-ros/install/cam_interface:${AMENT_PREFIX_PATH} CMAKE_PREFIX_PATH=/home/dev/gazebo-tutorials/gazebo-drone-ros/install/cam_interface:/opt/ros/humble LD_LIBRARY_PATH=/home/dev/gazebo-tutorials/gazebo-drone-ros/install/cam_interface/lib:${LD_LIBRARY_PATH} PYTHONPATH=/home/dev/gazebo-tutorials/gazebo-drone-ros/install/cam_interface/local/lib/python3.10/dist-packages:${PYTHONPATH} /usr/bin/cmake --build /home/dev/gazebo-tutorials/gazebo-drone-ros/build/box_camera -- -j4 -l4
[0.111s] [35m[1mConsolidate compiler generated dependencies of target box_camera_plugin[0m
[0.152s] [ 50%] [32mBuilding CXX object CMakeFiles/box_camera_plugin.dir/src/boxCameraPlugin.cpp.o[0m
[14.507s] [100%] [32m[1mLinking CXX shared library libbox_camera_plugin.so[0m
[14.903s] [100%] Built target box_camera_plugin
[14.912s] Invoked command in '/home/dev/gazebo-tutorials/gazebo-drone-ros/build/box_camera' returned '0': AMENT_PREFIX_PATH=/home/dev/gazebo-tutorials/gazebo-drone-ros/install/cam_interface:${AMENT_PREFIX_PATH} CMAKE_PREFIX_PATH=/home/dev/gazebo-tutorials/gazebo-drone-ros/install/cam_interface:/opt/ros/humble LD_LIBRARY_PATH=/home/dev/gazebo-tutorials/gazebo-drone-ros/install/cam_interface/lib:${LD_LIBRARY_PATH} PYTHONPATH=/home/dev/gazebo-tutorials/gazebo-drone-ros/install/cam_interface/local/lib/python3.10/dist-packages:${PYTHONPATH} /usr/bin/cmake --build /home/dev/gazebo-tutorials/gazebo-drone-ros/build/box_camera -- -j4 -l4
[14.942s] Invoking command in '/home/dev/gazebo-tutorials/gazebo-drone-ros/build/box_camera': AMENT_PREFIX_PATH=/home/dev/gazebo-tutorials/gazebo-drone-ros/install/cam_interface:${AMENT_PREFIX_PATH} CMAKE_PREFIX_PATH=/home/dev/gazebo-tutorials/gazebo-drone-ros/install/cam_interface:/opt/ros/humble LD_LIBRARY_PATH=/home/dev/gazebo-tutorials/gazebo-drone-ros/install/cam_interface/lib:${LD_LIBRARY_PATH} PYTHONPATH=/home/dev/gazebo-tutorials/gazebo-drone-ros/install/cam_interface/local/lib/python3.10/dist-packages:${PYTHONPATH} /usr/bin/cmake --install /home/dev/gazebo-tutorials/gazebo-drone-ros/build/box_camera
[14.949s] -- Install configuration: ""
[14.950s] -- Up-to-date: /home/dev/gazebo-tutorials/gazebo-drone-ros/install/box_camera/share/box_camera//src
[14.950s] -- Installing: /home/dev/gazebo-tutorials/gazebo-drone-ros/install/box_camera/share/box_camera//src/boxCameraPlugin.cpp
[14.950s] -- Up-to-date: /home/dev/gazebo-tutorials/gazebo-drone-ros/install/box_camera/share/box_camera/environment/library_path.sh
[14.950s] -- Up-to-date: /home/dev/gazebo-tutorials/gazebo-drone-ros/install/box_camera/share/box_camera/environment/library_path.dsv
[14.951s] -- Installing: /home/dev/gazebo-tutorials/gazebo-drone-ros/install/box_camera/lib/libbox_camera_plugin.so
[14.954s] -- Set runtime path of "/home/dev/gazebo-tutorials/gazebo-drone-ros/install/box_camera/lib/libbox_camera_plugin.so" to ""
[14.955s] -- Up-to-date: /home/dev/gazebo-tutorials/gazebo-drone-ros/install/box_camera/share/ament_index/resource_index/package_run_dependencies/box_camera
[14.955s] -- Up-to-date: /home/dev/gazebo-tutorials/gazebo-drone-ros/install/box_camera/share/ament_index/resource_index/parent_prefix_path/box_camera
[14.955s] -- Up-to-date: /home/dev/gazebo-tutorials/gazebo-drone-ros/install/box_camera/share/box_camera/environment/ament_prefix_path.sh
[14.955s] -- Up-to-date: /home/dev/gazebo-tutorials/gazebo-drone-ros/install/box_camera/share/box_camera/environment/ament_prefix_path.dsv
[14.955s] -- Up-to-date: /home/dev/gazebo-tutorials/gazebo-drone-ros/install/box_camera/share/box_camera/environment/path.sh
[14.955s] -- Up-to-date: /home/dev/gazebo-tutorials/gazebo-drone-ros/install/box_camera/share/box_camera/environment/path.dsv
[14.955s] -- Up-to-date: /home/dev/gazebo-tutorials/gazebo-drone-ros/install/box_camera/share/box_camera/local_setup.bash
[14.955s] -- Up-to-date: /home/dev/gazebo-tutorials/gazebo-drone-ros/install/box_camera/share/box_camera/local_setup.sh
[14.955s] -- Up-to-date: /home/dev/gazebo-tutorials/gazebo-drone-ros/install/box_camera/share/box_camera/local_setup.zsh
[14.955s] -- Up-to-date: /home/dev/gazebo-tutorials/gazebo-drone-ros/install/box_camera/share/box_camera/local_setup.dsv
[14.955s] -- Installing: /home/dev/gazebo-tutorials/gazebo-drone-ros/install/box_camera/share/box_camera/package.dsv
[14.956s] -- Up-to-date: /home/dev/gazebo-tutorials/gazebo-drone-ros/install/box_camera/share/ament_index/resource_index/packages/box_camera
[14.956s] -- Up-to-date: /home/dev/gazebo-tutorials/gazebo-drone-ros/install/box_camera/share/box_camera/cmake/ament_cmake_export_libraries-extras.cmake
[14.956s] -- Up-to-date: /home/dev/gazebo-tutorials/gazebo-drone-ros/install/box_camera/share/box_camera/cmake/box_cameraConfig.cmake
[14.956s] -- Up-to-date: /home/dev/gazebo-tutorials/gazebo-drone-ros/install/box_camera/share/box_camera/cmake/box_cameraConfig-version.cmake
[14.956s] -- Up-to-date: /home/dev/gazebo-tutorials/gazebo-drone-ros/install/box_camera/share/box_camera/package.xml
[14.956s] -- Up-to-date: /home/dev/gazebo-tutorials/gazebo-drone-ros/install/box_camera/include
[14.956s] -- Up-to-date: /home/dev/gazebo-tutorials/gazebo-drone-ros/install/box_camera/include/boxCamera
[14.956s] -- Up-to-date: /home/dev/gazebo-tutorials/gazebo-drone-ros/install/box_camera/include/boxCamera/boxCameraPlugin.hpp
[14.958s] Invoked command in '/home/dev/gazebo-tutorials/gazebo-drone-ros/build/box_camera' returned '0': AMENT_PREFIX_PATH=/home/dev/gazebo-tutorials/gazebo-drone-ros/install/cam_interface:${AMENT_PREFIX_PATH} CMAKE_PREFIX_PATH=/home/dev/gazebo-tutorials/gazebo-drone-ros/install/cam_interface:/opt/ros/humble LD_LIBRARY_PATH=/home/dev/gazebo-tutorials/gazebo-drone-ros/install/cam_interface/lib:${LD_LIBRARY_PATH} PYTHONPATH=/home/dev/gazebo-tutorials/gazebo-drone-ros/install/cam_interface/local/lib/python3.10/dist-packages:${PYTHONPATH} /usr/bin/cmake --install /home/dev/gazebo-tutorials/gazebo-drone-ros/build/box_camera
