[0.984s] DEBUG:colcon:Command line arguments: ['/usr/bin/colcon', 'build']
[0.984s] DEBUG:colcon:Parsed command line arguments: Namespace(log_base=None, log_level=None, verb_name='build', build_base='build', install_base='install', merge_install=False, symlink_install=False, test_result_base=None, continue_on_error=False, executor='parallel', parallel_workers=4, event_handlers=None, ignore_user_meta=False, metas=['./colcon.meta'], base_paths=['.'], packages_ignore=None, packages_ignore_regex=None, paths=None, packages_up_to=None, packages_up_to_regex=None, packages_above=None, packages_above_and_dependencies=None, packages_above_depth=None, packages_select_by_dep=None, packages_skip_by_dep=None, packages_skip_up_to=None, packages_select_build_failed=False, packages_skip_build_finished=False, packages_select_test_failures=False, packages_skip_test_passed=False, packages_select=None, packages_skip=None, packages_select_regex=None, packages_skip_regex=None, packages_start=None, packages_end=None, allow_overriding=[], cmake_args=None, cmake_target=None, cmake_target_skip_unavailable=False, cmake_clean_cache=False, cmake_clean_first=False, cmake_force_configure=False, ament_cmake_args=None, catkin_cmake_args=None, catkin_skip_building_tests=False, verb_parser=<colcon_defaults.argument_parser.defaults.DefaultArgumentsDecorator object at 0x77d2d39d7ac0>, verb_extension=<colcon_core.verb.build.BuildVerb object at 0x77d2d395c7f0>, main=<bound method BuildVerb.main of <colcon_core.verb.build.BuildVerb object at 0x77d2d395c7f0>>)
[1.029s] Level 1:colcon.colcon_core.package_discovery:discover_packages(colcon_meta) check parameters
[1.029s] Level 1:colcon.colcon_core.package_discovery:discover_packages(recursive) check parameters
[1.029s] Level 1:colcon.colcon_core.package_discovery:discover_packages(ignore) check parameters
[1.029s] Level 1:colcon.colcon_core.package_discovery:discover_packages(path) check parameters
[1.029s] Level 1:colcon.colcon_core.package_discovery:discover_packages(colcon_meta) discover
[1.029s] Level 1:colcon.colcon_core.package_discovery:discover_packages(recursive) discover
[1.029s] INFO:colcon.colcon_core.package_discovery:Crawling recursively for packages in '/home/dev/gazebo-tutorials/gazebo-drone-ros'
[1.029s] Level 1:colcon.colcon_core.package_identification:_identify(.) by extensions ['ignore', 'ignore_ament_install']
[1.029s] Level 1:colcon.colcon_core.package_identification:_identify(.) by extension 'ignore'
[1.029s] Level 1:colcon.colcon_core.package_identification:_identify(.) by extension 'ignore_ament_install'
[1.029s] Level 1:colcon.colcon_core.package_identification:_identify(.) by extensions ['colcon_pkg']
[1.029s] Level 1:colcon.colcon_core.package_identification:_identify(.) by extension 'colcon_pkg'
[1.029s] Level 1:colcon.colcon_core.package_identification:_identify(.) by extensions ['colcon_meta']
[1.029s] Level 1:colcon.colcon_core.package_identification:_identify(.) by extension 'colcon_meta'
[1.029s] Level 1:colcon.colcon_core.package_identification:_identify(.) by extensions ['ros']
[1.029s] Level 1:colcon.colcon_core.package_identification:_identify(.) by extension 'ros'
[1.039s] Level 1:colcon.colcon_core.package_identification:_identify(.) by extensions ['cmake', 'python']
[1.039s] Level 1:colcon.colcon_core.package_identification:_identify(.) by extension 'cmake'
[1.039s] Level 1:colcon.colcon_core.package_identification:_identify(.) by extension 'python'
[1.039s] Level 1:colcon.colcon_core.package_identification:_identify(.) by extensions ['python_setup_py']
[1.039s] Level 1:colcon.colcon_core.package_identification:_identify(.) by extension 'python_setup_py'
[1.039s] Level 1:colcon.colcon_core.package_identification:_identify(build) by extensions ['ignore', 'ignore_ament_install']
[1.040s] Level 1:colcon.colcon_core.package_identification:_identify(build) by extension 'ignore'
[1.040s] Level 1:colcon.colcon_core.package_identification:_identify(build) ignored
[1.040s] Level 1:colcon.colcon_core.package_identification:_identify(install) by extensions ['ignore', 'ignore_ament_install']
[1.040s] Level 1:colcon.colcon_core.package_identification:_identify(install) by extension 'ignore'
[1.040s] Level 1:colcon.colcon_core.package_identification:_identify(install) ignored
[1.040s] Level 1:colcon.colcon_core.package_identification:_identify(log) by extensions ['ignore', 'ignore_ament_install']
[1.040s] Level 1:colcon.colcon_core.package_identification:_identify(log) by extension 'ignore'
[1.040s] Level 1:colcon.colcon_core.package_identification:_identify(log) ignored
[1.040s] Level 1:colcon.colcon_core.package_identification:_identify(src) by extensions ['ignore', 'ignore_ament_install']
[1.040s] Level 1:colcon.colcon_core.package_identification:_identify(src) by extension 'ignore'
[1.040s] Level 1:colcon.colcon_core.package_identification:_identify(src) by extension 'ignore_ament_install'
[1.040s] Level 1:colcon.colcon_core.package_identification:_identify(src) by extensions ['colcon_pkg']
[1.040s] Level 1:colcon.colcon_core.package_identification:_identify(src) by extension 'colcon_pkg'
[1.040s] Level 1:colcon.colcon_core.package_identification:_identify(src) by extensions ['colcon_meta']
[1.040s] Level 1:colcon.colcon_core.package_identification:_identify(src) by extension 'colcon_meta'
[1.040s] Level 1:colcon.colcon_core.package_identification:_identify(src) by extensions ['ros']
[1.040s] Level 1:colcon.colcon_core.package_identification:_identify(src) by extension 'ros'
[1.041s] Level 1:colcon.colcon_core.package_identification:_identify(src) by extensions ['cmake', 'python']
[1.041s] Level 1:colcon.colcon_core.package_identification:_identify(src) by extension 'cmake'
[1.041s] Level 1:colcon.colcon_core.package_identification:_identify(src) by extension 'python'
[1.041s] Level 1:colcon.colcon_core.package_identification:_identify(src) by extensions ['python_setup_py']
[1.041s] Level 1:colcon.colcon_core.package_identification:_identify(src) by extension 'python_setup_py'
[1.041s] Level 1:colcon.colcon_core.package_identification:_identify(src/box_camera) by extensions ['ignore', 'ignore_ament_install']
[1.041s] Level 1:colcon.colcon_core.package_identification:_identify(src/box_camera) by extension 'ignore'
[1.041s] Level 1:colcon.colcon_core.package_identification:_identify(src/box_camera) by extension 'ignore_ament_install'
[1.041s] Level 1:colcon.colcon_core.package_identification:_identify(src/box_camera) by extensions ['colcon_pkg']
[1.041s] Level 1:colcon.colcon_core.package_identification:_identify(src/box_camera) by extension 'colcon_pkg'
[1.041s] Level 1:colcon.colcon_core.package_identification:_identify(src/box_camera) by extensions ['colcon_meta']
[1.041s] Level 1:colcon.colcon_core.package_identification:_identify(src/box_camera) by extension 'colcon_meta'
[1.041s] Level 1:colcon.colcon_core.package_identification:_identify(src/box_camera) by extensions ['ros']
[1.041s] Level 1:colcon.colcon_core.package_identification:_identify(src/box_camera) by extension 'ros'
[1.044s] DEBUG:colcon.colcon_core.package_identification:Package 'src/box_camera' with type 'ros.ament_cmake' and name 'box_camera'
[1.044s] Level 1:colcon.colcon_core.package_identification:_identify(src/cam_interface) by extensions ['ignore', 'ignore_ament_install']
[1.044s] Level 1:colcon.colcon_core.package_identification:_identify(src/cam_interface) by extension 'ignore'
[1.044s] Level 1:colcon.colcon_core.package_identification:_identify(src/cam_interface) by extension 'ignore_ament_install'
[1.044s] Level 1:colcon.colcon_core.package_identification:_identify(src/cam_interface) by extensions ['colcon_pkg']
[1.044s] Level 1:colcon.colcon_core.package_identification:_identify(src/cam_interface) by extension 'colcon_pkg'
[1.044s] Level 1:colcon.colcon_core.package_identification:_identify(src/cam_interface) by extensions ['colcon_meta']
[1.044s] Level 1:colcon.colcon_core.package_identification:_identify(src/cam_interface) by extension 'colcon_meta'
[1.044s] Level 1:colcon.colcon_core.package_identification:_identify(src/cam_interface) by extensions ['ros']
[1.044s] Level 1:colcon.colcon_core.package_identification:_identify(src/cam_interface) by extension 'ros'
[1.045s] DEBUG:colcon.colcon_core.package_identification:Package 'src/cam_interface' with type 'ros.ament_cmake' and name 'cam_interface'
[1.045s] Level 1:colcon.colcon_core.package_discovery:discover_packages(recursive) using defaults
[1.045s] Level 1:colcon.colcon_core.package_discovery:discover_packages(ignore) discover
[1.045s] Level 1:colcon.colcon_core.package_discovery:discover_packages(ignore) using defaults
[1.045s] Level 1:colcon.colcon_core.package_discovery:discover_packages(path) discover
[1.045s] Level 1:colcon.colcon_core.package_discovery:discover_packages(path) using defaults
[1.135s] Level 1:colcon.colcon_core.package_discovery:discover_packages(prefix_path) check parameters
[1.135s] Level 1:colcon.colcon_core.package_discovery:discover_packages(prefix_path) discover
[1.166s] DEBUG:colcon.colcon_installed_package_information.package_discovery:Found 286 installed packages in /opt/ros/humble
[1.167s] Level 1:colcon.colcon_core.package_discovery:discover_packages(prefix_path) using defaults
[1.261s] Level 5:colcon.colcon_core.verb:set package 'cam_interface' build argument 'cmake_args' from command line to 'None'
[1.261s] Level 5:colcon.colcon_core.verb:set package 'cam_interface' build argument 'cmake_target' from command line to 'None'
[1.261s] Level 5:colcon.colcon_core.verb:set package 'cam_interface' build argument 'cmake_target_skip_unavailable' from command line to 'False'
[1.261s] Level 5:colcon.colcon_core.verb:set package 'cam_interface' build argument 'cmake_clean_cache' from command line to 'False'
[1.261s] Level 5:colcon.colcon_core.verb:set package 'cam_interface' build argument 'cmake_clean_first' from command line to 'False'
[1.261s] Level 5:colcon.colcon_core.verb:set package 'cam_interface' build argument 'cmake_force_configure' from command line to 'False'
[1.261s] Level 5:colcon.colcon_core.verb:set package 'cam_interface' build argument 'ament_cmake_args' from command line to 'None'
[1.261s] Level 5:colcon.colcon_core.verb:set package 'cam_interface' build argument 'catkin_cmake_args' from command line to 'None'
[1.261s] Level 5:colcon.colcon_core.verb:set package 'cam_interface' build argument 'catkin_skip_building_tests' from command line to 'False'
[1.261s] DEBUG:colcon.colcon_core.verb:Building package 'cam_interface' with the following arguments: {'ament_cmake_args': None, 'build_base': '/home/dev/gazebo-tutorials/gazebo-drone-ros/build/cam_interface', 'catkin_cmake_args': None, 'catkin_skip_building_tests': False, 'cmake_args': None, 'cmake_clean_cache': False, 'cmake_clean_first': False, 'cmake_force_configure': False, 'cmake_target': None, 'cmake_target_skip_unavailable': False, 'install_base': '/home/dev/gazebo-tutorials/gazebo-drone-ros/install/cam_interface', 'merge_install': False, 'path': '/home/dev/gazebo-tutorials/gazebo-drone-ros/src/cam_interface', 'symlink_install': False, 'test_result_base': None}
[1.276s] Level 5:colcon.colcon_core.verb:set package 'box_camera' build argument 'cmake_args' from command line to 'None'
[1.276s] Level 5:colcon.colcon_core.verb:set package 'box_camera' build argument 'cmake_target' from command line to 'None'
[1.276s] Level 5:colcon.colcon_core.verb:set package 'box_camera' build argument 'cmake_target_skip_unavailable' from command line to 'False'
[1.276s] Level 5:colcon.colcon_core.verb:set package 'box_camera' build argument 'cmake_clean_cache' from command line to 'False'
[1.276s] Level 5:colcon.colcon_core.verb:set package 'box_camera' build argument 'cmake_clean_first' from command line to 'False'
[1.276s] Level 5:colcon.colcon_core.verb:set package 'box_camera' build argument 'cmake_force_configure' from command line to 'False'
[1.276s] Level 5:colcon.colcon_core.verb:set package 'box_camera' build argument 'ament_cmake_args' from command line to 'None'
[1.276s] Level 5:colcon.colcon_core.verb:set package 'box_camera' build argument 'catkin_cmake_args' from command line to 'None'
[1.276s] Level 5:colcon.colcon_core.verb:set package 'box_camera' build argument 'catkin_skip_building_tests' from command line to 'False'
[1.276s] DEBUG:colcon.colcon_core.verb:Building package 'box_camera' with the following arguments: {'ament_cmake_args': None, 'build_base': '/home/dev/gazebo-tutorials/gazebo-drone-ros/build/box_camera', 'catkin_cmake_args': None, 'catkin_skip_building_tests': False, 'cmake_args': None, 'cmake_clean_cache': False, 'cmake_clean_first': False, 'cmake_force_configure': False, 'cmake_target': None, 'cmake_target_skip_unavailable': False, 'install_base': '/home/dev/gazebo-tutorials/gazebo-drone-ros/install/box_camera', 'merge_install': False, 'path': '/home/dev/gazebo-tutorials/gazebo-drone-ros/src/box_camera', 'symlink_install': False, 'test_result_base': None}
[1.290s] INFO:colcon.colcon_core.executor:Executing jobs using 'parallel' executor
[1.306s] DEBUG:colcon.colcon_parallel_executor.executor.parallel:run_until_complete
[1.306s] INFO:colcon.colcon_ros.task.ament_cmake.build:Building ROS package in '/home/dev/gazebo-tutorials/gazebo-drone-ros/src/cam_interface' with build type 'ament_cmake'
[1.306s] INFO:colcon.colcon_cmake.task.cmake.build:Building CMake package in '/home/dev/gazebo-tutorials/gazebo-drone-ros/src/cam_interface'
[1.331s] INFO:colcon.colcon_core.plugin_system:Skipping extension 'colcon_core.shell.bat': Not used on non-Windows systems
[1.331s] INFO:colcon.colcon_core.shell:Skip shell extension 'powershell' for command environment: Not usable outside of PowerShell
[1.331s] DEBUG:colcon.colcon_core.shell:Skip shell extension 'dsv' for command environment
[1.376s] DEBUG:colcon.colcon_core.event_handler.log_command:Invoking command in '/home/dev/gazebo-tutorials/gazebo-drone-ros/build/cam_interface': CMAKE_PREFIX_PATH=/opt/ros/humble /usr/bin/cmake --build /home/dev/gazebo-tutorials/gazebo-drone-ros/build/cam_interface -- -j4 -l4
[1.786s] DEBUG:colcon.colcon_core.event_handler.log_command:Invoked command in '/home/dev/gazebo-tutorials/gazebo-drone-ros/build/cam_interface' returned '0': CMAKE_PREFIX_PATH=/opt/ros/humble /usr/bin/cmake --build /home/dev/gazebo-tutorials/gazebo-drone-ros/build/cam_interface -- -j4 -l4
[1.844s] DEBUG:colcon.colcon_core.event_handler.log_command:Invoking command in '/home/dev/gazebo-tutorials/gazebo-drone-ros/build/cam_interface': CMAKE_PREFIX_PATH=/opt/ros/humble /usr/bin/cmake --install /home/dev/gazebo-tutorials/gazebo-drone-ros/build/cam_interface
[1.893s] Level 1:colcon.colcon_core.environment:create_environment_scripts_only(cam_interface)
[1.894s] DEBUG:colcon.colcon_core.event_handler.log_command:Invoked command in '/home/dev/gazebo-tutorials/gazebo-drone-ros/build/cam_interface' returned '0': CMAKE_PREFIX_PATH=/opt/ros/humble /usr/bin/cmake --install /home/dev/gazebo-tutorials/gazebo-drone-ros/build/cam_interface
[1.918s] Level 1:colcon.colcon_core.environment:checking '/home/dev/gazebo-tutorials/gazebo-drone-ros/install/cam_interface' for CMake module files
[1.919s] Level 1:colcon.colcon_core.environment:checking '/home/dev/gazebo-tutorials/gazebo-drone-ros/install/cam_interface' for CMake config files
[1.919s] Level 1:colcon.colcon_core.shell:create_environment_hook('cam_interface', 'cmake_prefix_path')
[1.936s] INFO:colcon.colcon_core.shell:Creating environment hook '/home/dev/gazebo-tutorials/gazebo-drone-ros/install/cam_interface/share/cam_interface/hook/cmake_prefix_path.ps1'
[1.936s] INFO:colcon.colcon_core.shell:Creating environment descriptor '/home/dev/gazebo-tutorials/gazebo-drone-ros/install/cam_interface/share/cam_interface/hook/cmake_prefix_path.dsv'
[1.937s] INFO:colcon.colcon_core.shell:Creating environment hook '/home/dev/gazebo-tutorials/gazebo-drone-ros/install/cam_interface/share/cam_interface/hook/cmake_prefix_path.sh'
[1.938s] Level 1:colcon.colcon_core.environment:checking '/home/dev/gazebo-tutorials/gazebo-drone-ros/install/cam_interface/lib'
[1.938s] Level 1:colcon.colcon_core.shell:create_environment_hook('cam_interface', 'ld_library_path_lib')
[1.954s] INFO:colcon.colcon_core.shell:Creating environment hook '/home/dev/gazebo-tutorials/gazebo-drone-ros/install/cam_interface/share/cam_interface/hook/ld_library_path_lib.ps1'
[1.954s] INFO:colcon.colcon_core.shell:Creating environment descriptor '/home/dev/gazebo-tutorials/gazebo-drone-ros/install/cam_interface/share/cam_interface/hook/ld_library_path_lib.dsv'
[1.955s] INFO:colcon.colcon_core.shell:Creating environment hook '/home/dev/gazebo-tutorials/gazebo-drone-ros/install/cam_interface/share/cam_interface/hook/ld_library_path_lib.sh'
[1.955s] Level 1:colcon.colcon_core.environment:checking '/home/dev/gazebo-tutorials/gazebo-drone-ros/install/cam_interface/bin'
[1.955s] Level 1:colcon.colcon_core.environment:checking '/home/dev/gazebo-tutorials/gazebo-drone-ros/install/cam_interface/lib/pkgconfig/cam_interface.pc'
[1.955s] Level 1:colcon.colcon_core.environment:checking '/home/dev/gazebo-tutorials/gazebo-drone-ros/install/cam_interface/lib/python3.10/site-packages'
[1.955s] Level 1:colcon.colcon_core.environment:checking '/home/dev/gazebo-tutorials/gazebo-drone-ros/install/cam_interface/bin'
[1.970s] INFO:colcon.colcon_core.shell:Creating package script '/home/dev/gazebo-tutorials/gazebo-drone-ros/install/cam_interface/share/cam_interface/package.ps1'
[1.971s] INFO:colcon.colcon_core.shell:Creating package descriptor '/home/dev/gazebo-tutorials/gazebo-drone-ros/install/cam_interface/share/cam_interface/package.dsv'
[1.971s] INFO:colcon.colcon_core.shell:Creating package script '/home/dev/gazebo-tutorials/gazebo-drone-ros/install/cam_interface/share/cam_interface/package.sh'
[1.972s] INFO:colcon.colcon_core.shell:Creating package script '/home/dev/gazebo-tutorials/gazebo-drone-ros/install/cam_interface/share/cam_interface/package.bash'
[1.972s] INFO:colcon.colcon_core.shell:Creating package script '/home/dev/gazebo-tutorials/gazebo-drone-ros/install/cam_interface/share/cam_interface/package.zsh'
[1.973s] Level 1:colcon.colcon_core.environment:create_file_with_runtime_dependencies(/home/dev/gazebo-tutorials/gazebo-drone-ros/install/cam_interface/share/colcon-core/packages/cam_interface)
[2.035s] Level 1:colcon.colcon_core.environment:create_environment_scripts_only(cam_interface)
[2.050s] Level 1:colcon.colcon_core.environment:checking '/home/dev/gazebo-tutorials/gazebo-drone-ros/install/cam_interface' for CMake module files
[2.051s] Level 1:colcon.colcon_core.environment:checking '/home/dev/gazebo-tutorials/gazebo-drone-ros/install/cam_interface' for CMake config files
[2.051s] Level 1:colcon.colcon_core.shell:create_environment_hook('cam_interface', 'cmake_prefix_path')
[2.067s] INFO:colcon.colcon_core.shell:Creating environment hook '/home/dev/gazebo-tutorials/gazebo-drone-ros/install/cam_interface/share/cam_interface/hook/cmake_prefix_path.ps1'
[2.067s] INFO:colcon.colcon_core.shell:Creating environment descriptor '/home/dev/gazebo-tutorials/gazebo-drone-ros/install/cam_interface/share/cam_interface/hook/cmake_prefix_path.dsv'
[2.068s] INFO:colcon.colcon_core.shell:Creating environment hook '/home/dev/gazebo-tutorials/gazebo-drone-ros/install/cam_interface/share/cam_interface/hook/cmake_prefix_path.sh'
[2.068s] Level 1:colcon.colcon_core.environment:checking '/home/dev/gazebo-tutorials/gazebo-drone-ros/install/cam_interface/lib'
[2.068s] Level 1:colcon.colcon_core.shell:create_environment_hook('cam_interface', 'ld_library_path_lib')
[2.083s] INFO:colcon.colcon_core.shell:Creating environment hook '/home/dev/gazebo-tutorials/gazebo-drone-ros/install/cam_interface/share/cam_interface/hook/ld_library_path_lib.ps1'
[2.083s] INFO:colcon.colcon_core.shell:Creating environment descriptor '/home/dev/gazebo-tutorials/gazebo-drone-ros/install/cam_interface/share/cam_interface/hook/ld_library_path_lib.dsv'
[2.084s] INFO:colcon.colcon_core.shell:Creating environment hook '/home/dev/gazebo-tutorials/gazebo-drone-ros/install/cam_interface/share/cam_interface/hook/ld_library_path_lib.sh'
[2.084s] Level 1:colcon.colcon_core.environment:checking '/home/dev/gazebo-tutorials/gazebo-drone-ros/install/cam_interface/bin'
[2.084s] Level 1:colcon.colcon_core.environment:checking '/home/dev/gazebo-tutorials/gazebo-drone-ros/install/cam_interface/lib/pkgconfig/cam_interface.pc'
[2.084s] Level 1:colcon.colcon_core.environment:checking '/home/dev/gazebo-tutorials/gazebo-drone-ros/install/cam_interface/lib/python3.10/site-packages'
[2.085s] Level 1:colcon.colcon_core.environment:checking '/home/dev/gazebo-tutorials/gazebo-drone-ros/install/cam_interface/bin'
[2.099s] INFO:colcon.colcon_core.shell:Creating package script '/home/dev/gazebo-tutorials/gazebo-drone-ros/install/cam_interface/share/cam_interface/package.ps1'
[2.100s] INFO:colcon.colcon_core.shell:Creating package descriptor '/home/dev/gazebo-tutorials/gazebo-drone-ros/install/cam_interface/share/cam_interface/package.dsv'
[2.100s] INFO:colcon.colcon_core.shell:Creating package script '/home/dev/gazebo-tutorials/gazebo-drone-ros/install/cam_interface/share/cam_interface/package.sh'
[2.100s] INFO:colcon.colcon_core.shell:Creating package script '/home/dev/gazebo-tutorials/gazebo-drone-ros/install/cam_interface/share/cam_interface/package.bash'
[2.101s] INFO:colcon.colcon_core.shell:Creating package script '/home/dev/gazebo-tutorials/gazebo-drone-ros/install/cam_interface/share/cam_interface/package.zsh'
[2.101s] Level 1:colcon.colcon_core.environment:create_file_with_runtime_dependencies(/home/dev/gazebo-tutorials/gazebo-drone-ros/install/cam_interface/share/colcon-core/packages/cam_interface)
[2.102s] INFO:colcon.colcon_ros.task.ament_cmake.build:Building ROS package in '/home/dev/gazebo-tutorials/gazebo-drone-ros/src/box_camera' with build type 'ament_cmake'
[2.102s] INFO:colcon.colcon_cmake.task.cmake.build:Building CMake package in '/home/dev/gazebo-tutorials/gazebo-drone-ros/src/box_camera'
[2.122s] INFO:colcon.colcon_core.shell:Skip shell extension 'powershell' for command environment: Not usable outside of PowerShell
[2.122s] DEBUG:colcon.colcon_core.shell:Skip shell extension 'dsv' for command environment
[2.170s] DEBUG:colcon.colcon_core.event_handler.log_command:Invoking command in '/home/dev/gazebo-tutorials/gazebo-drone-ros/build/box_camera': AMENT_PREFIX_PATH=/home/dev/gazebo-tutorials/gazebo-drone-ros/install/cam_interface:${AMENT_PREFIX_PATH} CMAKE_PREFIX_PATH=/home/dev/gazebo-tutorials/gazebo-drone-ros/install/cam_interface:/opt/ros/humble LD_LIBRARY_PATH=/home/dev/gazebo-tutorials/gazebo-drone-ros/install/cam_interface/lib:${LD_LIBRARY_PATH} PYTHONPATH=/home/dev/gazebo-tutorials/gazebo-drone-ros/install/cam_interface/local/lib/python3.10/dist-packages:${PYTHONPATH} /usr/bin/cmake --build /home/dev/gazebo-tutorials/gazebo-drone-ros/build/box_camera -- -j4 -l4
[13.666s] DEBUG:colcon.colcon_core.event_handler.log_command:Invoked command in '/home/dev/gazebo-tutorials/gazebo-drone-ros/build/box_camera' returned '2': AMENT_PREFIX_PATH=/home/dev/gazebo-tutorials/gazebo-drone-ros/install/cam_interface:${AMENT_PREFIX_PATH} CMAKE_PREFIX_PATH=/home/dev/gazebo-tutorials/gazebo-drone-ros/install/cam_interface:/opt/ros/humble LD_LIBRARY_PATH=/home/dev/gazebo-tutorials/gazebo-drone-ros/install/cam_interface/lib:${LD_LIBRARY_PATH} PYTHONPATH=/home/dev/gazebo-tutorials/gazebo-drone-ros/install/cam_interface/local/lib/python3.10/dist-packages:${PYTHONPATH} /usr/bin/cmake --build /home/dev/gazebo-tutorials/gazebo-drone-ros/build/box_camera -- -j4 -l4
[13.703s] Level 1:colcon.colcon_core.environment:create_environment_scripts_only(box_camera)
[13.717s] Level 1:colcon.colcon_core.environment:checking '/home/dev/gazebo-tutorials/gazebo-drone-ros/install/box_camera' for CMake module files
[13.718s] Level 1:colcon.colcon_core.environment:checking '/home/dev/gazebo-tutorials/gazebo-drone-ros/install/box_camera' for CMake config files
[13.718s] Level 1:colcon.colcon_core.shell:create_environment_hook('box_camera', 'cmake_prefix_path')
[13.732s] INFO:colcon.colcon_core.shell:Creating environment hook '/home/dev/gazebo-tutorials/gazebo-drone-ros/install/box_camera/share/box_camera/hook/cmake_prefix_path.ps1'
[13.733s] INFO:colcon.colcon_core.shell:Creating environment descriptor '/home/dev/gazebo-tutorials/gazebo-drone-ros/install/box_camera/share/box_camera/hook/cmake_prefix_path.dsv'
[13.733s] INFO:colcon.colcon_core.shell:Creating environment hook '/home/dev/gazebo-tutorials/gazebo-drone-ros/install/box_camera/share/box_camera/hook/cmake_prefix_path.sh'
[13.734s] Level 1:colcon.colcon_core.environment:checking '/home/dev/gazebo-tutorials/gazebo-drone-ros/install/box_camera/lib'
[13.734s] Level 1:colcon.colcon_core.shell:create_environment_hook('box_camera', 'ld_library_path_lib')
[13.749s] INFO:colcon.colcon_core.shell:Creating environment hook '/home/dev/gazebo-tutorials/gazebo-drone-ros/install/box_camera/share/box_camera/hook/ld_library_path_lib.ps1'
[13.749s] INFO:colcon.colcon_core.shell:Creating environment descriptor '/home/dev/gazebo-tutorials/gazebo-drone-ros/install/box_camera/share/box_camera/hook/ld_library_path_lib.dsv'
[13.749s] INFO:colcon.colcon_core.shell:Creating environment hook '/home/dev/gazebo-tutorials/gazebo-drone-ros/install/box_camera/share/box_camera/hook/ld_library_path_lib.sh'
[13.750s] Level 1:colcon.colcon_core.environment:checking '/home/dev/gazebo-tutorials/gazebo-drone-ros/install/box_camera/bin'
[13.750s] Level 1:colcon.colcon_core.environment:checking '/home/dev/gazebo-tutorials/gazebo-drone-ros/install/box_camera/lib/pkgconfig/box_camera.pc'
[13.750s] Level 1:colcon.colcon_core.environment:checking '/home/dev/gazebo-tutorials/gazebo-drone-ros/install/box_camera/lib/python3.10/site-packages'
[13.751s] Level 1:colcon.colcon_core.environment:checking '/home/dev/gazebo-tutorials/gazebo-drone-ros/install/box_camera/bin'
[13.768s] INFO:colcon.colcon_core.shell:Creating package script '/home/dev/gazebo-tutorials/gazebo-drone-ros/install/box_camera/share/box_camera/package.ps1'
[13.769s] INFO:colcon.colcon_core.shell:Creating package descriptor '/home/dev/gazebo-tutorials/gazebo-drone-ros/install/box_camera/share/box_camera/package.dsv'
[13.769s] INFO:colcon.colcon_core.shell:Creating package script '/home/dev/gazebo-tutorials/gazebo-drone-ros/install/box_camera/share/box_camera/package.sh'
[13.770s] INFO:colcon.colcon_core.shell:Creating package script '/home/dev/gazebo-tutorials/gazebo-drone-ros/install/box_camera/share/box_camera/package.bash'
[13.770s] INFO:colcon.colcon_core.shell:Creating package script '/home/dev/gazebo-tutorials/gazebo-drone-ros/install/box_camera/share/box_camera/package.zsh'
[13.770s] Level 1:colcon.colcon_core.environment:create_file_with_runtime_dependencies(/home/dev/gazebo-tutorials/gazebo-drone-ros/install/box_camera/share/colcon-core/packages/box_camera)
[13.781s] DEBUG:colcon.colcon_parallel_executor.executor.parallel:closing loop
[13.781s] DEBUG:colcon.colcon_parallel_executor.executor.parallel:loop closed
[13.781s] DEBUG:colcon.colcon_parallel_executor.executor.parallel:run_until_complete finished with '2'
[13.782s] DEBUG:colcon.colcon_core.event_reactor:joining thread
[13.845s] INFO:colcon.colcon_core.plugin_system:Skipping extension 'colcon_notification.desktop_notification.terminal_notifier': Not used on non-Darwin systems
[13.845s] INFO:colcon.colcon_core.plugin_system:Skipping extension 'colcon_notification.desktop_notification.win32': Not used on non-Windows systems
[13.845s] INFO:colcon.colcon_notification.desktop_notification:Sending desktop notification using 'notify2'
[13.859s] DEBUG:colcon.colcon_core.event_reactor:joined thread
[13.882s] INFO:colcon.colcon_core.shell:Creating prefix script '/home/dev/gazebo-tutorials/gazebo-drone-ros/install/local_setup.ps1'
[13.884s] INFO:colcon.colcon_core.shell:Creating prefix util module '/home/dev/gazebo-tutorials/gazebo-drone-ros/install/_local_setup_util_ps1.py'
[13.885s] INFO:colcon.colcon_core.shell:Creating prefix chain script '/home/dev/gazebo-tutorials/gazebo-drone-ros/install/setup.ps1'
[13.901s] INFO:colcon.colcon_core.shell:Creating prefix script '/home/dev/gazebo-tutorials/gazebo-drone-ros/install/local_setup.sh'
[13.902s] INFO:colcon.colcon_core.shell:Creating prefix util module '/home/dev/gazebo-tutorials/gazebo-drone-ros/install/_local_setup_util_sh.py'
[13.902s] INFO:colcon.colcon_core.shell:Creating prefix chain script '/home/dev/gazebo-tutorials/gazebo-drone-ros/install/setup.sh'
[13.919s] INFO:colcon.colcon_core.shell:Creating prefix script '/home/dev/gazebo-tutorials/gazebo-drone-ros/install/local_setup.bash'
[13.919s] INFO:colcon.colcon_core.shell:Creating prefix chain script '/home/dev/gazebo-tutorials/gazebo-drone-ros/install/setup.bash'
[13.935s] INFO:colcon.colcon_core.shell:Creating prefix script '/home/dev/gazebo-tutorials/gazebo-drone-ros/install/local_setup.zsh'
[13.936s] INFO:colcon.colcon_core.shell:Creating prefix chain script '/home/dev/gazebo-tutorials/gazebo-drone-ros/install/setup.zsh'
