[0.066s] Invoking command in '/home/dev/gazebo-tutorials/gazebo-drone-ros/build/box_camera': AMENT_PREFIX_PATH=/home/dev/gazebo-tutorials/gazebo-drone-ros/install/cam_interface:${AMENT_PREFIX_PATH} CMAKE_PREFIX_PATH=/home/dev/gazebo-tutorials/gazebo-drone-ros/install/cam_interface:/opt/ros/humble LD_LIBRARY_PATH=/home/dev/gazebo-tutorials/gazebo-drone-ros/install/cam_interface/lib:${LD_LIBRARY_PATH} PYTHONPATH=/home/dev/gazebo-tutorials/gazebo-drone-ros/install/cam_interface/local/lib/python3.10/dist-packages:${PYTHONPATH} /usr/bin/cmake --build /home/dev/gazebo-tutorials/gazebo-drone-ros/build/box_camera -- -j4 -l4
[0.114s] [35m[1mConsolidate compiler generated dependencies of target box_camera_plugin[0m
[0.155s] [ 50%] [32mBuilding CXX object CMakeFiles/box_camera_plugin.dir/src/boxCameraPlugin.cpp.o[0m
[9.872s] [01m[K/home/dev/gazebo-tutorials/gazebo-drone-ros/src/box_camera/src/boxCameraPlugin.cpp:18:13:[m[K [01;31m[Kerror: [m[K‘[01m[Kcam_publisher[m[K’ does not name a type; did you mean ‘[01m[Krmw_publisher_t[m[K’?
[9.872s]    18 |             [01;31m[Kcam_publisher[m[K = this->create_publisher<OffboardControlMode>("/sai_custom_plugin/data", 10);
[9.872s]       |             [01;31m[K^~~~~~~~~~~~~[m[K
[9.872s]       |             [32m[Krmw_publisher_t[m[K
[9.877s] [01m[K/home/dev/gazebo-tutorials/gazebo-drone-ros/src/box_camera/src/boxCameraPlugin.cpp:29:31:[m[K [01;31m[Kerror: [m[K‘[01m[KPixel[m[K’ was not declared in this scope; did you mean ‘[01m[Kcam_interface::msg::Pixel[m[K’?
[9.877s]    29 |             rclcpp::Publisher<[01;31m[KPixel[m[K>::SharedPtr cam_publisher;
[9.877s]       |                               [01;31m[K^~~~~[m[K
[9.877s]       |                               [32m[Kcam_interface::msg::Pixel[m[K
[9.877s] In file included from [01m[K/home/dev/gazebo-tutorials/gazebo-drone-ros/install/cam_interface/include/cam_interface/cam_interface/msg/pixel.hpp:7[m[K,
[9.877s]                  from [01m[K/home/dev/gazebo-tutorials/gazebo-drone-ros/src/box_camera/src/boxCameraPlugin.cpp:8[m[K:
[9.877s] [01m[K/home/dev/gazebo-tutorials/gazebo-drone-ros/install/cam_interface/include/cam_interface/cam_interface/msg/detail/pixel__struct.hpp:137:7:[m[K [01;36m[Knote: [m[K‘[01m[Kcam_interface::msg::Pixel[m[K’ declared here
[9.877s]   137 | using [01;36m[KPixel[m[K =
[9.877s]       |       [01;36m[K^~~~~[m[K
[9.877s] [01m[K/home/dev/gazebo-tutorials/gazebo-drone-ros/src/box_camera/src/boxCameraPlugin.cpp:29:36:[m[K [01;31m[Kerror: [m[Ktemplate argument 1 is invalid
[9.877s]    29 |             rclcpp::Publisher<Pixel[01;31m[K>[m[K::SharedPtr cam_publisher;
[9.877s]       |                                    [01;31m[K^[m[K
[9.878s] [01m[K/home/dev/gazebo-tutorials/gazebo-drone-ros/src/box_camera/src/boxCameraPlugin.cpp:29:39:[m[K [01;31m[Kerror: [m[Kexpected ‘[01m[K;[m[K’ at end of member declaration
[9.878s]    29 |             rclcpp::Publisher<Pixel>::[01;31m[KSharedPtr[m[K cam_publisher;
[9.878s]       |                                       [01;31m[K^~~~~~~~~[m[K
[9.878s]       |                                                [32m[K;[m[K
[9.889s] [01m[K/home/dev/gazebo-tutorials/gazebo-drone-ros/src/box_camera/src/boxCameraPlugin.cpp:29:49:[m[K [01;31m[Kerror: [m[K‘[01m[Kcam_publisher[m[K’ does not name a type; did you mean ‘[01m[Krmw_publisher_t[m[K’?
[9.889s]    29 |             rclcpp::Publisher<Pixel>::SharedPtr [01;31m[Kcam_publisher[m[K;
[9.889s]       |                                                 [01;31m[K^~~~~~~~~~~~~[m[K
[9.889s]       |                                                 [32m[Krmw_publisher_t[m[K
[11.587s] gmake[2]: *** [CMakeFiles/box_camera_plugin.dir/build.make:76: CMakeFiles/box_camera_plugin.dir/src/boxCameraPlugin.cpp.o] Error 1
[11.588s] gmake[1]: *** [CMakeFiles/Makefile2:137: CMakeFiles/box_camera_plugin.dir/all] Error 2
[11.588s] gmake: *** [Makefile:146: all] Error 2
[11.590s] Invoked command in '/home/dev/gazebo-tutorials/gazebo-drone-ros/build/box_camera' returned '2': AMENT_PREFIX_PATH=/home/dev/gazebo-tutorials/gazebo-drone-ros/install/cam_interface:${AMENT_PREFIX_PATH} CMAKE_PREFIX_PATH=/home/dev/gazebo-tutorials/gazebo-drone-ros/install/cam_interface:/opt/ros/humble LD_LIBRARY_PATH=/home/dev/gazebo-tutorials/gazebo-drone-ros/install/cam_interface/lib:${LD_LIBRARY_PATH} PYTHONPATH=/home/dev/gazebo-tutorials/gazebo-drone-ros/install/cam_interface/local/lib/python3.10/dist-packages:${PYTHONPATH} /usr/bin/cmake --build /home/dev/gazebo-tutorials/gazebo-drone-ros/build/box_camera -- -j4 -l4
