[0.064s] Invoking command in '/home/dev/gazebo-tutorials/gazebo-drone-ros/build/box_camera': CMAKE_PREFIX_PATH=/opt/ros/humble /usr/bin/cmake --build /home/dev/gazebo-tutorials/gazebo-drone-ros/build/box_camera -- -j4 -l4
[0.117s] [35m[1mConsolidate compiler generated dependencies of target box_camera_plugin[0m
[0.163s] [ 50%] [32mBuilding CXX object CMakeFiles/box_camera_plugin.dir/src/boxCameraPlugin.cpp.o[0m
[12.945s] [100%] [32m[1mLinking CXX shared library libbox_camera_plugin.so[0m
[13.187s] [100%] Built target box_camera_plugin
[13.197s] Invoked command in '/home/dev/gazebo-tutorials/gazebo-drone-ros/build/box_camera' returned '0': CMAKE_PREFIX_PATH=/opt/ros/humble /usr/bin/cmake --build /home/dev/gazebo-tutorials/gazebo-drone-ros/build/box_camera -- -j4 -l4
[13.226s] Invoking command in '/home/dev/gazebo-tutorials/gazebo-drone-ros/build/box_camera': CMAKE_PREFIX_PATH=/opt/ros/humble /usr/bin/cmake --install /home/dev/gazebo-tutorials/gazebo-drone-ros/build/box_camera
[13.233s] -- Install configuration: ""
[13.234s] -- Up-to-date: /home/dev/gazebo-tutorials/gazebo-drone-ros/install/box_camera/share/box_camera//src
[13.234s] -- Installing: /home/dev/gazebo-tutorials/gazebo-drone-ros/install/box_camera/share/box_camera//src/boxCameraPlugin.cpp
[13.234s] -- Up-to-date: /home/dev/gazebo-tutorials/gazebo-drone-ros/install/box_camera/share/box_camera/environment/library_path.sh
[13.234s] -- Up-to-date: /home/dev/gazebo-tutorials/gazebo-drone-ros/install/box_camera/share/box_camera/environment/library_path.dsv
[13.234s] -- Installing: /home/dev/gazebo-tutorials/gazebo-drone-ros/install/box_camera/lib/libbox_camera_plugin.so
[13.235s] -- Set runtime path of "/home/dev/gazebo-tutorials/gazebo-drone-ros/install/box_camera/lib/libbox_camera_plugin.so" to ""
[13.235s] -- Up-to-date: /home/dev/gazebo-tutorials/gazebo-drone-ros/install/box_camera/share/ament_index/resource_index/package_run_dependencies/box_camera
[13.235s] -- Up-to-date: /home/dev/gazebo-tutorials/gazebo-drone-ros/install/box_camera/share/ament_index/resource_index/parent_prefix_path/box_camera
[13.235s] -- Up-to-date: /home/dev/gazebo-tutorials/gazebo-drone-ros/install/box_camera/share/box_camera/environment/ament_prefix_path.sh
[13.235s] -- Up-to-date: /home/dev/gazebo-tutorials/gazebo-drone-ros/install/box_camera/share/box_camera/environment/ament_prefix_path.dsv
[13.236s] -- Up-to-date: /home/dev/gazebo-tutorials/gazebo-drone-ros/install/box_camera/share/box_camera/environment/path.sh
[13.236s] -- Up-to-date: /home/dev/gazebo-tutorials/gazebo-drone-ros/install/box_camera/share/box_camera/environment/path.dsv
[13.236s] -- Up-to-date: /home/dev/gazebo-tutorials/gazebo-drone-ros/install/box_camera/share/box_camera/local_setup.bash
[13.236s] -- Up-to-date: /home/dev/gazebo-tutorials/gazebo-drone-ros/install/box_camera/share/box_camera/local_setup.sh
[13.236s] -- Up-to-date: /home/dev/gazebo-tutorials/gazebo-drone-ros/install/box_camera/share/box_camera/local_setup.zsh
[13.236s] -- Up-to-date: /home/dev/gazebo-tutorials/gazebo-drone-ros/install/box_camera/share/box_camera/local_setup.dsv
[13.236s] -- Installing: /home/dev/gazebo-tutorials/gazebo-drone-ros/install/box_camera/share/box_camera/package.dsv
[13.236s] -- Up-to-date: /home/dev/gazebo-tutorials/gazebo-drone-ros/install/box_camera/share/ament_index/resource_index/packages/box_camera
[13.236s] -- Up-to-date: /home/dev/gazebo-tutorials/gazebo-drone-ros/install/box_camera/share/box_camera/cmake/ament_cmake_export_libraries-extras.cmake
[13.236s] -- Up-to-date: /home/dev/gazebo-tutorials/gazebo-drone-ros/install/box_camera/share/box_camera/cmake/box_cameraConfig.cmake
[13.237s] -- Up-to-date: /home/dev/gazebo-tutorials/gazebo-drone-ros/install/box_camera/share/box_camera/cmake/box_cameraConfig-version.cmake
[13.237s] -- Up-to-date: /home/dev/gazebo-tutorials/gazebo-drone-ros/install/box_camera/share/box_camera/package.xml
[13.237s] -- Up-to-date: /home/dev/gazebo-tutorials/gazebo-drone-ros/install/box_camera/include
[13.237s] -- Up-to-date: /home/dev/gazebo-tutorials/gazebo-drone-ros/install/box_camera/include/boxCamera
[13.237s] -- Installing: /home/dev/gazebo-tutorials/gazebo-drone-ros/install/box_camera/include/boxCamera/boxCameraPlugin.hpp
[13.239s] Invoked command in '/home/dev/gazebo-tutorials/gazebo-drone-ros/build/box_camera' returned '0': CMAKE_PREFIX_PATH=/opt/ros/humble /usr/bin/cmake --install /home/dev/gazebo-tutorials/gazebo-drone-ros/build/box_camera
