[0.069s] Invoking command in '/home/dev/gazebo-tutorials/gazebo-drone-ros/build/cam_interface': CMAKE_PREFIX_PATH=/opt/ros/humble /usr/bin/cmake --build /home/dev/gazebo-tutorials/gazebo-drone-ros/build/cam_interface -- -j4 -l4
[0.153s] [  3%] Built target cam_interface__cpp
[0.162s] [ 12%] Built target cam_interface__rosidl_generator_c
[0.172s] [ 12%] Built target ament_cmake_python_copy_cam_interface
[0.197s] [ 22%] Built target cam_interface__rosidl_typesupport_introspection_cpp
[0.209s] [ 32%] Built target cam_interface__rosidl_typesupport_fastrtps_c
[0.211s] [ 41%] Built target cam_interface__rosidl_typesupport_cpp
[0.213s] [ 51%] Built target cam_interface__rosidl_typesupport_fastrtps_cpp
[0.229s] [ 61%] Built target cam_interface__rosidl_typesupport_introspection_c
[0.241s] [ 70%] Built target cam_interface__rosidl_typesupport_c
[0.271s] [ 70%] Built target cam_interface
[0.301s] [ 74%] Built target cam_interface__py
[0.330s] [ 80%] Built target cam_interface__rosidl_generator_py
[0.365s] [ 87%] Built target cam_interface__rosidl_typesupport_fastrtps_c__pyext
[0.369s] [ 93%] Built target cam_interface__rosidl_typesupport_c__pyext
[0.374s] [100%] Built target cam_interface__rosidl_typesupport_introspection_c__pyext
[0.580s] running egg_info
[0.580s] writing cam_interface.egg-info/PKG-INFO
[0.581s] writing dependency_links to cam_interface.egg-info/dependency_links.txt
[0.581s] writing top-level names to cam_interface.egg-info/top_level.txt
[0.583s] reading manifest file 'cam_interface.egg-info/SOURCES.txt'
[0.584s] writing manifest file 'cam_interface.egg-info/SOURCES.txt'
[0.616s] [100%] Built target ament_cmake_python_build_cam_interface_egg
[0.628s] Invoked command in '/home/dev/gazebo-tutorials/gazebo-drone-ros/build/cam_interface' returned '0': CMAKE_PREFIX_PATH=/opt/ros/humble /usr/bin/cmake --build /home/dev/gazebo-tutorials/gazebo-drone-ros/build/cam_interface -- -j4 -l4
[0.695s] Invoking command in '/home/dev/gazebo-tutorials/gazebo-drone-ros/build/cam_interface': CMAKE_PREFIX_PATH=/opt/ros/humble /usr/bin/cmake --install /home/dev/gazebo-tutorials/gazebo-drone-ros/build/cam_interface
[0.703s] -- Install configuration: ""
[0.703s] -- Up-to-date: /home/dev/gazebo-tutorials/gazebo-drone-ros/install/cam_interface/share/ament_index/resource_index/rosidl_interfaces/cam_interface
[0.706s] -- Up-to-date: /home/dev/gazebo-tutorials/gazebo-drone-ros/install/cam_interface/include/cam_interface/cam_interface
[0.706s] -- Up-to-date: /home/dev/gazebo-tutorials/gazebo-drone-ros/install/cam_interface/include/cam_interface/cam_interface/msg
[0.706s] -- Up-to-date: /home/dev/gazebo-tutorials/gazebo-drone-ros/install/cam_interface/include/cam_interface/cam_interface/msg/rosidl_generator_c__visibility_control.h
[0.706s] -- Up-to-date: /home/dev/gazebo-tutorials/gazebo-drone-ros/install/cam_interface/include/cam_interface/cam_interface/msg/pixel.h
[0.706s] -- Up-to-date: /home/dev/gazebo-tutorials/gazebo-drone-ros/install/cam_interface/include/cam_interface/cam_interface/msg/detail
[0.706s] -- Up-to-date: /home/dev/gazebo-tutorials/gazebo-drone-ros/install/cam_interface/include/cam_interface/cam_interface/msg/detail/pixel__functions.c
[0.707s] -- Up-to-date: /home/dev/gazebo-tutorials/gazebo-drone-ros/install/cam_interface/include/cam_interface/cam_interface/msg/detail/pixel__type_support.h
[0.707s] -- Up-to-date: /home/dev/gazebo-tutorials/gazebo-drone-ros/install/cam_interface/include/cam_interface/cam_interface/msg/detail/pixel__struct.h
[0.707s] -- Up-to-date: /home/dev/gazebo-tutorials/gazebo-drone-ros/install/cam_interface/include/cam_interface/cam_interface/msg/detail/pixel__functions.h
[0.707s] -- Up-to-date: /home/dev/gazebo-tutorials/gazebo-drone-ros/install/cam_interface/share/cam_interface/environment/library_path.sh
[0.707s] -- Up-to-date: /home/dev/gazebo-tutorials/gazebo-drone-ros/install/cam_interface/share/cam_interface/environment/library_path.dsv
[0.707s] -- Up-to-date: /home/dev/gazebo-tutorials/gazebo-drone-ros/install/cam_interface/lib/libcam_interface__rosidl_generator_c.so
[0.707s] -- Up-to-date: /home/dev/gazebo-tutorials/gazebo-drone-ros/install/cam_interface/include/cam_interface/cam_interface
[0.707s] -- Up-to-date: /home/dev/gazebo-tutorials/gazebo-drone-ros/install/cam_interface/include/cam_interface/cam_interface/msg
[0.707s] -- Up-to-date: /home/dev/gazebo-tutorials/gazebo-drone-ros/install/cam_interface/include/cam_interface/cam_interface/msg/rosidl_typesupport_fastrtps_c__visibility_control.h
[0.707s] -- Up-to-date: /home/dev/gazebo-tutorials/gazebo-drone-ros/install/cam_interface/include/cam_interface/cam_interface/msg/detail
[0.708s] -- Up-to-date: /home/dev/gazebo-tutorials/gazebo-drone-ros/install/cam_interface/include/cam_interface/cam_interface/msg/detail/pixel__rosidl_typesupport_fastrtps_c.h
[0.708s] -- Up-to-date: /home/dev/gazebo-tutorials/gazebo-drone-ros/install/cam_interface/lib/libcam_interface__rosidl_typesupport_fastrtps_c.so
[0.708s] -- Up-to-date: /home/dev/gazebo-tutorials/gazebo-drone-ros/install/cam_interface/include/cam_interface/cam_interface
[0.708s] -- Up-to-date: /home/dev/gazebo-tutorials/gazebo-drone-ros/install/cam_interface/include/cam_interface/cam_interface/msg
[0.708s] -- Up-to-date: /home/dev/gazebo-tutorials/gazebo-drone-ros/install/cam_interface/include/cam_interface/cam_interface/msg/detail
[0.708s] -- Up-to-date: /home/dev/gazebo-tutorials/gazebo-drone-ros/install/cam_interface/include/cam_interface/cam_interface/msg/detail/pixel__traits.hpp
[0.709s] -- Up-to-date: /home/dev/gazebo-tutorials/gazebo-drone-ros/install/cam_interface/include/cam_interface/cam_interface/msg/detail/pixel__builder.hpp
[0.709s] -- Up-to-date: /home/dev/gazebo-tutorials/gazebo-drone-ros/install/cam_interface/include/cam_interface/cam_interface/msg/detail/pixel__struct.hpp
[0.709s] -- Up-to-date: /home/dev/gazebo-tutorials/gazebo-drone-ros/install/cam_interface/include/cam_interface/cam_interface/msg/pixel.hpp
[0.709s] -- Up-to-date: /home/dev/gazebo-tutorials/gazebo-drone-ros/install/cam_interface/include/cam_interface/cam_interface
[0.709s] -- Up-to-date: /home/dev/gazebo-tutorials/gazebo-drone-ros/install/cam_interface/include/cam_interface/cam_interface/msg
[0.709s] -- Up-to-date: /home/dev/gazebo-tutorials/gazebo-drone-ros/install/cam_interface/include/cam_interface/cam_interface/msg/rosidl_typesupport_fastrtps_cpp__visibility_control.h
[0.709s] -- Up-to-date: /home/dev/gazebo-tutorials/gazebo-drone-ros/install/cam_interface/include/cam_interface/cam_interface/msg/detail
[0.709s] -- Up-to-date: /home/dev/gazebo-tutorials/gazebo-drone-ros/install/cam_interface/include/cam_interface/cam_interface/msg/detail/dds_fastrtps
[0.709s] -- Up-to-date: /home/dev/gazebo-tutorials/gazebo-drone-ros/install/cam_interface/include/cam_interface/cam_interface/msg/detail/pixel__rosidl_typesupport_fastrtps_cpp.hpp
[0.709s] -- Up-to-date: /home/dev/gazebo-tutorials/gazebo-drone-ros/install/cam_interface/lib/libcam_interface__rosidl_typesupport_fastrtps_cpp.so
[0.709s] -- Up-to-date: /home/dev/gazebo-tutorials/gazebo-drone-ros/install/cam_interface/include/cam_interface/cam_interface
[0.709s] -- Up-to-date: /home/dev/gazebo-tutorials/gazebo-drone-ros/install/cam_interface/include/cam_interface/cam_interface/msg
[0.710s] -- Up-to-date: /home/dev/gazebo-tutorials/gazebo-drone-ros/install/cam_interface/include/cam_interface/cam_interface/msg/rosidl_typesupport_introspection_c__visibility_control.h
[0.710s] -- Up-to-date: /home/dev/gazebo-tutorials/gazebo-drone-ros/install/cam_interface/include/cam_interface/cam_interface/msg/detail
[0.710s] -- Up-to-date: /home/dev/gazebo-tutorials/gazebo-drone-ros/install/cam_interface/include/cam_interface/cam_interface/msg/detail/pixel__type_support.c
[0.710s] -- Up-to-date: /home/dev/gazebo-tutorials/gazebo-drone-ros/install/cam_interface/include/cam_interface/cam_interface/msg/detail/pixel__rosidl_typesupport_introspection_c.h
[0.710s] -- Up-to-date: /home/dev/gazebo-tutorials/gazebo-drone-ros/install/cam_interface/lib/libcam_interface__rosidl_typesupport_introspection_c.so
[0.710s] -- Up-to-date: /home/dev/gazebo-tutorials/gazebo-drone-ros/install/cam_interface/lib/libcam_interface__rosidl_typesupport_c.so
[0.710s] -- Up-to-date: /home/dev/gazebo-tutorials/gazebo-drone-ros/install/cam_interface/include/cam_interface/cam_interface
[0.710s] -- Up-to-date: /home/dev/gazebo-tutorials/gazebo-drone-ros/install/cam_interface/include/cam_interface/cam_interface/msg
[0.710s] -- Up-to-date: /home/dev/gazebo-tutorials/gazebo-drone-ros/install/cam_interface/include/cam_interface/cam_interface/msg/detail
[0.710s] -- Up-to-date: /home/dev/gazebo-tutorials/gazebo-drone-ros/install/cam_interface/include/cam_interface/cam_interface/msg/detail/pixel__type_support.cpp
[0.710s] -- Up-to-date: /home/dev/gazebo-tutorials/gazebo-drone-ros/install/cam_interface/include/cam_interface/cam_interface/msg/detail/pixel__rosidl_typesupport_introspection_cpp.hpp
[0.711s] -- Up-to-date: /home/dev/gazebo-tutorials/gazebo-drone-ros/install/cam_interface/lib/libcam_interface__rosidl_typesupport_introspection_cpp.so
[0.711s] -- Up-to-date: /home/dev/gazebo-tutorials/gazebo-drone-ros/install/cam_interface/lib/libcam_interface__rosidl_typesupport_cpp.so
[0.711s] -- Up-to-date: /home/dev/gazebo-tutorials/gazebo-drone-ros/install/cam_interface/share/cam_interface/environment/pythonpath.sh
[0.711s] -- Up-to-date: /home/dev/gazebo-tutorials/gazebo-drone-ros/install/cam_interface/share/cam_interface/environment/pythonpath.dsv
[0.711s] -- Up-to-date: /home/dev/gazebo-tutorials/gazebo-drone-ros/install/cam_interface/local/lib/python3.10/dist-packages/cam_interface-0.0.0-py3.10.egg-info
[0.711s] -- Installing: /home/dev/gazebo-tutorials/gazebo-drone-ros/install/cam_interface/local/lib/python3.10/dist-packages/cam_interface-0.0.0-py3.10.egg-info/top_level.txt
[0.711s] -- Installing: /home/dev/gazebo-tutorials/gazebo-drone-ros/install/cam_interface/local/lib/python3.10/dist-packages/cam_interface-0.0.0-py3.10.egg-info/SOURCES.txt
[0.711s] -- Installing: /home/dev/gazebo-tutorials/gazebo-drone-ros/install/cam_interface/local/lib/python3.10/dist-packages/cam_interface-0.0.0-py3.10.egg-info/PKG-INFO
[0.711s] -- Installing: /home/dev/gazebo-tutorials/gazebo-drone-ros/install/cam_interface/local/lib/python3.10/dist-packages/cam_interface-0.0.0-py3.10.egg-info/dependency_links.txt
[0.711s] -- Up-to-date: /home/dev/gazebo-tutorials/gazebo-drone-ros/install/cam_interface/local/lib/python3.10/dist-packages/cam_interface
[0.711s] -- Up-to-date: /home/dev/gazebo-tutorials/gazebo-drone-ros/install/cam_interface/local/lib/python3.10/dist-packages/cam_interface/_cam_interface_s.ep.rosidl_typesupport_fastrtps_c.c
[0.711s] -- Up-to-date: /home/dev/gazebo-tutorials/gazebo-drone-ros/install/cam_interface/local/lib/python3.10/dist-packages/cam_interface/_cam_interface_s.ep.rosidl_typesupport_c.c
[0.711s] -- Up-to-date: /home/dev/gazebo-tutorials/gazebo-drone-ros/install/cam_interface/local/lib/python3.10/dist-packages/cam_interface/__init__.py
[0.712s] -- Up-to-date: /home/dev/gazebo-tutorials/gazebo-drone-ros/install/cam_interface/local/lib/python3.10/dist-packages/cam_interface/libcam_interface__rosidl_generator_py.so
[0.712s] -- Up-to-date: /home/dev/gazebo-tutorials/gazebo-drone-ros/install/cam_interface/local/lib/python3.10/dist-packages/cam_interface/cam_interface_s__rosidl_typesupport_c.cpython-310-x86_64-linux-gnu.so
[0.712s] -- Up-to-date: /home/dev/gazebo-tutorials/gazebo-drone-ros/install/cam_interface/local/lib/python3.10/dist-packages/cam_interface/cam_interface_s__rosidl_typesupport_fastrtps_c.cpython-310-x86_64-linux-gnu.so
[0.712s] -- Up-to-date: /home/dev/gazebo-tutorials/gazebo-drone-ros/install/cam_interface/local/lib/python3.10/dist-packages/cam_interface/cam_interface_s__rosidl_typesupport_introspection_c.cpython-310-x86_64-linux-gnu.so
[0.712s] -- Up-to-date: /home/dev/gazebo-tutorials/gazebo-drone-ros/install/cam_interface/local/lib/python3.10/dist-packages/cam_interface/msg
[0.712s] -- Up-to-date: /home/dev/gazebo-tutorials/gazebo-drone-ros/install/cam_interface/local/lib/python3.10/dist-packages/cam_interface/msg/_pixel_s.c
[0.712s] -- Up-to-date: /home/dev/gazebo-tutorials/gazebo-drone-ros/install/cam_interface/local/lib/python3.10/dist-packages/cam_interface/msg/__init__.py
[0.712s] -- Up-to-date: /home/dev/gazebo-tutorials/gazebo-drone-ros/install/cam_interface/local/lib/python3.10/dist-packages/cam_interface/msg/_pixel.py
[0.712s] -- Up-to-date: /home/dev/gazebo-tutorials/gazebo-drone-ros/install/cam_interface/local/lib/python3.10/dist-packages/cam_interface/_cam_interface_s.ep.rosidl_typesupport_introspection_c.c
[0.744s] Listing '/home/dev/gazebo-tutorials/gazebo-drone-ros/install/cam_interface/local/lib/python3.10/dist-packages/cam_interface'...
[0.744s] Listing '/home/dev/gazebo-tutorials/gazebo-drone-ros/install/cam_interface/local/lib/python3.10/dist-packages/cam_interface/msg'...
[0.749s] -- Up-to-date: /home/dev/gazebo-tutorials/gazebo-drone-ros/install/cam_interface/local/lib/python3.10/dist-packages/cam_interface/cam_interface_s__rosidl_typesupport_fastrtps_c.cpython-310-x86_64-linux-gnu.so
[0.749s] -- Up-to-date: /home/dev/gazebo-tutorials/gazebo-drone-ros/install/cam_interface/local/lib/python3.10/dist-packages/cam_interface/cam_interface_s__rosidl_typesupport_introspection_c.cpython-310-x86_64-linux-gnu.so
[0.749s] -- Up-to-date: /home/dev/gazebo-tutorials/gazebo-drone-ros/install/cam_interface/local/lib/python3.10/dist-packages/cam_interface/cam_interface_s__rosidl_typesupport_c.cpython-310-x86_64-linux-gnu.so
[0.750s] -- Up-to-date: /home/dev/gazebo-tutorials/gazebo-drone-ros/install/cam_interface/lib/libcam_interface__rosidl_generator_py.so
[0.750s] -- Up-to-date: /home/dev/gazebo-tutorials/gazebo-drone-ros/install/cam_interface/share/cam_interface/msg/Pixel.idl
[0.750s] -- Up-to-date: /home/dev/gazebo-tutorials/gazebo-drone-ros/install/cam_interface/share/cam_interface/msg/Pixel.msg
[0.750s] -- Up-to-date: /home/dev/gazebo-tutorials/gazebo-drone-ros/install/cam_interface/share/ament_index/resource_index/package_run_dependencies/cam_interface
[0.750s] -- Up-to-date: /home/dev/gazebo-tutorials/gazebo-drone-ros/install/cam_interface/share/ament_index/resource_index/parent_prefix_path/cam_interface
[0.750s] -- Up-to-date: /home/dev/gazebo-tutorials/gazebo-drone-ros/install/cam_interface/share/cam_interface/environment/ament_prefix_path.sh
[0.750s] -- Up-to-date: /home/dev/gazebo-tutorials/gazebo-drone-ros/install/cam_interface/share/cam_interface/environment/ament_prefix_path.dsv
[0.750s] -- Up-to-date: /home/dev/gazebo-tutorials/gazebo-drone-ros/install/cam_interface/share/cam_interface/environment/path.sh
[0.750s] -- Up-to-date: /home/dev/gazebo-tutorials/gazebo-drone-ros/install/cam_interface/share/cam_interface/environment/path.dsv
[0.751s] -- Up-to-date: /home/dev/gazebo-tutorials/gazebo-drone-ros/install/cam_interface/share/cam_interface/local_setup.bash
[0.751s] -- Up-to-date: /home/dev/gazebo-tutorials/gazebo-drone-ros/install/cam_interface/share/cam_interface/local_setup.sh
[0.751s] -- Up-to-date: /home/dev/gazebo-tutorials/gazebo-drone-ros/install/cam_interface/share/cam_interface/local_setup.zsh
[0.751s] -- Up-to-date: /home/dev/gazebo-tutorials/gazebo-drone-ros/install/cam_interface/share/cam_interface/local_setup.dsv
[0.751s] -- Installing: /home/dev/gazebo-tutorials/gazebo-drone-ros/install/cam_interface/share/cam_interface/package.dsv
[0.751s] -- Up-to-date: /home/dev/gazebo-tutorials/gazebo-drone-ros/install/cam_interface/share/ament_index/resource_index/packages/cam_interface
[0.751s] -- Up-to-date: /home/dev/gazebo-tutorials/gazebo-drone-ros/install/cam_interface/share/cam_interface/cmake/export_cam_interface__rosidl_generator_cExport.cmake
[0.751s] -- Up-to-date: /home/dev/gazebo-tutorials/gazebo-drone-ros/install/cam_interface/share/cam_interface/cmake/export_cam_interface__rosidl_generator_cExport-noconfig.cmake
[0.751s] -- Up-to-date: /home/dev/gazebo-tutorials/gazebo-drone-ros/install/cam_interface/share/cam_interface/cmake/export_cam_interface__rosidl_typesupport_fastrtps_cExport.cmake
[0.752s] -- Up-to-date: /home/dev/gazebo-tutorials/gazebo-drone-ros/install/cam_interface/share/cam_interface/cmake/export_cam_interface__rosidl_typesupport_fastrtps_cExport-noconfig.cmake
[0.752s] -- Up-to-date: /home/dev/gazebo-tutorials/gazebo-drone-ros/install/cam_interface/share/cam_interface/cmake/export_cam_interface__rosidl_generator_cppExport.cmake
[0.752s] -- Up-to-date: /home/dev/gazebo-tutorials/gazebo-drone-ros/install/cam_interface/share/cam_interface/cmake/export_cam_interface__rosidl_typesupport_fastrtps_cppExport.cmake
[0.752s] -- Up-to-date: /home/dev/gazebo-tutorials/gazebo-drone-ros/install/cam_interface/share/cam_interface/cmake/export_cam_interface__rosidl_typesupport_fastrtps_cppExport-noconfig.cmake
[0.752s] -- Up-to-date: /home/dev/gazebo-tutorials/gazebo-drone-ros/install/cam_interface/share/cam_interface/cmake/cam_interface__rosidl_typesupport_introspection_cExport.cmake
[0.752s] -- Up-to-date: /home/dev/gazebo-tutorials/gazebo-drone-ros/install/cam_interface/share/cam_interface/cmake/cam_interface__rosidl_typesupport_introspection_cExport-noconfig.cmake
[0.752s] -- Up-to-date: /home/dev/gazebo-tutorials/gazebo-drone-ros/install/cam_interface/share/cam_interface/cmake/cam_interface__rosidl_typesupport_cExport.cmake
[0.756s] -- Up-to-date: /home/dev/gazebo-tutorials/gazebo-drone-ros/install/cam_interface/share/cam_interface/cmake/cam_interface__rosidl_typesupport_cExport-noconfig.cmake
[0.756s] -- Up-to-date: /home/dev/gazebo-tutorials/gazebo-drone-ros/install/cam_interface/share/cam_interface/cmake/cam_interface__rosidl_typesupport_introspection_cppExport.cmake
[0.756s] -- Up-to-date: /home/dev/gazebo-tutorials/gazebo-drone-ros/install/cam_interface/share/cam_interface/cmake/cam_interface__rosidl_typesupport_introspection_cppExport-noconfig.cmake
[0.756s] -- Up-to-date: /home/dev/gazebo-tutorials/gazebo-drone-ros/install/cam_interface/share/cam_interface/cmake/cam_interface__rosidl_typesupport_cppExport.cmake
[0.756s] -- Up-to-date: /home/dev/gazebo-tutorials/gazebo-drone-ros/install/cam_interface/share/cam_interface/cmake/cam_interface__rosidl_typesupport_cppExport-noconfig.cmake
[0.756s] -- Up-to-date: /home/dev/gazebo-tutorials/gazebo-drone-ros/install/cam_interface/share/cam_interface/cmake/export_cam_interface__rosidl_generator_pyExport.cmake
[0.757s] -- Up-to-date: /home/dev/gazebo-tutorials/gazebo-drone-ros/install/cam_interface/share/cam_interface/cmake/export_cam_interface__rosidl_generator_pyExport-noconfig.cmake
[0.757s] -- Up-to-date: /home/dev/gazebo-tutorials/gazebo-drone-ros/install/cam_interface/share/cam_interface/cmake/rosidl_cmake-extras.cmake
[0.757s] -- Up-to-date: /home/dev/gazebo-tutorials/gazebo-drone-ros/install/cam_interface/share/cam_interface/cmake/ament_cmake_export_dependencies-extras.cmake
[0.757s] -- Up-to-date: /home/dev/gazebo-tutorials/gazebo-drone-ros/install/cam_interface/share/cam_interface/cmake/ament_cmake_export_include_directories-extras.cmake
[0.757s] -- Up-to-date: /home/dev/gazebo-tutorials/gazebo-drone-ros/install/cam_interface/share/cam_interface/cmake/ament_cmake_export_libraries-extras.cmake
[0.757s] -- Up-to-date: /home/dev/gazebo-tutorials/gazebo-drone-ros/install/cam_interface/share/cam_interface/cmake/ament_cmake_export_targets-extras.cmake
[0.757s] -- Up-to-date: /home/dev/gazebo-tutorials/gazebo-drone-ros/install/cam_interface/share/cam_interface/cmake/rosidl_cmake_export_typesupport_targets-extras.cmake
[0.757s] -- Up-to-date: /home/dev/gazebo-tutorials/gazebo-drone-ros/install/cam_interface/share/cam_interface/cmake/rosidl_cmake_export_typesupport_libraries-extras.cmake
[0.757s] -- Up-to-date: /home/dev/gazebo-tutorials/gazebo-drone-ros/install/cam_interface/share/cam_interface/cmake/cam_interfaceConfig.cmake
[0.757s] -- Up-to-date: /home/dev/gazebo-tutorials/gazebo-drone-ros/install/cam_interface/share/cam_interface/cmake/cam_interfaceConfig-version.cmake
[0.757s] -- Up-to-date: /home/dev/gazebo-tutorials/gazebo-drone-ros/install/cam_interface/share/cam_interface/package.xml
[0.762s] Invoked command in '/home/dev/gazebo-tutorials/gazebo-drone-ros/build/cam_interface' returned '0': CMAKE_PREFIX_PATH=/opt/ros/humble /usr/bin/cmake --install /home/dev/gazebo-tutorials/gazebo-drone-ros/build/cam_interface
