[0.180s] Invoking command in '/home/dev/gazebo-tutorials/gazebo-drone-ros/build/cam_interface': CMAKE_PREFIX_PATH=/opt/ros/humble /usr/bin/cmake --build /home/dev/gazebo-tutorials/gazebo-drone-ros/build/cam_interface -- -j4 -l4
[0.327s] [  3%] Built target cam_interface__cpp
[0.338s] [ 12%] Built target cam_interface__rosidl_generator_c
[0.375s] [ 12%] Built target ament_cmake_python_copy_cam_interface
[0.432s] [ 22%] Built target cam_interface__rosidl_typesupport_introspection_cpp
[0.453s] [ 32%] Built target cam_interface__rosidl_typesupport_cpp
[0.473s] [ 41%] Built target cam_interface__rosidl_typesupport_fastrtps_cpp
[0.485s] [ 51%] Built target cam_interface__rosidl_typesupport_fastrtps_c
[0.532s] [ 61%] Built target cam_interface__rosidl_typesupport_introspection_c
[0.564s] [ 70%] Built target cam_interface__rosidl_typesupport_c
[0.635s] [ 70%] Built target cam_interface
[0.703s] [ 74%] Built target cam_interface__py
[0.785s] [ 80%] Built target cam_interface__rosidl_generator_py
[0.876s] [ 87%] Built target cam_interface__rosidl_typesupport_introspection_c__pyext
[0.902s] [ 93%] Built target cam_interface__rosidl_typesupport_c__pyext
[0.915s] [100%] Built target cam_interface__rosidl_typesupport_fastrtps_c__pyext
[1.412s] running egg_info
[1.420s] writing cam_interface.egg-info/PKG-INFO
[1.424s] writing dependency_links to cam_interface.egg-info/dependency_links.txt
[1.424s] writing top-level names to cam_interface.egg-info/top_level.txt
[1.427s] reading manifest file 'cam_interface.egg-info/SOURCES.txt'
[1.428s] writing manifest file 'cam_interface.egg-info/SOURCES.txt'
[1.508s] [100%] Built target ament_cmake_python_build_cam_interface_egg
[1.540s] Invoked command in '/home/dev/gazebo-tutorials/gazebo-drone-ros/build/cam_interface' returned '0': CMAKE_PREFIX_PATH=/opt/ros/humble /usr/bin/cmake --build /home/dev/gazebo-tutorials/gazebo-drone-ros/build/cam_interface -- -j4 -l4
[1.704s] Invoking command in '/home/dev/gazebo-tutorials/gazebo-drone-ros/build/cam_interface': CMAKE_PREFIX_PATH=/opt/ros/humble /usr/bin/cmake --install /home/dev/gazebo-tutorials/gazebo-drone-ros/build/cam_interface
[1.736s] -- Install configuration: ""
[1.736s] -- Up-to-date: /home/dev/gazebo-tutorials/gazebo-drone-ros/install/cam_interface/share/ament_index/resource_index/rosidl_interfaces/cam_interface
[1.737s] -- Up-to-date: /home/dev/gazebo-tutorials/gazebo-drone-ros/install/cam_interface/include/cam_interface/cam_interface
[1.737s] -- Up-to-date: /home/dev/gazebo-tutorials/gazebo-drone-ros/install/cam_interface/include/cam_interface/cam_interface/msg
[1.737s] -- Up-to-date: /home/dev/gazebo-tutorials/gazebo-drone-ros/install/cam_interface/include/cam_interface/cam_interface/msg/rosidl_generator_c__visibility_control.h
[1.738s] -- Up-to-date: /home/dev/gazebo-tutorials/gazebo-drone-ros/install/cam_interface/include/cam_interface/cam_interface/msg/pixel.h
[1.740s] -- Up-to-date: /home/dev/gazebo-tutorials/gazebo-drone-ros/install/cam_interface/include/cam_interface/cam_interface/msg/detail
[1.741s] -- Up-to-date: /home/dev/gazebo-tutorials/gazebo-drone-ros/install/cam_interface/include/cam_interface/cam_interface/msg/detail/pixel__functions.c
[1.745s] -- Up-to-date: /home/dev/gazebo-tutorials/gazebo-drone-ros/install/cam_interface/include/cam_interface/cam_interface/msg/detail/pixel__type_support.h
[1.746s] -- Up-to-date: /home/dev/gazebo-tutorials/gazebo-drone-ros/install/cam_interface/include/cam_interface/cam_interface/msg/detail/pixel__struct.h
[1.747s] -- Up-to-date: /home/dev/gazebo-tutorials/gazebo-drone-ros/install/cam_interface/include/cam_interface/cam_interface/msg/detail/pixel__functions.h
[1.747s] -- Up-to-date: /home/dev/gazebo-tutorials/gazebo-drone-ros/install/cam_interface/share/cam_interface/environment/library_path.sh
[1.748s] -- Up-to-date: /home/dev/gazebo-tutorials/gazebo-drone-ros/install/cam_interface/share/cam_interface/environment/library_path.dsv
[1.748s] -- Up-to-date: /home/dev/gazebo-tutorials/gazebo-drone-ros/install/cam_interface/lib/libcam_interface__rosidl_generator_c.so
[1.748s] -- Up-to-date: /home/dev/gazebo-tutorials/gazebo-drone-ros/install/cam_interface/include/cam_interface/cam_interface
[1.748s] -- Up-to-date: /home/dev/gazebo-tutorials/gazebo-drone-ros/install/cam_interface/include/cam_interface/cam_interface/msg
[1.749s] -- Up-to-date: /home/dev/gazebo-tutorials/gazebo-drone-ros/install/cam_interface/include/cam_interface/cam_interface/msg/rosidl_typesupport_fastrtps_c__visibility_control.h
[1.749s] -- Up-to-date: /home/dev/gazebo-tutorials/gazebo-drone-ros/install/cam_interface/include/cam_interface/cam_interface/msg/detail
[1.749s] -- Up-to-date: /home/dev/gazebo-tutorials/gazebo-drone-ros/install/cam_interface/include/cam_interface/cam_interface/msg/detail/pixel__rosidl_typesupport_fastrtps_c.h
[1.749s] -- Up-to-date: /home/dev/gazebo-tutorials/gazebo-drone-ros/install/cam_interface/lib/libcam_interface__rosidl_typesupport_fastrtps_c.so
[1.749s] -- Up-to-date: /home/dev/gazebo-tutorials/gazebo-drone-ros/install/cam_interface/include/cam_interface/cam_interface
[1.749s] -- Up-to-date: /home/dev/gazebo-tutorials/gazebo-drone-ros/install/cam_interface/include/cam_interface/cam_interface/msg
[1.750s] -- Up-to-date: /home/dev/gazebo-tutorials/gazebo-drone-ros/install/cam_interface/include/cam_interface/cam_interface/msg/detail
[1.750s] -- Up-to-date: /home/dev/gazebo-tutorials/gazebo-drone-ros/install/cam_interface/include/cam_interface/cam_interface/msg/detail/pixel__traits.hpp
[1.750s] -- Up-to-date: /home/dev/gazebo-tutorials/gazebo-drone-ros/install/cam_interface/include/cam_interface/cam_interface/msg/detail/pixel__builder.hpp
[1.750s] -- Up-to-date: /home/dev/gazebo-tutorials/gazebo-drone-ros/install/cam_interface/include/cam_interface/cam_interface/msg/detail/pixel__struct.hpp
[1.750s] -- Up-to-date: /home/dev/gazebo-tutorials/gazebo-drone-ros/install/cam_interface/include/cam_interface/cam_interface/msg/pixel.hpp
[1.750s] -- Up-to-date: /home/dev/gazebo-tutorials/gazebo-drone-ros/install/cam_interface/include/cam_interface/cam_interface
[1.750s] -- Up-to-date: /home/dev/gazebo-tutorials/gazebo-drone-ros/install/cam_interface/include/cam_interface/cam_interface/msg
[1.751s] -- Up-to-date: /home/dev/gazebo-tutorials/gazebo-drone-ros/install/cam_interface/include/cam_interface/cam_interface/msg/rosidl_typesupport_fastrtps_cpp__visibility_control.h
[1.751s] -- Up-to-date: /home/dev/gazebo-tutorials/gazebo-drone-ros/install/cam_interface/include/cam_interface/cam_interface/msg/detail
[1.751s] -- Up-to-date: /home/dev/gazebo-tutorials/gazebo-drone-ros/install/cam_interface/include/cam_interface/cam_interface/msg/detail/dds_fastrtps
[1.751s] -- Up-to-date: /home/dev/gazebo-tutorials/gazebo-drone-ros/install/cam_interface/include/cam_interface/cam_interface/msg/detail/pixel__rosidl_typesupport_fastrtps_cpp.hpp
[1.751s] -- Up-to-date: /home/dev/gazebo-tutorials/gazebo-drone-ros/install/cam_interface/lib/libcam_interface__rosidl_typesupport_fastrtps_cpp.so
[1.751s] -- Up-to-date: /home/dev/gazebo-tutorials/gazebo-drone-ros/install/cam_interface/include/cam_interface/cam_interface
[1.751s] -- Up-to-date: /home/dev/gazebo-tutorials/gazebo-drone-ros/install/cam_interface/include/cam_interface/cam_interface/msg
[1.751s] -- Up-to-date: /home/dev/gazebo-tutorials/gazebo-drone-ros/install/cam_interface/include/cam_interface/cam_interface/msg/rosidl_typesupport_introspection_c__visibility_control.h
[1.752s] -- Up-to-date: /home/dev/gazebo-tutorials/gazebo-drone-ros/install/cam_interface/include/cam_interface/cam_interface/msg/detail
[1.752s] -- Up-to-date: /home/dev/gazebo-tutorials/gazebo-drone-ros/install/cam_interface/include/cam_interface/cam_interface/msg/detail/pixel__type_support.c
[1.752s] -- Up-to-date: /home/dev/gazebo-tutorials/gazebo-drone-ros/install/cam_interface/include/cam_interface/cam_interface/msg/detail/pixel__rosidl_typesupport_introspection_c.h
[1.752s] -- Up-to-date: /home/dev/gazebo-tutorials/gazebo-drone-ros/install/cam_interface/lib/libcam_interface__rosidl_typesupport_introspection_c.so
[1.754s] -- Up-to-date: /home/dev/gazebo-tutorials/gazebo-drone-ros/install/cam_interface/lib/libcam_interface__rosidl_typesupport_c.so
[1.756s] -- Up-to-date: /home/dev/gazebo-tutorials/gazebo-drone-ros/install/cam_interface/include/cam_interface/cam_interface
[1.759s] -- Up-to-date: /home/dev/gazebo-tutorials/gazebo-drone-ros/install/cam_interface/include/cam_interface/cam_interface/msg
[1.760s] -- Up-to-date: /home/dev/gazebo-tutorials/gazebo-drone-ros/install/cam_interface/include/cam_interface/cam_interface/msg/detail
[1.761s] -- Up-to-date: /home/dev/gazebo-tutorials/gazebo-drone-ros/install/cam_interface/include/cam_interface/cam_interface/msg/detail/pixel__type_support.cpp
[1.761s] -- Up-to-date: /home/dev/gazebo-tutorials/gazebo-drone-ros/install/cam_interface/include/cam_interface/cam_interface/msg/detail/pixel__rosidl_typesupport_introspection_cpp.hpp
[1.762s] -- Up-to-date: /home/dev/gazebo-tutorials/gazebo-drone-ros/install/cam_interface/lib/libcam_interface__rosidl_typesupport_introspection_cpp.so
[1.762s] -- Up-to-date: /home/dev/gazebo-tutorials/gazebo-drone-ros/install/cam_interface/lib/libcam_interface__rosidl_typesupport_cpp.so
[1.762s] -- Up-to-date: /home/dev/gazebo-tutorials/gazebo-drone-ros/install/cam_interface/share/cam_interface/environment/pythonpath.sh
[1.762s] -- Up-to-date: /home/dev/gazebo-tutorials/gazebo-drone-ros/install/cam_interface/share/cam_interface/environment/pythonpath.dsv
[1.763s] -- Up-to-date: /home/dev/gazebo-tutorials/gazebo-drone-ros/install/cam_interface/local/lib/python3.10/dist-packages/cam_interface-0.0.0-py3.10.egg-info
[1.763s] -- Installing: /home/dev/gazebo-tutorials/gazebo-drone-ros/install/cam_interface/local/lib/python3.10/dist-packages/cam_interface-0.0.0-py3.10.egg-info/top_level.txt
[1.763s] -- Installing: /home/dev/gazebo-tutorials/gazebo-drone-ros/install/cam_interface/local/lib/python3.10/dist-packages/cam_interface-0.0.0-py3.10.egg-info/SOURCES.txt
[1.763s] -- Installing: /home/dev/gazebo-tutorials/gazebo-drone-ros/install/cam_interface/local/lib/python3.10/dist-packages/cam_interface-0.0.0-py3.10.egg-info/PKG-INFO
[1.763s] -- Installing: /home/dev/gazebo-tutorials/gazebo-drone-ros/install/cam_interface/local/lib/python3.10/dist-packages/cam_interface-0.0.0-py3.10.egg-info/dependency_links.txt
[1.763s] -- Up-to-date: /home/dev/gazebo-tutorials/gazebo-drone-ros/install/cam_interface/local/lib/python3.10/dist-packages/cam_interface
[1.763s] -- Up-to-date: /home/dev/gazebo-tutorials/gazebo-drone-ros/install/cam_interface/local/lib/python3.10/dist-packages/cam_interface/_cam_interface_s.ep.rosidl_typesupport_fastrtps_c.c
[1.763s] -- Up-to-date: /home/dev/gazebo-tutorials/gazebo-drone-ros/install/cam_interface/local/lib/python3.10/dist-packages/cam_interface/_cam_interface_s.ep.rosidl_typesupport_c.c
[1.763s] -- Up-to-date: /home/dev/gazebo-tutorials/gazebo-drone-ros/install/cam_interface/local/lib/python3.10/dist-packages/cam_interface/__init__.py
[1.765s] -- Up-to-date: /home/dev/gazebo-tutorials/gazebo-drone-ros/install/cam_interface/local/lib/python3.10/dist-packages/cam_interface/libcam_interface__rosidl_generator_py.so
[1.767s] -- Up-to-date: /home/dev/gazebo-tutorials/gazebo-drone-ros/install/cam_interface/local/lib/python3.10/dist-packages/cam_interface/cam_interface_s__rosidl_typesupport_c.cpython-310-x86_64-linux-gnu.so
[1.767s] -- Up-to-date: /home/dev/gazebo-tutorials/gazebo-drone-ros/install/cam_interface/local/lib/python3.10/dist-packages/cam_interface/cam_interface_s__rosidl_typesupport_fastrtps_c.cpython-310-x86_64-linux-gnu.so
[1.768s] -- Up-to-date: /home/dev/gazebo-tutorials/gazebo-drone-ros/install/cam_interface/local/lib/python3.10/dist-packages/cam_interface/cam_interface_s__rosidl_typesupport_introspection_c.cpython-310-x86_64-linux-gnu.so
[1.768s] -- Up-to-date: /home/dev/gazebo-tutorials/gazebo-drone-ros/install/cam_interface/local/lib/python3.10/dist-packages/cam_interface/msg
[1.768s] -- Up-to-date: /home/dev/gazebo-tutorials/gazebo-drone-ros/install/cam_interface/local/lib/python3.10/dist-packages/cam_interface/msg/_pixel_s.c
[1.768s] -- Up-to-date: /home/dev/gazebo-tutorials/gazebo-drone-ros/install/cam_interface/local/lib/python3.10/dist-packages/cam_interface/msg/__init__.py
[1.768s] -- Up-to-date: /home/dev/gazebo-tutorials/gazebo-drone-ros/install/cam_interface/local/lib/python3.10/dist-packages/cam_interface/msg/_pixel.py
[1.768s] -- Up-to-date: /home/dev/gazebo-tutorials/gazebo-drone-ros/install/cam_interface/local/lib/python3.10/dist-packages/cam_interface/_cam_interface_s.ep.rosidl_typesupport_introspection_c.c
[1.869s] Listing '/home/dev/gazebo-tutorials/gazebo-drone-ros/install/cam_interface/local/lib/python3.10/dist-packages/cam_interface'...
[1.869s] Listing '/home/dev/gazebo-tutorials/gazebo-drone-ros/install/cam_interface/local/lib/python3.10/dist-packages/cam_interface/msg'...
[1.886s] -- Up-to-date: /home/dev/gazebo-tutorials/gazebo-drone-ros/install/cam_interface/local/lib/python3.10/dist-packages/cam_interface/cam_interface_s__rosidl_typesupport_fastrtps_c.cpython-310-x86_64-linux-gnu.so
[1.887s] -- Up-to-date: /home/dev/gazebo-tutorials/gazebo-drone-ros/install/cam_interface/local/lib/python3.10/dist-packages/cam_interface/cam_interface_s__rosidl_typesupport_introspection_c.cpython-310-x86_64-linux-gnu.so
[1.887s] -- Up-to-date: /home/dev/gazebo-tutorials/gazebo-drone-ros/install/cam_interface/local/lib/python3.10/dist-packages/cam_interface/cam_interface_s__rosidl_typesupport_c.cpython-310-x86_64-linux-gnu.so
[1.887s] -- Up-to-date: /home/dev/gazebo-tutorials/gazebo-drone-ros/install/cam_interface/lib/libcam_interface__rosidl_generator_py.so
[1.888s] -- Up-to-date: /home/dev/gazebo-tutorials/gazebo-drone-ros/install/cam_interface/share/cam_interface/msg/Pixel.idl
[1.888s] -- Up-to-date: /home/dev/gazebo-tutorials/gazebo-drone-ros/install/cam_interface/share/cam_interface/msg/Pixel.msg
[1.888s] -- Up-to-date: /home/dev/gazebo-tutorials/gazebo-drone-ros/install/cam_interface/share/ament_index/resource_index/package_run_dependencies/cam_interface
[1.888s] -- Up-to-date: /home/dev/gazebo-tutorials/gazebo-drone-ros/install/cam_interface/share/ament_index/resource_index/parent_prefix_path/cam_interface
[1.888s] -- Up-to-date: /home/dev/gazebo-tutorials/gazebo-drone-ros/install/cam_interface/share/cam_interface/environment/ament_prefix_path.sh
[1.888s] -- Up-to-date: /home/dev/gazebo-tutorials/gazebo-drone-ros/install/cam_interface/share/cam_interface/environment/ament_prefix_path.dsv
[1.888s] -- Up-to-date: /home/dev/gazebo-tutorials/gazebo-drone-ros/install/cam_interface/share/cam_interface/environment/path.sh
[1.889s] -- Up-to-date: /home/dev/gazebo-tutorials/gazebo-drone-ros/install/cam_interface/share/cam_interface/environment/path.dsv
[1.889s] -- Up-to-date: /home/dev/gazebo-tutorials/gazebo-drone-ros/install/cam_interface/share/cam_interface/local_setup.bash
[1.889s] -- Up-to-date: /home/dev/gazebo-tutorials/gazebo-drone-ros/install/cam_interface/share/cam_interface/local_setup.sh
[1.889s] -- Up-to-date: /home/dev/gazebo-tutorials/gazebo-drone-ros/install/cam_interface/share/cam_interface/local_setup.zsh
[1.889s] -- Up-to-date: /home/dev/gazebo-tutorials/gazebo-drone-ros/install/cam_interface/share/cam_interface/local_setup.dsv
[1.889s] -- Installing: /home/dev/gazebo-tutorials/gazebo-drone-ros/install/cam_interface/share/cam_interface/package.dsv
[1.889s] -- Up-to-date: /home/dev/gazebo-tutorials/gazebo-drone-ros/install/cam_interface/share/ament_index/resource_index/packages/cam_interface
[1.889s] -- Up-to-date: /home/dev/gazebo-tutorials/gazebo-drone-ros/install/cam_interface/share/cam_interface/cmake/export_cam_interface__rosidl_generator_cExport.cmake
[1.889s] -- Up-to-date: /home/dev/gazebo-tutorials/gazebo-drone-ros/install/cam_interface/share/cam_interface/cmake/export_cam_interface__rosidl_generator_cExport-noconfig.cmake
[1.889s] -- Up-to-date: /home/dev/gazebo-tutorials/gazebo-drone-ros/install/cam_interface/share/cam_interface/cmake/export_cam_interface__rosidl_typesupport_fastrtps_cExport.cmake
[1.890s] -- Up-to-date: /home/dev/gazebo-tutorials/gazebo-drone-ros/install/cam_interface/share/cam_interface/cmake/export_cam_interface__rosidl_typesupport_fastrtps_cExport-noconfig.cmake
[1.890s] -- Up-to-date: /home/dev/gazebo-tutorials/gazebo-drone-ros/install/cam_interface/share/cam_interface/cmake/export_cam_interface__rosidl_generator_cppExport.cmake
[1.890s] -- Up-to-date: /home/dev/gazebo-tutorials/gazebo-drone-ros/install/cam_interface/share/cam_interface/cmake/export_cam_interface__rosidl_typesupport_fastrtps_cppExport.cmake
[1.890s] -- Up-to-date: /home/dev/gazebo-tutorials/gazebo-drone-ros/install/cam_interface/share/cam_interface/cmake/export_cam_interface__rosidl_typesupport_fastrtps_cppExport-noconfig.cmake
[1.890s] -- Up-to-date: /home/dev/gazebo-tutorials/gazebo-drone-ros/install/cam_interface/share/cam_interface/cmake/cam_interface__rosidl_typesupport_introspection_cExport.cmake
[1.891s] -- Up-to-date: /home/dev/gazebo-tutorials/gazebo-drone-ros/install/cam_interface/share/cam_interface/cmake/cam_interface__rosidl_typesupport_introspection_cExport-noconfig.cmake
[1.891s] -- Up-to-date: /home/dev/gazebo-tutorials/gazebo-drone-ros/install/cam_interface/share/cam_interface/cmake/cam_interface__rosidl_typesupport_cExport.cmake
[1.891s] -- Up-to-date: /home/dev/gazebo-tutorials/gazebo-drone-ros/install/cam_interface/share/cam_interface/cmake/cam_interface__rosidl_typesupport_cExport-noconfig.cmake
[1.891s] -- Up-to-date: /home/dev/gazebo-tutorials/gazebo-drone-ros/install/cam_interface/share/cam_interface/cmake/cam_interface__rosidl_typesupport_introspection_cppExport.cmake
[1.891s] -- Up-to-date: /home/dev/gazebo-tutorials/gazebo-drone-ros/install/cam_interface/share/cam_interface/cmake/cam_interface__rosidl_typesupport_introspection_cppExport-noconfig.cmake
[1.892s] -- Up-to-date: /home/dev/gazebo-tutorials/gazebo-drone-ros/install/cam_interface/share/cam_interface/cmake/cam_interface__rosidl_typesupport_cppExport.cmake
[1.892s] -- Up-to-date: /home/dev/gazebo-tutorials/gazebo-drone-ros/install/cam_interface/share/cam_interface/cmake/cam_interface__rosidl_typesupport_cppExport-noconfig.cmake
[1.892s] -- Up-to-date: /home/dev/gazebo-tutorials/gazebo-drone-ros/install/cam_interface/share/cam_interface/cmake/export_cam_interface__rosidl_generator_pyExport.cmake
[1.892s] -- Up-to-date: /home/dev/gazebo-tutorials/gazebo-drone-ros/install/cam_interface/share/cam_interface/cmake/export_cam_interface__rosidl_generator_pyExport-noconfig.cmake
[1.892s] -- Up-to-date: /home/dev/gazebo-tutorials/gazebo-drone-ros/install/cam_interface/share/cam_interface/cmake/rosidl_cmake-extras.cmake
[1.892s] -- Up-to-date: /home/dev/gazebo-tutorials/gazebo-drone-ros/install/cam_interface/share/cam_interface/cmake/ament_cmake_export_dependencies-extras.cmake
[1.892s] -- Up-to-date: /home/dev/gazebo-tutorials/gazebo-drone-ros/install/cam_interface/share/cam_interface/cmake/ament_cmake_export_include_directories-extras.cmake
[1.892s] -- Up-to-date: /home/dev/gazebo-tutorials/gazebo-drone-ros/install/cam_interface/share/cam_interface/cmake/ament_cmake_export_libraries-extras.cmake
[1.892s] -- Up-to-date: /home/dev/gazebo-tutorials/gazebo-drone-ros/install/cam_interface/share/cam_interface/cmake/ament_cmake_export_targets-extras.cmake
[1.892s] -- Up-to-date: /home/dev/gazebo-tutorials/gazebo-drone-ros/install/cam_interface/share/cam_interface/cmake/rosidl_cmake_export_typesupport_targets-extras.cmake
[1.892s] -- Up-to-date: /home/dev/gazebo-tutorials/gazebo-drone-ros/install/cam_interface/share/cam_interface/cmake/rosidl_cmake_export_typesupport_libraries-extras.cmake
[1.893s] -- Up-to-date: /home/dev/gazebo-tutorials/gazebo-drone-ros/install/cam_interface/share/cam_interface/cmake/cam_interfaceConfig.cmake
[1.893s] -- Up-to-date: /home/dev/gazebo-tutorials/gazebo-drone-ros/install/cam_interface/share/cam_interface/cmake/cam_interfaceConfig-version.cmake
[1.893s] -- Up-to-date: /home/dev/gazebo-tutorials/gazebo-drone-ros/install/cam_interface/share/cam_interface/package.xml
[1.899s] Invoked command in '/home/dev/gazebo-tutorials/gazebo-drone-ros/build/cam_interface' returned '0': CMAKE_PREFIX_PATH=/opt/ros/humble /usr/bin/cmake --install /home/dev/gazebo-tutorials/gazebo-drone-ros/build/cam_interface
