[0.068s] Invoking command in '/home/dev/gazebo-tutorials/gazebo-drone-ros/build/box_camera': AMENT_PREFIX_PATH=/home/dev/gazebo-tutorials/gazebo-drone-ros/install/cam_interface:${AMENT_PREFIX_PATH} CMAKE_PREFIX_PATH=/home/dev/gazebo-tutorials/gazebo-drone-ros/install/cam_interface:/opt/ros/humble LD_LIBRARY_PATH=/home/dev/gazebo-tutorials/gazebo-drone-ros/install/cam_interface/lib:${LD_LIBRARY_PATH} PYTHONPATH=/home/dev/gazebo-tutorials/gazebo-drone-ros/install/cam_interface/local/lib/python3.10/dist-packages:${PYTHONPATH} /usr/bin/cmake --build /home/dev/gazebo-tutorials/gazebo-drone-ros/build/box_camera -- -j4 -l4
[0.120s] [35m[1mConsolidate compiler generated dependencies of target box_camera_plugin[0m
[0.162s] [ 50%] [32mBuilding CXX object CMakeFiles/box_camera_plugin.dir/src/boxCameraPlugin.cpp.o[0m
[10.267s] [01m[K/home/dev/gazebo-tutorials/gazebo-drone-ros/src/box_camera/src/boxCameraPlugin.cpp:[m[K In constructor ‘[01m[Kgazebo::BoxCameraPlugin::BoxCameraPlugin()[m[K’:
[10.268s] [01m[K/home/dev/gazebo-tutorials/gazebo-drone-ros/src/box_camera/src/boxCameraPlugin.cpp:37:9:[m[K [01;31m[Kerror: [m[K‘[01m[Kcam_publisher[m[K’ was not declared in this scope; did you mean ‘[01m[Krmw_publisher_t[m[K’?
[10.268s]    37 |         [01;31m[Kcam_publisher[m[K = this->create_publisher<OffboardControlMode>("/sai_custom_plugin/data", 10);
[10.268s]       |         [01;31m[K^~~~~~~~~~~~~[m[K
[10.268s]       |         [32m[Krmw_publisher_t[m[K
[10.268s] [01m[K/home/dev/gazebo-tutorials/gazebo-drone-ros/src/box_camera/src/boxCameraPlugin.cpp:37:31:[m[K [01;31m[Kerror: [m[K‘[01m[Kclass gazebo::BoxCameraPlugin[m[K’ has no member named ‘[01m[Kcreate_publisher[m[K’
[10.268s]    37 |         cam_publisher = this->[01;31m[Kcreate_publisher[m[K<OffboardControlMode>("/sai_custom_plugin/data", 10);
[10.268s]       |                               [01;31m[K^~~~~~~~~~~~~~~~[m[K
[10.315s] [01m[K/home/dev/gazebo-tutorials/gazebo-drone-ros/src/box_camera/src/boxCameraPlugin.cpp:37:48:[m[K [01;31m[Kerror: [m[K‘[01m[KOffboardControlMode[m[K’ was not declared in this scope
[10.315s]    37 |         cam_publisher = this->create_publisher<[01;31m[KOffboardControlMode[m[K>("/sai_custom_plugin/data", 10);
[10.315s]       |                                                [01;31m[K^~~~~~~~~~~~~~~~~~~[m[K
[10.315s] [01m[K/home/dev/gazebo-tutorials/gazebo-drone-ros/src/box_camera/src/boxCameraPlugin.cpp:37:69:[m[K [01;35m[Kwarning: [m[Kleft operand of comma operator has no effect [[01;35m[K]8;;https://gcc.gnu.org/onlinedocs/gcc/Warning-Options.html#index-Wunused-value-Wunused-value]8;;[m[K]
[10.315s]    37 |         cam_publisher = this->create_publisher<OffboardControlMode>([01;35m[K"/sai_custom_plugin/data"[m[K, 10);
[10.315s]       |                                                                     [01;35m[K^~~~~~~~~~~~~~~~~~~~~~~~~[m[K
[11.973s] gmake[2]: *** [CMakeFiles/box_camera_plugin.dir/build.make:76: CMakeFiles/box_camera_plugin.dir/src/boxCameraPlugin.cpp.o] Error 1
[11.973s] gmake[1]: *** [CMakeFiles/Makefile2:137: CMakeFiles/box_camera_plugin.dir/all] Error 2
[11.973s] gmake: *** [Makefile:146: all] Error 2
[11.975s] Invoked command in '/home/dev/gazebo-tutorials/gazebo-drone-ros/build/box_camera' returned '2': AMENT_PREFIX_PATH=/home/dev/gazebo-tutorials/gazebo-drone-ros/install/cam_interface:${AMENT_PREFIX_PATH} CMAKE_PREFIX_PATH=/home/dev/gazebo-tutorials/gazebo-drone-ros/install/cam_interface:/opt/ros/humble LD_LIBRARY_PATH=/home/dev/gazebo-tutorials/gazebo-drone-ros/install/cam_interface/lib:${LD_LIBRARY_PATH} PYTHONPATH=/home/dev/gazebo-tutorials/gazebo-drone-ros/install/cam_interface/local/lib/python3.10/dist-packages:${PYTHONPATH} /usr/bin/cmake --build /home/dev/gazebo-tutorials/gazebo-drone-ros/build/box_camera -- -j4 -l4
