[0.336s] Invoking command in '/home/dev/gazebo-tutorials/gazebo-drone-ros/build/box_camera': AMENT_PREFIX_PATH=/home/dev/gazebo-tutorials/gazebo-drone-ros/install/cam_interface:${AMENT_PREFIX_PATH} CMAKE_PREFIX_PATH=/home/dev/gazebo-tutorials/gazebo-drone-ros/install/cam_interface:/opt/ros/humble LD_LIBRARY_PATH=/home/dev/gazebo-tutorials/gazebo-drone-ros/install/cam_interface/lib:${LD_LIBRARY_PATH} PYTHONPATH=/home/dev/gazebo-tutorials/gazebo-drone-ros/install/cam_interface/local/lib/python3.10/dist-packages:${PYTHONPATH} /usr/bin/cmake --build /home/dev/gazebo-tutorials/gazebo-drone-ros/build/box_camera -- -j4 -l4
[0.879s] [35m[1mConsolidate compiler generated dependencies of target box_camera_plugin[0m
[1.117s] [ 50%] [32mBuilding CXX object CMakeFiles/box_camera_plugin.dir/src/boxCameraPlugin.cpp.o[0m
[47.407s] [100%] [32m[1mLinking CXX shared library libbox_camera_plugin.so[0m
[48.596s] [100%] Built target box_camera_plugin
[48.629s] Invoked command in '/home/dev/gazebo-tutorials/gazebo-drone-ros/build/box_camera' returned '0': AMENT_PREFIX_PATH=/home/dev/gazebo-tutorials/gazebo-drone-ros/install/cam_interface:${AMENT_PREFIX_PATH} CMAKE_PREFIX_PATH=/home/dev/gazebo-tutorials/gazebo-drone-ros/install/cam_interface:/opt/ros/humble LD_LIBRARY_PATH=/home/dev/gazebo-tutorials/gazebo-drone-ros/install/cam_interface/lib:${LD_LIBRARY_PATH} PYTHONPATH=/home/dev/gazebo-tutorials/gazebo-drone-ros/install/cam_interface/local/lib/python3.10/dist-packages:${PYTHONPATH} /usr/bin/cmake --build /home/dev/gazebo-tutorials/gazebo-drone-ros/build/box_camera -- -j4 -l4
[48.709s] Invoking command in '/home/dev/gazebo-tutorials/gazebo-drone-ros/build/box_camera': AMENT_PREFIX_PATH=/home/dev/gazebo-tutorials/gazebo-drone-ros/install/cam_interface:${AMENT_PREFIX_PATH} CMAKE_PREFIX_PATH=/home/dev/gazebo-tutorials/gazebo-drone-ros/install/cam_interface:/opt/ros/humble LD_LIBRARY_PATH=/home/dev/gazebo-tutorials/gazebo-drone-ros/install/cam_interface/lib:${LD_LIBRARY_PATH} PYTHONPATH=/home/dev/gazebo-tutorials/gazebo-drone-ros/install/cam_interface/local/lib/python3.10/dist-packages:${PYTHONPATH} /usr/bin/cmake --install /home/dev/gazebo-tutorials/gazebo-drone-ros/build/box_camera
[48.735s] -- Install configuration: ""
[48.735s] -- Up-to-date: /home/dev/gazebo-tutorials/gazebo-drone-ros/install/box_camera/share/box_camera//src
[48.736s] -- Installing: /home/dev/gazebo-tutorials/gazebo-drone-ros/install/box_camera/share/box_camera//src/boxCameraPlugin.cpp
[48.736s] -- Up-to-date: /home/dev/gazebo-tutorials/gazebo-drone-ros/install/box_camera/share/box_camera/environment/library_path.sh
[48.736s] -- Up-to-date: /home/dev/gazebo-tutorials/gazebo-drone-ros/install/box_camera/share/box_camera/environment/library_path.dsv
[48.737s] -- Installing: /home/dev/gazebo-tutorials/gazebo-drone-ros/install/box_camera/lib/libbox_camera_plugin.so
[48.740s] -- Set runtime path of "/home/dev/gazebo-tutorials/gazebo-drone-ros/install/box_camera/lib/libbox_camera_plugin.so" to ""
[48.740s] -- Up-to-date: /home/dev/gazebo-tutorials/gazebo-drone-ros/install/box_camera/share/ament_index/resource_index/package_run_dependencies/box_camera
[48.740s] -- Up-to-date: /home/dev/gazebo-tutorials/gazebo-drone-ros/install/box_camera/share/ament_index/resource_index/parent_prefix_path/box_camera
[48.740s] -- Up-to-date: /home/dev/gazebo-tutorials/gazebo-drone-ros/install/box_camera/share/box_camera/environment/ament_prefix_path.sh
[48.740s] -- Up-to-date: /home/dev/gazebo-tutorials/gazebo-drone-ros/install/box_camera/share/box_camera/environment/ament_prefix_path.dsv
[48.741s] -- Up-to-date: /home/dev/gazebo-tutorials/gazebo-drone-ros/install/box_camera/share/box_camera/environment/path.sh
[48.741s] -- Up-to-date: /home/dev/gazebo-tutorials/gazebo-drone-ros/install/box_camera/share/box_camera/environment/path.dsv
[48.741s] -- Up-to-date: /home/dev/gazebo-tutorials/gazebo-drone-ros/install/box_camera/share/box_camera/local_setup.bash
[48.741s] -- Up-to-date: /home/dev/gazebo-tutorials/gazebo-drone-ros/install/box_camera/share/box_camera/local_setup.sh
[48.741s] -- Up-to-date: /home/dev/gazebo-tutorials/gazebo-drone-ros/install/box_camera/share/box_camera/local_setup.zsh
[48.741s] -- Up-to-date: /home/dev/gazebo-tutorials/gazebo-drone-ros/install/box_camera/share/box_camera/local_setup.dsv
[48.741s] -- Installing: /home/dev/gazebo-tutorials/gazebo-drone-ros/install/box_camera/share/box_camera/package.dsv
[48.741s] -- Up-to-date: /home/dev/gazebo-tutorials/gazebo-drone-ros/install/box_camera/share/ament_index/resource_index/packages/box_camera
[48.741s] -- Up-to-date: /home/dev/gazebo-tutorials/gazebo-drone-ros/install/box_camera/share/box_camera/cmake/ament_cmake_export_libraries-extras.cmake
[48.742s] -- Up-to-date: /home/dev/gazebo-tutorials/gazebo-drone-ros/install/box_camera/share/box_camera/cmake/box_cameraConfig.cmake
[48.742s] -- Up-to-date: /home/dev/gazebo-tutorials/gazebo-drone-ros/install/box_camera/share/box_camera/cmake/box_cameraConfig-version.cmake
[48.742s] -- Up-to-date: /home/dev/gazebo-tutorials/gazebo-drone-ros/install/box_camera/share/box_camera/package.xml
[48.742s] -- Up-to-date: /home/dev/gazebo-tutorials/gazebo-drone-ros/install/box_camera/include
[48.742s] -- Up-to-date: /home/dev/gazebo-tutorials/gazebo-drone-ros/install/box_camera/include/boxCamera
[48.742s] -- Up-to-date: /home/dev/gazebo-tutorials/gazebo-drone-ros/install/box_camera/include/boxCamera/boxCameraPlugin.hpp
[48.747s] Invoked command in '/home/dev/gazebo-tutorials/gazebo-drone-ros/build/box_camera' returned '0': AMENT_PREFIX_PATH=/home/dev/gazebo-tutorials/gazebo-drone-ros/install/cam_interface:${AMENT_PREFIX_PATH} CMAKE_PREFIX_PATH=/home/dev/gazebo-tutorials/gazebo-drone-ros/install/cam_interface:/opt/ros/humble LD_LIBRARY_PATH=/home/dev/gazebo-tutorials/gazebo-drone-ros/install/cam_interface/lib:${LD_LIBRARY_PATH} PYTHONPATH=/home/dev/gazebo-tutorials/gazebo-drone-ros/install/cam_interface/local/lib/python3.10/dist-packages:${PYTHONPATH} /usr/bin/cmake --install /home/dev/gazebo-tutorials/gazebo-drone-ros/build/box_camera
