[1.002s] DEBUG:colcon:Command line arguments: ['/usr/bin/colcon', 'build', '--packages-select', 'cam_interface']
[1.002s] DEBUG:colcon:Parsed command line arguments: Namespace(log_base=None, log_level=None, verb_name='build', build_base='build', install_base='install', merge_install=False, symlink_install=False, test_result_base=None, continue_on_error=False, executor='parallel', parallel_workers=4, event_handlers=None, ignore_user_meta=False, metas=['./colcon.meta'], base_paths=['.'], packages_ignore=None, packages_ignore_regex=None, paths=None, packages_up_to=None, packages_up_to_regex=None, packages_above=None, packages_above_and_dependencies=None, packages_above_depth=None, packages_select_by_dep=None, packages_skip_by_dep=None, packages_skip_up_to=None, packages_select_build_failed=False, packages_skip_build_finished=False, packages_select_test_failures=False, packages_skip_test_passed=False, packages_select=['cam_interface'], packages_skip=None, packages_select_regex=None, packages_skip_regex=None, packages_start=None, packages_end=None, allow_overriding=[], cmake_args=None, cmake_target=None, cmake_target_skip_unavailable=False, cmake_clean_cache=False, cmake_clean_first=False, cmake_force_configure=False, ament_cmake_args=None, catkin_cmake_args=None, catkin_skip_building_tests=False, verb_parser=<colcon_defaults.argument_parser.defaults.DefaultArgumentsDecorator object at 0x7c1247de3ac0>, verb_extension=<colcon_core.verb.build.BuildVerb object at 0x7c124804bbb0>, main=<bound method BuildVerb.main of <colcon_core.verb.build.BuildVerb object at 0x7c124804bbb0>>)
[1.052s] Level 1:colcon.colcon_core.package_discovery:discover_packages(colcon_meta) check parameters
[1.053s] Level 1:colcon.colcon_core.package_discovery:discover_packages(recursive) check parameters
[1.053s] Level 1:colcon.colcon_core.package_discovery:discover_packages(ignore) check parameters
[1.053s] Level 1:colcon.colcon_core.package_discovery:discover_packages(path) check parameters
[1.053s] Level 1:colcon.colcon_core.package_discovery:discover_packages(colcon_meta) discover
[1.053s] Level 1:colcon.colcon_core.package_discovery:discover_packages(recursive) discover
[1.053s] INFO:colcon.colcon_core.package_discovery:Crawling recursively for packages in '/home/dev/gazebo-tutorials/gazebo-drone-ros'
[1.053s] Level 1:colcon.colcon_core.package_identification:_identify(.) by extensions ['ignore', 'ignore_ament_install']
[1.053s] Level 1:colcon.colcon_core.package_identification:_identify(.) by extension 'ignore'
[1.053s] Level 1:colcon.colcon_core.package_identification:_identify(.) by extension 'ignore_ament_install'
[1.053s] Level 1:colcon.colcon_core.package_identification:_identify(.) by extensions ['colcon_pkg']
[1.053s] Level 1:colcon.colcon_core.package_identification:_identify(.) by extension 'colcon_pkg'
[1.053s] Level 1:colcon.colcon_core.package_identification:_identify(.) by extensions ['colcon_meta']
[1.053s] Level 1:colcon.colcon_core.package_identification:_identify(.) by extension 'colcon_meta'
[1.053s] Level 1:colcon.colcon_core.package_identification:_identify(.) by extensions ['ros']
[1.053s] Level 1:colcon.colcon_core.package_identification:_identify(.) by extension 'ros'
[1.063s] Level 1:colcon.colcon_core.package_identification:_identify(.) by extensions ['cmake', 'python']
[1.063s] Level 1:colcon.colcon_core.package_identification:_identify(.) by extension 'cmake'
[1.063s] Level 1:colcon.colcon_core.package_identification:_identify(.) by extension 'python'
[1.063s] Level 1:colcon.colcon_core.package_identification:_identify(.) by extensions ['python_setup_py']
[1.063s] Level 1:colcon.colcon_core.package_identification:_identify(.) by extension 'python_setup_py'
[1.063s] Level 1:colcon.colcon_core.package_identification:_identify(build) by extensions ['ignore', 'ignore_ament_install']
[1.063s] Level 1:colcon.colcon_core.package_identification:_identify(build) by extension 'ignore'
[1.063s] Level 1:colcon.colcon_core.package_identification:_identify(build) ignored
[1.063s] Level 1:colcon.colcon_core.package_identification:_identify(install) by extensions ['ignore', 'ignore_ament_install']
[1.064s] Level 1:colcon.colcon_core.package_identification:_identify(install) by extension 'ignore'
[1.064s] Level 1:colcon.colcon_core.package_identification:_identify(install) ignored
[1.064s] Level 1:colcon.colcon_core.package_identification:_identify(log) by extensions ['ignore', 'ignore_ament_install']
[1.064s] Level 1:colcon.colcon_core.package_identification:_identify(log) by extension 'ignore'
[1.064s] Level 1:colcon.colcon_core.package_identification:_identify(log) ignored
[1.064s] Level 1:colcon.colcon_core.package_identification:_identify(src) by extensions ['ignore', 'ignore_ament_install']
[1.064s] Level 1:colcon.colcon_core.package_identification:_identify(src) by extension 'ignore'
[1.064s] Level 1:colcon.colcon_core.package_identification:_identify(src) by extension 'ignore_ament_install'
[1.064s] Level 1:colcon.colcon_core.package_identification:_identify(src) by extensions ['colcon_pkg']
[1.064s] Level 1:colcon.colcon_core.package_identification:_identify(src) by extension 'colcon_pkg'
[1.064s] Level 1:colcon.colcon_core.package_identification:_identify(src) by extensions ['colcon_meta']
[1.064s] Level 1:colcon.colcon_core.package_identification:_identify(src) by extension 'colcon_meta'
[1.064s] Level 1:colcon.colcon_core.package_identification:_identify(src) by extensions ['ros']
[1.064s] Level 1:colcon.colcon_core.package_identification:_identify(src) by extension 'ros'
[1.064s] Level 1:colcon.colcon_core.package_identification:_identify(src) by extensions ['cmake', 'python']
[1.064s] Level 1:colcon.colcon_core.package_identification:_identify(src) by extension 'cmake'
[1.064s] Level 1:colcon.colcon_core.package_identification:_identify(src) by extension 'python'
[1.064s] Level 1:colcon.colcon_core.package_identification:_identify(src) by extensions ['python_setup_py']
[1.064s] Level 1:colcon.colcon_core.package_identification:_identify(src) by extension 'python_setup_py'
[1.065s] Level 1:colcon.colcon_core.package_identification:_identify(src/box_camera) by extensions ['ignore', 'ignore_ament_install']
[1.065s] Level 1:colcon.colcon_core.package_identification:_identify(src/box_camera) by extension 'ignore'
[1.065s] Level 1:colcon.colcon_core.package_identification:_identify(src/box_camera) by extension 'ignore_ament_install'
[1.065s] Level 1:colcon.colcon_core.package_identification:_identify(src/box_camera) by extensions ['colcon_pkg']
[1.065s] Level 1:colcon.colcon_core.package_identification:_identify(src/box_camera) by extension 'colcon_pkg'
[1.065s] Level 1:colcon.colcon_core.package_identification:_identify(src/box_camera) by extensions ['colcon_meta']
[1.065s] Level 1:colcon.colcon_core.package_identification:_identify(src/box_camera) by extension 'colcon_meta'
[1.065s] Level 1:colcon.colcon_core.package_identification:_identify(src/box_camera) by extensions ['ros']
[1.065s] Level 1:colcon.colcon_core.package_identification:_identify(src/box_camera) by extension 'ros'
[1.068s] DEBUG:colcon.colcon_core.package_identification:Package 'src/box_camera' with type 'ros.ament_cmake' and name 'box_camera'
[1.068s] Level 1:colcon.colcon_core.package_identification:_identify(src/cam_interface) by extensions ['ignore', 'ignore_ament_install']
[1.068s] Level 1:colcon.colcon_core.package_identification:_identify(src/cam_interface) by extension 'ignore'
[1.068s] Level 1:colcon.colcon_core.package_identification:_identify(src/cam_interface) by extension 'ignore_ament_install'
[1.068s] Level 1:colcon.colcon_core.package_identification:_identify(src/cam_interface) by extensions ['colcon_pkg']
[1.068s] Level 1:colcon.colcon_core.package_identification:_identify(src/cam_interface) by extension 'colcon_pkg'
[1.068s] Level 1:colcon.colcon_core.package_identification:_identify(src/cam_interface) by extensions ['colcon_meta']
[1.068s] Level 1:colcon.colcon_core.package_identification:_identify(src/cam_interface) by extension 'colcon_meta'
[1.068s] Level 1:colcon.colcon_core.package_identification:_identify(src/cam_interface) by extensions ['ros']
[1.068s] Level 1:colcon.colcon_core.package_identification:_identify(src/cam_interface) by extension 'ros'
[1.069s] DEBUG:colcon.colcon_core.package_identification:Package 'src/cam_interface' with type 'ros.ament_cmake' and name 'cam_interface'
[1.069s] Level 1:colcon.colcon_core.package_discovery:discover_packages(recursive) using defaults
[1.069s] Level 1:colcon.colcon_core.package_discovery:discover_packages(ignore) discover
[1.069s] Level 1:colcon.colcon_core.package_discovery:discover_packages(ignore) using defaults
[1.069s] Level 1:colcon.colcon_core.package_discovery:discover_packages(path) discover
[1.069s] Level 1:colcon.colcon_core.package_discovery:discover_packages(path) using defaults
[1.131s] INFO:colcon.colcon_core.package_selection:Skipping not selected package 'box_camera' in 'src/box_camera'
[1.159s] Level 1:colcon.colcon_core.package_discovery:discover_packages(prefix_path) check parameters
[1.159s] Level 1:colcon.colcon_core.package_discovery:discover_packages(prefix_path) discover
[1.190s] DEBUG:colcon.colcon_installed_package_information.package_discovery:Found 285 installed packages in /opt/ros/humble
[1.191s] Level 1:colcon.colcon_core.package_discovery:discover_packages(prefix_path) using defaults
[1.285s] Level 5:colcon.colcon_core.verb:set package 'cam_interface' build argument 'cmake_args' from command line to 'None'
[1.285s] Level 5:colcon.colcon_core.verb:set package 'cam_interface' build argument 'cmake_target' from command line to 'None'
[1.285s] Level 5:colcon.colcon_core.verb:set package 'cam_interface' build argument 'cmake_target_skip_unavailable' from command line to 'False'
[1.285s] Level 5:colcon.colcon_core.verb:set package 'cam_interface' build argument 'cmake_clean_cache' from command line to 'False'
[1.285s] Level 5:colcon.colcon_core.verb:set package 'cam_interface' build argument 'cmake_clean_first' from command line to 'False'
[1.285s] Level 5:colcon.colcon_core.verb:set package 'cam_interface' build argument 'cmake_force_configure' from command line to 'False'
[1.285s] Level 5:colcon.colcon_core.verb:set package 'cam_interface' build argument 'ament_cmake_args' from command line to 'None'
[1.285s] Level 5:colcon.colcon_core.verb:set package 'cam_interface' build argument 'catkin_cmake_args' from command line to 'None'
[1.285s] Level 5:colcon.colcon_core.verb:set package 'cam_interface' build argument 'catkin_skip_building_tests' from command line to 'False'
[1.286s] DEBUG:colcon.colcon_core.verb:Building package 'cam_interface' with the following arguments: {'ament_cmake_args': None, 'build_base': '/home/dev/gazebo-tutorials/gazebo-drone-ros/build/cam_interface', 'catkin_cmake_args': None, 'catkin_skip_building_tests': False, 'cmake_args': None, 'cmake_clean_cache': False, 'cmake_clean_first': False, 'cmake_force_configure': False, 'cmake_target': None, 'cmake_target_skip_unavailable': False, 'install_base': '/home/dev/gazebo-tutorials/gazebo-drone-ros/install/cam_interface', 'merge_install': False, 'path': '/home/dev/gazebo-tutorials/gazebo-drone-ros/src/cam_interface', 'symlink_install': False, 'test_result_base': None}
[1.300s] INFO:colcon.colcon_core.executor:Executing jobs using 'parallel' executor
[1.315s] DEBUG:colcon.colcon_parallel_executor.executor.parallel:run_until_complete
[1.315s] INFO:colcon.colcon_ros.task.ament_cmake.build:Building ROS package in '/home/dev/gazebo-tutorials/gazebo-drone-ros/src/cam_interface' with build type 'ament_cmake'
[1.315s] INFO:colcon.colcon_cmake.task.cmake.build:Building CMake package in '/home/dev/gazebo-tutorials/gazebo-drone-ros/src/cam_interface'
[1.340s] INFO:colcon.colcon_core.plugin_system:Skipping extension 'colcon_core.shell.bat': Not used on non-Windows systems
[1.340s] INFO:colcon.colcon_core.shell:Skip shell extension 'powershell' for command environment: Not usable outside of PowerShell
[1.341s] DEBUG:colcon.colcon_core.shell:Skip shell extension 'dsv' for command environment
[1.380s] DEBUG:colcon.colcon_core.event_handler.log_command:Invoking command in '/home/dev/gazebo-tutorials/gazebo-drone-ros/build/cam_interface': CMAKE_PREFIX_PATH=/opt/ros/humble /usr/bin/cmake /home/dev/gazebo-tutorials/gazebo-drone-ros/src/cam_interface -DCMAKE_INSTALL_PREFIX=/home/dev/gazebo-tutorials/gazebo-drone-ros/install/cam_interface
[2.402s] DEBUG:colcon.colcon_core.event_handler.log_command:Invoked command in '/home/dev/gazebo-tutorials/gazebo-drone-ros/build/cam_interface' returned '0': CMAKE_PREFIX_PATH=/opt/ros/humble /usr/bin/cmake /home/dev/gazebo-tutorials/gazebo-drone-ros/src/cam_interface -DCMAKE_INSTALL_PREFIX=/home/dev/gazebo-tutorials/gazebo-drone-ros/install/cam_interface
[2.405s] DEBUG:colcon.colcon_core.event_handler.log_command:Invoking command in '/home/dev/gazebo-tutorials/gazebo-drone-ros/build/cam_interface': CMAKE_PREFIX_PATH=/opt/ros/humble /usr/bin/cmake --build /home/dev/gazebo-tutorials/gazebo-drone-ros/build/cam_interface -- -j4 -l4
[5.086s] DEBUG:colcon.colcon_core.event_handler.log_command:Invoked command in '/home/dev/gazebo-tutorials/gazebo-drone-ros/build/cam_interface' returned '0': CMAKE_PREFIX_PATH=/opt/ros/humble /usr/bin/cmake --build /home/dev/gazebo-tutorials/gazebo-drone-ros/build/cam_interface -- -j4 -l4
[5.142s] DEBUG:colcon.colcon_core.event_handler.log_command:Invoking command in '/home/dev/gazebo-tutorials/gazebo-drone-ros/build/cam_interface': CMAKE_PREFIX_PATH=/opt/ros/humble /usr/bin/cmake --install /home/dev/gazebo-tutorials/gazebo-drone-ros/build/cam_interface
[5.204s] Level 1:colcon.colcon_core.environment:create_environment_scripts_only(cam_interface)
[5.205s] DEBUG:colcon.colcon_core.event_handler.log_command:Invoked command in '/home/dev/gazebo-tutorials/gazebo-drone-ros/build/cam_interface' returned '0': CMAKE_PREFIX_PATH=/opt/ros/humble /usr/bin/cmake --install /home/dev/gazebo-tutorials/gazebo-drone-ros/build/cam_interface
[5.221s] Level 1:colcon.colcon_core.environment:checking '/home/dev/gazebo-tutorials/gazebo-drone-ros/install/cam_interface' for CMake module files
[5.222s] Level 1:colcon.colcon_core.environment:checking '/home/dev/gazebo-tutorials/gazebo-drone-ros/install/cam_interface' for CMake config files
[5.222s] Level 1:colcon.colcon_core.shell:create_environment_hook('cam_interface', 'cmake_prefix_path')
[5.239s] INFO:colcon.colcon_core.shell:Creating environment hook '/home/dev/gazebo-tutorials/gazebo-drone-ros/install/cam_interface/share/cam_interface/hook/cmake_prefix_path.ps1'
[5.240s] INFO:colcon.colcon_core.shell:Creating environment descriptor '/home/dev/gazebo-tutorials/gazebo-drone-ros/install/cam_interface/share/cam_interface/hook/cmake_prefix_path.dsv'
[5.240s] INFO:colcon.colcon_core.shell:Creating environment hook '/home/dev/gazebo-tutorials/gazebo-drone-ros/install/cam_interface/share/cam_interface/hook/cmake_prefix_path.sh'
[5.241s] Level 1:colcon.colcon_core.environment:checking '/home/dev/gazebo-tutorials/gazebo-drone-ros/install/cam_interface/lib'
[5.241s] Level 1:colcon.colcon_core.shell:create_environment_hook('cam_interface', 'ld_library_path_lib')
[5.258s] INFO:colcon.colcon_core.shell:Creating environment hook '/home/dev/gazebo-tutorials/gazebo-drone-ros/install/cam_interface/share/cam_interface/hook/ld_library_path_lib.ps1'
[5.258s] INFO:colcon.colcon_core.shell:Creating environment descriptor '/home/dev/gazebo-tutorials/gazebo-drone-ros/install/cam_interface/share/cam_interface/hook/ld_library_path_lib.dsv'
[5.259s] INFO:colcon.colcon_core.shell:Creating environment hook '/home/dev/gazebo-tutorials/gazebo-drone-ros/install/cam_interface/share/cam_interface/hook/ld_library_path_lib.sh'
[5.259s] Level 1:colcon.colcon_core.environment:checking '/home/dev/gazebo-tutorials/gazebo-drone-ros/install/cam_interface/bin'
[5.259s] Level 1:colcon.colcon_core.environment:checking '/home/dev/gazebo-tutorials/gazebo-drone-ros/install/cam_interface/lib/pkgconfig/cam_interface.pc'
[5.259s] Level 1:colcon.colcon_core.environment:checking '/home/dev/gazebo-tutorials/gazebo-drone-ros/install/cam_interface/lib/python3.10/site-packages'
[5.260s] Level 1:colcon.colcon_core.environment:checking '/home/dev/gazebo-tutorials/gazebo-drone-ros/install/cam_interface/bin'
[5.275s] INFO:colcon.colcon_core.shell:Creating package script '/home/dev/gazebo-tutorials/gazebo-drone-ros/install/cam_interface/share/cam_interface/package.ps1'
[5.276s] INFO:colcon.colcon_core.shell:Creating package descriptor '/home/dev/gazebo-tutorials/gazebo-drone-ros/install/cam_interface/share/cam_interface/package.dsv'
[5.276s] INFO:colcon.colcon_core.shell:Creating package script '/home/dev/gazebo-tutorials/gazebo-drone-ros/install/cam_interface/share/cam_interface/package.sh'
[5.277s] INFO:colcon.colcon_core.shell:Creating package script '/home/dev/gazebo-tutorials/gazebo-drone-ros/install/cam_interface/share/cam_interface/package.bash'
[5.277s] INFO:colcon.colcon_core.shell:Creating package script '/home/dev/gazebo-tutorials/gazebo-drone-ros/install/cam_interface/share/cam_interface/package.zsh'
[5.278s] Level 1:colcon.colcon_core.environment:create_file_with_runtime_dependencies(/home/dev/gazebo-tutorials/gazebo-drone-ros/install/cam_interface/share/colcon-core/packages/cam_interface)
[5.341s] Level 1:colcon.colcon_core.environment:create_environment_scripts_only(cam_interface)
[5.357s] Level 1:colcon.colcon_core.environment:checking '/home/dev/gazebo-tutorials/gazebo-drone-ros/install/cam_interface' for CMake module files
[5.358s] Level 1:colcon.colcon_core.environment:checking '/home/dev/gazebo-tutorials/gazebo-drone-ros/install/cam_interface' for CMake config files
[5.358s] Level 1:colcon.colcon_core.shell:create_environment_hook('cam_interface', 'cmake_prefix_path')
[5.373s] INFO:colcon.colcon_core.shell:Creating environment hook '/home/dev/gazebo-tutorials/gazebo-drone-ros/install/cam_interface/share/cam_interface/hook/cmake_prefix_path.ps1'
[5.373s] INFO:colcon.colcon_core.shell:Creating environment descriptor '/home/dev/gazebo-tutorials/gazebo-drone-ros/install/cam_interface/share/cam_interface/hook/cmake_prefix_path.dsv'
[5.374s] INFO:colcon.colcon_core.shell:Creating environment hook '/home/dev/gazebo-tutorials/gazebo-drone-ros/install/cam_interface/share/cam_interface/hook/cmake_prefix_path.sh'
[5.374s] Level 1:colcon.colcon_core.environment:checking '/home/dev/gazebo-tutorials/gazebo-drone-ros/install/cam_interface/lib'
[5.374s] Level 1:colcon.colcon_core.shell:create_environment_hook('cam_interface', 'ld_library_path_lib')
[5.389s] INFO:colcon.colcon_core.shell:Creating environment hook '/home/dev/gazebo-tutorials/gazebo-drone-ros/install/cam_interface/share/cam_interface/hook/ld_library_path_lib.ps1'
[5.390s] INFO:colcon.colcon_core.shell:Creating environment descriptor '/home/dev/gazebo-tutorials/gazebo-drone-ros/install/cam_interface/share/cam_interface/hook/ld_library_path_lib.dsv'
[5.390s] INFO:colcon.colcon_core.shell:Creating environment hook '/home/dev/gazebo-tutorials/gazebo-drone-ros/install/cam_interface/share/cam_interface/hook/ld_library_path_lib.sh'
[5.390s] Level 1:colcon.colcon_core.environment:checking '/home/dev/gazebo-tutorials/gazebo-drone-ros/install/cam_interface/bin'
[5.390s] Level 1:colcon.colcon_core.environment:checking '/home/dev/gazebo-tutorials/gazebo-drone-ros/install/cam_interface/lib/pkgconfig/cam_interface.pc'
[5.391s] Level 1:colcon.colcon_core.environment:checking '/home/dev/gazebo-tutorials/gazebo-drone-ros/install/cam_interface/lib/python3.10/site-packages'
[5.391s] Level 1:colcon.colcon_core.environment:checking '/home/dev/gazebo-tutorials/gazebo-drone-ros/install/cam_interface/bin'
[5.405s] INFO:colcon.colcon_core.shell:Creating package script '/home/dev/gazebo-tutorials/gazebo-drone-ros/install/cam_interface/share/cam_interface/package.ps1'
[5.406s] INFO:colcon.colcon_core.shell:Creating package descriptor '/home/dev/gazebo-tutorials/gazebo-drone-ros/install/cam_interface/share/cam_interface/package.dsv'
[5.406s] INFO:colcon.colcon_core.shell:Creating package script '/home/dev/gazebo-tutorials/gazebo-drone-ros/install/cam_interface/share/cam_interface/package.sh'
[5.407s] INFO:colcon.colcon_core.shell:Creating package script '/home/dev/gazebo-tutorials/gazebo-drone-ros/install/cam_interface/share/cam_interface/package.bash'
[5.407s] INFO:colcon.colcon_core.shell:Creating package script '/home/dev/gazebo-tutorials/gazebo-drone-ros/install/cam_interface/share/cam_interface/package.zsh'
[5.407s] Level 1:colcon.colcon_core.environment:create_file_with_runtime_dependencies(/home/dev/gazebo-tutorials/gazebo-drone-ros/install/cam_interface/share/colcon-core/packages/cam_interface)
[5.408s] DEBUG:colcon.colcon_parallel_executor.executor.parallel:closing loop
[5.408s] DEBUG:colcon.colcon_parallel_executor.executor.parallel:loop closed
[5.408s] DEBUG:colcon.colcon_parallel_executor.executor.parallel:run_until_complete finished with '0'
[5.408s] DEBUG:colcon.colcon_core.event_reactor:joining thread
[5.436s] INFO:colcon.colcon_core.plugin_system:Skipping extension 'colcon_notification.desktop_notification.terminal_notifier': Not used on non-Darwin systems
[5.436s] INFO:colcon.colcon_core.plugin_system:Skipping extension 'colcon_notification.desktop_notification.win32': Not used on non-Windows systems
[5.436s] INFO:colcon.colcon_notification.desktop_notification:Sending desktop notification using 'notify2'
[5.447s] DEBUG:colcon.colcon_core.event_reactor:joined thread
[5.464s] INFO:colcon.colcon_core.shell:Creating prefix script '/home/dev/gazebo-tutorials/gazebo-drone-ros/install/local_setup.ps1'
[5.465s] INFO:colcon.colcon_core.shell:Creating prefix util module '/home/dev/gazebo-tutorials/gazebo-drone-ros/install/_local_setup_util_ps1.py'
[5.467s] INFO:colcon.colcon_core.shell:Creating prefix chain script '/home/dev/gazebo-tutorials/gazebo-drone-ros/install/setup.ps1'
[5.482s] INFO:colcon.colcon_core.shell:Creating prefix script '/home/dev/gazebo-tutorials/gazebo-drone-ros/install/local_setup.sh'
[5.483s] INFO:colcon.colcon_core.shell:Creating prefix util module '/home/dev/gazebo-tutorials/gazebo-drone-ros/install/_local_setup_util_sh.py'
[5.484s] INFO:colcon.colcon_core.shell:Creating prefix chain script '/home/dev/gazebo-tutorials/gazebo-drone-ros/install/setup.sh'
[5.499s] INFO:colcon.colcon_core.shell:Creating prefix script '/home/dev/gazebo-tutorials/gazebo-drone-ros/install/local_setup.bash'
[5.500s] INFO:colcon.colcon_core.shell:Creating prefix chain script '/home/dev/gazebo-tutorials/gazebo-drone-ros/install/setup.bash'
[5.515s] INFO:colcon.colcon_core.shell:Creating prefix script '/home/dev/gazebo-tutorials/gazebo-drone-ros/install/local_setup.zsh'
[5.515s] INFO:colcon.colcon_core.shell:Creating prefix chain script '/home/dev/gazebo-tutorials/gazebo-drone-ros/install/setup.zsh'
