[0.223s] Invoking command in '/home/dev/gazebo-tutorials/gazebo-drone-ros/build/cam_interface': CMAKE_PREFIX_PATH=/opt/ros/humble /usr/bin/cmake --build /home/dev/gazebo-tutorials/gazebo-drone-ros/build/cam_interface -- -j4 -l4
[0.386s] [  9%] Built target cam_interface__rosidl_generator_c
[0.406s] [  9%] Built target ament_cmake_python_copy_cam_interface
[0.407s] [ 12%] Built target cam_interface__cpp
[0.471s] [ 22%] Built target cam_interface__rosidl_typesupport_fastrtps_c
[0.515s] [ 32%] Built target cam_interface__rosidl_typesupport_introspection_c
[0.537s] [ 45%] Built target cam_interface__rosidl_typesupport_introspection_cpp
[0.546s] [ 51%] Built target cam_interface__rosidl_typesupport_c
[0.617s] [ 61%] Built target cam_interface__rosidl_typesupport_cpp
[0.633s] [ 70%] Built target cam_interface__rosidl_typesupport_fastrtps_cpp
[0.702s] [ 70%] Built target cam_interface
[0.783s] [ 74%] Built target cam_interface__py
[0.861s] [ 80%] Built target cam_interface__rosidl_generator_py
[0.955s] [ 87%] Built target cam_interface__rosidl_typesupport_fastrtps_c__pyext
[0.969s] [ 93%] Built target cam_interface__rosidl_typesupport_introspection_c__pyext
[0.988s] [100%] Built target cam_interface__rosidl_typesupport_c__pyext
[1.440s] running egg_info
[1.442s] writing cam_interface.egg-info/PKG-INFO
[1.443s] writing dependency_links to cam_interface.egg-info/dependency_links.txt
[1.443s] writing top-level names to cam_interface.egg-info/top_level.txt
[1.446s] reading manifest file 'cam_interface.egg-info/SOURCES.txt'
[1.446s] writing manifest file 'cam_interface.egg-info/SOURCES.txt'
[1.539s] [100%] Built target ament_cmake_python_build_cam_interface_egg
[1.563s] Invoked command in '/home/dev/gazebo-tutorials/gazebo-drone-ros/build/cam_interface' returned '0': CMAKE_PREFIX_PATH=/opt/ros/humble /usr/bin/cmake --build /home/dev/gazebo-tutorials/gazebo-drone-ros/build/cam_interface -- -j4 -l4
[1.761s] Invoking command in '/home/dev/gazebo-tutorials/gazebo-drone-ros/build/cam_interface': CMAKE_PREFIX_PATH=/opt/ros/humble /usr/bin/cmake --install /home/dev/gazebo-tutorials/gazebo-drone-ros/build/cam_interface
[1.781s] -- Install configuration: ""
[1.781s] -- Up-to-date: /home/dev/gazebo-tutorials/gazebo-drone-ros/install/cam_interface/share/ament_index/resource_index/rosidl_interfaces/cam_interface
[1.781s] -- Up-to-date: /home/dev/gazebo-tutorials/gazebo-drone-ros/install/cam_interface/include/cam_interface/cam_interface
[1.781s] -- Up-to-date: /home/dev/gazebo-tutorials/gazebo-drone-ros/install/cam_interface/include/cam_interface/cam_interface/msg
[1.781s] -- Up-to-date: /home/dev/gazebo-tutorials/gazebo-drone-ros/install/cam_interface/include/cam_interface/cam_interface/msg/rosidl_generator_c__visibility_control.h
[1.781s] -- Up-to-date: /home/dev/gazebo-tutorials/gazebo-drone-ros/install/cam_interface/include/cam_interface/cam_interface/msg/pixel.h
[1.781s] -- Up-to-date: /home/dev/gazebo-tutorials/gazebo-drone-ros/install/cam_interface/include/cam_interface/cam_interface/msg/detail
[1.781s] -- Up-to-date: /home/dev/gazebo-tutorials/gazebo-drone-ros/install/cam_interface/include/cam_interface/cam_interface/msg/detail/pixel__functions.c
[1.782s] -- Up-to-date: /home/dev/gazebo-tutorials/gazebo-drone-ros/install/cam_interface/include/cam_interface/cam_interface/msg/detail/pixel__type_support.h
[1.782s] -- Up-to-date: /home/dev/gazebo-tutorials/gazebo-drone-ros/install/cam_interface/include/cam_interface/cam_interface/msg/detail/pixel__struct.h
[1.782s] -- Up-to-date: /home/dev/gazebo-tutorials/gazebo-drone-ros/install/cam_interface/include/cam_interface/cam_interface/msg/detail/pixel__functions.h
[1.782s] -- Up-to-date: /home/dev/gazebo-tutorials/gazebo-drone-ros/install/cam_interface/share/cam_interface/environment/library_path.sh
[1.782s] -- Up-to-date: /home/dev/gazebo-tutorials/gazebo-drone-ros/install/cam_interface/share/cam_interface/environment/library_path.dsv
[1.782s] -- Up-to-date: /home/dev/gazebo-tutorials/gazebo-drone-ros/install/cam_interface/lib/libcam_interface__rosidl_generator_c.so
[1.782s] -- Up-to-date: /home/dev/gazebo-tutorials/gazebo-drone-ros/install/cam_interface/include/cam_interface/cam_interface
[1.782s] -- Up-to-date: /home/dev/gazebo-tutorials/gazebo-drone-ros/install/cam_interface/include/cam_interface/cam_interface/msg
[1.782s] -- Up-to-date: /home/dev/gazebo-tutorials/gazebo-drone-ros/install/cam_interface/include/cam_interface/cam_interface/msg/rosidl_typesupport_fastrtps_c__visibility_control.h
[1.782s] -- Up-to-date: /home/dev/gazebo-tutorials/gazebo-drone-ros/install/cam_interface/include/cam_interface/cam_interface/msg/detail
[1.782s] -- Up-to-date: /home/dev/gazebo-tutorials/gazebo-drone-ros/install/cam_interface/include/cam_interface/cam_interface/msg/detail/pixel__rosidl_typesupport_fastrtps_c.h
[1.783s] -- Up-to-date: /home/dev/gazebo-tutorials/gazebo-drone-ros/install/cam_interface/lib/libcam_interface__rosidl_typesupport_fastrtps_c.so
[1.783s] -- Up-to-date: /home/dev/gazebo-tutorials/gazebo-drone-ros/install/cam_interface/include/cam_interface/cam_interface
[1.783s] -- Up-to-date: /home/dev/gazebo-tutorials/gazebo-drone-ros/install/cam_interface/include/cam_interface/cam_interface/msg
[1.783s] -- Up-to-date: /home/dev/gazebo-tutorials/gazebo-drone-ros/install/cam_interface/include/cam_interface/cam_interface/msg/detail
[1.783s] -- Up-to-date: /home/dev/gazebo-tutorials/gazebo-drone-ros/install/cam_interface/include/cam_interface/cam_interface/msg/detail/pixel__traits.hpp
[1.783s] -- Up-to-date: /home/dev/gazebo-tutorials/gazebo-drone-ros/install/cam_interface/include/cam_interface/cam_interface/msg/detail/pixel__builder.hpp
[1.783s] -- Up-to-date: /home/dev/gazebo-tutorials/gazebo-drone-ros/install/cam_interface/include/cam_interface/cam_interface/msg/detail/pixel__struct.hpp
[1.783s] -- Up-to-date: /home/dev/gazebo-tutorials/gazebo-drone-ros/install/cam_interface/include/cam_interface/cam_interface/msg/pixel.hpp
[1.783s] -- Up-to-date: /home/dev/gazebo-tutorials/gazebo-drone-ros/install/cam_interface/include/cam_interface/cam_interface
[1.783s] -- Up-to-date: /home/dev/gazebo-tutorials/gazebo-drone-ros/install/cam_interface/include/cam_interface/cam_interface/msg
[1.784s] -- Up-to-date: /home/dev/gazebo-tutorials/gazebo-drone-ros/install/cam_interface/include/cam_interface/cam_interface/msg/rosidl_typesupport_fastrtps_cpp__visibility_control.h
[1.784s] -- Up-to-date: /home/dev/gazebo-tutorials/gazebo-drone-ros/install/cam_interface/include/cam_interface/cam_interface/msg/detail
[1.784s] -- Up-to-date: /home/dev/gazebo-tutorials/gazebo-drone-ros/install/cam_interface/include/cam_interface/cam_interface/msg/detail/dds_fastrtps
[1.784s] -- Up-to-date: /home/dev/gazebo-tutorials/gazebo-drone-ros/install/cam_interface/include/cam_interface/cam_interface/msg/detail/pixel__rosidl_typesupport_fastrtps_cpp.hpp
[1.784s] -- Up-to-date: /home/dev/gazebo-tutorials/gazebo-drone-ros/install/cam_interface/lib/libcam_interface__rosidl_typesupport_fastrtps_cpp.so
[1.784s] -- Up-to-date: /home/dev/gazebo-tutorials/gazebo-drone-ros/install/cam_interface/include/cam_interface/cam_interface
[1.784s] -- Up-to-date: /home/dev/gazebo-tutorials/gazebo-drone-ros/install/cam_interface/include/cam_interface/cam_interface/msg
[1.784s] -- Up-to-date: /home/dev/gazebo-tutorials/gazebo-drone-ros/install/cam_interface/include/cam_interface/cam_interface/msg/rosidl_typesupport_introspection_c__visibility_control.h
[1.785s] -- Up-to-date: /home/dev/gazebo-tutorials/gazebo-drone-ros/install/cam_interface/include/cam_interface/cam_interface/msg/detail
[1.785s] -- Up-to-date: /home/dev/gazebo-tutorials/gazebo-drone-ros/install/cam_interface/include/cam_interface/cam_interface/msg/detail/pixel__type_support.c
[1.785s] -- Up-to-date: /home/dev/gazebo-tutorials/gazebo-drone-ros/install/cam_interface/include/cam_interface/cam_interface/msg/detail/pixel__rosidl_typesupport_introspection_c.h
[1.785s] -- Up-to-date: /home/dev/gazebo-tutorials/gazebo-drone-ros/install/cam_interface/lib/libcam_interface__rosidl_typesupport_introspection_c.so
[1.785s] -- Up-to-date: /home/dev/gazebo-tutorials/gazebo-drone-ros/install/cam_interface/lib/libcam_interface__rosidl_typesupport_c.so
[1.785s] -- Up-to-date: /home/dev/gazebo-tutorials/gazebo-drone-ros/install/cam_interface/include/cam_interface/cam_interface
[1.785s] -- Up-to-date: /home/dev/gazebo-tutorials/gazebo-drone-ros/install/cam_interface/include/cam_interface/cam_interface/msg
[1.785s] -- Up-to-date: /home/dev/gazebo-tutorials/gazebo-drone-ros/install/cam_interface/include/cam_interface/cam_interface/msg/detail
[1.786s] -- Up-to-date: /home/dev/gazebo-tutorials/gazebo-drone-ros/install/cam_interface/include/cam_interface/cam_interface/msg/detail/pixel__type_support.cpp
[1.786s] -- Up-to-date: /home/dev/gazebo-tutorials/gazebo-drone-ros/install/cam_interface/include/cam_interface/cam_interface/msg/detail/pixel__rosidl_typesupport_introspection_cpp.hpp
[1.786s] -- Up-to-date: /home/dev/gazebo-tutorials/gazebo-drone-ros/install/cam_interface/lib/libcam_interface__rosidl_typesupport_introspection_cpp.so
[1.788s] -- Up-to-date: /home/dev/gazebo-tutorials/gazebo-drone-ros/install/cam_interface/lib/libcam_interface__rosidl_typesupport_cpp.so
[1.794s] -- Up-to-date: /home/dev/gazebo-tutorials/gazebo-drone-ros/install/cam_interface/share/cam_interface/environment/pythonpath.sh
[1.795s] -- Up-to-date: /home/dev/gazebo-tutorials/gazebo-drone-ros/install/cam_interface/share/cam_interface/environment/pythonpath.dsv
[1.795s] -- Up-to-date: /home/dev/gazebo-tutorials/gazebo-drone-ros/install/cam_interface/local/lib/python3.10/dist-packages/cam_interface-0.0.0-py3.10.egg-info
[1.795s] -- Installing: /home/dev/gazebo-tutorials/gazebo-drone-ros/install/cam_interface/local/lib/python3.10/dist-packages/cam_interface-0.0.0-py3.10.egg-info/top_level.txt
[1.796s] -- Installing: /home/dev/gazebo-tutorials/gazebo-drone-ros/install/cam_interface/local/lib/python3.10/dist-packages/cam_interface-0.0.0-py3.10.egg-info/SOURCES.txt
[1.796s] -- Installing: /home/dev/gazebo-tutorials/gazebo-drone-ros/install/cam_interface/local/lib/python3.10/dist-packages/cam_interface-0.0.0-py3.10.egg-info/PKG-INFO
[1.796s] -- Installing: /home/dev/gazebo-tutorials/gazebo-drone-ros/install/cam_interface/local/lib/python3.10/dist-packages/cam_interface-0.0.0-py3.10.egg-info/dependency_links.txt
[1.796s] -- Up-to-date: /home/dev/gazebo-tutorials/gazebo-drone-ros/install/cam_interface/local/lib/python3.10/dist-packages/cam_interface
[1.796s] -- Up-to-date: /home/dev/gazebo-tutorials/gazebo-drone-ros/install/cam_interface/local/lib/python3.10/dist-packages/cam_interface/_cam_interface_s.ep.rosidl_typesupport_fastrtps_c.c
[1.797s] -- Up-to-date: /home/dev/gazebo-tutorials/gazebo-drone-ros/install/cam_interface/local/lib/python3.10/dist-packages/cam_interface/_cam_interface_s.ep.rosidl_typesupport_c.c
[1.797s] -- Up-to-date: /home/dev/gazebo-tutorials/gazebo-drone-ros/install/cam_interface/local/lib/python3.10/dist-packages/cam_interface/__init__.py
[1.797s] -- Up-to-date: /home/dev/gazebo-tutorials/gazebo-drone-ros/install/cam_interface/local/lib/python3.10/dist-packages/cam_interface/libcam_interface__rosidl_generator_py.so
[1.797s] -- Up-to-date: /home/dev/gazebo-tutorials/gazebo-drone-ros/install/cam_interface/local/lib/python3.10/dist-packages/cam_interface/cam_interface_s__rosidl_typesupport_c.cpython-310-x86_64-linux-gnu.so
[1.797s] -- Up-to-date: /home/dev/gazebo-tutorials/gazebo-drone-ros/install/cam_interface/local/lib/python3.10/dist-packages/cam_interface/cam_interface_s__rosidl_typesupport_fastrtps_c.cpython-310-x86_64-linux-gnu.so
[1.797s] -- Up-to-date: /home/dev/gazebo-tutorials/gazebo-drone-ros/install/cam_interface/local/lib/python3.10/dist-packages/cam_interface/cam_interface_s__rosidl_typesupport_introspection_c.cpython-310-x86_64-linux-gnu.so
[1.797s] -- Up-to-date: /home/dev/gazebo-tutorials/gazebo-drone-ros/install/cam_interface/local/lib/python3.10/dist-packages/cam_interface/msg
[1.797s] -- Up-to-date: /home/dev/gazebo-tutorials/gazebo-drone-ros/install/cam_interface/local/lib/python3.10/dist-packages/cam_interface/msg/_pixel_s.c
[1.797s] -- Up-to-date: /home/dev/gazebo-tutorials/gazebo-drone-ros/install/cam_interface/local/lib/python3.10/dist-packages/cam_interface/msg/__init__.py
[1.798s] -- Up-to-date: /home/dev/gazebo-tutorials/gazebo-drone-ros/install/cam_interface/local/lib/python3.10/dist-packages/cam_interface/msg/_pixel.py
[1.798s] -- Up-to-date: /home/dev/gazebo-tutorials/gazebo-drone-ros/install/cam_interface/local/lib/python3.10/dist-packages/cam_interface/_cam_interface_s.ep.rosidl_typesupport_introspection_c.c
[1.890s] Listing '/home/dev/gazebo-tutorials/gazebo-drone-ros/install/cam_interface/local/lib/python3.10/dist-packages/cam_interface'...
[1.890s] Listing '/home/dev/gazebo-tutorials/gazebo-drone-ros/install/cam_interface/local/lib/python3.10/dist-packages/cam_interface/msg'...
[1.896s] -- Up-to-date: /home/dev/gazebo-tutorials/gazebo-drone-ros/install/cam_interface/local/lib/python3.10/dist-packages/cam_interface/cam_interface_s__rosidl_typesupport_fastrtps_c.cpython-310-x86_64-linux-gnu.so
[1.897s] -- Up-to-date: /home/dev/gazebo-tutorials/gazebo-drone-ros/install/cam_interface/local/lib/python3.10/dist-packages/cam_interface/cam_interface_s__rosidl_typesupport_introspection_c.cpython-310-x86_64-linux-gnu.so
[1.897s] -- Up-to-date: /home/dev/gazebo-tutorials/gazebo-drone-ros/install/cam_interface/local/lib/python3.10/dist-packages/cam_interface/cam_interface_s__rosidl_typesupport_c.cpython-310-x86_64-linux-gnu.so
[1.900s] -- Up-to-date: /home/dev/gazebo-tutorials/gazebo-drone-ros/install/cam_interface/lib/libcam_interface__rosidl_generator_py.so
[1.901s] -- Up-to-date: /home/dev/gazebo-tutorials/gazebo-drone-ros/install/cam_interface/share/cam_interface/msg/Pixel.idl
[1.905s] -- Up-to-date: /home/dev/gazebo-tutorials/gazebo-drone-ros/install/cam_interface/share/cam_interface/msg/Pixel.msg
[1.906s] -- Up-to-date: /home/dev/gazebo-tutorials/gazebo-drone-ros/install/cam_interface/share/ament_index/resource_index/package_run_dependencies/cam_interface
[1.906s] -- Up-to-date: /home/dev/gazebo-tutorials/gazebo-drone-ros/install/cam_interface/share/ament_index/resource_index/parent_prefix_path/cam_interface
[1.906s] -- Up-to-date: /home/dev/gazebo-tutorials/gazebo-drone-ros/install/cam_interface/share/cam_interface/environment/ament_prefix_path.sh
[1.907s] -- Up-to-date: /home/dev/gazebo-tutorials/gazebo-drone-ros/install/cam_interface/share/cam_interface/environment/ament_prefix_path.dsv
[1.907s] -- Up-to-date: /home/dev/gazebo-tutorials/gazebo-drone-ros/install/cam_interface/share/cam_interface/environment/path.sh
[1.908s] -- Up-to-date: /home/dev/gazebo-tutorials/gazebo-drone-ros/install/cam_interface/share/cam_interface/environment/path.dsv
[1.908s] -- Up-to-date: /home/dev/gazebo-tutorials/gazebo-drone-ros/install/cam_interface/share/cam_interface/local_setup.bash
[1.908s] -- Up-to-date: /home/dev/gazebo-tutorials/gazebo-drone-ros/install/cam_interface/share/cam_interface/local_setup.sh
[1.908s] -- Up-to-date: /home/dev/gazebo-tutorials/gazebo-drone-ros/install/cam_interface/share/cam_interface/local_setup.zsh
[1.908s] -- Up-to-date: /home/dev/gazebo-tutorials/gazebo-drone-ros/install/cam_interface/share/cam_interface/local_setup.dsv
[1.908s] -- Installing: /home/dev/gazebo-tutorials/gazebo-drone-ros/install/cam_interface/share/cam_interface/package.dsv
[1.909s] -- Up-to-date: /home/dev/gazebo-tutorials/gazebo-drone-ros/install/cam_interface/share/ament_index/resource_index/packages/cam_interface
[1.909s] -- Up-to-date: /home/dev/gazebo-tutorials/gazebo-drone-ros/install/cam_interface/share/cam_interface/cmake/export_cam_interface__rosidl_generator_cExport.cmake
[1.909s] -- Up-to-date: /home/dev/gazebo-tutorials/gazebo-drone-ros/install/cam_interface/share/cam_interface/cmake/export_cam_interface__rosidl_generator_cExport-noconfig.cmake
[1.909s] -- Up-to-date: /home/dev/gazebo-tutorials/gazebo-drone-ros/install/cam_interface/share/cam_interface/cmake/export_cam_interface__rosidl_typesupport_fastrtps_cExport.cmake
[1.909s] -- Up-to-date: /home/dev/gazebo-tutorials/gazebo-drone-ros/install/cam_interface/share/cam_interface/cmake/export_cam_interface__rosidl_typesupport_fastrtps_cExport-noconfig.cmake
[1.912s] -- Up-to-date: /home/dev/gazebo-tutorials/gazebo-drone-ros/install/cam_interface/share/cam_interface/cmake/export_cam_interface__rosidl_generator_cppExport.cmake
[1.913s] -- Up-to-date: /home/dev/gazebo-tutorials/gazebo-drone-ros/install/cam_interface/share/cam_interface/cmake/export_cam_interface__rosidl_typesupport_fastrtps_cppExport.cmake
[1.913s] -- Up-to-date: /home/dev/gazebo-tutorials/gazebo-drone-ros/install/cam_interface/share/cam_interface/cmake/export_cam_interface__rosidl_typesupport_fastrtps_cppExport-noconfig.cmake
[1.919s] -- Up-to-date: /home/dev/gazebo-tutorials/gazebo-drone-ros/install/cam_interface/share/cam_interface/cmake/cam_interface__rosidl_typesupport_introspection_cExport.cmake
[1.926s] -- Up-to-date: /home/dev/gazebo-tutorials/gazebo-drone-ros/install/cam_interface/share/cam_interface/cmake/cam_interface__rosidl_typesupport_introspection_cExport-noconfig.cmake
[1.926s] -- Up-to-date: /home/dev/gazebo-tutorials/gazebo-drone-ros/install/cam_interface/share/cam_interface/cmake/cam_interface__rosidl_typesupport_cExport.cmake
[1.926s] -- Up-to-date: /home/dev/gazebo-tutorials/gazebo-drone-ros/install/cam_interface/share/cam_interface/cmake/cam_interface__rosidl_typesupport_cExport-noconfig.cmake
[1.926s] -- Up-to-date: /home/dev/gazebo-tutorials/gazebo-drone-ros/install/cam_interface/share/cam_interface/cmake/cam_interface__rosidl_typesupport_introspection_cppExport.cmake
[1.927s] -- Up-to-date: /home/dev/gazebo-tutorials/gazebo-drone-ros/install/cam_interface/share/cam_interface/cmake/cam_interface__rosidl_typesupport_introspection_cppExport-noconfig.cmake
[1.927s] -- Up-to-date: /home/dev/gazebo-tutorials/gazebo-drone-ros/install/cam_interface/share/cam_interface/cmake/cam_interface__rosidl_typesupport_cppExport.cmake
[1.927s] -- Up-to-date: /home/dev/gazebo-tutorials/gazebo-drone-ros/install/cam_interface/share/cam_interface/cmake/cam_interface__rosidl_typesupport_cppExport-noconfig.cmake
[1.927s] -- Up-to-date: /home/dev/gazebo-tutorials/gazebo-drone-ros/install/cam_interface/share/cam_interface/cmake/export_cam_interface__rosidl_generator_pyExport.cmake
[1.927s] -- Up-to-date: /home/dev/gazebo-tutorials/gazebo-drone-ros/install/cam_interface/share/cam_interface/cmake/export_cam_interface__rosidl_generator_pyExport-noconfig.cmake
[1.927s] -- Up-to-date: /home/dev/gazebo-tutorials/gazebo-drone-ros/install/cam_interface/share/cam_interface/cmake/rosidl_cmake-extras.cmake
[1.927s] -- Up-to-date: /home/dev/gazebo-tutorials/gazebo-drone-ros/install/cam_interface/share/cam_interface/cmake/ament_cmake_export_dependencies-extras.cmake
[1.927s] -- Up-to-date: /home/dev/gazebo-tutorials/gazebo-drone-ros/install/cam_interface/share/cam_interface/cmake/ament_cmake_export_include_directories-extras.cmake
[1.927s] -- Up-to-date: /home/dev/gazebo-tutorials/gazebo-drone-ros/install/cam_interface/share/cam_interface/cmake/ament_cmake_export_libraries-extras.cmake
[1.928s] -- Up-to-date: /home/dev/gazebo-tutorials/gazebo-drone-ros/install/cam_interface/share/cam_interface/cmake/ament_cmake_export_targets-extras.cmake
[1.928s] -- Up-to-date: /home/dev/gazebo-tutorials/gazebo-drone-ros/install/cam_interface/share/cam_interface/cmake/rosidl_cmake_export_typesupport_targets-extras.cmake
[1.928s] -- Up-to-date: /home/dev/gazebo-tutorials/gazebo-drone-ros/install/cam_interface/share/cam_interface/cmake/rosidl_cmake_export_typesupport_libraries-extras.cmake
[1.928s] -- Up-to-date: /home/dev/gazebo-tutorials/gazebo-drone-ros/install/cam_interface/share/cam_interface/cmake/cam_interfaceConfig.cmake
[1.928s] -- Up-to-date: /home/dev/gazebo-tutorials/gazebo-drone-ros/install/cam_interface/share/cam_interface/cmake/cam_interfaceConfig-version.cmake
[1.928s] -- Up-to-date: /home/dev/gazebo-tutorials/gazebo-drone-ros/install/cam_interface/share/cam_interface/package.xml
[1.928s] Invoked command in '/home/dev/gazebo-tutorials/gazebo-drone-ros/build/cam_interface' returned '0': CMAKE_PREFIX_PATH=/opt/ros/humble /usr/bin/cmake --install /home/dev/gazebo-tutorials/gazebo-drone-ros/build/cam_interface
