[2.916s] DEBUG:colcon:Command line arguments: ['/usr/bin/colcon', 'build']
[2.916s] DEBUG:colcon:Parsed command line arguments: Namespace(log_base=None, log_level=None, verb_name='build', build_base='build', install_base='install', merge_install=False, symlink_install=False, test_result_base=None, continue_on_error=False, executor='parallel', parallel_workers=4, event_handlers=None, ignore_user_meta=False, metas=['./colcon.meta'], base_paths=['.'], packages_ignore=None, packages_ignore_regex=None, paths=None, packages_up_to=None, packages_up_to_regex=None, packages_above=None, packages_above_and_dependencies=None, packages_above_depth=None, packages_select_by_dep=None, packages_skip_by_dep=None, packages_skip_up_to=None, packages_select_build_failed=False, packages_skip_build_finished=False, packages_select_test_failures=False, packages_skip_test_passed=False, packages_select=None, packages_skip=None, packages_select_regex=None, packages_skip_regex=None, packages_start=None, packages_end=None, allow_overriding=[], cmake_args=None, cmake_target=None, cmake_target_skip_unavailable=False, cmake_clean_cache=False, cmake_clean_first=False, cmake_force_configure=False, ament_cmake_args=None, catkin_cmake_args=None, catkin_skip_building_tests=False, verb_parser=<colcon_defaults.argument_parser.defaults.DefaultArgumentsDecorator object at 0x7088618dfac0>, verb_extension=<colcon_core.verb.build.BuildVerb object at 0x7088618647f0>, main=<bound method BuildVerb.main of <colcon_core.verb.build.BuildVerb object at 0x7088618647f0>>)
[3.055s] Level 1:colcon.colcon_core.package_discovery:discover_packages(colcon_meta) check parameters
[3.055s] Level 1:colcon.colcon_core.package_discovery:discover_packages(recursive) check parameters
[3.055s] Level 1:colcon.colcon_core.package_discovery:discover_packages(ignore) check parameters
[3.055s] Level 1:colcon.colcon_core.package_discovery:discover_packages(path) check parameters
[3.055s] Level 1:colcon.colcon_core.package_discovery:discover_packages(colcon_meta) discover
[3.055s] Level 1:colcon.colcon_core.package_discovery:discover_packages(recursive) discover
[3.055s] INFO:colcon.colcon_core.package_discovery:Crawling recursively for packages in '/home/dev/gazebo-tutorials/gazebo-drone-ros'
[3.056s] Level 1:colcon.colcon_core.package_identification:_identify(.) by extensions ['ignore', 'ignore_ament_install']
[3.056s] Level 1:colcon.colcon_core.package_identification:_identify(.) by extension 'ignore'
[3.056s] Level 1:colcon.colcon_core.package_identification:_identify(.) by extension 'ignore_ament_install'
[3.056s] Level 1:colcon.colcon_core.package_identification:_identify(.) by extensions ['colcon_pkg']
[3.056s] Level 1:colcon.colcon_core.package_identification:_identify(.) by extension 'colcon_pkg'
[3.056s] Level 1:colcon.colcon_core.package_identification:_identify(.) by extensions ['colcon_meta']
[3.056s] Level 1:colcon.colcon_core.package_identification:_identify(.) by extension 'colcon_meta'
[3.056s] Level 1:colcon.colcon_core.package_identification:_identify(.) by extensions ['ros']
[3.056s] Level 1:colcon.colcon_core.package_identification:_identify(.) by extension 'ros'
[3.077s] Level 1:colcon.colcon_core.package_identification:_identify(.) by extensions ['cmake', 'python']
[3.077s] Level 1:colcon.colcon_core.package_identification:_identify(.) by extension 'cmake'
[3.077s] Level 1:colcon.colcon_core.package_identification:_identify(.) by extension 'python'
[3.077s] Level 1:colcon.colcon_core.package_identification:_identify(.) by extensions ['python_setup_py']
[3.077s] Level 1:colcon.colcon_core.package_identification:_identify(.) by extension 'python_setup_py'
[3.078s] Level 1:colcon.colcon_core.package_identification:_identify(build) by extensions ['ignore', 'ignore_ament_install']
[3.080s] Level 1:colcon.colcon_core.package_identification:_identify(build) by extension 'ignore'
[3.081s] Level 1:colcon.colcon_core.package_identification:_identify(build) ignored
[3.081s] Level 1:colcon.colcon_core.package_identification:_identify(install) by extensions ['ignore', 'ignore_ament_install']
[3.081s] Level 1:colcon.colcon_core.package_identification:_identify(install) by extension 'ignore'
[3.081s] Level 1:colcon.colcon_core.package_identification:_identify(install) ignored
[3.083s] Level 1:colcon.colcon_core.package_identification:_identify(log) by extensions ['ignore', 'ignore_ament_install']
[3.084s] Level 1:colcon.colcon_core.package_identification:_identify(log) by extension 'ignore'
[3.084s] Level 1:colcon.colcon_core.package_identification:_identify(log) ignored
[3.085s] Level 1:colcon.colcon_core.package_identification:_identify(src) by extensions ['ignore', 'ignore_ament_install']
[3.085s] Level 1:colcon.colcon_core.package_identification:_identify(src) by extension 'ignore'
[3.085s] Level 1:colcon.colcon_core.package_identification:_identify(src) by extension 'ignore_ament_install'
[3.085s] Level 1:colcon.colcon_core.package_identification:_identify(src) by extensions ['colcon_pkg']
[3.085s] Level 1:colcon.colcon_core.package_identification:_identify(src) by extension 'colcon_pkg'
[3.085s] Level 1:colcon.colcon_core.package_identification:_identify(src) by extensions ['colcon_meta']
[3.085s] Level 1:colcon.colcon_core.package_identification:_identify(src) by extension 'colcon_meta'
[3.085s] Level 1:colcon.colcon_core.package_identification:_identify(src) by extensions ['ros']
[3.086s] Level 1:colcon.colcon_core.package_identification:_identify(src) by extension 'ros'
[3.086s] Level 1:colcon.colcon_core.package_identification:_identify(src) by extensions ['cmake', 'python']
[3.086s] Level 1:colcon.colcon_core.package_identification:_identify(src) by extension 'cmake'
[3.086s] Level 1:colcon.colcon_core.package_identification:_identify(src) by extension 'python'
[3.086s] Level 1:colcon.colcon_core.package_identification:_identify(src) by extensions ['python_setup_py']
[3.086s] Level 1:colcon.colcon_core.package_identification:_identify(src) by extension 'python_setup_py'
[3.086s] Level 1:colcon.colcon_core.package_identification:_identify(src/box_camera) by extensions ['ignore', 'ignore_ament_install']
[3.087s] Level 1:colcon.colcon_core.package_identification:_identify(src/box_camera) by extension 'ignore'
[3.087s] Level 1:colcon.colcon_core.package_identification:_identify(src/box_camera) by extension 'ignore_ament_install'
[3.087s] Level 1:colcon.colcon_core.package_identification:_identify(src/box_camera) by extensions ['colcon_pkg']
[3.087s] Level 1:colcon.colcon_core.package_identification:_identify(src/box_camera) by extension 'colcon_pkg'
[3.087s] Level 1:colcon.colcon_core.package_identification:_identify(src/box_camera) by extensions ['colcon_meta']
[3.087s] Level 1:colcon.colcon_core.package_identification:_identify(src/box_camera) by extension 'colcon_meta'
[3.087s] Level 1:colcon.colcon_core.package_identification:_identify(src/box_camera) by extensions ['ros']
[3.087s] Level 1:colcon.colcon_core.package_identification:_identify(src/box_camera) by extension 'ros'
[3.097s] DEBUG:colcon.colcon_core.package_identification:Package 'src/box_camera' with type 'ros.ament_cmake' and name 'box_camera'
[3.097s] Level 1:colcon.colcon_core.package_identification:_identify(src/cam_interface) by extensions ['ignore', 'ignore_ament_install']
[3.099s] Level 1:colcon.colcon_core.package_identification:_identify(src/cam_interface) by extension 'ignore'
[3.100s] Level 1:colcon.colcon_core.package_identification:_identify(src/cam_interface) by extension 'ignore_ament_install'
[3.100s] Level 1:colcon.colcon_core.package_identification:_identify(src/cam_interface) by extensions ['colcon_pkg']
[3.100s] Level 1:colcon.colcon_core.package_identification:_identify(src/cam_interface) by extension 'colcon_pkg'
[3.101s] Level 1:colcon.colcon_core.package_identification:_identify(src/cam_interface) by extensions ['colcon_meta']
[3.101s] Level 1:colcon.colcon_core.package_identification:_identify(src/cam_interface) by extension 'colcon_meta'
[3.101s] Level 1:colcon.colcon_core.package_identification:_identify(src/cam_interface) by extensions ['ros']
[3.101s] Level 1:colcon.colcon_core.package_identification:_identify(src/cam_interface) by extension 'ros'
[3.102s] DEBUG:colcon.colcon_core.package_identification:Package 'src/cam_interface' with type 'ros.ament_cmake' and name 'cam_interface'
[3.102s] Level 1:colcon.colcon_core.package_discovery:discover_packages(recursive) using defaults
[3.102s] Level 1:colcon.colcon_core.package_discovery:discover_packages(ignore) discover
[3.103s] Level 1:colcon.colcon_core.package_discovery:discover_packages(ignore) using defaults
[3.103s] Level 1:colcon.colcon_core.package_discovery:discover_packages(path) discover
[3.103s] Level 1:colcon.colcon_core.package_discovery:discover_packages(path) using defaults
[3.353s] Level 1:colcon.colcon_core.package_discovery:discover_packages(prefix_path) check parameters
[3.355s] Level 1:colcon.colcon_core.package_discovery:discover_packages(prefix_path) discover
[3.444s] DEBUG:colcon.colcon_installed_package_information.package_discovery:Found 286 installed packages in /opt/ros/humble
[3.449s] Level 1:colcon.colcon_core.package_discovery:discover_packages(prefix_path) using defaults
[3.778s] Level 5:colcon.colcon_core.verb:set package 'cam_interface' build argument 'cmake_args' from command line to 'None'
[3.778s] Level 5:colcon.colcon_core.verb:set package 'cam_interface' build argument 'cmake_target' from command line to 'None'
[3.778s] Level 5:colcon.colcon_core.verb:set package 'cam_interface' build argument 'cmake_target_skip_unavailable' from command line to 'False'
[3.778s] Level 5:colcon.colcon_core.verb:set package 'cam_interface' build argument 'cmake_clean_cache' from command line to 'False'
[3.778s] Level 5:colcon.colcon_core.verb:set package 'cam_interface' build argument 'cmake_clean_first' from command line to 'False'
[3.778s] Level 5:colcon.colcon_core.verb:set package 'cam_interface' build argument 'cmake_force_configure' from command line to 'False'
[3.778s] Level 5:colcon.colcon_core.verb:set package 'cam_interface' build argument 'ament_cmake_args' from command line to 'None'
[3.778s] Level 5:colcon.colcon_core.verb:set package 'cam_interface' build argument 'catkin_cmake_args' from command line to 'None'
[3.778s] Level 5:colcon.colcon_core.verb:set package 'cam_interface' build argument 'catkin_skip_building_tests' from command line to 'False'
[3.778s] DEBUG:colcon.colcon_core.verb:Building package 'cam_interface' with the following arguments: {'ament_cmake_args': None, 'build_base': '/home/dev/gazebo-tutorials/gazebo-drone-ros/build/cam_interface', 'catkin_cmake_args': None, 'catkin_skip_building_tests': False, 'cmake_args': None, 'cmake_clean_cache': False, 'cmake_clean_first': False, 'cmake_force_configure': False, 'cmake_target': None, 'cmake_target_skip_unavailable': False, 'install_base': '/home/dev/gazebo-tutorials/gazebo-drone-ros/install/cam_interface', 'merge_install': False, 'path': '/home/dev/gazebo-tutorials/gazebo-drone-ros/src/cam_interface', 'symlink_install': False, 'test_result_base': None}
[3.825s] Level 5:colcon.colcon_core.verb:set package 'box_camera' build argument 'cmake_args' from command line to 'None'
[3.826s] Level 5:colcon.colcon_core.verb:set package 'box_camera' build argument 'cmake_target' from command line to 'None'
[3.826s] Level 5:colcon.colcon_core.verb:set package 'box_camera' build argument 'cmake_target_skip_unavailable' from command line to 'False'
[3.826s] Level 5:colcon.colcon_core.verb:set package 'box_camera' build argument 'cmake_clean_cache' from command line to 'False'
[3.826s] Level 5:colcon.colcon_core.verb:set package 'box_camera' build argument 'cmake_clean_first' from command line to 'False'
[3.826s] Level 5:colcon.colcon_core.verb:set package 'box_camera' build argument 'cmake_force_configure' from command line to 'False'
[3.826s] Level 5:colcon.colcon_core.verb:set package 'box_camera' build argument 'ament_cmake_args' from command line to 'None'
[3.826s] Level 5:colcon.colcon_core.verb:set package 'box_camera' build argument 'catkin_cmake_args' from command line to 'None'
[3.826s] Level 5:colcon.colcon_core.verb:set package 'box_camera' build argument 'catkin_skip_building_tests' from command line to 'False'
[3.826s] DEBUG:colcon.colcon_core.verb:Building package 'box_camera' with the following arguments: {'ament_cmake_args': None, 'build_base': '/home/dev/gazebo-tutorials/gazebo-drone-ros/build/box_camera', 'catkin_cmake_args': None, 'catkin_skip_building_tests': False, 'cmake_args': None, 'cmake_clean_cache': False, 'cmake_clean_first': False, 'cmake_force_configure': False, 'cmake_target': None, 'cmake_target_skip_unavailable': False, 'install_base': '/home/dev/gazebo-tutorials/gazebo-drone-ros/install/box_camera', 'merge_install': False, 'path': '/home/dev/gazebo-tutorials/gazebo-drone-ros/src/box_camera', 'symlink_install': False, 'test_result_base': None}
[3.872s] INFO:colcon.colcon_core.executor:Executing jobs using 'parallel' executor
[3.916s] DEBUG:colcon.colcon_parallel_executor.executor.parallel:run_until_complete
[3.917s] INFO:colcon.colcon_ros.task.ament_cmake.build:Building ROS package in '/home/dev/gazebo-tutorials/gazebo-drone-ros/src/cam_interface' with build type 'ament_cmake'
[3.917s] INFO:colcon.colcon_cmake.task.cmake.build:Building CMake package in '/home/dev/gazebo-tutorials/gazebo-drone-ros/src/cam_interface'
[3.978s] INFO:colcon.colcon_core.plugin_system:Skipping extension 'colcon_core.shell.bat': Not used on non-Windows systems
[3.978s] INFO:colcon.colcon_core.shell:Skip shell extension 'powershell' for command environment: Not usable outside of PowerShell
[3.979s] DEBUG:colcon.colcon_core.shell:Skip shell extension 'dsv' for command environment
[4.099s] DEBUG:colcon.colcon_core.event_handler.log_command:Invoking command in '/home/dev/gazebo-tutorials/gazebo-drone-ros/build/cam_interface': CMAKE_PREFIX_PATH=/opt/ros/humble /usr/bin/cmake --build /home/dev/gazebo-tutorials/gazebo-drone-ros/build/cam_interface -- -j4 -l4
[5.459s] DEBUG:colcon.colcon_core.event_handler.log_command:Invoked command in '/home/dev/gazebo-tutorials/gazebo-drone-ros/build/cam_interface' returned '0': CMAKE_PREFIX_PATH=/opt/ros/humble /usr/bin/cmake --build /home/dev/gazebo-tutorials/gazebo-drone-ros/build/cam_interface -- -j4 -l4
[5.623s] DEBUG:colcon.colcon_core.event_handler.log_command:Invoking command in '/home/dev/gazebo-tutorials/gazebo-drone-ros/build/cam_interface': CMAKE_PREFIX_PATH=/opt/ros/humble /usr/bin/cmake --install /home/dev/gazebo-tutorials/gazebo-drone-ros/build/cam_interface
[5.813s] Level 1:colcon.colcon_core.environment:create_environment_scripts_only(cam_interface)
[5.819s] DEBUG:colcon.colcon_core.event_handler.log_command:Invoked command in '/home/dev/gazebo-tutorials/gazebo-drone-ros/build/cam_interface' returned '0': CMAKE_PREFIX_PATH=/opt/ros/humble /usr/bin/cmake --install /home/dev/gazebo-tutorials/gazebo-drone-ros/build/cam_interface
[5.887s] Level 1:colcon.colcon_core.environment:checking '/home/dev/gazebo-tutorials/gazebo-drone-ros/install/cam_interface' for CMake module files
[5.891s] Level 1:colcon.colcon_core.environment:checking '/home/dev/gazebo-tutorials/gazebo-drone-ros/install/cam_interface' for CMake config files
[5.892s] Level 1:colcon.colcon_core.shell:create_environment_hook('cam_interface', 'cmake_prefix_path')
[5.941s] INFO:colcon.colcon_core.shell:Creating environment hook '/home/dev/gazebo-tutorials/gazebo-drone-ros/install/cam_interface/share/cam_interface/hook/cmake_prefix_path.ps1'
[5.945s] INFO:colcon.colcon_core.shell:Creating environment descriptor '/home/dev/gazebo-tutorials/gazebo-drone-ros/install/cam_interface/share/cam_interface/hook/cmake_prefix_path.dsv'
[5.949s] INFO:colcon.colcon_core.shell:Creating environment hook '/home/dev/gazebo-tutorials/gazebo-drone-ros/install/cam_interface/share/cam_interface/hook/cmake_prefix_path.sh'
[5.952s] Level 1:colcon.colcon_core.environment:checking '/home/dev/gazebo-tutorials/gazebo-drone-ros/install/cam_interface/lib'
[5.952s] Level 1:colcon.colcon_core.shell:create_environment_hook('cam_interface', 'ld_library_path_lib')
[6.000s] INFO:colcon.colcon_core.shell:Creating environment hook '/home/dev/gazebo-tutorials/gazebo-drone-ros/install/cam_interface/share/cam_interface/hook/ld_library_path_lib.ps1'
[6.000s] INFO:colcon.colcon_core.shell:Creating environment descriptor '/home/dev/gazebo-tutorials/gazebo-drone-ros/install/cam_interface/share/cam_interface/hook/ld_library_path_lib.dsv'
[6.004s] INFO:colcon.colcon_core.shell:Creating environment hook '/home/dev/gazebo-tutorials/gazebo-drone-ros/install/cam_interface/share/cam_interface/hook/ld_library_path_lib.sh'
[6.005s] Level 1:colcon.colcon_core.environment:checking '/home/dev/gazebo-tutorials/gazebo-drone-ros/install/cam_interface/bin'
[6.005s] Level 1:colcon.colcon_core.environment:checking '/home/dev/gazebo-tutorials/gazebo-drone-ros/install/cam_interface/lib/pkgconfig/cam_interface.pc'
[6.005s] Level 1:colcon.colcon_core.environment:checking '/home/dev/gazebo-tutorials/gazebo-drone-ros/install/cam_interface/lib/python3.10/site-packages'
[6.005s] Level 1:colcon.colcon_core.environment:checking '/home/dev/gazebo-tutorials/gazebo-drone-ros/install/cam_interface/bin'
[6.053s] INFO:colcon.colcon_core.shell:Creating package script '/home/dev/gazebo-tutorials/gazebo-drone-ros/install/cam_interface/share/cam_interface/package.ps1'
[6.061s] INFO:colcon.colcon_core.shell:Creating package descriptor '/home/dev/gazebo-tutorials/gazebo-drone-ros/install/cam_interface/share/cam_interface/package.dsv'
[6.063s] INFO:colcon.colcon_core.shell:Creating package script '/home/dev/gazebo-tutorials/gazebo-drone-ros/install/cam_interface/share/cam_interface/package.sh'
[6.067s] INFO:colcon.colcon_core.shell:Creating package script '/home/dev/gazebo-tutorials/gazebo-drone-ros/install/cam_interface/share/cam_interface/package.bash'
[6.069s] INFO:colcon.colcon_core.shell:Creating package script '/home/dev/gazebo-tutorials/gazebo-drone-ros/install/cam_interface/share/cam_interface/package.zsh'
[6.070s] Level 1:colcon.colcon_core.environment:create_file_with_runtime_dependencies(/home/dev/gazebo-tutorials/gazebo-drone-ros/install/cam_interface/share/colcon-core/packages/cam_interface)
[6.256s] Level 1:colcon.colcon_core.environment:create_environment_scripts_only(cam_interface)
[6.310s] Level 1:colcon.colcon_core.environment:checking '/home/dev/gazebo-tutorials/gazebo-drone-ros/install/cam_interface' for CMake module files
[6.318s] Level 1:colcon.colcon_core.environment:checking '/home/dev/gazebo-tutorials/gazebo-drone-ros/install/cam_interface' for CMake config files
[6.319s] Level 1:colcon.colcon_core.shell:create_environment_hook('cam_interface', 'cmake_prefix_path')
[6.366s] INFO:colcon.colcon_core.shell:Creating environment hook '/home/dev/gazebo-tutorials/gazebo-drone-ros/install/cam_interface/share/cam_interface/hook/cmake_prefix_path.ps1'
[6.367s] INFO:colcon.colcon_core.shell:Creating environment descriptor '/home/dev/gazebo-tutorials/gazebo-drone-ros/install/cam_interface/share/cam_interface/hook/cmake_prefix_path.dsv'
[6.368s] INFO:colcon.colcon_core.shell:Creating environment hook '/home/dev/gazebo-tutorials/gazebo-drone-ros/install/cam_interface/share/cam_interface/hook/cmake_prefix_path.sh'
[6.369s] Level 1:colcon.colcon_core.environment:checking '/home/dev/gazebo-tutorials/gazebo-drone-ros/install/cam_interface/lib'
[6.369s] Level 1:colcon.colcon_core.shell:create_environment_hook('cam_interface', 'ld_library_path_lib')
[6.420s] INFO:colcon.colcon_core.shell:Creating environment hook '/home/dev/gazebo-tutorials/gazebo-drone-ros/install/cam_interface/share/cam_interface/hook/ld_library_path_lib.ps1'
[6.420s] INFO:colcon.colcon_core.shell:Creating environment descriptor '/home/dev/gazebo-tutorials/gazebo-drone-ros/install/cam_interface/share/cam_interface/hook/ld_library_path_lib.dsv'
[6.424s] INFO:colcon.colcon_core.shell:Creating environment hook '/home/dev/gazebo-tutorials/gazebo-drone-ros/install/cam_interface/share/cam_interface/hook/ld_library_path_lib.sh'
[6.429s] Level 1:colcon.colcon_core.environment:checking '/home/dev/gazebo-tutorials/gazebo-drone-ros/install/cam_interface/bin'
[6.429s] Level 1:colcon.colcon_core.environment:checking '/home/dev/gazebo-tutorials/gazebo-drone-ros/install/cam_interface/lib/pkgconfig/cam_interface.pc'
[6.430s] Level 1:colcon.colcon_core.environment:checking '/home/dev/gazebo-tutorials/gazebo-drone-ros/install/cam_interface/lib/python3.10/site-packages'
[6.431s] Level 1:colcon.colcon_core.environment:checking '/home/dev/gazebo-tutorials/gazebo-drone-ros/install/cam_interface/bin'
[6.481s] INFO:colcon.colcon_core.shell:Creating package script '/home/dev/gazebo-tutorials/gazebo-drone-ros/install/cam_interface/share/cam_interface/package.ps1'
[6.482s] INFO:colcon.colcon_core.shell:Creating package descriptor '/home/dev/gazebo-tutorials/gazebo-drone-ros/install/cam_interface/share/cam_interface/package.dsv'
[6.482s] INFO:colcon.colcon_core.shell:Creating package script '/home/dev/gazebo-tutorials/gazebo-drone-ros/install/cam_interface/share/cam_interface/package.sh'
[6.482s] INFO:colcon.colcon_core.shell:Creating package script '/home/dev/gazebo-tutorials/gazebo-drone-ros/install/cam_interface/share/cam_interface/package.bash'
[6.483s] INFO:colcon.colcon_core.shell:Creating package script '/home/dev/gazebo-tutorials/gazebo-drone-ros/install/cam_interface/share/cam_interface/package.zsh'
[6.483s] Level 1:colcon.colcon_core.environment:create_file_with_runtime_dependencies(/home/dev/gazebo-tutorials/gazebo-drone-ros/install/cam_interface/share/colcon-core/packages/cam_interface)
[6.483s] INFO:colcon.colcon_ros.task.ament_cmake.build:Building ROS package in '/home/dev/gazebo-tutorials/gazebo-drone-ros/src/box_camera' with build type 'ament_cmake'
[6.484s] INFO:colcon.colcon_cmake.task.cmake.build:Building CMake package in '/home/dev/gazebo-tutorials/gazebo-drone-ros/src/box_camera'
[6.556s] INFO:colcon.colcon_core.shell:Skip shell extension 'powershell' for command environment: Not usable outside of PowerShell
[6.557s] DEBUG:colcon.colcon_core.shell:Skip shell extension 'dsv' for command environment
[6.769s] DEBUG:colcon.colcon_core.event_handler.log_command:Invoking command in '/home/dev/gazebo-tutorials/gazebo-drone-ros/build/box_camera': AMENT_PREFIX_PATH=/home/dev/gazebo-tutorials/gazebo-drone-ros/install/cam_interface:${AMENT_PREFIX_PATH} CMAKE_PREFIX_PATH=/home/dev/gazebo-tutorials/gazebo-drone-ros/install/cam_interface:/opt/ros/humble LD_LIBRARY_PATH=/home/dev/gazebo-tutorials/gazebo-drone-ros/install/cam_interface/lib:${LD_LIBRARY_PATH} PYTHONPATH=/home/dev/gazebo-tutorials/gazebo-drone-ros/install/cam_interface/local/lib/python3.10/dist-packages:${PYTHONPATH} /usr/bin/cmake --build /home/dev/gazebo-tutorials/gazebo-drone-ros/build/box_camera -- -j4 -l4
[14.981s] DEBUG:colcon.colcon_core.event_handler.log_command:Invoked command in '/home/dev/gazebo-tutorials/gazebo-drone-ros/build/box_camera' returned '2': AMENT_PREFIX_PATH=/home/dev/gazebo-tutorials/gazebo-drone-ros/install/cam_interface:${AMENT_PREFIX_PATH} CMAKE_PREFIX_PATH=/home/dev/gazebo-tutorials/gazebo-drone-ros/install/cam_interface:/opt/ros/humble LD_LIBRARY_PATH=/home/dev/gazebo-tutorials/gazebo-drone-ros/install/cam_interface/lib:${LD_LIBRARY_PATH} PYTHONPATH=/home/dev/gazebo-tutorials/gazebo-drone-ros/install/cam_interface/local/lib/python3.10/dist-packages:${PYTHONPATH} /usr/bin/cmake --build /home/dev/gazebo-tutorials/gazebo-drone-ros/build/box_camera -- -j4 -l4
[15.088s] Level 1:colcon.colcon_core.environment:create_environment_scripts_only(box_camera)
[15.166s] Level 1:colcon.colcon_core.environment:checking '/home/dev/gazebo-tutorials/gazebo-drone-ros/install/box_camera' for CMake module files
[15.167s] Level 1:colcon.colcon_core.environment:checking '/home/dev/gazebo-tutorials/gazebo-drone-ros/install/box_camera' for CMake config files
[15.167s] Level 1:colcon.colcon_core.shell:create_environment_hook('box_camera', 'cmake_prefix_path')
[15.230s] INFO:colcon.colcon_core.shell:Creating environment hook '/home/dev/gazebo-tutorials/gazebo-drone-ros/install/box_camera/share/box_camera/hook/cmake_prefix_path.ps1'
[15.230s] INFO:colcon.colcon_core.shell:Creating environment descriptor '/home/dev/gazebo-tutorials/gazebo-drone-ros/install/box_camera/share/box_camera/hook/cmake_prefix_path.dsv'
[15.231s] INFO:colcon.colcon_core.shell:Creating environment hook '/home/dev/gazebo-tutorials/gazebo-drone-ros/install/box_camera/share/box_camera/hook/cmake_prefix_path.sh'
[15.231s] Level 1:colcon.colcon_core.environment:checking '/home/dev/gazebo-tutorials/gazebo-drone-ros/install/box_camera/lib'
[15.231s] Level 1:colcon.colcon_core.shell:create_environment_hook('box_camera', 'ld_library_path_lib')
[15.277s] INFO:colcon.colcon_core.shell:Creating environment hook '/home/dev/gazebo-tutorials/gazebo-drone-ros/install/box_camera/share/box_camera/hook/ld_library_path_lib.ps1'
[15.278s] INFO:colcon.colcon_core.shell:Creating environment descriptor '/home/dev/gazebo-tutorials/gazebo-drone-ros/install/box_camera/share/box_camera/hook/ld_library_path_lib.dsv'
[15.279s] INFO:colcon.colcon_core.shell:Creating environment hook '/home/dev/gazebo-tutorials/gazebo-drone-ros/install/box_camera/share/box_camera/hook/ld_library_path_lib.sh'
[15.279s] Level 1:colcon.colcon_core.environment:checking '/home/dev/gazebo-tutorials/gazebo-drone-ros/install/box_camera/bin'
[15.280s] Level 1:colcon.colcon_core.environment:checking '/home/dev/gazebo-tutorials/gazebo-drone-ros/install/box_camera/lib/pkgconfig/box_camera.pc'
[15.280s] Level 1:colcon.colcon_core.environment:checking '/home/dev/gazebo-tutorials/gazebo-drone-ros/install/box_camera/lib/python3.10/site-packages'
[15.280s] Level 1:colcon.colcon_core.environment:checking '/home/dev/gazebo-tutorials/gazebo-drone-ros/install/box_camera/bin'
[15.345s] INFO:colcon.colcon_core.shell:Creating package script '/home/dev/gazebo-tutorials/gazebo-drone-ros/install/box_camera/share/box_camera/package.ps1'
[15.353s] INFO:colcon.colcon_core.shell:Creating package descriptor '/home/dev/gazebo-tutorials/gazebo-drone-ros/install/box_camera/share/box_camera/package.dsv'
[15.355s] INFO:colcon.colcon_core.shell:Creating package script '/home/dev/gazebo-tutorials/gazebo-drone-ros/install/box_camera/share/box_camera/package.sh'
[15.356s] INFO:colcon.colcon_core.shell:Creating package script '/home/dev/gazebo-tutorials/gazebo-drone-ros/install/box_camera/share/box_camera/package.bash'
[15.357s] INFO:colcon.colcon_core.shell:Creating package script '/home/dev/gazebo-tutorials/gazebo-drone-ros/install/box_camera/share/box_camera/package.zsh'
[15.357s] Level 1:colcon.colcon_core.environment:create_file_with_runtime_dependencies(/home/dev/gazebo-tutorials/gazebo-drone-ros/install/box_camera/share/colcon-core/packages/box_camera)
[15.371s] DEBUG:colcon.colcon_parallel_executor.executor.parallel:closing loop
[15.371s] DEBUG:colcon.colcon_parallel_executor.executor.parallel:loop closed
[15.372s] DEBUG:colcon.colcon_parallel_executor.executor.parallel:run_until_complete finished with '2'
[15.372s] DEBUG:colcon.colcon_core.event_reactor:joining thread
[15.462s] INFO:colcon.colcon_core.plugin_system:Skipping extension 'colcon_notification.desktop_notification.terminal_notifier': Not used on non-Darwin systems
[15.464s] INFO:colcon.colcon_core.plugin_system:Skipping extension 'colcon_notification.desktop_notification.win32': Not used on non-Windows systems
[15.465s] INFO:colcon.colcon_notification.desktop_notification:Sending desktop notification using 'notify2'
[15.500s] DEBUG:colcon.colcon_core.event_reactor:joined thread
[15.550s] INFO:colcon.colcon_core.shell:Creating prefix script '/home/dev/gazebo-tutorials/gazebo-drone-ros/install/local_setup.ps1'
[15.551s] INFO:colcon.colcon_core.shell:Creating prefix util module '/home/dev/gazebo-tutorials/gazebo-drone-ros/install/_local_setup_util_ps1.py'
[15.553s] INFO:colcon.colcon_core.shell:Creating prefix chain script '/home/dev/gazebo-tutorials/gazebo-drone-ros/install/setup.ps1'
[15.606s] INFO:colcon.colcon_core.shell:Creating prefix script '/home/dev/gazebo-tutorials/gazebo-drone-ros/install/local_setup.sh'
[15.612s] INFO:colcon.colcon_core.shell:Creating prefix util module '/home/dev/gazebo-tutorials/gazebo-drone-ros/install/_local_setup_util_sh.py'
[15.613s] INFO:colcon.colcon_core.shell:Creating prefix chain script '/home/dev/gazebo-tutorials/gazebo-drone-ros/install/setup.sh'
[15.676s] INFO:colcon.colcon_core.shell:Creating prefix script '/home/dev/gazebo-tutorials/gazebo-drone-ros/install/local_setup.bash'
[15.679s] INFO:colcon.colcon_core.shell:Creating prefix chain script '/home/dev/gazebo-tutorials/gazebo-drone-ros/install/setup.bash'
[15.726s] INFO:colcon.colcon_core.shell:Creating prefix script '/home/dev/gazebo-tutorials/gazebo-drone-ros/install/local_setup.zsh'
[15.727s] INFO:colcon.colcon_core.shell:Creating prefix chain script '/home/dev/gazebo-tutorials/gazebo-drone-ros/install/setup.zsh'
