[35m[1mConsolidate compiler generated dependencies of target box_camera_plugin[0m
[ 50%] [32mBuilding CXX object CMakeFiles/box_camera_plugin.dir/src/boxCameraPlugin.cpp.o[0m
[01m[K/home/dev/gazebo-tutorials/gazebo-drone-ros/src/box_camera/src/boxCameraPlugin.cpp:[m[K In member function ‘[01m[Kvirtual void gazebo::BoxCameraPlugin::Load(gazebo::sensors::SensorPtr, sdf::v9::ElementPtr)[m[K’:
[01m[K/home/dev/gazebo-tutorials/gazebo-drone-ros/src/box_camera/src/boxCameraPlugin.cpp:65:15:[m[K [01;31m[Kerror: [m[K‘[01m[Kclass gazebo::BoxCameraPlugin[m[K’ has no member named ‘[01m[KupdateConnection[m[K’
   65 |         this->[01;31m[KupdateConnection[m[K = impl_->_camerasensor->ConnectUpdated(std::bind(&BoxCameraPluginPrivate::OnUpdate, this));
      |               [01;31m[K^~~~~~~~~~~~~~~~[m[K
[01m[K/home/dev/gazebo-tutorials/gazebo-drone-ros/src/box_camera/src/boxCameraPlugin.cpp:65:80:[m[K [01;31m[Kerror: [m[Kcannot convert ‘[01m[Kstd::_Bind_helper<false, void (gazebo::BoxCameraPluginPrivate::*)(), gazebo::BoxCameraPlugin*>::type[m[K’ to ‘[01m[Kstd::function<void()>[m[K’
   65 |         this->updateConnection = impl_->_camerasensor->ConnectUpdated([01;31m[Kstd::bind(&BoxCameraPluginPrivate::OnUpdate, this)[m[K);
      |                                                                       [01;31m[K~~~~~~~~~^~~~~~~~~~~~~~~~~~~~~~~~~~~~~~~~~~~~~~~~~[m[K
      |                                                                                [01;31m[K|[m[K
      |                                                                                [01;31m[Kstd::_Bind_helper<false, void (gazebo::BoxCameraPluginPrivate::*)(), gazebo::BoxCameraPlugin*>::type[m[K
In file included from [01m[K/usr/include/gazebo-11/gazebo/sensors/AltimeterSensor.hh:25[m[K,
                 from [01m[K/usr/include/gazebo-11/gazebo/sensors/sensors.hh:2[m[K,
                 from [01m[K/home/dev/gazebo-tutorials/gazebo-drone-ros/src/box_camera/src/boxCameraPlugin.cpp:4[m[K:
[01m[K/usr/include/gazebo-11/gazebo/sensors/Sensor.hh:160:41:[m[K [01;36m[Knote: [m[K  initializing argument 1 of ‘[01m[Kgazebo::event::ConnectionPtr gazebo::sensors::Sensor::ConnectUpdated(std::function<void()>)[m[K’
  160 |                   [01;36m[Kstd::function<void()> _subscriber[m[K);
      |                   [01;36m[K~~~~~~~~~~~~~~~~~~~~~~^~~~~~~~~~~[m[K
gmake[2]: *** [CMakeFiles/box_camera_plugin.dir/build.make:76: CMakeFiles/box_camera_plugin.dir/src/boxCameraPlugin.cpp.o] Error 1
gmake[1]: *** [CMakeFiles/Makefile2:137: CMakeFiles/box_camera_plugin.dir/all] Error 2
gmake: *** [Makefile:146: all] Error 2
