[0.449s] Invoking command in '/home/dev/gazebo-tutorials/gazebo-drone-ros/build/box_camera': AMENT_PREFIX_PATH=/home/dev/gazebo-tutorials/gazebo-drone-ros/install/cam_interface:${AMENT_PREFIX_PATH} CMAKE_PREFIX_PATH=/home/dev/gazebo-tutorials/gazebo-drone-ros/install/cam_interface:/opt/ros/humble LD_LIBRARY_PATH=/home/dev/gazebo-tutorials/gazebo-drone-ros/install/cam_interface/lib:${LD_LIBRARY_PATH} PYTHONPATH=/home/dev/gazebo-tutorials/gazebo-drone-ros/install/cam_interface/local/lib/python3.10/dist-packages:${PYTHONPATH} /usr/bin/cmake --build /home/dev/gazebo-tutorials/gazebo-drone-ros/build/box_camera -- -j4 -l4
[0.577s] [35m[1mConsolidate compiler generated dependencies of target box_camera_plugin[0m
[0.684s] [ 50%] [32mBuilding CXX object CMakeFiles/box_camera_plugin.dir/src/boxCameraPlugin.cpp.o[0m
[35.214s] [01m[K/home/dev/gazebo-tutorials/gazebo-drone-ros/src/box_camera/src/boxCameraPlugin.cpp:[m[K In member function ‘[01m[Kvirtual void gazebo::BoxCameraPlugin::Load(gazebo::sensors::SensorPtr, sdf::v9::ElementPtr)[m[K’:
[35.215s] [01m[K/home/dev/gazebo-tutorials/gazebo-drone-ros/src/box_camera/src/boxCameraPlugin.cpp:65:15:[m[K [01;31m[Kerror: [m[K‘[01m[Kclass gazebo::BoxCameraPlugin[m[K’ has no member named ‘[01m[KupdateConnection[m[K’
[35.215s]    65 |         this->[01;31m[KupdateConnection[m[K = impl_->_camerasensor->ConnectUpdated(std::bind(&BoxCameraPluginPrivate::OnUpdate, this));
[35.215s]       |               [01;31m[K^~~~~~~~~~~~~~~~[m[K
[35.237s] [01m[K/home/dev/gazebo-tutorials/gazebo-drone-ros/src/box_camera/src/boxCameraPlugin.cpp:65:80:[m[K [01;31m[Kerror: [m[Kcannot convert ‘[01m[Kstd::_Bind_helper<false, void (gazebo::BoxCameraPluginPrivate::*)(), gazebo::BoxCameraPlugin*>::type[m[K’ to ‘[01m[Kstd::function<void()>[m[K’
[35.241s]    65 |         this->updateConnection = impl_->_camerasensor->ConnectUpdated([01;31m[Kstd::bind(&BoxCameraPluginPrivate::OnUpdate, this)[m[K);
[35.243s]       |                                                                       [01;31m[K~~~~~~~~~^~~~~~~~~~~~~~~~~~~~~~~~~~~~~~~~~~~~~~~~~[m[K
[35.243s]       |                                                                                [01;31m[K|[m[K
[35.243s]       |                                                                                [01;31m[Kstd::_Bind_helper<false, void (gazebo::BoxCameraPluginPrivate::*)(), gazebo::BoxCameraPlugin*>::type[m[K
[35.243s] In file included from [01m[K/usr/include/gazebo-11/gazebo/sensors/AltimeterSensor.hh:25[m[K,
[35.244s]                  from [01m[K/usr/include/gazebo-11/gazebo/sensors/sensors.hh:2[m[K,
[35.245s]                  from [01m[K/home/dev/gazebo-tutorials/gazebo-drone-ros/src/box_camera/src/boxCameraPlugin.cpp:4[m[K:
[35.245s] [01m[K/usr/include/gazebo-11/gazebo/sensors/Sensor.hh:160:41:[m[K [01;36m[Knote: [m[K  initializing argument 1 of ‘[01m[Kgazebo::event::ConnectionPtr gazebo::sensors::Sensor::ConnectUpdated(std::function<void()>)[m[K’
[35.245s]   160 |                   [01;36m[Kstd::function<void()> _subscriber[m[K);
[35.245s]       |                   [01;36m[K~~~~~~~~~~~~~~~~~~~~~~^~~~~~~~~~~[m[K
[41.706s] gmake[2]: *** [CMakeFiles/box_camera_plugin.dir/build.make:76: CMakeFiles/box_camera_plugin.dir/src/boxCameraPlugin.cpp.o] Error 1
[41.707s] gmake[1]: *** [CMakeFiles/Makefile2:137: CMakeFiles/box_camera_plugin.dir/all] Error 2
[41.707s] gmake: *** [Makefile:146: all] Error 2
[41.710s] Invoked command in '/home/dev/gazebo-tutorials/gazebo-drone-ros/build/box_camera' returned '2': AMENT_PREFIX_PATH=/home/dev/gazebo-tutorials/gazebo-drone-ros/install/cam_interface:${AMENT_PREFIX_PATH} CMAKE_PREFIX_PATH=/home/dev/gazebo-tutorials/gazebo-drone-ros/install/cam_interface:/opt/ros/humble LD_LIBRARY_PATH=/home/dev/gazebo-tutorials/gazebo-drone-ros/install/cam_interface/lib:${LD_LIBRARY_PATH} PYTHONPATH=/home/dev/gazebo-tutorials/gazebo-drone-ros/install/cam_interface/local/lib/python3.10/dist-packages:${PYTHONPATH} /usr/bin/cmake --build /home/dev/gazebo-tutorials/gazebo-drone-ros/build/box_camera -- -j4 -l4
