[3.585s] DEBUG:colcon:Command line arguments: ['/usr/bin/colcon', 'build', '--packages-select', 'box_camera']
[3.585s] DEBUG:colcon:Parsed command line arguments: Namespace(log_base=None, log_level=None, verb_name='build', build_base='build', install_base='install', merge_install=False, symlink_install=False, test_result_base=None, continue_on_error=False, executor='parallel', parallel_workers=4, event_handlers=None, ignore_user_meta=False, metas=['./colcon.meta'], base_paths=['.'], packages_ignore=None, packages_ignore_regex=None, paths=None, packages_up_to=None, packages_up_to_regex=None, packages_above=None, packages_above_and_dependencies=None, packages_above_depth=None, packages_select_by_dep=None, packages_skip_by_dep=None, packages_skip_up_to=None, packages_select_build_failed=False, packages_skip_build_finished=False, packages_select_test_failures=False, packages_skip_test_passed=False, packages_select=['box_camera'], packages_skip=None, packages_select_regex=None, packages_skip_regex=None, packages_start=None, packages_end=None, allow_overriding=[], cmake_args=None, cmake_target=None, cmake_target_skip_unavailable=False, cmake_clean_cache=False, cmake_clean_first=False, cmake_force_configure=False, ament_cmake_args=None, catkin_cmake_args=None, catkin_skip_building_tests=False, verb_parser=<colcon_defaults.argument_parser.defaults.DefaultArgumentsDecorator object at 0x7f8fda3ad210>, verb_extension=<colcon_core.verb.build.BuildVerb object at 0x7f8fda335810>, main=<bound method BuildVerb.main of <colcon_core.verb.build.BuildVerb object at 0x7f8fda335810>>)
[3.889s] Level 1:colcon.colcon_core.package_discovery:discover_packages(colcon_meta) check parameters
[3.890s] Level 1:colcon.colcon_core.package_discovery:discover_packages(recursive) check parameters
[3.890s] Level 1:colcon.colcon_core.package_discovery:discover_packages(ignore) check parameters
[3.890s] Level 1:colcon.colcon_core.package_discovery:discover_packages(path) check parameters
[3.890s] Level 1:colcon.colcon_core.package_discovery:discover_packages(colcon_meta) discover
[3.890s] Level 1:colcon.colcon_core.package_discovery:discover_packages(recursive) discover
[3.890s] INFO:colcon.colcon_core.package_discovery:Crawling recursively for packages in '/home/dev/gazebo-tutorials/gazebo-drone-ros'
[3.890s] Level 1:colcon.colcon_core.package_identification:_identify(.) by extensions ['ignore', 'ignore_ament_install']
[3.890s] Level 1:colcon.colcon_core.package_identification:_identify(.) by extension 'ignore'
[3.891s] Level 1:colcon.colcon_core.package_identification:_identify(.) by extension 'ignore_ament_install'
[3.894s] Level 1:colcon.colcon_core.package_identification:_identify(.) by extensions ['colcon_pkg']
[3.894s] Level 1:colcon.colcon_core.package_identification:_identify(.) by extension 'colcon_pkg'
[3.895s] Level 1:colcon.colcon_core.package_identification:_identify(.) by extensions ['colcon_meta']
[3.895s] Level 1:colcon.colcon_core.package_identification:_identify(.) by extension 'colcon_meta'
[3.899s] Level 1:colcon.colcon_core.package_identification:_identify(.) by extensions ['ros']
[3.899s] Level 1:colcon.colcon_core.package_identification:_identify(.) by extension 'ros'
[3.939s] Level 1:colcon.colcon_core.package_identification:_identify(.) by extensions ['cmake', 'python']
[3.941s] Level 1:colcon.colcon_core.package_identification:_identify(.) by extension 'cmake'
[3.943s] Level 1:colcon.colcon_core.package_identification:_identify(.) by extension 'python'
[3.945s] Level 1:colcon.colcon_core.package_identification:_identify(.) by extensions ['python_setup_py']
[3.947s] Level 1:colcon.colcon_core.package_identification:_identify(.) by extension 'python_setup_py'
[3.949s] Level 1:colcon.colcon_core.package_identification:_identify(build) by extensions ['ignore', 'ignore_ament_install']
[3.949s] Level 1:colcon.colcon_core.package_identification:_identify(build) by extension 'ignore'
[3.950s] Level 1:colcon.colcon_core.package_identification:_identify(build) ignored
[3.950s] Level 1:colcon.colcon_core.package_identification:_identify(install) by extensions ['ignore', 'ignore_ament_install']
[3.950s] Level 1:colcon.colcon_core.package_identification:_identify(install) by extension 'ignore'
[3.950s] Level 1:colcon.colcon_core.package_identification:_identify(install) ignored
[3.950s] Level 1:colcon.colcon_core.package_identification:_identify(log) by extensions ['ignore', 'ignore_ament_install']
[3.950s] Level 1:colcon.colcon_core.package_identification:_identify(log) by extension 'ignore'
[3.950s] Level 1:colcon.colcon_core.package_identification:_identify(log) ignored
[3.951s] Level 1:colcon.colcon_core.package_identification:_identify(model_code) by extensions ['ignore', 'ignore_ament_install']
[3.951s] Level 1:colcon.colcon_core.package_identification:_identify(model_code) by extension 'ignore'
[3.951s] Level 1:colcon.colcon_core.package_identification:_identify(model_code) by extension 'ignore_ament_install'
[3.951s] Level 1:colcon.colcon_core.package_identification:_identify(model_code) by extensions ['colcon_pkg']
[3.951s] Level 1:colcon.colcon_core.package_identification:_identify(model_code) by extension 'colcon_pkg'
[3.951s] Level 1:colcon.colcon_core.package_identification:_identify(model_code) by extensions ['colcon_meta']
[3.951s] Level 1:colcon.colcon_core.package_identification:_identify(model_code) by extension 'colcon_meta'
[3.951s] Level 1:colcon.colcon_core.package_identification:_identify(model_code) by extensions ['ros']
[3.951s] Level 1:colcon.colcon_core.package_identification:_identify(model_code) by extension 'ros'
[3.951s] Level 1:colcon.colcon_core.package_identification:_identify(model_code) by extensions ['cmake', 'python']
[3.951s] Level 1:colcon.colcon_core.package_identification:_identify(model_code) by extension 'cmake'
[3.952s] Level 1:colcon.colcon_core.package_identification:_identify(model_code) by extension 'python'
[3.952s] Level 1:colcon.colcon_core.package_identification:_identify(model_code) by extensions ['python_setup_py']
[3.952s] Level 1:colcon.colcon_core.package_identification:_identify(model_code) by extension 'python_setup_py'
[3.954s] Level 1:colcon.colcon_core.package_identification:_identify(src) by extensions ['ignore', 'ignore_ament_install']
[3.955s] Level 1:colcon.colcon_core.package_identification:_identify(src) by extension 'ignore'
[3.956s] Level 1:colcon.colcon_core.package_identification:_identify(src) by extension 'ignore_ament_install'
[3.956s] Level 1:colcon.colcon_core.package_identification:_identify(src) by extensions ['colcon_pkg']
[3.956s] Level 1:colcon.colcon_core.package_identification:_identify(src) by extension 'colcon_pkg'
[3.956s] Level 1:colcon.colcon_core.package_identification:_identify(src) by extensions ['colcon_meta']
[3.956s] Level 1:colcon.colcon_core.package_identification:_identify(src) by extension 'colcon_meta'
[3.956s] Level 1:colcon.colcon_core.package_identification:_identify(src) by extensions ['ros']
[3.956s] Level 1:colcon.colcon_core.package_identification:_identify(src) by extension 'ros'
[3.956s] Level 1:colcon.colcon_core.package_identification:_identify(src) by extensions ['cmake', 'python']
[3.957s] Level 1:colcon.colcon_core.package_identification:_identify(src) by extension 'cmake'
[3.957s] Level 1:colcon.colcon_core.package_identification:_identify(src) by extension 'python'
[3.957s] Level 1:colcon.colcon_core.package_identification:_identify(src) by extensions ['python_setup_py']
[3.957s] Level 1:colcon.colcon_core.package_identification:_identify(src) by extension 'python_setup_py'
[3.957s] Level 1:colcon.colcon_core.package_identification:_identify(src/box_camera) by extensions ['ignore', 'ignore_ament_install']
[3.957s] Level 1:colcon.colcon_core.package_identification:_identify(src/box_camera) by extension 'ignore'
[3.957s] Level 1:colcon.colcon_core.package_identification:_identify(src/box_camera) by extension 'ignore_ament_install'
[3.957s] Level 1:colcon.colcon_core.package_identification:_identify(src/box_camera) by extensions ['colcon_pkg']
[3.957s] Level 1:colcon.colcon_core.package_identification:_identify(src/box_camera) by extension 'colcon_pkg'
[3.957s] Level 1:colcon.colcon_core.package_identification:_identify(src/box_camera) by extensions ['colcon_meta']
[3.957s] Level 1:colcon.colcon_core.package_identification:_identify(src/box_camera) by extension 'colcon_meta'
[3.958s] Level 1:colcon.colcon_core.package_identification:_identify(src/box_camera) by extensions ['ros']
[3.958s] Level 1:colcon.colcon_core.package_identification:_identify(src/box_camera) by extension 'ros'
[3.971s] DEBUG:colcon.colcon_core.package_identification:Package 'src/box_camera' with type 'ros.ament_cmake' and name 'box_camera'
[3.974s] Level 1:colcon.colcon_core.package_identification:_identify(src/cam_interface) by extensions ['ignore', 'ignore_ament_install']
[3.976s] Level 1:colcon.colcon_core.package_identification:_identify(src/cam_interface) by extension 'ignore'
[3.978s] Level 1:colcon.colcon_core.package_identification:_identify(src/cam_interface) by extension 'ignore_ament_install'
[3.979s] Level 1:colcon.colcon_core.package_identification:_identify(src/cam_interface) by extensions ['colcon_pkg']
[3.979s] Level 1:colcon.colcon_core.package_identification:_identify(src/cam_interface) by extension 'colcon_pkg'
[3.980s] Level 1:colcon.colcon_core.package_identification:_identify(src/cam_interface) by extensions ['colcon_meta']
[3.980s] Level 1:colcon.colcon_core.package_identification:_identify(src/cam_interface) by extension 'colcon_meta'
[3.980s] Level 1:colcon.colcon_core.package_identification:_identify(src/cam_interface) by extensions ['ros']
[3.981s] Level 1:colcon.colcon_core.package_identification:_identify(src/cam_interface) by extension 'ros'
[3.982s] DEBUG:colcon.colcon_core.package_identification:Package 'src/cam_interface' with type 'ros.ament_cmake' and name 'cam_interface'
[3.983s] Level 1:colcon.colcon_core.package_discovery:discover_packages(recursive) using defaults
[3.983s] Level 1:colcon.colcon_core.package_discovery:discover_packages(ignore) discover
[3.983s] Level 1:colcon.colcon_core.package_discovery:discover_packages(ignore) using defaults
[3.983s] Level 1:colcon.colcon_core.package_discovery:discover_packages(path) discover
[3.983s] Level 1:colcon.colcon_core.package_discovery:discover_packages(path) using defaults
[4.308s] INFO:colcon.colcon_core.package_selection:Skipping not selected package 'cam_interface' in 'src/cam_interface'
[4.443s] Level 1:colcon.colcon_core.package_discovery:discover_packages(prefix_path) check parameters
[4.443s] Level 1:colcon.colcon_core.package_discovery:discover_packages(prefix_path) discover
[4.596s] DEBUG:colcon.colcon_installed_package_information.package_discovery:Found 286 installed packages in /opt/ros/humble
[4.608s] Level 1:colcon.colcon_core.package_discovery:discover_packages(prefix_path) using defaults
[5.100s] Level 5:colcon.colcon_core.verb:set package 'box_camera' build argument 'cmake_args' from command line to 'None'
[5.101s] Level 5:colcon.colcon_core.verb:set package 'box_camera' build argument 'cmake_target' from command line to 'None'
[5.101s] Level 5:colcon.colcon_core.verb:set package 'box_camera' build argument 'cmake_target_skip_unavailable' from command line to 'False'
[5.101s] Level 5:colcon.colcon_core.verb:set package 'box_camera' build argument 'cmake_clean_cache' from command line to 'False'
[5.101s] Level 5:colcon.colcon_core.verb:set package 'box_camera' build argument 'cmake_clean_first' from command line to 'False'
[5.101s] Level 5:colcon.colcon_core.verb:set package 'box_camera' build argument 'cmake_force_configure' from command line to 'False'
[5.101s] Level 5:colcon.colcon_core.verb:set package 'box_camera' build argument 'ament_cmake_args' from command line to 'None'
[5.101s] Level 5:colcon.colcon_core.verb:set package 'box_camera' build argument 'catkin_cmake_args' from command line to 'None'
[5.101s] Level 5:colcon.colcon_core.verb:set package 'box_camera' build argument 'catkin_skip_building_tests' from command line to 'False'
[5.101s] DEBUG:colcon.colcon_core.verb:Building package 'box_camera' with the following arguments: {'ament_cmake_args': None, 'build_base': '/home/dev/gazebo-tutorials/gazebo-drone-ros/build/box_camera', 'catkin_cmake_args': None, 'catkin_skip_building_tests': False, 'cmake_args': None, 'cmake_clean_cache': False, 'cmake_clean_first': False, 'cmake_force_configure': False, 'cmake_target': None, 'cmake_target_skip_unavailable': False, 'install_base': '/home/dev/gazebo-tutorials/gazebo-drone-ros/install/box_camera', 'merge_install': False, 'path': '/home/dev/gazebo-tutorials/gazebo-drone-ros/src/box_camera', 'symlink_install': False, 'test_result_base': None}
[5.229s] INFO:colcon.colcon_core.executor:Executing jobs using 'parallel' executor
[5.296s] DEBUG:colcon.colcon_parallel_executor.executor.parallel:run_until_complete
[5.296s] INFO:colcon.colcon_ros.task.ament_cmake.build:Building ROS package in '/home/dev/gazebo-tutorials/gazebo-drone-ros/src/box_camera' with build type 'ament_cmake'
[5.296s] INFO:colcon.colcon_cmake.task.cmake.build:Building CMake package in '/home/dev/gazebo-tutorials/gazebo-drone-ros/src/box_camera'
[5.484s] INFO:colcon.colcon_core.plugin_system:Skipping extension 'colcon_core.shell.bat': Not used on non-Windows systems
[5.485s] INFO:colcon.colcon_core.shell:Skip shell extension 'powershell' for command environment: Not usable outside of PowerShell
[5.486s] DEBUG:colcon.colcon_core.shell:Skip shell extension 'dsv' for command environment
[5.745s] DEBUG:colcon.colcon_core.event_handler.log_command:Invoking command in '/home/dev/gazebo-tutorials/gazebo-drone-ros/build/box_camera': AMENT_PREFIX_PATH=/home/dev/gazebo-tutorials/gazebo-drone-ros/install/cam_interface:${AMENT_PREFIX_PATH} CMAKE_PREFIX_PATH=/home/dev/gazebo-tutorials/gazebo-drone-ros/install/cam_interface:/opt/ros/humble LD_LIBRARY_PATH=/home/dev/gazebo-tutorials/gazebo-drone-ros/install/cam_interface/lib:${LD_LIBRARY_PATH} PYTHONPATH=/home/dev/gazebo-tutorials/gazebo-drone-ros/install/cam_interface/local/lib/python3.10/dist-packages:${PYTHONPATH} /usr/bin/cmake --build /home/dev/gazebo-tutorials/gazebo-drone-ros/build/box_camera -- -j4 -l4
[47.007s] DEBUG:colcon.colcon_core.event_handler.log_command:Invoked command in '/home/dev/gazebo-tutorials/gazebo-drone-ros/build/box_camera' returned '2': AMENT_PREFIX_PATH=/home/dev/gazebo-tutorials/gazebo-drone-ros/install/cam_interface:${AMENT_PREFIX_PATH} CMAKE_PREFIX_PATH=/home/dev/gazebo-tutorials/gazebo-drone-ros/install/cam_interface:/opt/ros/humble LD_LIBRARY_PATH=/home/dev/gazebo-tutorials/gazebo-drone-ros/install/cam_interface/lib:${LD_LIBRARY_PATH} PYTHONPATH=/home/dev/gazebo-tutorials/gazebo-drone-ros/install/cam_interface/local/lib/python3.10/dist-packages:${PYTHONPATH} /usr/bin/cmake --build /home/dev/gazebo-tutorials/gazebo-drone-ros/build/box_camera -- -j4 -l4
[47.134s] Level 1:colcon.colcon_core.environment:create_environment_scripts_only(box_camera)
[47.187s] Level 1:colcon.colcon_core.environment:checking '/home/dev/gazebo-tutorials/gazebo-drone-ros/install/box_camera' for CMake module files
[47.188s] Level 1:colcon.colcon_core.environment:checking '/home/dev/gazebo-tutorials/gazebo-drone-ros/install/box_camera' for CMake config files
[47.189s] Level 1:colcon.colcon_core.shell:create_environment_hook('box_camera', 'cmake_prefix_path')
[47.245s] INFO:colcon.colcon_core.shell:Creating environment hook '/home/dev/gazebo-tutorials/gazebo-drone-ros/install/box_camera/share/box_camera/hook/cmake_prefix_path.ps1'
[47.246s] INFO:colcon.colcon_core.shell:Creating environment descriptor '/home/dev/gazebo-tutorials/gazebo-drone-ros/install/box_camera/share/box_camera/hook/cmake_prefix_path.dsv'
[47.246s] INFO:colcon.colcon_core.shell:Creating environment hook '/home/dev/gazebo-tutorials/gazebo-drone-ros/install/box_camera/share/box_camera/hook/cmake_prefix_path.sh'
[47.247s] Level 1:colcon.colcon_core.environment:checking '/home/dev/gazebo-tutorials/gazebo-drone-ros/install/box_camera/lib'
[47.247s] Level 1:colcon.colcon_core.shell:create_environment_hook('box_camera', 'ld_library_path_lib')
[47.309s] INFO:colcon.colcon_core.shell:Creating environment hook '/home/dev/gazebo-tutorials/gazebo-drone-ros/install/box_camera/share/box_camera/hook/ld_library_path_lib.ps1'
[47.309s] INFO:colcon.colcon_core.shell:Creating environment descriptor '/home/dev/gazebo-tutorials/gazebo-drone-ros/install/box_camera/share/box_camera/hook/ld_library_path_lib.dsv'
[47.310s] INFO:colcon.colcon_core.shell:Creating environment hook '/home/dev/gazebo-tutorials/gazebo-drone-ros/install/box_camera/share/box_camera/hook/ld_library_path_lib.sh'
[47.310s] Level 1:colcon.colcon_core.environment:checking '/home/dev/gazebo-tutorials/gazebo-drone-ros/install/box_camera/bin'
[47.310s] Level 1:colcon.colcon_core.environment:checking '/home/dev/gazebo-tutorials/gazebo-drone-ros/install/box_camera/lib/pkgconfig/box_camera.pc'
[47.310s] Level 1:colcon.colcon_core.environment:checking '/home/dev/gazebo-tutorials/gazebo-drone-ros/install/box_camera/lib/python3.10/site-packages'
[47.311s] Level 1:colcon.colcon_core.environment:checking '/home/dev/gazebo-tutorials/gazebo-drone-ros/install/box_camera/bin'
[47.361s] INFO:colcon.colcon_core.shell:Creating package script '/home/dev/gazebo-tutorials/gazebo-drone-ros/install/box_camera/share/box_camera/package.ps1'
[47.369s] INFO:colcon.colcon_core.shell:Creating package descriptor '/home/dev/gazebo-tutorials/gazebo-drone-ros/install/box_camera/share/box_camera/package.dsv'
[47.370s] INFO:colcon.colcon_core.shell:Creating package script '/home/dev/gazebo-tutorials/gazebo-drone-ros/install/box_camera/share/box_camera/package.sh'
[47.372s] INFO:colcon.colcon_core.shell:Creating package script '/home/dev/gazebo-tutorials/gazebo-drone-ros/install/box_camera/share/box_camera/package.bash'
[47.373s] INFO:colcon.colcon_core.shell:Creating package script '/home/dev/gazebo-tutorials/gazebo-drone-ros/install/box_camera/share/box_camera/package.zsh'
[47.373s] Level 1:colcon.colcon_core.environment:create_file_with_runtime_dependencies(/home/dev/gazebo-tutorials/gazebo-drone-ros/install/box_camera/share/colcon-core/packages/box_camera)
[47.385s] DEBUG:colcon.colcon_parallel_executor.executor.parallel:closing loop
[47.386s] DEBUG:colcon.colcon_parallel_executor.executor.parallel:loop closed
[47.387s] DEBUG:colcon.colcon_parallel_executor.executor.parallel:run_until_complete finished with '2'
[47.388s] DEBUG:colcon.colcon_core.event_reactor:joining thread
[47.487s] INFO:colcon.colcon_core.plugin_system:Skipping extension 'colcon_notification.desktop_notification.terminal_notifier': Not used on non-Darwin systems
[47.488s] INFO:colcon.colcon_core.plugin_system:Skipping extension 'colcon_notification.desktop_notification.win32': Not used on non-Windows systems
[47.488s] INFO:colcon.colcon_notification.desktop_notification:Sending desktop notification using 'notify2'
[47.533s] DEBUG:colcon.colcon_core.event_reactor:joined thread
[47.600s] INFO:colcon.colcon_core.shell:Creating prefix script '/home/dev/gazebo-tutorials/gazebo-drone-ros/install/local_setup.ps1'
[47.606s] INFO:colcon.colcon_core.shell:Creating prefix util module '/home/dev/gazebo-tutorials/gazebo-drone-ros/install/_local_setup_util_ps1.py'
[47.611s] INFO:colcon.colcon_core.shell:Creating prefix chain script '/home/dev/gazebo-tutorials/gazebo-drone-ros/install/setup.ps1'
[47.693s] INFO:colcon.colcon_core.shell:Creating prefix script '/home/dev/gazebo-tutorials/gazebo-drone-ros/install/local_setup.sh'
[47.694s] INFO:colcon.colcon_core.shell:Creating prefix util module '/home/dev/gazebo-tutorials/gazebo-drone-ros/install/_local_setup_util_sh.py'
[47.695s] INFO:colcon.colcon_core.shell:Creating prefix chain script '/home/dev/gazebo-tutorials/gazebo-drone-ros/install/setup.sh'
[47.745s] INFO:colcon.colcon_core.shell:Creating prefix script '/home/dev/gazebo-tutorials/gazebo-drone-ros/install/local_setup.bash'
[47.753s] INFO:colcon.colcon_core.shell:Creating prefix chain script '/home/dev/gazebo-tutorials/gazebo-drone-ros/install/setup.bash'
[47.807s] INFO:colcon.colcon_core.shell:Creating prefix script '/home/dev/gazebo-tutorials/gazebo-drone-ros/install/local_setup.zsh'
[47.810s] INFO:colcon.colcon_core.shell:Creating prefix chain script '/home/dev/gazebo-tutorials/gazebo-drone-ros/install/setup.zsh'
