[0.079s] Invoking command in '/home/dev/gazebo-tutorials/gazebo-drone-ros/build/box_camera': AMENT_PREFIX_PATH=/home/dev/gazebo-tutorials/gazebo-drone-ros/install/cam_interface:${AMENT_PREFIX_PATH} CMAKE_PREFIX_PATH=/home/dev/gazebo-tutorials/gazebo-drone-ros/install/cam_interface:/opt/ros/humble LD_LIBRARY_PATH=/home/dev/gazebo-tutorials/gazebo-drone-ros/install/cam_interface/lib:${LD_LIBRARY_PATH} PYTHONPATH=/home/dev/gazebo-tutorials/gazebo-drone-ros/install/cam_interface/local/lib/python3.10/dist-packages:${PYTHONPATH} /usr/bin/cmake /home/dev/gazebo-tutorials/gazebo-drone-ros/src/box_camera -DCMAKE_INSTALL_PREFIX=/home/dev/gazebo-tutorials/gazebo-drone-ros/install/box_camera
[0.135s] -- The C compiler identification is GNU 11.4.0
[0.194s] -- The CXX compiler identification is GNU 11.4.0
[0.203s] -- Detecting C compiler ABI info
[0.278s] -- Detecting C compiler ABI info - done
[0.284s] -- Check for working C compiler: /usr/bin/cc - skipped
[0.284s] -- Detecting C compile features
[0.285s] -- Detecting C compile features - done
[0.287s] -- Detecting CXX compiler ABI info
[0.366s] -- Detecting CXX compiler ABI info - done
[0.373s] -- Check for working CXX compiler: /usr/bin/c++ - skipped
[0.374s] -- Detecting CXX compile features
[0.374s] -- Detecting CXX compile features - done
[0.376s] -- Found ament_cmake: 1.3.7 (/opt/ros/humble/share/ament_cmake/cmake)
[0.561s] -- Found Python3: /usr/bin/python3.10 (found version "3.10.12") found components: Interpreter 
[0.645s] -- Found rclcpp: 16.0.8 (/opt/ros/humble/share/rclcpp/cmake)
[0.680s] -- Found rosidl_generator_c: 3.1.5 (/opt/ros/humble/share/rosidl_generator_c/cmake)
[0.684s] -- Found rosidl_adapter: 3.1.5 (/opt/ros/humble/share/rosidl_adapter/cmake)
[0.692s] -- Found rosidl_generator_cpp: 3.1.5 (/opt/ros/humble/share/rosidl_generator_cpp/cmake)
[0.704s] -- Using all available rosidl_typesupport_c: rosidl_typesupport_fastrtps_c;rosidl_typesupport_introspection_c
[0.722s] -- Using all available rosidl_typesupport_cpp: rosidl_typesupport_fastrtps_cpp;rosidl_typesupport_introspection_cpp
[0.782s] -- Found rmw_implementation_cmake: 6.1.1 (/opt/ros/humble/share/rmw_implementation_cmake/cmake)
[0.784s] -- Found rmw_fastrtps_cpp: 6.2.6 (/opt/ros/humble/share/rmw_fastrtps_cpp/cmake)
[0.872s] -- Found OpenSSL: /usr/lib/x86_64-linux-gnu/libcrypto.so (found version "3.0.2")  
[0.896s] -- Found FastRTPS: /opt/ros/humble/include  
[0.940s] -- Using RMW implementation 'rmw_fastrtps_cpp' as default
[0.949s] -- Looking for pthread.h
[1.011s] -- Looking for pthread.h - found
[1.011s] -- Performing Test CMAKE_HAVE_LIBC_PTHREAD
[1.081s] -- Performing Test CMAKE_HAVE_LIBC_PTHREAD - Success
[1.081s] -- Found Threads: TRUE  
[1.234s] -- Found rclpy: 3.3.11 (/opt/ros/humble/share/rclpy/cmake)
[1.259s] [33mCMake Warning (dev) at /usr/share/cmake-3.22/Modules/FindPackageHandleStandardArgs.cmake:438 (message):
[1.259s]   The package name passed to `find_package_handle_standard_args` (PkgConfig)
[1.259s]   does not match the name of the calling package (gazebo).  This can lead to
[1.259s]   problems in calling code that expects `find_package` result variables
[1.259s]   (e.g., `_FOUND`) to follow a certain pattern.
[1.259s] Call Stack (most recent call first):
[1.259s]   /usr/share/cmake-3.22/Modules/FindPkgConfig.cmake:99 (find_package_handle_standard_args)
[1.259s]   /usr/lib/x86_64-linux-gnu/cmake/gazebo/gazebo-config.cmake:72 (include)
[1.260s]   CMakeLists.txt:21 (find_package)
[1.260s] This warning is for project developers.  Use -Wno-dev to suppress it.
[1.260s] [0m
[1.260s] -- Found PkgConfig: /usr/bin/pkg-config (found version "0.29.2") 
[1.260s] -- Checking for module 'bullet>=2.82'
[1.280s] --   Found bullet, version 3.05
[1.394s] -- Found fcl: /usr/include (found suitable version "0.7.0", minimum required is "0.5.0") 
[1.443s] -- Found assimp: /usr/include (found version "5.2.0") 
[1.460s] -- Found DART: /usr/include (Required is at least version "6.6") found components: dart 
[1.483s] -- Found Boost: /usr/lib/x86_64-linux-gnu/cmake/Boost-1.74.0/BoostConfig.cmake (found suitable version "1.74.0", minimum required is "1.40.0") found components: thread system filesystem program_options regex iostreams date_time 
[1.495s] -- Found Protobuf: /usr/lib/x86_64-linux-gnu/libprotobuf.so (found version "3.12.4") 
[1.500s] -- Looking for ignition-math6 -- found version 6.15.1
[1.505s] -- Searching for dependencies of ignition-math6
[1.506s] -- Looking for OGRE...
[1.506s] -- OGRE_PREFIX_WATCH changed.
[1.512s] -- Checking for module 'OGRE'
[1.525s] --   Found OGRE, version 1.9.0
[1.559s] -- Found Ogre Ghadamon (1.9.0)
[1.568s] -- Found OGRE: optimized;/usr/lib/x86_64-linux-gnu/libOgreMain.so;debug;/usr/lib/x86_64-linux-gnu/libOgreMain.so
[1.577s] -- Looking for OGRE_Paging...
[1.582s] -- Found OGRE_Paging: optimized;/usr/lib/x86_64-linux-gnu/libOgrePaging.so;debug;/usr/lib/x86_64-linux-gnu/libOgrePaging.so
[1.582s] -- Looking for OGRE_Terrain...
[1.586s] -- Found OGRE_Terrain: optimized;/usr/lib/x86_64-linux-gnu/libOgreTerrain.so;debug;/usr/lib/x86_64-linux-gnu/libOgreTerrain.so
[1.586s] -- Looking for OGRE_Property...
[1.591s] -- Found OGRE_Property: optimized;/usr/lib/x86_64-linux-gnu/libOgreProperty.so;debug;/usr/lib/x86_64-linux-gnu/libOgreProperty.so
[1.591s] -- Looking for OGRE_RTShaderSystem...
[1.595s] -- Found OGRE_RTShaderSystem: optimized;/usr/lib/x86_64-linux-gnu/libOgreRTShaderSystem.so;debug;/usr/lib/x86_64-linux-gnu/libOgreRTShaderSystem.so
[1.595s] -- Looking for OGRE_Volume...
[1.600s] -- Found OGRE_Volume: optimized;/usr/lib/x86_64-linux-gnu/libOgreVolume.so;debug;/usr/lib/x86_64-linux-gnu/libOgreVolume.so
[1.600s] -- Looking for OGRE_Overlay...
[1.604s] -- Found OGRE_Overlay: optimized;/usr/lib/x86_64-linux-gnu/libOgreOverlay.so;debug;/usr/lib/x86_64-linux-gnu/libOgreOverlay.so
[1.698s] -- Looking for ignition-math6 -- found version 6.15.1
[1.700s] -- Looking for ignition-transport8 -- found version 8.2.1
[1.700s] -- Searching for dependencies of ignition-transport8
[1.717s] -- Found Protobuf: /usr/lib/x86_64-linux-gnu/libprotobuf.so (found suitable version "3.12.4", minimum required is "3") 
[1.727s] -- Config-file not installed for ZeroMQ -- checking for pkg-config
[1.732s] -- Checking for module 'libzmq >= 4'
[1.744s] --   Found libzmq , version 4.3.4
[1.778s] -- Found ZeroMQ: TRUE (Required is at least version "4") 
[1.784s] -- Checking for module 'uuid'
[1.795s] --   Found uuid, version 2.37.2
[1.828s] -- Found UUID: TRUE  
[1.830s] -- Looking for ignition-msgs5 -- found version 5.8.1
[1.831s] -- Searching for dependencies of ignition-msgs5
[1.848s] -- Looking for ignition-math6 -- found version 6.15.1
[1.853s] -- Checking for module 'tinyxml2'
[1.865s] --   Found tinyxml2, version 9.0.0
[1.895s] -- Looking for ignition-msgs5 -- found version 5.8.1
[1.897s] -- Looking for ignition-common3 -- found version 3.14.0
[1.897s] -- Searching for dependencies of ignition-common3
[1.897s] -- Looking for dlfcn.h - found
[1.898s] -- Looking for libdl - found
[1.900s] -- Found DL: TRUE  
[1.910s] -- Found tinyobjloader: /usr/lib/x86_64-linux-gnu/cmake/tinyobjloader/tinyobjloader-config.cmake (found version "2.0.0") 
[1.911s] -- Searching for <ignition-common3> component [graphics]
[1.913s] -- Looking for ignition-common3-graphics -- found version 3.14.0
[1.913s] -- Searching for dependencies of ignition-common3-graphics
[1.914s] -- Looking for ignition-math6 -- found version 6.15.1
[1.916s] -- Looking for ignition-fuel_tools4 -- found version 4.4.0
[1.917s] -- Searching for dependencies of ignition-fuel_tools4
[1.988s] -- Found CURL: /usr/lib/x86_64-linux-gnu/libcurl.so (found version "7.81.0")  
[1.996s] -- Checking for module 'jsoncpp'
[2.008s] --   Found jsoncpp, version 1.9.5
[2.042s] -- Found JSONCPP: TRUE  
[2.047s] -- Checking for module 'libzip'
[2.059s] --   Found libzip, version 1.7.3
[2.089s] -- Found ZIP: TRUE  
[2.090s] -- Looking for ignition-common3 -- found version 3.14.0
[2.090s] -- Looking for ignition-math6 -- found version 6.15.1
[2.091s] -- Looking for ignition-msgs5 -- found version 5.8.1
[2.095s] -- Found gazebo_ros: 3.7.0 (/opt/ros/humble/share/gazebo_ros/cmake)
[2.100s] -- Gazebo version: 11.10
[2.100s] -- Checking for module 'tbb'
[2.114s] --   Found tbb, version 2021.5.0
[2.150s] -- Found robot_state_publisher: 3.0.3 (/opt/ros/humble/share/robot_state_publisher/cmake)
[2.200s] -- Found eigen3_cmake_module: 0.1.1 (/opt/ros/humble/share/eigen3_cmake_module/cmake)
[2.201s] -- Found Eigen3: TRUE (found version "3.4.0") 
[2.201s] -- Ensuring Eigen3 include directory is part of orocos-kdl CMake target
[2.630s] -- Found xacro: 2.0.8 (/opt/ros/humble/share/xacro/cmake)
[2.630s] -- Found cam_interface: 0.0.0 (/home/dev/gazebo-tutorials/gazebo-drone-ros/install/cam_interface/share/cam_interface/cmake)
[2.660s] [31mCMake Error at CMakeLists.txt:27 (find_package):
[2.660s]   find_package called with invalid argument "required"
[2.660s] 
[2.660s] [0m
[2.660s] [31mCMake Error at CMakeLists.txt:53 (target_link_libraries):
[2.660s]   Cannot specify link libraries for target "box_camera" which is not built by
[2.660s]   this project.
[2.660s] 
[2.660s] [0m
[2.660s] -- Configuring incomplete, errors occurred!
[2.661s] See also "/home/dev/gazebo-tutorials/gazebo-drone-ros/build/box_camera/CMakeFiles/CMakeOutput.log".
[2.671s] Invoked command in '/home/dev/gazebo-tutorials/gazebo-drone-ros/build/box_camera' returned '1': AMENT_PREFIX_PATH=/home/dev/gazebo-tutorials/gazebo-drone-ros/install/cam_interface:${AMENT_PREFIX_PATH} CMAKE_PREFIX_PATH=/home/dev/gazebo-tutorials/gazebo-drone-ros/install/cam_interface:/opt/ros/humble LD_LIBRARY_PATH=/home/dev/gazebo-tutorials/gazebo-drone-ros/install/cam_interface/lib:${LD_LIBRARY_PATH} PYTHONPATH=/home/dev/gazebo-tutorials/gazebo-drone-ros/install/cam_interface/local/lib/python3.10/dist-packages:${PYTHONPATH} /usr/bin/cmake /home/dev/gazebo-tutorials/gazebo-drone-ros/src/box_camera -DCMAKE_INSTALL_PREFIX=/home/dev/gazebo-tutorials/gazebo-drone-ros/install/box_camera
