[0.092s] Invoking command in '/home/dev/gazebo-tutorials/gazebo-drone-ros/build/box_camera': AMENT_PREFIX_PATH=/home/dev/gazebo-tutorials/gazebo-drone-ros/install/cam_interface:${AMENT_PREFIX_PATH} CMAKE_PREFIX_PATH=/home/dev/gazebo-tutorials/gazebo-drone-ros/install/cam_interface:/opt/ros/humble LD_LIBRARY_PATH=/home/dev/gazebo-tutorials/gazebo-drone-ros/install/cam_interface/lib:${LD_LIBRARY_PATH} PYTHONPATH=/home/dev/gazebo-tutorials/gazebo-drone-ros/install/cam_interface/local/lib/python3.10/dist-packages:${PYTHONPATH} /usr/bin/cmake /home/dev/gazebo-tutorials/gazebo-drone-ros/src/box_camera -DCMAKE_INSTALL_PREFIX=/home/dev/gazebo-tutorials/gazebo-drone-ros/install/box_camera
[0.114s] -- Found ament_cmake: 1.3.7 (/opt/ros/humble/share/ament_cmake/cmake)
[0.287s] -- Found rclcpp: 16.0.8 (/opt/ros/humble/share/rclcpp/cmake)
[0.333s] -- Found rosidl_generator_c: 3.1.5 (/opt/ros/humble/share/rosidl_generator_c/cmake)
[0.337s] -- Found rosidl_adapter: 3.1.5 (/opt/ros/humble/share/rosidl_adapter/cmake)
[0.350s] -- Found rosidl_generator_cpp: 3.1.5 (/opt/ros/humble/share/rosidl_generator_cpp/cmake)
[0.386s] -- Using all available rosidl_typesupport_c: rosidl_typesupport_fastrtps_c;rosidl_typesupport_introspection_c
[0.431s] -- Using all available rosidl_typesupport_cpp: rosidl_typesupport_fastrtps_cpp;rosidl_typesupport_introspection_cpp
[0.495s] -- Found rmw_implementation_cmake: 6.1.1 (/opt/ros/humble/share/rmw_implementation_cmake/cmake)
[0.497s] -- Found rmw_fastrtps_cpp: 6.2.6 (/opt/ros/humble/share/rmw_fastrtps_cpp/cmake)
[0.629s] -- Using RMW implementation 'rmw_fastrtps_cpp' as default
[0.808s] -- Found rclpy: 3.3.11 (/opt/ros/humble/share/rclpy/cmake)
[0.814s] [33mCMake Warning (dev) at /usr/share/cmake-3.22/Modules/FindPackageHandleStandardArgs.cmake:438 (message):
[0.814s]   The package name passed to `find_package_handle_standard_args` (PkgConfig)
[0.814s]   does not match the name of the calling package (gazebo).  This can lead to
[0.814s]   problems in calling code that expects `find_package` result variables
[0.814s]   (e.g., `_FOUND`) to follow a certain pattern.
[0.814s] Call Stack (most recent call first):
[0.815s]   /usr/share/cmake-3.22/Modules/FindPkgConfig.cmake:99 (find_package_handle_standard_args)
[0.815s]   /usr/lib/x86_64-linux-gnu/cmake/gazebo/gazebo-config.cmake:72 (include)
[0.815s]   CMakeLists.txt:21 (find_package)
[0.815s] This warning is for project developers.  Use -Wno-dev to suppress it.
[0.816s] [0m
[0.841s] -- Found DART: /usr/include (Required is at least version "6.6") found components: dart 
[0.870s] -- Found Protobuf: /usr/lib/x86_64-linux-gnu/libprotobuf.so (found version "3.12.4") 
[0.871s] -- Looking for ignition-math6 -- found version 6.15.1
[0.876s] -- Searching for dependencies of ignition-math6
[0.877s] -- Looking for OGRE...
[0.882s] -- Found Ogre Ghadamon (1.9.0)
[0.883s] -- Found OGRE: optimized;/usr/lib/x86_64-linux-gnu/libOgreMain.so;debug;/usr/lib/x86_64-linux-gnu/libOgreMain.so
[0.891s] -- Looking for OGRE_Paging...
[0.891s] -- Found OGRE_Paging: optimized;/usr/lib/x86_64-linux-gnu/libOgrePaging.so;debug;/usr/lib/x86_64-linux-gnu/libOgrePaging.so
[0.892s] -- Looking for OGRE_Terrain...
[0.892s] -- Found OGRE_Terrain: optimized;/usr/lib/x86_64-linux-gnu/libOgreTerrain.so;debug;/usr/lib/x86_64-linux-gnu/libOgreTerrain.so
[0.892s] -- Looking for OGRE_Property...
[0.892s] -- Found OGRE_Property: optimized;/usr/lib/x86_64-linux-gnu/libOgreProperty.so;debug;/usr/lib/x86_64-linux-gnu/libOgreProperty.so
[0.892s] -- Looking for OGRE_RTShaderSystem...
[0.892s] -- Found OGRE_RTShaderSystem: optimized;/usr/lib/x86_64-linux-gnu/libOgreRTShaderSystem.so;debug;/usr/lib/x86_64-linux-gnu/libOgreRTShaderSystem.so
[0.892s] -- Looking for OGRE_Volume...
[0.892s] -- Found OGRE_Volume: optimized;/usr/lib/x86_64-linux-gnu/libOgreVolume.so;debug;/usr/lib/x86_64-linux-gnu/libOgreVolume.so
[0.892s] -- Looking for OGRE_Overlay...
[0.892s] -- Found OGRE_Overlay: optimized;/usr/lib/x86_64-linux-gnu/libOgreOverlay.so;debug;/usr/lib/x86_64-linux-gnu/libOgreOverlay.so
[0.992s] -- Looking for ignition-math6 -- found version 6.15.1
[0.992s] -- Looking for ignition-transport8 -- found version 8.2.1
[0.993s] -- Searching for dependencies of ignition-transport8
[1.012s] -- Found Protobuf: /usr/lib/x86_64-linux-gnu/libprotobuf.so (found suitable version "3.12.4", minimum required is "3") 
[1.023s] -- Config-file not installed for ZeroMQ -- checking for pkg-config
[1.028s] -- Checking for module 'libzmq >= 4'
[1.041s] --   Found libzmq , version 4.3.4
[1.084s] -- Checking for module 'uuid'
[1.097s] --   Found uuid, version 2.37.2
[1.132s] -- Looking for ignition-msgs5 -- found version 5.8.1
[1.132s] -- Searching for dependencies of ignition-msgs5
[1.151s] -- Looking for ignition-math6 -- found version 6.15.1
[1.156s] -- Checking for module 'tinyxml2'
[1.169s] --   Found tinyxml2, version 9.0.0
[1.199s] -- Looking for ignition-msgs5 -- found version 5.8.1
[1.199s] -- Looking for ignition-common3 -- found version 3.14.0
[1.199s] -- Searching for dependencies of ignition-common3
[1.200s] -- Looking for dlfcn.h - found
[1.200s] -- Looking for libdl - found
[1.211s] -- Searching for <ignition-common3> component [graphics]
[1.211s] -- Looking for ignition-common3-graphics -- found version 3.14.0
[1.212s] -- Searching for dependencies of ignition-common3-graphics
[1.212s] -- Looking for ignition-math6 -- found version 6.15.1
[1.213s] -- Looking for ignition-fuel_tools4 -- found version 4.4.0
[1.214s] -- Searching for dependencies of ignition-fuel_tools4
[1.248s] -- Checking for module 'jsoncpp'
[1.259s] --   Found jsoncpp, version 1.9.5
[1.292s] -- Checking for module 'libzip'
[1.310s] --   Found libzip, version 1.7.3
[1.363s] -- Looking for ignition-common3 -- found version 3.14.0
[1.364s] -- Looking for ignition-math6 -- found version 6.15.1
[1.364s] -- Looking for ignition-msgs5 -- found version 5.8.1
[1.367s] -- Found gazebo_ros: 3.7.0 (/opt/ros/humble/share/gazebo_ros/cmake)
[1.374s] -- Gazebo version: 11.10
[1.381s] -- Found robot_state_publisher: 3.0.3 (/opt/ros/humble/share/robot_state_publisher/cmake)
[1.437s] -- Found eigen3_cmake_module: 0.1.1 (/opt/ros/humble/share/eigen3_cmake_module/cmake)
[1.439s] -- Ensuring Eigen3 include directory is part of orocos-kdl CMake target
[1.918s] -- Found xacro: 2.0.8 (/opt/ros/humble/share/xacro/cmake)
[1.918s] -- Found cam_interface: 0.0.0 (/home/dev/gazebo-tutorials/gazebo-drone-ros/install/cam_interface/share/cam_interface/cmake)
[1.961s] -- Found OpenCV: /usr (found version "4.5.4") 
[1.961s] [31mCMake Error at CMakeLists.txt:53 (target_link_libraries):
[1.961s]   Cannot specify link libraries for target "box_camera" which is not built by
[1.961s]   this project.
[1.962s] 
[1.962s] [0m
[1.962s] -- Configuring incomplete, errors occurred!
[1.962s] See also "/home/dev/gazebo-tutorials/gazebo-drone-ros/build/box_camera/CMakeFiles/CMakeOutput.log".
[1.974s] Invoked command in '/home/dev/gazebo-tutorials/gazebo-drone-ros/build/box_camera' returned '1': AMENT_PREFIX_PATH=/home/dev/gazebo-tutorials/gazebo-drone-ros/install/cam_interface:${AMENT_PREFIX_PATH} CMAKE_PREFIX_PATH=/home/dev/gazebo-tutorials/gazebo-drone-ros/install/cam_interface:/opt/ros/humble LD_LIBRARY_PATH=/home/dev/gazebo-tutorials/gazebo-drone-ros/install/cam_interface/lib:${LD_LIBRARY_PATH} PYTHONPATH=/home/dev/gazebo-tutorials/gazebo-drone-ros/install/cam_interface/local/lib/python3.10/dist-packages:${PYTHONPATH} /usr/bin/cmake /home/dev/gazebo-tutorials/gazebo-drone-ros/src/box_camera -DCMAKE_INSTALL_PREFIX=/home/dev/gazebo-tutorials/gazebo-drone-ros/install/box_camera
