[0.198s] Invoking command in '/home/dev/gazebo-tutorials/gazebo-drone-ros/build/cam_interface': CMAKE_PREFIX_PATH=/opt/ros/humble /usr/bin/cmake --build /home/dev/gazebo-tutorials/gazebo-drone-ros/build/cam_interface -- -j4 -l4
[0.291s] -- Found ament_cmake: 1.3.7 (/opt/ros/humble/share/ament_cmake/cmake)
[0.762s] -- Found builtin_interfaces: 1.2.1 (/opt/ros/humble/share/builtin_interfaces/cmake)
[0.843s] -- Found rosidl_generator_c: 3.1.5 (/opt/ros/humble/share/rosidl_generator_c/cmake)
[0.848s] -- Found rosidl_adapter: 3.1.5 (/opt/ros/humble/share/rosidl_adapter/cmake)
[0.864s] -- Found rosidl_generator_cpp: 3.1.5 (/opt/ros/humble/share/rosidl_generator_cpp/cmake)
[0.908s] -- Using all available rosidl_typesupport_c: rosidl_typesupport_fastrtps_c;rosidl_typesupport_introspection_c
[0.959s] -- Using all available rosidl_typesupport_cpp: rosidl_typesupport_fastrtps_cpp;rosidl_typesupport_introspection_cpp
[1.005s] -- Found rosidl_default_generators: 1.2.0 (/opt/ros/humble/share/rosidl_default_generators/cmake)
[1.920s] -- Found ament_cmake_cppcheck: 0.12.10 (/opt/ros/humble/share/ament_cmake_cppcheck/cmake)
[1.922s] -- Found ament_cmake_cpplint: 0.12.10 (/opt/ros/humble/share/ament_cmake_cpplint/cmake)
[1.930s] -- Found ament_cmake_uncrustify: 0.12.10 (/opt/ros/humble/share/ament_cmake_uncrustify/cmake)
[1.933s] -- Found ament_cmake_ros: 0.10.0 (/opt/ros/humble/share/ament_cmake_ros/cmake)
[2.802s] -- Using all available rosidl_typesupport_c: rosidl_typesupport_fastrtps_c;rosidl_typesupport_introspection_c
[3.200s] -- Using all available rosidl_typesupport_cpp: rosidl_typesupport_fastrtps_cpp;rosidl_typesupport_introspection_cpp
[3.286s] -- Found python_cmake_module: 0.10.0 (/opt/ros/humble/share/python_cmake_module/cmake)
[3.376s] -- Using PYTHON_EXECUTABLE: /usr/bin/python3
[3.376s] -- Using PYTHON_INCLUDE_DIRS: /usr/include/python3.10
[3.376s] -- Using PYTHON_LIBRARIES: /usr/lib/x86_64-linux-gnu/libpython3.10.so
[3.424s] -- Found ament_cmake_flake8: 0.12.10 (/opt/ros/humble/share/ament_cmake_flake8/cmake)
[3.426s] -- Found ament_cmake_pep257: 0.12.10 (/opt/ros/humble/share/ament_cmake_pep257/cmake)
[3.468s] -- Configuring done
[3.611s] -- Generating done
[3.616s] -- Build files have been written to: /home/dev/gazebo-tutorials/gazebo-drone-ros/build/cam_interface
[3.693s] [35m[1mConsolidate compiler generated dependencies of target cam_interface__rosidl_generator_c[0m
[3.731s] [  3%] Built target cam_interface__cpp
[3.744s] [ 12%] Built target cam_interface__rosidl_generator_c
[3.772s] [35m[1mConsolidate compiler generated dependencies of target cam_interface__rosidl_typesupport_cpp[0m
[3.793s] [35m[1mConsolidate compiler generated dependencies of target cam_interface__rosidl_typesupport_fastrtps_cpp[0m
[3.810s] [ 12%] Built target ament_cmake_python_copy_cam_interface
[3.831s] [35m[1mConsolidate compiler generated dependencies of target cam_interface__rosidl_typesupport_introspection_cpp[0m
[3.841s] [ 22%] Built target cam_interface__rosidl_typesupport_cpp
[3.855s] [ 32%] Built target cam_interface__rosidl_typesupport_fastrtps_cpp
[3.873s] [35m[1mConsolidate compiler generated dependencies of target cam_interface__rosidl_typesupport_fastrtps_c[0m
[3.903s] [35m[1mConsolidate compiler generated dependencies of target cam_interface__rosidl_typesupport_introspection_c[0m
[3.906s] [ 41%] Built target cam_interface__rosidl_typesupport_introspection_cpp
[3.937s] [35m[1mConsolidate compiler generated dependencies of target cam_interface__rosidl_typesupport_c[0m
[3.980s] [ 58%] Built target cam_interface__rosidl_typesupport_introspection_c
[3.981s] [ 61%] Built target cam_interface__rosidl_typesupport_fastrtps_c
[4.001s] [ 70%] Built target cam_interface__rosidl_typesupport_c
[4.066s] [ 70%] Built target cam_interface
[4.144s] [ 74%] Built target cam_interface__py
[4.197s] [35m[1mConsolidate compiler generated dependencies of target cam_interface__rosidl_generator_py[0m
[4.260s] [ 80%] Built target cam_interface__rosidl_generator_py
[4.325s] [35m[1mConsolidate compiler generated dependencies of target cam_interface__rosidl_typesupport_fastrtps_c__pyext[0m
[4.332s] [35m[1mConsolidate compiler generated dependencies of target cam_interface__rosidl_typesupport_introspection_c__pyext[0m
[4.378s] [ 87%] Built target cam_interface__rosidl_typesupport_introspection_c__pyext
[4.382s] [35m[1mConsolidate compiler generated dependencies of target cam_interface__rosidl_typesupport_c__pyext[0m
[4.439s] [ 93%] Built target cam_interface__rosidl_typesupport_fastrtps_c__pyext
[4.466s] [100%] Built target cam_interface__rosidl_typesupport_c__pyext
[5.050s] running egg_info
[5.052s] writing cam_interface.egg-info/PKG-INFO
[5.053s] writing dependency_links to cam_interface.egg-info/dependency_links.txt
[5.053s] writing top-level names to cam_interface.egg-info/top_level.txt
[5.056s] reading manifest file 'cam_interface.egg-info/SOURCES.txt'
[5.057s] writing manifest file 'cam_interface.egg-info/SOURCES.txt'
[5.152s] [100%] Built target ament_cmake_python_build_cam_interface_egg
[5.187s] Invoked command in '/home/dev/gazebo-tutorials/gazebo-drone-ros/build/cam_interface' returned '0': CMAKE_PREFIX_PATH=/opt/ros/humble /usr/bin/cmake --build /home/dev/gazebo-tutorials/gazebo-drone-ros/build/cam_interface -- -j4 -l4
[5.362s] Invoking command in '/home/dev/gazebo-tutorials/gazebo-drone-ros/build/cam_interface': CMAKE_PREFIX_PATH=/opt/ros/humble /usr/bin/cmake --install /home/dev/gazebo-tutorials/gazebo-drone-ros/build/cam_interface
[5.388s] -- Install configuration: ""
[5.394s] -- Up-to-date: /home/dev/gazebo-tutorials/gazebo-drone-ros/install/cam_interface/share/ament_index/resource_index/rosidl_interfaces/cam_interface
[5.395s] -- Up-to-date: /home/dev/gazebo-tutorials/gazebo-drone-ros/install/cam_interface/include/cam_interface/cam_interface
[5.399s] -- Up-to-date: /home/dev/gazebo-tutorials/gazebo-drone-ros/install/cam_interface/include/cam_interface/cam_interface/msg
[5.402s] -- Up-to-date: /home/dev/gazebo-tutorials/gazebo-drone-ros/install/cam_interface/include/cam_interface/cam_interface/msg/rosidl_generator_c__visibility_control.h
[5.404s] -- Up-to-date: /home/dev/gazebo-tutorials/gazebo-drone-ros/install/cam_interface/include/cam_interface/cam_interface/msg/pixel.h
[5.404s] -- Up-to-date: /home/dev/gazebo-tutorials/gazebo-drone-ros/install/cam_interface/include/cam_interface/cam_interface/msg/detail
[5.404s] -- Up-to-date: /home/dev/gazebo-tutorials/gazebo-drone-ros/install/cam_interface/include/cam_interface/cam_interface/msg/detail/pixel__functions.c
[5.405s] -- Up-to-date: /home/dev/gazebo-tutorials/gazebo-drone-ros/install/cam_interface/include/cam_interface/cam_interface/msg/detail/pixel__type_support.h
[5.405s] -- Up-to-date: /home/dev/gazebo-tutorials/gazebo-drone-ros/install/cam_interface/include/cam_interface/cam_interface/msg/detail/pixel__struct.h
[5.406s] -- Up-to-date: /home/dev/gazebo-tutorials/gazebo-drone-ros/install/cam_interface/include/cam_interface/cam_interface/msg/detail/pixel__functions.h
[5.406s] -- Up-to-date: /home/dev/gazebo-tutorials/gazebo-drone-ros/install/cam_interface/share/cam_interface/environment/library_path.sh
[5.406s] -- Installing: /home/dev/gazebo-tutorials/gazebo-drone-ros/install/cam_interface/share/cam_interface/environment/library_path.dsv
[5.406s] -- Up-to-date: /home/dev/gazebo-tutorials/gazebo-drone-ros/install/cam_interface/lib/libcam_interface__rosidl_generator_c.so
[5.406s] -- Up-to-date: /home/dev/gazebo-tutorials/gazebo-drone-ros/install/cam_interface/include/cam_interface/cam_interface
[5.407s] -- Up-to-date: /home/dev/gazebo-tutorials/gazebo-drone-ros/install/cam_interface/include/cam_interface/cam_interface/msg
[5.407s] -- Up-to-date: /home/dev/gazebo-tutorials/gazebo-drone-ros/install/cam_interface/include/cam_interface/cam_interface/msg/rosidl_typesupport_fastrtps_c__visibility_control.h
[5.407s] -- Up-to-date: /home/dev/gazebo-tutorials/gazebo-drone-ros/install/cam_interface/include/cam_interface/cam_interface/msg/detail
[5.407s] -- Up-to-date: /home/dev/gazebo-tutorials/gazebo-drone-ros/install/cam_interface/include/cam_interface/cam_interface/msg/detail/pixel__rosidl_typesupport_fastrtps_c.h
[5.407s] -- Up-to-date: /home/dev/gazebo-tutorials/gazebo-drone-ros/install/cam_interface/lib/libcam_interface__rosidl_typesupport_fastrtps_c.so
[5.407s] -- Up-to-date: /home/dev/gazebo-tutorials/gazebo-drone-ros/install/cam_interface/include/cam_interface/cam_interface
[5.407s] -- Up-to-date: /home/dev/gazebo-tutorials/gazebo-drone-ros/install/cam_interface/include/cam_interface/cam_interface/msg
[5.408s] -- Up-to-date: /home/dev/gazebo-tutorials/gazebo-drone-ros/install/cam_interface/include/cam_interface/cam_interface/msg/detail
[5.408s] -- Up-to-date: /home/dev/gazebo-tutorials/gazebo-drone-ros/install/cam_interface/include/cam_interface/cam_interface/msg/detail/pixel__traits.hpp
[5.408s] -- Up-to-date: /home/dev/gazebo-tutorials/gazebo-drone-ros/install/cam_interface/include/cam_interface/cam_interface/msg/detail/pixel__builder.hpp
[5.408s] -- Up-to-date: /home/dev/gazebo-tutorials/gazebo-drone-ros/install/cam_interface/include/cam_interface/cam_interface/msg/detail/pixel__struct.hpp
[5.408s] -- Up-to-date: /home/dev/gazebo-tutorials/gazebo-drone-ros/install/cam_interface/include/cam_interface/cam_interface/msg/pixel.hpp
[5.408s] -- Up-to-date: /home/dev/gazebo-tutorials/gazebo-drone-ros/install/cam_interface/include/cam_interface/cam_interface
[5.408s] -- Up-to-date: /home/dev/gazebo-tutorials/gazebo-drone-ros/install/cam_interface/include/cam_interface/cam_interface/msg
[5.408s] -- Up-to-date: /home/dev/gazebo-tutorials/gazebo-drone-ros/install/cam_interface/include/cam_interface/cam_interface/msg/rosidl_typesupport_fastrtps_cpp__visibility_control.h
[5.408s] -- Up-to-date: /home/dev/gazebo-tutorials/gazebo-drone-ros/install/cam_interface/include/cam_interface/cam_interface/msg/detail
[5.408s] -- Up-to-date: /home/dev/gazebo-tutorials/gazebo-drone-ros/install/cam_interface/include/cam_interface/cam_interface/msg/detail/dds_fastrtps
[5.408s] -- Up-to-date: /home/dev/gazebo-tutorials/gazebo-drone-ros/install/cam_interface/include/cam_interface/cam_interface/msg/detail/pixel__rosidl_typesupport_fastrtps_cpp.hpp
[5.409s] -- Up-to-date: /home/dev/gazebo-tutorials/gazebo-drone-ros/install/cam_interface/lib/libcam_interface__rosidl_typesupport_fastrtps_cpp.so
[5.409s] -- Up-to-date: /home/dev/gazebo-tutorials/gazebo-drone-ros/install/cam_interface/include/cam_interface/cam_interface
[5.409s] -- Up-to-date: /home/dev/gazebo-tutorials/gazebo-drone-ros/install/cam_interface/include/cam_interface/cam_interface/msg
[5.409s] -- Up-to-date: /home/dev/gazebo-tutorials/gazebo-drone-ros/install/cam_interface/include/cam_interface/cam_interface/msg/rosidl_typesupport_introspection_c__visibility_control.h
[5.409s] -- Up-to-date: /home/dev/gazebo-tutorials/gazebo-drone-ros/install/cam_interface/include/cam_interface/cam_interface/msg/detail
[5.409s] -- Up-to-date: /home/dev/gazebo-tutorials/gazebo-drone-ros/install/cam_interface/include/cam_interface/cam_interface/msg/detail/pixel__type_support.c
[5.409s] -- Up-to-date: /home/dev/gazebo-tutorials/gazebo-drone-ros/install/cam_interface/include/cam_interface/cam_interface/msg/detail/pixel__rosidl_typesupport_introspection_c.h
[5.409s] -- Up-to-date: /home/dev/gazebo-tutorials/gazebo-drone-ros/install/cam_interface/lib/libcam_interface__rosidl_typesupport_introspection_c.so
[5.409s] -- Up-to-date: /home/dev/gazebo-tutorials/gazebo-drone-ros/install/cam_interface/lib/libcam_interface__rosidl_typesupport_c.so
[5.410s] -- Up-to-date: /home/dev/gazebo-tutorials/gazebo-drone-ros/install/cam_interface/include/cam_interface/cam_interface
[5.410s] -- Up-to-date: /home/dev/gazebo-tutorials/gazebo-drone-ros/install/cam_interface/include/cam_interface/cam_interface/msg
[5.410s] -- Up-to-date: /home/dev/gazebo-tutorials/gazebo-drone-ros/install/cam_interface/include/cam_interface/cam_interface/msg/detail
[5.410s] -- Up-to-date: /home/dev/gazebo-tutorials/gazebo-drone-ros/install/cam_interface/include/cam_interface/cam_interface/msg/detail/pixel__type_support.cpp
[5.410s] -- Up-to-date: /home/dev/gazebo-tutorials/gazebo-drone-ros/install/cam_interface/include/cam_interface/cam_interface/msg/detail/pixel__rosidl_typesupport_introspection_cpp.hpp
[5.410s] -- Up-to-date: /home/dev/gazebo-tutorials/gazebo-drone-ros/install/cam_interface/lib/libcam_interface__rosidl_typesupport_introspection_cpp.so
[5.410s] -- Up-to-date: /home/dev/gazebo-tutorials/gazebo-drone-ros/install/cam_interface/lib/libcam_interface__rosidl_typesupport_cpp.so
[5.410s] -- Up-to-date: /home/dev/gazebo-tutorials/gazebo-drone-ros/install/cam_interface/share/cam_interface/environment/pythonpath.sh
[5.411s] -- Installing: /home/dev/gazebo-tutorials/gazebo-drone-ros/install/cam_interface/share/cam_interface/environment/pythonpath.dsv
[5.411s] -- Up-to-date: /home/dev/gazebo-tutorials/gazebo-drone-ros/install/cam_interface/local/lib/python3.10/dist-packages/cam_interface-0.0.0-py3.10.egg-info
[5.411s] -- Installing: /home/dev/gazebo-tutorials/gazebo-drone-ros/install/cam_interface/local/lib/python3.10/dist-packages/cam_interface-0.0.0-py3.10.egg-info/top_level.txt
[5.415s] -- Installing: /home/dev/gazebo-tutorials/gazebo-drone-ros/install/cam_interface/local/lib/python3.10/dist-packages/cam_interface-0.0.0-py3.10.egg-info/SOURCES.txt
[5.418s] -- Installing: /home/dev/gazebo-tutorials/gazebo-drone-ros/install/cam_interface/local/lib/python3.10/dist-packages/cam_interface-0.0.0-py3.10.egg-info/PKG-INFO
[5.420s] -- Installing: /home/dev/gazebo-tutorials/gazebo-drone-ros/install/cam_interface/local/lib/python3.10/dist-packages/cam_interface-0.0.0-py3.10.egg-info/dependency_links.txt
[5.420s] -- Up-to-date: /home/dev/gazebo-tutorials/gazebo-drone-ros/install/cam_interface/local/lib/python3.10/dist-packages/cam_interface
[5.421s] -- Up-to-date: /home/dev/gazebo-tutorials/gazebo-drone-ros/install/cam_interface/local/lib/python3.10/dist-packages/cam_interface/_cam_interface_s.ep.rosidl_typesupport_fastrtps_c.c
[5.421s] -- Up-to-date: /home/dev/gazebo-tutorials/gazebo-drone-ros/install/cam_interface/local/lib/python3.10/dist-packages/cam_interface/_cam_interface_s.ep.rosidl_typesupport_c.c
[5.421s] -- Installing: /home/dev/gazebo-tutorials/gazebo-drone-ros/install/cam_interface/local/lib/python3.10/dist-packages/cam_interface/__init__.py
[5.422s] -- Up-to-date: /home/dev/gazebo-tutorials/gazebo-drone-ros/install/cam_interface/local/lib/python3.10/dist-packages/cam_interface/libcam_interface__rosidl_generator_py.so
[5.422s] -- Up-to-date: /home/dev/gazebo-tutorials/gazebo-drone-ros/install/cam_interface/local/lib/python3.10/dist-packages/cam_interface/cam_interface_s__rosidl_typesupport_c.cpython-310-x86_64-linux-gnu.so
[5.422s] -- Up-to-date: /home/dev/gazebo-tutorials/gazebo-drone-ros/install/cam_interface/local/lib/python3.10/dist-packages/cam_interface/cam_interface_s__rosidl_typesupport_fastrtps_c.cpython-310-x86_64-linux-gnu.so
[5.422s] -- Up-to-date: /home/dev/gazebo-tutorials/gazebo-drone-ros/install/cam_interface/local/lib/python3.10/dist-packages/cam_interface/cam_interface_s__rosidl_typesupport_introspection_c.cpython-310-x86_64-linux-gnu.so
[5.425s] -- Up-to-date: /home/dev/gazebo-tutorials/gazebo-drone-ros/install/cam_interface/local/lib/python3.10/dist-packages/cam_interface/msg
[5.426s] -- Up-to-date: /home/dev/gazebo-tutorials/gazebo-drone-ros/install/cam_interface/local/lib/python3.10/dist-packages/cam_interface/msg/_pixel_s.c
[5.426s] -- Up-to-date: /home/dev/gazebo-tutorials/gazebo-drone-ros/install/cam_interface/local/lib/python3.10/dist-packages/cam_interface/msg/__init__.py
[5.426s] -- Up-to-date: /home/dev/gazebo-tutorials/gazebo-drone-ros/install/cam_interface/local/lib/python3.10/dist-packages/cam_interface/msg/_pixel.py
[5.426s] -- Up-to-date: /home/dev/gazebo-tutorials/gazebo-drone-ros/install/cam_interface/local/lib/python3.10/dist-packages/cam_interface/_cam_interface_s.ep.rosidl_typesupport_introspection_c.c
[5.519s] Listing '/home/dev/gazebo-tutorials/gazebo-drone-ros/install/cam_interface/local/lib/python3.10/dist-packages/cam_interface'...
[5.520s] Compiling '/home/dev/gazebo-tutorials/gazebo-drone-ros/install/cam_interface/local/lib/python3.10/dist-packages/cam_interface/__init__.py'...
[5.520s] Listing '/home/dev/gazebo-tutorials/gazebo-drone-ros/install/cam_interface/local/lib/python3.10/dist-packages/cam_interface/msg'...
[5.535s] -- Up-to-date: /home/dev/gazebo-tutorials/gazebo-drone-ros/install/cam_interface/local/lib/python3.10/dist-packages/cam_interface/cam_interface_s__rosidl_typesupport_fastrtps_c.cpython-310-x86_64-linux-gnu.so
[5.537s] -- Up-to-date: /home/dev/gazebo-tutorials/gazebo-drone-ros/install/cam_interface/local/lib/python3.10/dist-packages/cam_interface/cam_interface_s__rosidl_typesupport_introspection_c.cpython-310-x86_64-linux-gnu.so
[5.538s] -- Up-to-date: /home/dev/gazebo-tutorials/gazebo-drone-ros/install/cam_interface/local/lib/python3.10/dist-packages/cam_interface/cam_interface_s__rosidl_typesupport_c.cpython-310-x86_64-linux-gnu.so
[5.538s] -- Up-to-date: /home/dev/gazebo-tutorials/gazebo-drone-ros/install/cam_interface/lib/libcam_interface__rosidl_generator_py.so
[5.539s] -- Up-to-date: /home/dev/gazebo-tutorials/gazebo-drone-ros/install/cam_interface/share/cam_interface/msg/Pixel.idl
[5.539s] -- Up-to-date: /home/dev/gazebo-tutorials/gazebo-drone-ros/install/cam_interface/share/cam_interface/msg/Pixel.msg
[5.539s] -- Installing: /home/dev/gazebo-tutorials/gazebo-drone-ros/install/cam_interface/share/ament_index/resource_index/package_run_dependencies/cam_interface
[5.539s] -- Up-to-date: /home/dev/gazebo-tutorials/gazebo-drone-ros/install/cam_interface/share/ament_index/resource_index/parent_prefix_path/cam_interface
[5.540s] -- Up-to-date: /home/dev/gazebo-tutorials/gazebo-drone-ros/install/cam_interface/share/cam_interface/environment/ament_prefix_path.sh
[5.540s] -- Installing: /home/dev/gazebo-tutorials/gazebo-drone-ros/install/cam_interface/share/cam_interface/environment/ament_prefix_path.dsv
[5.544s] -- Up-to-date: /home/dev/gazebo-tutorials/gazebo-drone-ros/install/cam_interface/share/cam_interface/environment/path.sh
[5.544s] -- Installing: /home/dev/gazebo-tutorials/gazebo-drone-ros/install/cam_interface/share/cam_interface/environment/path.dsv
[5.548s] -- Up-to-date: /home/dev/gazebo-tutorials/gazebo-drone-ros/install/cam_interface/share/cam_interface/local_setup.bash
[5.548s] -- Up-to-date: /home/dev/gazebo-tutorials/gazebo-drone-ros/install/cam_interface/share/cam_interface/local_setup.sh
[5.548s] -- Up-to-date: /home/dev/gazebo-tutorials/gazebo-drone-ros/install/cam_interface/share/cam_interface/local_setup.zsh
[5.549s] -- Installing: /home/dev/gazebo-tutorials/gazebo-drone-ros/install/cam_interface/share/cam_interface/local_setup.dsv
[5.549s] -- Installing: /home/dev/gazebo-tutorials/gazebo-drone-ros/install/cam_interface/share/cam_interface/package.dsv
[5.549s] -- Up-to-date: /home/dev/gazebo-tutorials/gazebo-drone-ros/install/cam_interface/share/ament_index/resource_index/packages/cam_interface
[5.550s] -- Up-to-date: /home/dev/gazebo-tutorials/gazebo-drone-ros/install/cam_interface/share/cam_interface/cmake/export_cam_interface__rosidl_generator_cExport.cmake
[5.550s] -- Up-to-date: /home/dev/gazebo-tutorials/gazebo-drone-ros/install/cam_interface/share/cam_interface/cmake/export_cam_interface__rosidl_generator_cExport-noconfig.cmake
[5.550s] -- Up-to-date: /home/dev/gazebo-tutorials/gazebo-drone-ros/install/cam_interface/share/cam_interface/cmake/export_cam_interface__rosidl_typesupport_fastrtps_cExport.cmake
[5.550s] -- Up-to-date: /home/dev/gazebo-tutorials/gazebo-drone-ros/install/cam_interface/share/cam_interface/cmake/export_cam_interface__rosidl_typesupport_fastrtps_cExport-noconfig.cmake
[5.550s] -- Up-to-date: /home/dev/gazebo-tutorials/gazebo-drone-ros/install/cam_interface/share/cam_interface/cmake/export_cam_interface__rosidl_generator_cppExport.cmake
[5.550s] -- Up-to-date: /home/dev/gazebo-tutorials/gazebo-drone-ros/install/cam_interface/share/cam_interface/cmake/export_cam_interface__rosidl_typesupport_fastrtps_cppExport.cmake
[5.551s] -- Up-to-date: /home/dev/gazebo-tutorials/gazebo-drone-ros/install/cam_interface/share/cam_interface/cmake/export_cam_interface__rosidl_typesupport_fastrtps_cppExport-noconfig.cmake
[5.551s] -- Up-to-date: /home/dev/gazebo-tutorials/gazebo-drone-ros/install/cam_interface/share/cam_interface/cmake/cam_interface__rosidl_typesupport_introspection_cExport.cmake
[5.551s] -- Up-to-date: /home/dev/gazebo-tutorials/gazebo-drone-ros/install/cam_interface/share/cam_interface/cmake/cam_interface__rosidl_typesupport_introspection_cExport-noconfig.cmake
[5.551s] -- Up-to-date: /home/dev/gazebo-tutorials/gazebo-drone-ros/install/cam_interface/share/cam_interface/cmake/cam_interface__rosidl_typesupport_cExport.cmake
[5.551s] -- Up-to-date: /home/dev/gazebo-tutorials/gazebo-drone-ros/install/cam_interface/share/cam_interface/cmake/cam_interface__rosidl_typesupport_cExport-noconfig.cmake
[5.551s] -- Up-to-date: /home/dev/gazebo-tutorials/gazebo-drone-ros/install/cam_interface/share/cam_interface/cmake/cam_interface__rosidl_typesupport_introspection_cppExport.cmake
[5.551s] -- Up-to-date: /home/dev/gazebo-tutorials/gazebo-drone-ros/install/cam_interface/share/cam_interface/cmake/cam_interface__rosidl_typesupport_introspection_cppExport-noconfig.cmake
[5.551s] -- Up-to-date: /home/dev/gazebo-tutorials/gazebo-drone-ros/install/cam_interface/share/cam_interface/cmake/cam_interface__rosidl_typesupport_cppExport.cmake
[5.551s] -- Up-to-date: /home/dev/gazebo-tutorials/gazebo-drone-ros/install/cam_interface/share/cam_interface/cmake/cam_interface__rosidl_typesupport_cppExport-noconfig.cmake
[5.552s] -- Up-to-date: /home/dev/gazebo-tutorials/gazebo-drone-ros/install/cam_interface/share/cam_interface/cmake/export_cam_interface__rosidl_generator_pyExport.cmake
[5.552s] -- Up-to-date: /home/dev/gazebo-tutorials/gazebo-drone-ros/install/cam_interface/share/cam_interface/cmake/export_cam_interface__rosidl_generator_pyExport-noconfig.cmake
[5.552s] -- Up-to-date: /home/dev/gazebo-tutorials/gazebo-drone-ros/install/cam_interface/share/cam_interface/cmake/rosidl_cmake-extras.cmake
[5.552s] -- Up-to-date: /home/dev/gazebo-tutorials/gazebo-drone-ros/install/cam_interface/share/cam_interface/cmake/ament_cmake_export_dependencies-extras.cmake
[5.552s] -- Up-to-date: /home/dev/gazebo-tutorials/gazebo-drone-ros/install/cam_interface/share/cam_interface/cmake/ament_cmake_export_include_directories-extras.cmake
[5.552s] -- Up-to-date: /home/dev/gazebo-tutorials/gazebo-drone-ros/install/cam_interface/share/cam_interface/cmake/ament_cmake_export_libraries-extras.cmake
[5.552s] -- Up-to-date: /home/dev/gazebo-tutorials/gazebo-drone-ros/install/cam_interface/share/cam_interface/cmake/ament_cmake_export_targets-extras.cmake
[5.552s] -- Up-to-date: /home/dev/gazebo-tutorials/gazebo-drone-ros/install/cam_interface/share/cam_interface/cmake/rosidl_cmake_export_typesupport_targets-extras.cmake
[5.552s] -- Up-to-date: /home/dev/gazebo-tutorials/gazebo-drone-ros/install/cam_interface/share/cam_interface/cmake/rosidl_cmake_export_typesupport_libraries-extras.cmake
[5.552s] -- Up-to-date: /home/dev/gazebo-tutorials/gazebo-drone-ros/install/cam_interface/share/cam_interface/cmake/cam_interfaceConfig.cmake
[5.552s] -- Up-to-date: /home/dev/gazebo-tutorials/gazebo-drone-ros/install/cam_interface/share/cam_interface/cmake/cam_interfaceConfig-version.cmake
[5.552s] -- Installing: /home/dev/gazebo-tutorials/gazebo-drone-ros/install/cam_interface/share/cam_interface/package.xml
[5.563s] Invoked command in '/home/dev/gazebo-tutorials/gazebo-drone-ros/build/cam_interface' returned '0': CMAKE_PREFIX_PATH=/opt/ros/humble /usr/bin/cmake --install /home/dev/gazebo-tutorials/gazebo-drone-ros/build/cam_interface
