[0.211s] Invoking command in '/home/dev/gazebo-tutorials/gazebo-drone-ros/build/box_camera': CMAKE_PREFIX_PATH=/opt/ros/humble /usr/bin/cmake --build /home/dev/gazebo-tutorials/gazebo-drone-ros/build/box_camera -- -j4 -l4
[0.335s] [35m[1mConsolidate compiler generated dependencies of target box_camera_plugin[0m
[0.432s] [100%] Built target box_camera_plugin
[0.451s] Invoked command in '/home/dev/gazebo-tutorials/gazebo-drone-ros/build/box_camera' returned '0': CMAKE_PREFIX_PATH=/opt/ros/humble /usr/bin/cmake --build /home/dev/gazebo-tutorials/gazebo-drone-ros/build/box_camera -- -j4 -l4
[0.534s] Invoking command in '/home/dev/gazebo-tutorials/gazebo-drone-ros/build/box_camera': CMAKE_PREFIX_PATH=/opt/ros/humble /usr/bin/cmake --install /home/dev/gazebo-tutorials/gazebo-drone-ros/build/box_camera
[0.549s] -- Install configuration: ""
[0.549s] -- Up-to-date: /home/dev/gazebo-tutorials/gazebo-drone-ros/install/box_camera/share/box_camera//src
[0.549s] -- Up-to-date: /home/dev/gazebo-tutorials/gazebo-drone-ros/install/box_camera/share/box_camera//src/boxCameraPlugin.cpp
[0.549s] -- Up-to-date: /home/dev/gazebo-tutorials/gazebo-drone-ros/install/box_camera/share/box_camera/environment/library_path.sh
[0.549s] -- Up-to-date: /home/dev/gazebo-tutorials/gazebo-drone-ros/install/box_camera/share/box_camera/environment/library_path.dsv
[0.549s] -- Up-to-date: /home/dev/gazebo-tutorials/gazebo-drone-ros/install/box_camera/lib/libbox_camera_plugin.so
[0.553s] -- Up-to-date: /home/dev/gazebo-tutorials/gazebo-drone-ros/install/box_camera/share/ament_index/resource_index/package_run_dependencies/box_camera
[0.553s] -- Up-to-date: /home/dev/gazebo-tutorials/gazebo-drone-ros/install/box_camera/share/ament_index/resource_index/parent_prefix_path/box_camera
[0.554s] -- Up-to-date: /home/dev/gazebo-tutorials/gazebo-drone-ros/install/box_camera/share/box_camera/environment/ament_prefix_path.sh
[0.554s] -- Up-to-date: /home/dev/gazebo-tutorials/gazebo-drone-ros/install/box_camera/share/box_camera/environment/ament_prefix_path.dsv
[0.554s] -- Up-to-date: /home/dev/gazebo-tutorials/gazebo-drone-ros/install/box_camera/share/box_camera/environment/path.sh
[0.554s] -- Up-to-date: /home/dev/gazebo-tutorials/gazebo-drone-ros/install/box_camera/share/box_camera/environment/path.dsv
[0.555s] -- Up-to-date: /home/dev/gazebo-tutorials/gazebo-drone-ros/install/box_camera/share/box_camera/local_setup.bash
[0.555s] -- Up-to-date: /home/dev/gazebo-tutorials/gazebo-drone-ros/install/box_camera/share/box_camera/local_setup.sh
[0.555s] -- Up-to-date: /home/dev/gazebo-tutorials/gazebo-drone-ros/install/box_camera/share/box_camera/local_setup.zsh
[0.555s] -- Up-to-date: /home/dev/gazebo-tutorials/gazebo-drone-ros/install/box_camera/share/box_camera/local_setup.dsv
[0.555s] -- Installing: /home/dev/gazebo-tutorials/gazebo-drone-ros/install/box_camera/share/box_camera/package.dsv
[0.555s] -- Up-to-date: /home/dev/gazebo-tutorials/gazebo-drone-ros/install/box_camera/share/ament_index/resource_index/packages/box_camera
[0.555s] -- Up-to-date: /home/dev/gazebo-tutorials/gazebo-drone-ros/install/box_camera/share/box_camera/cmake/ament_cmake_export_libraries-extras.cmake
[0.555s] -- Up-to-date: /home/dev/gazebo-tutorials/gazebo-drone-ros/install/box_camera/share/box_camera/cmake/box_cameraConfig.cmake
[0.555s] -- Up-to-date: /home/dev/gazebo-tutorials/gazebo-drone-ros/install/box_camera/share/box_camera/cmake/box_cameraConfig-version.cmake
[0.555s] -- Up-to-date: /home/dev/gazebo-tutorials/gazebo-drone-ros/install/box_camera/share/box_camera/package.xml
[0.559s] -- Up-to-date: /home/dev/gazebo-tutorials/gazebo-drone-ros/install/box_camera/include
[0.566s] -- Up-to-date: /home/dev/gazebo-tutorials/gazebo-drone-ros/install/box_camera/include/boxCamera
[0.566s] -- Up-to-date: /home/dev/gazebo-tutorials/gazebo-drone-ros/install/box_camera/include/boxCamera/boxCameraPlugin.hpp
[0.567s] Invoked command in '/home/dev/gazebo-tutorials/gazebo-drone-ros/build/box_camera' returned '0': CMAKE_PREFIX_PATH=/opt/ros/humble /usr/bin/cmake --install /home/dev/gazebo-tutorials/gazebo-drone-ros/build/box_camera
