[01m[K/home/dev/gazebo-tutorials/gazebo-drone-ros/src/box_camera/src/boxCameraPlugin.cpp:25:31:[m[K [01;31m[Kerror: [m[K‘[01m[Kstd_msgs[m[K’ was not declared in this scope; did you mean ‘[01m[Ksdfmsg[m[K’?
   25 |             rclcpp::Publisher<[01;31m[Kstd_msgs[m[K::msg::String>::SharedPtr publisher;
      |                               [01;31m[K^~~~~~~~[m[K
      |                               [32m[Ksdfmsg[m[K
[01m[K/home/dev/gazebo-tutorials/gazebo-drone-ros/src/box_camera/src/boxCameraPlugin.cpp:25:52:[m[K [01;31m[Kerror: [m[Ktemplate argument 1 is invalid
   25 |             rclcpp::Publisher<std_msgs::msg::String[01;31m[K>[m[K::SharedPtr publisher;
      |                                                    [01;31m[K^[m[K
[01m[K/home/dev/gazebo-tutorials/gazebo-drone-ros/src/box_camera/src/boxCameraPlugin.cpp:25:55:[m[K [01;31m[Kerror: [m[Kexpected ‘[01m[K;[m[K’ at end of member declaration
   25 |             rclcpp::Publisher<std_msgs::msg::String>::[01;31m[KSharedPtr[m[K publisher;
      |                                                       [01;31m[K^~~~~~~~~[m[K
      |                                                                [32m[K;[m[K
[01m[K/home/dev/gazebo-tutorials/gazebo-drone-ros/src/box_camera/src/boxCameraPlugin.cpp:25:65:[m[K [01;31m[Kerror: [m[K‘[01m[Kpublisher[m[K’ does not name a type
   25 |             rclcpp::Publisher<std_msgs::msg::String>::SharedPtr [01;31m[Kpublisher[m[K;
      |                                                                 [01;31m[K^~~~~~~~~[m[K
[01m[K/home/dev/gazebo-tutorials/gazebo-drone-ros/src/box_camera/src/boxCameraPlugin.cpp:[m[K In member function ‘[01m[Kvirtual void gazebo::BoxCameraPlugin::Load(gazebo::sensors::SensorPtr, sdf::v9::ElementPtr)[m[K’:
[01m[K/home/dev/gazebo-tutorials/gazebo-drone-ros/src/box_camera/src/boxCameraPlugin.cpp:58:20:[m[K [01;31m[Kerror: [m[K‘[01m[Kclass gazebo::BoxCameraPluginPrivate[m[K’ has no member named ‘[01m[Kpublisher[m[K’; did you mean ‘[01m[Kcam_publisher[m[K’?
   58 |             impl_->[01;31m[Kpublisher[m[K = this->ros_node->create_publisher<cam_interface::Pixel>("camera_topic", 10);
      |                    [01;31m[K^~~~~~~~~[m[K
      |                    [32m[Kcam_publisher[m[K
[01m[K/home/dev/gazebo-tutorials/gazebo-drone-ros/src/box_camera/src/boxCameraPlugin.cpp:58:38:[m[K [01;31m[Kerror: [m[K‘[01m[Kclass gazebo::BoxCameraPlugin[m[K’ has no member named ‘[01m[Kros_node[m[K’
   58 |             impl_->publisher = this->[01;31m[Kros_node[m[K->create_publisher<cam_interface::Pixel>("camera_topic", 10);
      |                                      [01;31m[K^~~~~~~~[m[K
[01m[K/home/dev/gazebo-tutorials/gazebo-drone-ros/src/box_camera/src/boxCameraPlugin.cpp:58:80:[m[K [01;31m[Kerror: [m[K‘[01m[KPixel[m[K’ is not a member of ‘[01m[Kcam_interface[m[K’; did you mean ‘[01m[Kcam_interface::msg::Pixel[m[K’?
   58 |             impl_->publisher = this->ros_node->create_publisher<cam_interface::[01;31m[KPixel[m[K>("camera_topic", 10);
      |                                                                                [01;31m[K^~~~~[m[K
In file included from [01m[K/home/dev/gazebo-tutorials/gazebo-drone-ros/install/cam_interface/include/cam_interface/cam_interface/msg/pixel.hpp:7[m[K,
                 from [01m[K/home/dev/gazebo-tutorials/gazebo-drone-ros/src/box_camera/src/boxCameraPlugin.cpp:9[m[K:
[01m[K/home/dev/gazebo-tutorials/gazebo-drone-ros/install/cam_interface/include/cam_interface/cam_interface/msg/detail/pixel__struct.hpp:137:7:[m[K [01;36m[Knote: [m[K‘[01m[Kcam_interface::msg::Pixel[m[K’ declared here
  137 | using [01;36m[KPixel[m[K =
      |       [01;36m[K^~~~~[m[K
[01m[K/home/dev/gazebo-tutorials/gazebo-drone-ros/src/box_camera/src/boxCameraPlugin.cpp:58:87:[m[K [01;35m[Kwarning: [m[Kleft operand of comma operator has no effect [[01;35m[K]8;;https://gcc.gnu.org/onlinedocs/gcc/Warning-Options.html#index-Wunused-value-Wunused-value]8;;[m[K]
   58 |             impl_->publisher = this->ros_node->create_publisher<cam_interface::Pixel>([01;35m[K"camera_topic"[m[K, 10);
      |                                                                                       [01;35m[K^~~~~~~~~~~~~~[m[K
gmake[2]: *** [CMakeFiles/box_camera_plugin.dir/build.make:76: CMakeFiles/box_camera_plugin.dir/src/boxCameraPlugin.cpp.o] Error 1
gmake[1]: *** [CMakeFiles/Makefile2:137: CMakeFiles/box_camera_plugin.dir/all] Error 2
gmake: *** [Makefile:146: all] Error 2
