[3.715s] DEBUG:colcon:Command line arguments: ['/usr/bin/colcon', 'build', '--packages-select', 'box_camera']
[3.715s] DEBUG:colcon:Parsed command line arguments: Namespace(log_base=None, log_level=None, verb_name='build', build_base='build', install_base='install', merge_install=False, symlink_install=False, test_result_base=None, continue_on_error=False, executor='parallel', parallel_workers=4, event_handlers=None, ignore_user_meta=False, metas=['./colcon.meta'], base_paths=['.'], packages_ignore=None, packages_ignore_regex=None, paths=None, packages_up_to=None, packages_up_to_regex=None, packages_above=None, packages_above_and_dependencies=None, packages_above_depth=None, packages_select_by_dep=None, packages_skip_by_dep=None, packages_skip_up_to=None, packages_select_build_failed=False, packages_skip_build_finished=False, packages_select_test_failures=False, packages_skip_test_passed=False, packages_select=['box_camera'], packages_skip=None, packages_select_regex=None, packages_skip_regex=None, packages_start=None, packages_end=None, allow_overriding=[], cmake_args=None, cmake_target=None, cmake_target_skip_unavailable=False, cmake_clean_cache=False, cmake_clean_first=False, cmake_force_configure=False, ament_cmake_args=None, catkin_cmake_args=None, catkin_skip_building_tests=False, verb_parser=<colcon_defaults.argument_parser.defaults.DefaultArgumentsDecorator object at 0x7c37b0ca8cd0>, verb_extension=<colcon_core.verb.build.BuildVerb object at 0x7c37b0f7f460>, main=<bound method BuildVerb.main of <colcon_core.verb.build.BuildVerb object at 0x7c37b0f7f460>>)
[3.854s] Level 1:colcon.colcon_core.package_discovery:discover_packages(colcon_meta) check parameters
[3.854s] Level 1:colcon.colcon_core.package_discovery:discover_packages(recursive) check parameters
[3.855s] Level 1:colcon.colcon_core.package_discovery:discover_packages(ignore) check parameters
[3.856s] Level 1:colcon.colcon_core.package_discovery:discover_packages(path) check parameters
[3.857s] Level 1:colcon.colcon_core.package_discovery:discover_packages(colcon_meta) discover
[3.859s] Level 1:colcon.colcon_core.package_discovery:discover_packages(recursive) discover
[3.861s] INFO:colcon.colcon_core.package_discovery:Crawling recursively for packages in '/home/dev/gazebo-tutorials/gazebo-drone-ros'
[3.861s] Level 1:colcon.colcon_core.package_identification:_identify(.) by extensions ['ignore', 'ignore_ament_install']
[3.862s] Level 1:colcon.colcon_core.package_identification:_identify(.) by extension 'ignore'
[3.862s] Level 1:colcon.colcon_core.package_identification:_identify(.) by extension 'ignore_ament_install'
[3.862s] Level 1:colcon.colcon_core.package_identification:_identify(.) by extensions ['colcon_pkg']
[3.862s] Level 1:colcon.colcon_core.package_identification:_identify(.) by extension 'colcon_pkg'
[3.862s] Level 1:colcon.colcon_core.package_identification:_identify(.) by extensions ['colcon_meta']
[3.862s] Level 1:colcon.colcon_core.package_identification:_identify(.) by extension 'colcon_meta'
[3.862s] Level 1:colcon.colcon_core.package_identification:_identify(.) by extensions ['ros']
[3.862s] Level 1:colcon.colcon_core.package_identification:_identify(.) by extension 'ros'
[3.904s] Level 1:colcon.colcon_core.package_identification:_identify(.) by extensions ['cmake', 'python']
[3.904s] Level 1:colcon.colcon_core.package_identification:_identify(.) by extension 'cmake'
[3.905s] Level 1:colcon.colcon_core.package_identification:_identify(.) by extension 'python'
[3.905s] Level 1:colcon.colcon_core.package_identification:_identify(.) by extensions ['python_setup_py']
[3.905s] Level 1:colcon.colcon_core.package_identification:_identify(.) by extension 'python_setup_py'
[3.906s] Level 1:colcon.colcon_core.package_identification:_identify(build) by extensions ['ignore', 'ignore_ament_install']
[3.906s] Level 1:colcon.colcon_core.package_identification:_identify(build) by extension 'ignore'
[3.906s] Level 1:colcon.colcon_core.package_identification:_identify(build) ignored
[3.906s] Level 1:colcon.colcon_core.package_identification:_identify(install) by extensions ['ignore', 'ignore_ament_install']
[3.906s] Level 1:colcon.colcon_core.package_identification:_identify(install) by extension 'ignore'
[3.906s] Level 1:colcon.colcon_core.package_identification:_identify(install) ignored
[3.907s] Level 1:colcon.colcon_core.package_identification:_identify(log) by extensions ['ignore', 'ignore_ament_install']
[3.907s] Level 1:colcon.colcon_core.package_identification:_identify(log) by extension 'ignore'
[3.907s] Level 1:colcon.colcon_core.package_identification:_identify(log) ignored
[3.907s] Level 1:colcon.colcon_core.package_identification:_identify(src) by extensions ['ignore', 'ignore_ament_install']
[3.907s] Level 1:colcon.colcon_core.package_identification:_identify(src) by extension 'ignore'
[3.911s] Level 1:colcon.colcon_core.package_identification:_identify(src) by extension 'ignore_ament_install'
[3.911s] Level 1:colcon.colcon_core.package_identification:_identify(src) by extensions ['colcon_pkg']
[3.911s] Level 1:colcon.colcon_core.package_identification:_identify(src) by extension 'colcon_pkg'
[3.913s] Level 1:colcon.colcon_core.package_identification:_identify(src) by extensions ['colcon_meta']
[3.914s] Level 1:colcon.colcon_core.package_identification:_identify(src) by extension 'colcon_meta'
[3.916s] Level 1:colcon.colcon_core.package_identification:_identify(src) by extensions ['ros']
[3.916s] Level 1:colcon.colcon_core.package_identification:_identify(src) by extension 'ros'
[3.916s] Level 1:colcon.colcon_core.package_identification:_identify(src) by extensions ['cmake', 'python']
[3.917s] Level 1:colcon.colcon_core.package_identification:_identify(src) by extension 'cmake'
[3.917s] Level 1:colcon.colcon_core.package_identification:_identify(src) by extension 'python'
[3.917s] Level 1:colcon.colcon_core.package_identification:_identify(src) by extensions ['python_setup_py']
[3.917s] Level 1:colcon.colcon_core.package_identification:_identify(src) by extension 'python_setup_py'
[3.918s] Level 1:colcon.colcon_core.package_identification:_identify(src/box_camera) by extensions ['ignore', 'ignore_ament_install']
[3.918s] Level 1:colcon.colcon_core.package_identification:_identify(src/box_camera) by extension 'ignore'
[3.919s] Level 1:colcon.colcon_core.package_identification:_identify(src/box_camera) by extension 'ignore_ament_install'
[3.919s] Level 1:colcon.colcon_core.package_identification:_identify(src/box_camera) by extensions ['colcon_pkg']
[3.919s] Level 1:colcon.colcon_core.package_identification:_identify(src/box_camera) by extension 'colcon_pkg'
[3.919s] Level 1:colcon.colcon_core.package_identification:_identify(src/box_camera) by extensions ['colcon_meta']
[3.919s] Level 1:colcon.colcon_core.package_identification:_identify(src/box_camera) by extension 'colcon_meta'
[3.919s] Level 1:colcon.colcon_core.package_identification:_identify(src/box_camera) by extensions ['ros']
[3.919s] Level 1:colcon.colcon_core.package_identification:_identify(src/box_camera) by extension 'ros'
[3.939s] DEBUG:colcon.colcon_core.package_identification:Package 'src/box_camera' with type 'ros.ament_cmake' and name 'box_camera'
[3.942s] Level 1:colcon.colcon_core.package_identification:_identify(src/cam_interface) by extensions ['ignore', 'ignore_ament_install']
[3.942s] Level 1:colcon.colcon_core.package_identification:_identify(src/cam_interface) by extension 'ignore'
[3.942s] Level 1:colcon.colcon_core.package_identification:_identify(src/cam_interface) by extension 'ignore_ament_install'
[3.943s] Level 1:colcon.colcon_core.package_identification:_identify(src/cam_interface) by extensions ['colcon_pkg']
[3.943s] Level 1:colcon.colcon_core.package_identification:_identify(src/cam_interface) by extension 'colcon_pkg'
[3.943s] Level 1:colcon.colcon_core.package_identification:_identify(src/cam_interface) by extensions ['colcon_meta']
[3.943s] Level 1:colcon.colcon_core.package_identification:_identify(src/cam_interface) by extension 'colcon_meta'
[3.943s] Level 1:colcon.colcon_core.package_identification:_identify(src/cam_interface) by extensions ['ros']
[3.944s] Level 1:colcon.colcon_core.package_identification:_identify(src/cam_interface) by extension 'ros'
[3.953s] DEBUG:colcon.colcon_core.package_identification:Package 'src/cam_interface' with type 'ros.ament_cmake' and name 'cam_interface'
[3.953s] Level 1:colcon.colcon_core.package_discovery:discover_packages(recursive) using defaults
[3.954s] Level 1:colcon.colcon_core.package_discovery:discover_packages(ignore) discover
[3.954s] Level 1:colcon.colcon_core.package_discovery:discover_packages(ignore) using defaults
[3.955s] Level 1:colcon.colcon_core.package_discovery:discover_packages(path) discover
[3.955s] Level 1:colcon.colcon_core.package_discovery:discover_packages(path) using defaults
[4.243s] INFO:colcon.colcon_core.package_selection:Skipping not selected package 'cam_interface' in 'src/cam_interface'
[4.377s] Level 1:colcon.colcon_core.package_discovery:discover_packages(prefix_path) check parameters
[4.377s] Level 1:colcon.colcon_core.package_discovery:discover_packages(prefix_path) discover
[4.564s] DEBUG:colcon.colcon_installed_package_information.package_discovery:Found 286 installed packages in /opt/ros/humble
[4.566s] Level 1:colcon.colcon_core.package_discovery:discover_packages(prefix_path) using defaults
[4.904s] Level 5:colcon.colcon_core.verb:set package 'box_camera' build argument 'cmake_args' from command line to 'None'
[4.904s] Level 5:colcon.colcon_core.verb:set package 'box_camera' build argument 'cmake_target' from command line to 'None'
[4.904s] Level 5:colcon.colcon_core.verb:set package 'box_camera' build argument 'cmake_target_skip_unavailable' from command line to 'False'
[4.904s] Level 5:colcon.colcon_core.verb:set package 'box_camera' build argument 'cmake_clean_cache' from command line to 'False'
[4.905s] Level 5:colcon.colcon_core.verb:set package 'box_camera' build argument 'cmake_clean_first' from command line to 'False'
[4.905s] Level 5:colcon.colcon_core.verb:set package 'box_camera' build argument 'cmake_force_configure' from command line to 'False'
[4.905s] Level 5:colcon.colcon_core.verb:set package 'box_camera' build argument 'ament_cmake_args' from command line to 'None'
[4.905s] Level 5:colcon.colcon_core.verb:set package 'box_camera' build argument 'catkin_cmake_args' from command line to 'None'
[4.905s] Level 5:colcon.colcon_core.verb:set package 'box_camera' build argument 'catkin_skip_building_tests' from command line to 'False'
[4.905s] DEBUG:colcon.colcon_core.verb:Building package 'box_camera' with the following arguments: {'ament_cmake_args': None, 'build_base': '/home/dev/gazebo-tutorials/gazebo-drone-ros/build/box_camera', 'catkin_cmake_args': None, 'catkin_skip_building_tests': False, 'cmake_args': None, 'cmake_clean_cache': False, 'cmake_clean_first': False, 'cmake_force_configure': False, 'cmake_target': None, 'cmake_target_skip_unavailable': False, 'install_base': '/home/dev/gazebo-tutorials/gazebo-drone-ros/install/box_camera', 'merge_install': False, 'path': '/home/dev/gazebo-tutorials/gazebo-drone-ros/src/box_camera', 'symlink_install': False, 'test_result_base': None}
[5.003s] INFO:colcon.colcon_core.executor:Executing jobs using 'parallel' executor
[5.107s] DEBUG:colcon.colcon_parallel_executor.executor.parallel:run_until_complete
[5.108s] INFO:colcon.colcon_ros.task.ament_cmake.build:Building ROS package in '/home/dev/gazebo-tutorials/gazebo-drone-ros/src/box_camera' with build type 'ament_cmake'
[5.108s] INFO:colcon.colcon_cmake.task.cmake.build:Building CMake package in '/home/dev/gazebo-tutorials/gazebo-drone-ros/src/box_camera'
[5.194s] INFO:colcon.colcon_core.plugin_system:Skipping extension 'colcon_core.shell.bat': Not used on non-Windows systems
[5.194s] INFO:colcon.colcon_core.shell:Skip shell extension 'powershell' for command environment: Not usable outside of PowerShell
[5.195s] DEBUG:colcon.colcon_core.shell:Skip shell extension 'dsv' for command environment
[5.386s] DEBUG:colcon.colcon_core.event_handler.log_command:Invoking command in '/home/dev/gazebo-tutorials/gazebo-drone-ros/build/box_camera': CMAKE_PREFIX_PATH=/opt/ros/humble /usr/bin/cmake --build /home/dev/gazebo-tutorials/gazebo-drone-ros/build/box_camera -- -j4 -l4
[40.145s] DEBUG:colcon.colcon_core.event_handler.log_command:Invoked command in '/home/dev/gazebo-tutorials/gazebo-drone-ros/build/box_camera' returned '2': CMAKE_PREFIX_PATH=/opt/ros/humble /usr/bin/cmake --build /home/dev/gazebo-tutorials/gazebo-drone-ros/build/box_camera -- -j4 -l4
[40.184s] Level 1:colcon.colcon_core.environment:create_environment_scripts_only(box_camera)
[40.202s] Level 1:colcon.colcon_core.environment:checking '/home/dev/gazebo-tutorials/gazebo-drone-ros/install/box_camera' for CMake module files
[40.202s] Level 1:colcon.colcon_core.environment:checking '/home/dev/gazebo-tutorials/gazebo-drone-ros/install/box_camera' for CMake config files
[40.202s] Level 1:colcon.colcon_core.shell:create_environment_hook('box_camera', 'cmake_prefix_path')
[40.218s] INFO:colcon.colcon_core.shell:Creating environment hook '/home/dev/gazebo-tutorials/gazebo-drone-ros/install/box_camera/share/box_camera/hook/cmake_prefix_path.ps1'
[40.219s] INFO:colcon.colcon_core.shell:Creating environment descriptor '/home/dev/gazebo-tutorials/gazebo-drone-ros/install/box_camera/share/box_camera/hook/cmake_prefix_path.dsv'
[40.220s] INFO:colcon.colcon_core.shell:Creating environment hook '/home/dev/gazebo-tutorials/gazebo-drone-ros/install/box_camera/share/box_camera/hook/cmake_prefix_path.sh'
[40.222s] Level 1:colcon.colcon_core.environment:checking '/home/dev/gazebo-tutorials/gazebo-drone-ros/install/box_camera/lib'
[40.222s] Level 1:colcon.colcon_core.shell:create_environment_hook('box_camera', 'ld_library_path_lib')
[40.238s] INFO:colcon.colcon_core.shell:Creating environment hook '/home/dev/gazebo-tutorials/gazebo-drone-ros/install/box_camera/share/box_camera/hook/ld_library_path_lib.ps1'
[40.238s] INFO:colcon.colcon_core.shell:Creating environment descriptor '/home/dev/gazebo-tutorials/gazebo-drone-ros/install/box_camera/share/box_camera/hook/ld_library_path_lib.dsv'
[40.239s] INFO:colcon.colcon_core.shell:Creating environment hook '/home/dev/gazebo-tutorials/gazebo-drone-ros/install/box_camera/share/box_camera/hook/ld_library_path_lib.sh'
[40.239s] Level 1:colcon.colcon_core.environment:checking '/home/dev/gazebo-tutorials/gazebo-drone-ros/install/box_camera/bin'
[40.239s] Level 1:colcon.colcon_core.environment:checking '/home/dev/gazebo-tutorials/gazebo-drone-ros/install/box_camera/lib/pkgconfig/box_camera.pc'
[40.239s] Level 1:colcon.colcon_core.environment:checking '/home/dev/gazebo-tutorials/gazebo-drone-ros/install/box_camera/lib/python3.10/site-packages'
[40.239s] Level 1:colcon.colcon_core.environment:checking '/home/dev/gazebo-tutorials/gazebo-drone-ros/install/box_camera/bin'
[40.255s] INFO:colcon.colcon_core.shell:Creating package script '/home/dev/gazebo-tutorials/gazebo-drone-ros/install/box_camera/share/box_camera/package.ps1'
[40.256s] INFO:colcon.colcon_core.shell:Creating package descriptor '/home/dev/gazebo-tutorials/gazebo-drone-ros/install/box_camera/share/box_camera/package.dsv'
[40.257s] INFO:colcon.colcon_core.shell:Creating package script '/home/dev/gazebo-tutorials/gazebo-drone-ros/install/box_camera/share/box_camera/package.sh'
[40.257s] INFO:colcon.colcon_core.shell:Creating package script '/home/dev/gazebo-tutorials/gazebo-drone-ros/install/box_camera/share/box_camera/package.bash'
[40.258s] INFO:colcon.colcon_core.shell:Creating package script '/home/dev/gazebo-tutorials/gazebo-drone-ros/install/box_camera/share/box_camera/package.zsh'
[40.259s] Level 1:colcon.colcon_core.environment:create_file_with_runtime_dependencies(/home/dev/gazebo-tutorials/gazebo-drone-ros/install/box_camera/share/colcon-core/packages/box_camera)
[40.269s] DEBUG:colcon.colcon_parallel_executor.executor.parallel:closing loop
[40.269s] DEBUG:colcon.colcon_parallel_executor.executor.parallel:loop closed
[40.270s] DEBUG:colcon.colcon_parallel_executor.executor.parallel:run_until_complete finished with '2'
[40.270s] DEBUG:colcon.colcon_core.event_reactor:joining thread
[40.304s] INFO:colcon.colcon_core.plugin_system:Skipping extension 'colcon_notification.desktop_notification.terminal_notifier': Not used on non-Darwin systems
[40.304s] INFO:colcon.colcon_core.plugin_system:Skipping extension 'colcon_notification.desktop_notification.win32': Not used on non-Windows systems
[40.304s] INFO:colcon.colcon_notification.desktop_notification:Sending desktop notification using 'notify2'
[40.313s] DEBUG:colcon.colcon_core.event_reactor:joined thread
[40.331s] INFO:colcon.colcon_core.shell:Creating prefix script '/home/dev/gazebo-tutorials/gazebo-drone-ros/install/local_setup.ps1'
[40.332s] INFO:colcon.colcon_core.shell:Creating prefix util module '/home/dev/gazebo-tutorials/gazebo-drone-ros/install/_local_setup_util_ps1.py'
[40.334s] INFO:colcon.colcon_core.shell:Creating prefix chain script '/home/dev/gazebo-tutorials/gazebo-drone-ros/install/setup.ps1'
[40.351s] INFO:colcon.colcon_core.shell:Creating prefix script '/home/dev/gazebo-tutorials/gazebo-drone-ros/install/local_setup.sh'
[40.351s] INFO:colcon.colcon_core.shell:Creating prefix util module '/home/dev/gazebo-tutorials/gazebo-drone-ros/install/_local_setup_util_sh.py'
[40.352s] INFO:colcon.colcon_core.shell:Creating prefix chain script '/home/dev/gazebo-tutorials/gazebo-drone-ros/install/setup.sh'
[40.368s] INFO:colcon.colcon_core.shell:Creating prefix script '/home/dev/gazebo-tutorials/gazebo-drone-ros/install/local_setup.bash'
[40.369s] INFO:colcon.colcon_core.shell:Creating prefix chain script '/home/dev/gazebo-tutorials/gazebo-drone-ros/install/setup.bash'
[40.385s] INFO:colcon.colcon_core.shell:Creating prefix script '/home/dev/gazebo-tutorials/gazebo-drone-ros/install/local_setup.zsh'
[40.385s] INFO:colcon.colcon_core.shell:Creating prefix chain script '/home/dev/gazebo-tutorials/gazebo-drone-ros/install/setup.zsh'
