[0.235s] Invoking command in '/home/dev/gazebo-tutorials/gazebo-drone-ros/build/box_camera': AMENT_PREFIX_PATH=/home/dev/gazebo-tutorials/gazebo-drone-ros/install/cam_interface:${AMENT_PREFIX_PATH} CMAKE_PREFIX_PATH=/home/dev/gazebo-tutorials/gazebo-drone-ros/install/cam_interface:/opt/ros/humble LD_LIBRARY_PATH=/home/dev/gazebo-tutorials/gazebo-drone-ros/install/cam_interface/lib:${LD_LIBRARY_PATH} PYTHONPATH=/home/dev/gazebo-tutorials/gazebo-drone-ros/install/cam_interface/local/lib/python3.10/dist-packages:${PYTHONPATH} /usr/bin/cmake --build /home/dev/gazebo-tutorials/gazebo-drone-ros/build/box_camera -- -j4 -l4
[0.320s] -- Found ament_cmake: 1.3.7 (/opt/ros/humble/share/ament_cmake/cmake)
[0.782s] -- Found rclcpp: 16.0.8 (/opt/ros/humble/share/rclcpp/cmake)
[0.895s] -- Found rosidl_generator_c: 3.1.5 (/opt/ros/humble/share/rosidl_generator_c/cmake)
[0.900s] -- Found rosidl_adapter: 3.1.5 (/opt/ros/humble/share/rosidl_adapter/cmake)
[0.930s] -- Found rosidl_generator_cpp: 3.1.5 (/opt/ros/humble/share/rosidl_generator_cpp/cmake)
[0.963s] -- Using all available rosidl_typesupport_c: rosidl_typesupport_fastrtps_c;rosidl_typesupport_introspection_c
[0.997s] -- Using all available rosidl_typesupport_cpp: rosidl_typesupport_fastrtps_cpp;rosidl_typesupport_introspection_cpp
[1.168s] -- Found rmw_implementation_cmake: 6.1.1 (/opt/ros/humble/share/rmw_implementation_cmake/cmake)
[1.171s] -- Found rmw_fastrtps_cpp: 6.2.6 (/opt/ros/humble/share/rmw_fastrtps_cpp/cmake)
[1.444s] -- Using RMW implementation 'rmw_fastrtps_cpp' as default
[1.823s] -- Found rclpy: 3.3.11 (/opt/ros/humble/share/rclpy/cmake)
[1.839s] [33mCMake Warning (dev) at /usr/share/cmake-3.22/Modules/FindPackageHandleStandardArgs.cmake:438 (message):
[1.840s]   The package name passed to `find_package_handle_standard_args` (PkgConfig)
[1.840s]   does not match the name of the calling package (gazebo).  This can lead to
[1.841s]   problems in calling code that expects `find_package` result variables
[1.841s]   (e.g., `_FOUND`) to follow a certain pattern.
[1.842s] Call Stack (most recent call first):
[1.842s]   /usr/share/cmake-3.22/Modules/FindPkgConfig.cmake:99 (find_package_handle_standard_args)
[1.842s]   /usr/lib/x86_64-linux-gnu/cmake/gazebo/gazebo-config.cmake:72 (include)
[1.842s]   CMakeLists.txt:21 (find_package)
[1.843s] This warning is for project developers.  Use -Wno-dev to suppress it.
[1.843s] [0m
[1.899s] -- Found DART: /usr/include (Required is at least version "6.6") found components: dart 
[1.986s] -- Found Protobuf: /usr/lib/x86_64-linux-gnu/libprotobuf.so (found version "3.12.4") 
[1.988s] -- Looking for ignition-math6 -- found version 6.15.1
[2.001s] -- Searching for dependencies of ignition-math6
[2.006s] -- Looking for OGRE...
[2.020s] -- Found Ogre Ghadamon (1.9.0)
[2.021s] -- Found OGRE: optimized;/usr/lib/x86_64-linux-gnu/libOgreMain.so;debug;/usr/lib/x86_64-linux-gnu/libOgreMain.so
[2.051s] -- Looking for OGRE_Paging...
[2.051s] -- Found OGRE_Paging: optimized;/usr/lib/x86_64-linux-gnu/libOgrePaging.so;debug;/usr/lib/x86_64-linux-gnu/libOgrePaging.so
[2.052s] -- Looking for OGRE_Terrain...
[2.052s] -- Found OGRE_Terrain: optimized;/usr/lib/x86_64-linux-gnu/libOgreTerrain.so;debug;/usr/lib/x86_64-linux-gnu/libOgreTerrain.so
[2.052s] -- Looking for OGRE_Property...
[2.052s] -- Found OGRE_Property: optimized;/usr/lib/x86_64-linux-gnu/libOgreProperty.so;debug;/usr/lib/x86_64-linux-gnu/libOgreProperty.so
[2.052s] -- Looking for OGRE_RTShaderSystem...
[2.052s] -- Found OGRE_RTShaderSystem: optimized;/usr/lib/x86_64-linux-gnu/libOgreRTShaderSystem.so;debug;/usr/lib/x86_64-linux-gnu/libOgreRTShaderSystem.so
[2.052s] -- Looking for OGRE_Volume...
[2.052s] -- Found OGRE_Volume: optimized;/usr/lib/x86_64-linux-gnu/libOgreVolume.so;debug;/usr/lib/x86_64-linux-gnu/libOgreVolume.so
[2.052s] -- Looking for OGRE_Overlay...
[2.052s] -- Found OGRE_Overlay: optimized;/usr/lib/x86_64-linux-gnu/libOgreOverlay.so;debug;/usr/lib/x86_64-linux-gnu/libOgreOverlay.so
[2.340s] -- Looking for ignition-math6 -- found version 6.15.1
[2.346s] -- Looking for ignition-transport8 -- found version 8.2.1
[2.350s] -- Searching for dependencies of ignition-transport8
[2.382s] -- Found Protobuf: /usr/lib/x86_64-linux-gnu/libprotobuf.so (found suitable version "3.12.4", minimum required is "3") 
[2.401s] -- Config-file not installed for ZeroMQ -- checking for pkg-config
[2.405s] -- Checking for module 'libzmq >= 4'
[2.446s] --   Found libzmq , version 4.3.4
[2.547s] -- Checking for module 'uuid'
[2.579s] --   Found uuid, version 2.37.2
[2.664s] -- Looking for ignition-msgs5 -- found version 5.8.1
[2.668s] -- Searching for dependencies of ignition-msgs5
[2.706s] -- Looking for ignition-math6 -- found version 6.15.1
[2.714s] -- Checking for module 'tinyxml2'
[2.753s] --   Found tinyxml2, version 9.0.0
[2.847s] -- Looking for ignition-msgs5 -- found version 5.8.1
[2.849s] -- Looking for ignition-common3 -- found version 3.14.0
[2.850s] -- Searching for dependencies of ignition-common3
[2.850s] -- Looking for dlfcn.h - found
[2.850s] -- Looking for libdl - found
[2.882s] -- Searching for <ignition-common3> component [graphics]
[2.883s] -- Looking for ignition-common3-graphics -- found version 3.14.0
[2.884s] -- Searching for dependencies of ignition-common3-graphics
[2.884s] -- Looking for ignition-math6 -- found version 6.15.1
[2.885s] -- Looking for ignition-fuel_tools4 -- found version 4.4.0
[2.886s] -- Searching for dependencies of ignition-fuel_tools4
[2.976s] -- Checking for module 'jsoncpp'
[3.006s] --   Found jsoncpp, version 1.9.5
[3.109s] -- Checking for module 'libzip'
[3.138s] --   Found libzip, version 1.7.3
[3.220s] -- Looking for ignition-common3 -- found version 3.14.0
[3.223s] -- Looking for ignition-math6 -- found version 6.15.1
[3.227s] -- Looking for ignition-msgs5 -- found version 5.8.1
[3.234s] -- Found gazebo_ros: 3.7.0 (/opt/ros/humble/share/gazebo_ros/cmake)
[3.246s] -- Gazebo version: 11.10
[3.262s] -- Found robot_state_publisher: 3.0.3 (/opt/ros/humble/share/robot_state_publisher/cmake)
[3.395s] -- Found eigen3_cmake_module: 0.1.1 (/opt/ros/humble/share/eigen3_cmake_module/cmake)
[3.396s] -- Ensuring Eigen3 include directory is part of orocos-kdl CMake target
[4.543s] -- Found xacro: 2.0.8 (/opt/ros/humble/share/xacro/cmake)
[4.545s] -- Found cam_interface: 0.0.0 (/home/dev/gazebo-tutorials/gazebo-drone-ros/install/cam_interface/share/cam_interface/cmake)
[4.843s] -- Configuring done
[4.887s] -- Generating done
[4.896s] -- Build files have been written to: /home/dev/gazebo-tutorials/gazebo-drone-ros/build/box_camera
[4.975s] [35m[1mConsolidate compiler generated dependencies of target box_camera_plugin[0m
[5.073s] [ 50%] [32mBuilding CXX object CMakeFiles/box_camera_plugin.dir/src/boxCameraPlugin.cpp.o[0m
[12.031s] [01m[K/home/dev/gazebo-tutorials/gazebo-drone-ros/src/box_camera/src/boxCameraPlugin.cpp:6:10:[m[K [01;31m[Kfatal error: [m[Kcam_interface/msg/Pixel.hpp: No such file or directory
[12.031s]     6 | #include [01;31m[K<cam_interface/msg/Pixel.hpp>[m[K
[12.031s]       |          [01;31m[K^~~~~~~~~~~~~~~~~~~~~~~~~~~~~[m[K
[12.032s] compilation terminated.
[12.069s] gmake[2]: *** [CMakeFiles/box_camera_plugin.dir/build.make:76: CMakeFiles/box_camera_plugin.dir/src/boxCameraPlugin.cpp.o] Error 1
[12.069s] gmake[1]: *** [CMakeFiles/Makefile2:137: CMakeFiles/box_camera_plugin.dir/all] Error 2
[12.069s] gmake: *** [Makefile:146: all] Error 2
[12.079s] Invoked command in '/home/dev/gazebo-tutorials/gazebo-drone-ros/build/box_camera' returned '2': AMENT_PREFIX_PATH=/home/dev/gazebo-tutorials/gazebo-drone-ros/install/cam_interface:${AMENT_PREFIX_PATH} CMAKE_PREFIX_PATH=/home/dev/gazebo-tutorials/gazebo-drone-ros/install/cam_interface:/opt/ros/humble LD_LIBRARY_PATH=/home/dev/gazebo-tutorials/gazebo-drone-ros/install/cam_interface/lib:${LD_LIBRARY_PATH} PYTHONPATH=/home/dev/gazebo-tutorials/gazebo-drone-ros/install/cam_interface/local/lib/python3.10/dist-packages:${PYTHONPATH} /usr/bin/cmake --build /home/dev/gazebo-tutorials/gazebo-drone-ros/build/box_camera -- -j4 -l4
