[0.060s] Invoking command in '/home/dev/gazebo-tutorials/gazebo-drone-ros/build/cam_interface': CMAKE_PREFIX_PATH=/opt/ros/humble /usr/bin/cmake /home/dev/gazebo-tutorials/gazebo-drone-ros/src/cam_interface -DCMAKE_INSTALL_PREFIX=/home/dev/gazebo-tutorials/gazebo-drone-ros/install/cam_interface
[0.108s] -- The C compiler identification is GNU 11.4.0
[0.158s] -- The CXX compiler identification is GNU 11.4.0
[0.164s] -- Detecting C compiler ABI info
[0.225s] -- Detecting C compiler ABI info - done
[0.231s] -- Check for working C compiler: /usr/bin/cc - skipped
[0.232s] -- Detecting C compile features
[0.232s] -- Detecting C compile features - done
[0.235s] -- Detecting CXX compiler ABI info
[0.308s] -- Detecting CXX compiler ABI info - done
[0.318s] -- Check for working CXX compiler: /usr/bin/c++ - skipped
[0.318s] -- Detecting CXX compile features
[0.318s] -- Detecting CXX compile features - done
[0.320s] -- Found ament_cmake: 1.3.7 (/opt/ros/humble/share/ament_cmake/cmake)
[0.481s] -- Found Python3: /usr/bin/python3.10 (found version "3.10.12") found components: Interpreter 
[0.559s] -- Found builtin_interfaces: 1.2.1 (/opt/ros/humble/share/builtin_interfaces/cmake)
[0.586s] -- Found rosidl_generator_c: 3.1.5 (/opt/ros/humble/share/rosidl_generator_c/cmake)
[0.590s] -- Found rosidl_adapter: 3.1.5 (/opt/ros/humble/share/rosidl_adapter/cmake)
[0.597s] -- Found rosidl_generator_cpp: 3.1.5 (/opt/ros/humble/share/rosidl_generator_cpp/cmake)
[0.610s] -- Using all available rosidl_typesupport_c: rosidl_typesupport_fastrtps_c;rosidl_typesupport_introspection_c
[0.629s] -- Using all available rosidl_typesupport_cpp: rosidl_typesupport_fastrtps_cpp;rosidl_typesupport_introspection_cpp
[0.644s] -- Found rosidl_default_generators: 1.2.0 (/opt/ros/humble/share/rosidl_default_generators/cmake)
[0.806s] [31mCMake Error at /opt/ros/humble/share/rosidl_adapter/cmake/rosidl_adapt_interfaces.cmake:59 (message):
[0.807s]   execute_process(/usr/bin/python3.10 -m rosidl_adapter --package-name
[0.807s]   cam_interface --arguments-file
[0.807s]   /home/dev/gazebo-tutorials/gazebo-drone-ros/build/cam_interface/rosidl_adapter__arguments__cam_interface.json
[0.807s]   --output-dir
[0.807s]   /home/dev/gazebo-tutorials/gazebo-drone-ros/build/cam_interface/rosidl_adapter/cam_interface
[0.807s]   --output-file
[0.807s]   /home/dev/gazebo-tutorials/gazebo-drone-ros/build/cam_interface/rosidl_adapter/cam_interface.idls)
[0.807s]   returned error code 1:
[0.807s] 
[0.807s]   Error processing 'float32 x,y,z' of 'cam_interface/Pixel': ''x,y,z' is an
[0.807s]   invalid field name.  It should have the pattern
[0.808s]   '^(?!.*__)(?!.*_$)[a-z][a-z0-9_]*$''
[0.808s] 
[0.808s]   Traceback (most recent call last):
[0.808s] 
[0.808s]     File "/usr/lib/python3.10/runpy.py", line 196, in _run_module_as_main
[0.808s]       return _run_code(code, main_globals, None,
[0.808s]     File "/usr/lib/python3.10/runpy.py", line 86, in _run_code
[0.808s]       exec(code, run_globals)
[0.808s]     File "/opt/ros/humble/local/lib/python3.10/dist-packages/rosidl_adapter/__main__.py", line 19, in <module>
[0.808s]       sys.exit(main())
[0.808s]     File "/opt/ros/humble/local/lib/python3.10/dist-packages/rosidl_adapter/main.py", line 53, in main
[0.808s]       abs_idl_file = convert_to_idl(
[0.808s]     File "/opt/ros/humble/local/lib/python3.10/dist-packages/rosidl_adapter/__init__.py", line 19, in convert_to_idl
[0.808s]       return convert_msg_to_idl(
[0.808s]     File "/opt/ros/humble/local/lib/python3.10/dist-packages/rosidl_adapter/msg/__init__.py", line 28, in convert_msg_to_idl
[0.809s]       msg = parse_message_string(package_name, input_file.stem, content)
[0.809s]     File "/opt/ros/humble/local/lib/python3.10/dist-packages/rosidl_adapter/parser.py", line 519, in parse_message_string
[0.809s]       fields.append(Field(
[0.809s]     File "/opt/ros/humble/local/lib/python3.10/dist-packages/rosidl_adapter/parser.py", line 354, in __init__
[0.809s]       raise NameError(
[0.809s] 
[0.809s]   NameError: 'x,y,z' is an invalid field name.  It should have the pattern
[0.809s]   '^(?!.*__)(?!.*_$)[a-z][a-z0-9_]*$'
[0.809s] 
[0.809s] Call Stack (most recent call first):
[0.809s]   /opt/ros/humble/share/rosidl_cmake/cmake/rosidl_generate_interfaces.cmake:130 (rosidl_adapt_interfaces)
[0.809s]   CMakeLists.txt:24 (rosidl_generate_interfaces)
[0.810s] 
[0.810s] [0m
[0.810s] -- Configuring incomplete, errors occurred!
[0.810s] See also "/home/dev/gazebo-tutorials/gazebo-drone-ros/build/cam_interface/CMakeFiles/CMakeOutput.log".
[0.816s] Invoked command in '/home/dev/gazebo-tutorials/gazebo-drone-ros/build/cam_interface' returned '1': CMAKE_PREFIX_PATH=/opt/ros/humble /usr/bin/cmake /home/dev/gazebo-tutorials/gazebo-drone-ros/src/cam_interface -DCMAKE_INSTALL_PREFIX=/home/dev/gazebo-tutorials/gazebo-drone-ros/install/cam_interface
