In file included from [01m[K/home/dev/gazebo-tutorials/gazebo-drone-ros/src/box_camera/src/boxCameraPlugin.cpp:1[m[K:
[01m[K/home/dev/gazebo-tutorials/gazebo-drone-ros/src/box_camera/include/boxCamera/boxCameraPlugin.hpp:26:31:[m[K [01;31m[Kerror: [m[K‘[01m[Kcam_interface[m[K’ was not declared in this scope; did you mean ‘[01m[Krcl_interfaces[m[K’?
   26 |             rclcpp::Publisher<[01;31m[Kcam_interface[m[K::msg::Pixel>::SharedPtr cam_publisher;
      |                               [01;31m[K^~~~~~~~~~~~~[m[K
      |                               [32m[Krcl_interfaces[m[K
[01m[K/home/dev/gazebo-tutorials/gazebo-drone-ros/src/box_camera/include/boxCamera/boxCameraPlugin.hpp:26:56:[m[K [01;31m[Kerror: [m[Ktemplate argument 1 is invalid
   26 |             rclcpp::Publisher<cam_interface::msg::Pixel[01;31m[K>[m[K::SharedPtr cam_publisher;
      |                                                        [01;31m[K^[m[K
[01m[K/home/dev/gazebo-tutorials/gazebo-drone-ros/src/box_camera/include/boxCamera/boxCameraPlugin.hpp:26:59:[m[K [01;31m[Kerror: [m[Kexpected ‘[01m[K;[m[K’ at end of member declaration
   26 |             rclcpp::Publisher<cam_interface::msg::Pixel>::[01;31m[KSharedPtr[m[K cam_publisher;
      |                                                           [01;31m[K^~~~~~~~~[m[K
      |                                                                    [32m[K;[m[K
[01m[K/home/dev/gazebo-tutorials/gazebo-drone-ros/src/box_camera/include/boxCamera/boxCameraPlugin.hpp:26:69:[m[K [01;31m[Kerror: [m[K‘[01m[Kcam_publisher[m[K’ does not name a type; did you mean ‘[01m[Krmw_publisher_t[m[K’?
   26 |             rclcpp::Publisher<cam_interface::msg::Pixel>::SharedPtr [01;31m[Kcam_publisher[m[K;
      |                                                                     [01;31m[K^~~~~~~~~~~~~[m[K
      |                                                                     [32m[Krmw_publisher_t[m[K
[01m[K/home/dev/gazebo-tutorials/gazebo-drone-ros/src/box_camera/src/boxCameraPlugin.cpp:[m[K In constructor ‘[01m[Kgazebo::BoxCameraPlugin::BoxCameraPlugin()[m[K’:
[01m[K/home/dev/gazebo-tutorials/gazebo-drone-ros/src/box_camera/src/boxCameraPlugin.cpp:33:89:[m[K [01;31m[Kerror: [m[Kno matching function for call to ‘[01m[Krclcpp::Node::Node()[m[K’
   33 |     BoxCameraPlugin::BoxCameraPlugin(): impl_(std::make_unique<BoxCameraPluginPrivate>()[01;31m[K)[m[K{
      |                                                                                         [01;31m[K^[m[K
In file included from [01m[K/opt/ros/humble/include/rclcpp/rclcpp/executors/single_threaded_executor.hpp:28[m[K,
                 from [01m[K/opt/ros/humble/include/rclcpp/rclcpp/executors.hpp:22[m[K,
                 from [01m[K/opt/ros/humble/include/rclcpp/rclcpp/rclcpp.hpp:155[m[K,
                 from [01m[K/home/dev/gazebo-tutorials/gazebo-drone-ros/src/box_camera/include/boxCamera/boxCameraPlugin.hpp:5[m[K,
                 from [01m[K/home/dev/gazebo-tutorials/gazebo-drone-ros/src/box_camera/src/boxCameraPlugin.cpp:1[m[K:
[01m[K/opt/ros/humble/include/rclcpp/rclcpp/node.hpp:1294:3:[m[K [01;36m[Knote: [m[Kcandidate: ‘[01m[Krclcpp::Node::Node(const rclcpp::Node&, const string&)[m[K’
 1294 |   [01;36m[KNode[m[K(
      |   [01;36m[K^~~~[m[K
[01m[K/opt/ros/humble/include/rclcpp/rclcpp/node.hpp:1294:3:[m[K [01;36m[Knote: [m[K  candidate expects 2 arguments, 0 provided
[01m[K/opt/ros/humble/include/rclcpp/rclcpp/node.hpp:101:12:[m[K [01;36m[Knote: [m[Kcandidate: ‘[01m[Krclcpp::Node::Node(const string&, const string&, const rclcpp::NodeOptions&)[m[K’
  101 |   explicit [01;36m[KNode[m[K(
      |            [01;36m[K^~~~[m[K
[01m[K/opt/ros/humble/include/rclcpp/rclcpp/node.hpp:101:12:[m[K [01;36m[Knote: [m[K  candidate expects 3 arguments, 0 provided
[01m[K/opt/ros/humble/include/rclcpp/rclcpp/node.hpp:89:12:[m[K [01;36m[Knote: [m[Kcandidate: ‘[01m[Krclcpp::Node::Node(const string&, const rclcpp::NodeOptions&)[m[K’
   89 |   explicit [01;36m[KNode[m[K(
      |            [01;36m[K^~~~[m[K
[01m[K/opt/ros/humble/include/rclcpp/rclcpp/node.hpp:89:12:[m[K [01;36m[Knote: [m[K  candidate expects 2 arguments, 0 provided
[01m[K/home/dev/gazebo-tutorials/gazebo-drone-ros/src/box_camera/src/boxCameraPlugin.cpp:35:9:[m[K [01;31m[Kerror: [m[K‘[01m[Kcam_publisher[m[K’ was not declared in this scope; did you mean ‘[01m[Kcreate_publisher[m[K’?
   35 |         [01;31m[Kcam_publisher[m[K = this->create_publisher<cam_interface::msg::Pixel>("/sai_custom_plugin/data", 10);
      |         [01;31m[K^~~~~~~~~~~~~[m[K
      |         [32m[Kcreate_publisher[m[K
gmake[2]: *** [CMakeFiles/box_camera_plugin.dir/build.make:76: CMakeFiles/box_camera_plugin.dir/src/boxCameraPlugin.cpp.o] Error 1
gmake[1]: *** [CMakeFiles/Makefile2:137: CMakeFiles/box_camera_plugin.dir/all] Error 2
gmake: *** [Makefile:146: all] Error 2
