[0.064s] Invoking command in '/home/dev/gazebo-tutorials/gazebo-drone-ros/build/box_camera': AMENT_PREFIX_PATH=/home/dev/gazebo-tutorials/gazebo-drone-ros/install/cam_interface:${AMENT_PREFIX_PATH} CMAKE_PREFIX_PATH=/home/dev/gazebo-tutorials/gazebo-drone-ros/install/cam_interface:/opt/ros/humble LD_LIBRARY_PATH=/home/dev/gazebo-tutorials/gazebo-drone-ros/install/cam_interface/lib:${LD_LIBRARY_PATH} PYTHONPATH=/home/dev/gazebo-tutorials/gazebo-drone-ros/install/cam_interface/local/lib/python3.10/dist-packages:${PYTHONPATH} /usr/bin/cmake /home/dev/gazebo-tutorials/gazebo-drone-ros/src/box_camera -DCMAKE_INSTALL_PREFIX=/home/dev/gazebo-tutorials/gazebo-drone-ros/install/box_camera
[0.076s] -- Found ament_cmake: 1.3.7 (/opt/ros/humble/share/ament_cmake/cmake)
[0.217s] -- Found rclcpp: 16.0.8 (/opt/ros/humble/share/rclcpp/cmake)
[0.249s] -- Found rosidl_generator_c: 3.1.5 (/opt/ros/humble/share/rosidl_generator_c/cmake)
[0.251s] -- Found rosidl_adapter: 3.1.5 (/opt/ros/humble/share/rosidl_adapter/cmake)
[0.258s] -- Found rosidl_generator_cpp: 3.1.5 (/opt/ros/humble/share/rosidl_generator_cpp/cmake)
[0.270s] -- Using all available rosidl_typesupport_c: rosidl_typesupport_fastrtps_c;rosidl_typesupport_introspection_c
[0.284s] -- Using all available rosidl_typesupport_cpp: rosidl_typesupport_fastrtps_cpp;rosidl_typesupport_introspection_cpp
[0.345s] -- Found rmw_implementation_cmake: 6.1.1 (/opt/ros/humble/share/rmw_implementation_cmake/cmake)
[0.347s] -- Found rmw_fastrtps_cpp: 6.2.6 (/opt/ros/humble/share/rmw_fastrtps_cpp/cmake)
[0.455s] -- Using RMW implementation 'rmw_fastrtps_cpp' as default
[0.605s] -- Found rclpy: 3.3.11 (/opt/ros/humble/share/rclpy/cmake)
[0.610s] [33mCMake Warning (dev) at /usr/share/cmake-3.22/Modules/FindPackageHandleStandardArgs.cmake:438 (message):
[0.610s]   The package name passed to `find_package_handle_standard_args` (PkgConfig)
[0.610s]   does not match the name of the calling package (gazebo).  This can lead to
[0.610s]   problems in calling code that expects `find_package` result variables
[0.610s]   (e.g., `_FOUND`) to follow a certain pattern.
[0.610s] Call Stack (most recent call first):
[0.610s]   /usr/share/cmake-3.22/Modules/FindPkgConfig.cmake:99 (find_package_handle_standard_args)
[0.611s]   /usr/lib/x86_64-linux-gnu/cmake/gazebo/gazebo-config.cmake:72 (include)
[0.611s]   CMakeLists.txt:21 (find_package)
[0.611s] This warning is for project developers.  Use -Wno-dev to suppress it.
[0.611s] [0m
[0.638s] -- Found DART: /usr/include (Required is at least version "6.6") found components: dart 
[0.663s] -- Found Protobuf: /usr/lib/x86_64-linux-gnu/libprotobuf.so (found version "3.12.4") 
[0.664s] -- Looking for ignition-math6 -- found version 6.15.1
[0.669s] -- Searching for dependencies of ignition-math6
[0.670s] -- Looking for OGRE...
[0.675s] -- Found Ogre Ghadamon (1.9.0)
[0.675s] -- Found OGRE: optimized;/usr/lib/x86_64-linux-gnu/libOgreMain.so;debug;/usr/lib/x86_64-linux-gnu/libOgreMain.so
[0.684s] -- Looking for OGRE_Paging...
[0.684s] -- Found OGRE_Paging: optimized;/usr/lib/x86_64-linux-gnu/libOgrePaging.so;debug;/usr/lib/x86_64-linux-gnu/libOgrePaging.so
[0.684s] -- Looking for OGRE_Terrain...
[0.685s] -- Found OGRE_Terrain: optimized;/usr/lib/x86_64-linux-gnu/libOgreTerrain.so;debug;/usr/lib/x86_64-linux-gnu/libOgreTerrain.so
[0.685s] -- Looking for OGRE_Property...
[0.685s] -- Found OGRE_Property: optimized;/usr/lib/x86_64-linux-gnu/libOgreProperty.so;debug;/usr/lib/x86_64-linux-gnu/libOgreProperty.so
[0.685s] -- Looking for OGRE_RTShaderSystem...
[0.685s] -- Found OGRE_RTShaderSystem: optimized;/usr/lib/x86_64-linux-gnu/libOgreRTShaderSystem.so;debug;/usr/lib/x86_64-linux-gnu/libOgreRTShaderSystem.so
[0.685s] -- Looking for OGRE_Volume...
[0.685s] -- Found OGRE_Volume: optimized;/usr/lib/x86_64-linux-gnu/libOgreVolume.so;debug;/usr/lib/x86_64-linux-gnu/libOgreVolume.so
[0.685s] -- Looking for OGRE_Overlay...
[0.685s] -- Found OGRE_Overlay: optimized;/usr/lib/x86_64-linux-gnu/libOgreOverlay.so;debug;/usr/lib/x86_64-linux-gnu/libOgreOverlay.so
[0.783s] -- Looking for ignition-math6 -- found version 6.15.1
[0.784s] -- Looking for ignition-transport8 -- found version 8.2.1
[0.784s] -- Searching for dependencies of ignition-transport8
[0.800s] -- Found Protobuf: /usr/lib/x86_64-linux-gnu/libprotobuf.so (found suitable version "3.12.4", minimum required is "3") 
[0.811s] -- Config-file not installed for ZeroMQ -- checking for pkg-config
[0.815s] -- Checking for module 'libzmq >= 4'
[0.828s] --   Found libzmq , version 4.3.4
[0.868s] -- Checking for module 'uuid'
[0.879s] --   Found uuid, version 2.37.2
[0.909s] -- Looking for ignition-msgs5 -- found version 5.8.1
[0.909s] -- Searching for dependencies of ignition-msgs5
[0.928s] -- Looking for ignition-math6 -- found version 6.15.1
[0.933s] -- Checking for module 'tinyxml2'
[0.949s] --   Found tinyxml2, version 9.0.0
[0.979s] -- Looking for ignition-msgs5 -- found version 5.8.1
[0.979s] -- Looking for ignition-common3 -- found version 3.14.0
[0.980s] -- Searching for dependencies of ignition-common3
[0.980s] -- Looking for dlfcn.h - found
[0.980s] -- Looking for libdl - found
[0.990s] -- Searching for <ignition-common3> component [graphics]
[0.991s] -- Looking for ignition-common3-graphics -- found version 3.14.0
[0.991s] -- Searching for dependencies of ignition-common3-graphics
[0.991s] -- Looking for ignition-math6 -- found version 6.15.1
[0.993s] -- Looking for ignition-fuel_tools4 -- found version 4.4.0
[0.993s] -- Searching for dependencies of ignition-fuel_tools4
[1.029s] -- Checking for module 'jsoncpp'
[1.041s] --   Found jsoncpp, version 1.9.5
[1.076s] -- Checking for module 'libzip'
[1.087s] --   Found libzip, version 1.7.3
[1.119s] -- Looking for ignition-common3 -- found version 3.14.0
[1.119s] -- Looking for ignition-math6 -- found version 6.15.1
[1.120s] -- Looking for ignition-msgs5 -- found version 5.8.1
[1.121s] -- Found gazebo_ros: 3.7.0 (/opt/ros/humble/share/gazebo_ros/cmake)
[1.125s] -- Gazebo version: 11.10
[1.130s] -- Found robot_state_publisher: 3.0.3 (/opt/ros/humble/share/robot_state_publisher/cmake)
[1.214s] -- Found eigen3_cmake_module: 0.1.1 (/opt/ros/humble/share/eigen3_cmake_module/cmake)
[1.216s] -- Ensuring Eigen3 include directory is part of orocos-kdl CMake target
[1.685s] -- Found xacro: 2.0.8 (/opt/ros/humble/share/xacro/cmake)
[1.686s] -- Found cam_interface: 0.0.0 (/home/dev/gazebo-tutorials/gazebo-drone-ros/install/cam_interface/share/cam_interface/cmake)
[1.824s] -- Configuring done
[1.847s] -- Generating done
[1.851s] -- Build files have been written to: /home/dev/gazebo-tutorials/gazebo-drone-ros/build/box_camera
[1.866s] Invoked command in '/home/dev/gazebo-tutorials/gazebo-drone-ros/build/box_camera' returned '0': AMENT_PREFIX_PATH=/home/dev/gazebo-tutorials/gazebo-drone-ros/install/cam_interface:${AMENT_PREFIX_PATH} CMAKE_PREFIX_PATH=/home/dev/gazebo-tutorials/gazebo-drone-ros/install/cam_interface:/opt/ros/humble LD_LIBRARY_PATH=/home/dev/gazebo-tutorials/gazebo-drone-ros/install/cam_interface/lib:${LD_LIBRARY_PATH} PYTHONPATH=/home/dev/gazebo-tutorials/gazebo-drone-ros/install/cam_interface/local/lib/python3.10/dist-packages:${PYTHONPATH} /usr/bin/cmake /home/dev/gazebo-tutorials/gazebo-drone-ros/src/box_camera -DCMAKE_INSTALL_PREFIX=/home/dev/gazebo-tutorials/gazebo-drone-ros/install/box_camera
[1.869s] Invoking command in '/home/dev/gazebo-tutorials/gazebo-drone-ros/build/box_camera': AMENT_PREFIX_PATH=/home/dev/gazebo-tutorials/gazebo-drone-ros/install/cam_interface:${AMENT_PREFIX_PATH} CMAKE_PREFIX_PATH=/home/dev/gazebo-tutorials/gazebo-drone-ros/install/cam_interface:/opt/ros/humble LD_LIBRARY_PATH=/home/dev/gazebo-tutorials/gazebo-drone-ros/install/cam_interface/lib:${LD_LIBRARY_PATH} PYTHONPATH=/home/dev/gazebo-tutorials/gazebo-drone-ros/install/cam_interface/local/lib/python3.10/dist-packages:${PYTHONPATH} /usr/bin/cmake --build /home/dev/gazebo-tutorials/gazebo-drone-ros/build/box_camera -- -j4 -l4
[1.919s] [ 50%] [32mBuilding CXX object CMakeFiles/box_camera_plugin.dir/src/boxCameraPlugin.cpp.o[0m
[16.754s] [100%] [32m[1mLinking CXX shared library libbox_camera_plugin.so[0m
[17.214s] [100%] Built target box_camera_plugin
[17.224s] Invoked command in '/home/dev/gazebo-tutorials/gazebo-drone-ros/build/box_camera' returned '0': AMENT_PREFIX_PATH=/home/dev/gazebo-tutorials/gazebo-drone-ros/install/cam_interface:${AMENT_PREFIX_PATH} CMAKE_PREFIX_PATH=/home/dev/gazebo-tutorials/gazebo-drone-ros/install/cam_interface:/opt/ros/humble LD_LIBRARY_PATH=/home/dev/gazebo-tutorials/gazebo-drone-ros/install/cam_interface/lib:${LD_LIBRARY_PATH} PYTHONPATH=/home/dev/gazebo-tutorials/gazebo-drone-ros/install/cam_interface/local/lib/python3.10/dist-packages:${PYTHONPATH} /usr/bin/cmake --build /home/dev/gazebo-tutorials/gazebo-drone-ros/build/box_camera -- -j4 -l4
[17.253s] Invoking command in '/home/dev/gazebo-tutorials/gazebo-drone-ros/build/box_camera': AMENT_PREFIX_PATH=/home/dev/gazebo-tutorials/gazebo-drone-ros/install/cam_interface:${AMENT_PREFIX_PATH} CMAKE_PREFIX_PATH=/home/dev/gazebo-tutorials/gazebo-drone-ros/install/cam_interface:/opt/ros/humble LD_LIBRARY_PATH=/home/dev/gazebo-tutorials/gazebo-drone-ros/install/cam_interface/lib:${LD_LIBRARY_PATH} PYTHONPATH=/home/dev/gazebo-tutorials/gazebo-drone-ros/install/cam_interface/local/lib/python3.10/dist-packages:${PYTHONPATH} /usr/bin/cmake --install /home/dev/gazebo-tutorials/gazebo-drone-ros/build/box_camera
[17.260s] -- Install configuration: ""
[17.260s] -- Installing: /home/dev/gazebo-tutorials/gazebo-drone-ros/install/box_camera/share/box_camera//src
[17.260s] -- Installing: /home/dev/gazebo-tutorials/gazebo-drone-ros/install/box_camera/share/box_camera//src/boxCameraPlugin.cpp
[17.260s] -- Installing: /home/dev/gazebo-tutorials/gazebo-drone-ros/install/box_camera/share/box_camera/environment/library_path.sh
[17.260s] -- Installing: /home/dev/gazebo-tutorials/gazebo-drone-ros/install/box_camera/share/box_camera/environment/library_path.dsv
[17.260s] -- Installing: /home/dev/gazebo-tutorials/gazebo-drone-ros/install/box_camera/lib/libbox_camera_plugin.so
[17.263s] -- Set runtime path of "/home/dev/gazebo-tutorials/gazebo-drone-ros/install/box_camera/lib/libbox_camera_plugin.so" to ""
[17.264s] -- Installing: /home/dev/gazebo-tutorials/gazebo-drone-ros/install/box_camera/share/ament_index/resource_index/package_run_dependencies/box_camera
[17.264s] -- Installing: /home/dev/gazebo-tutorials/gazebo-drone-ros/install/box_camera/share/ament_index/resource_index/parent_prefix_path/box_camera
[17.264s] -- Installing: /home/dev/gazebo-tutorials/gazebo-drone-ros/install/box_camera/share/box_camera/environment/ament_prefix_path.sh
[17.264s] -- Installing: /home/dev/gazebo-tutorials/gazebo-drone-ros/install/box_camera/share/box_camera/environment/ament_prefix_path.dsv
[17.264s] -- Installing: /home/dev/gazebo-tutorials/gazebo-drone-ros/install/box_camera/share/box_camera/environment/path.sh
[17.264s] -- Installing: /home/dev/gazebo-tutorials/gazebo-drone-ros/install/box_camera/share/box_camera/environment/path.dsv
[17.264s] -- Installing: /home/dev/gazebo-tutorials/gazebo-drone-ros/install/box_camera/share/box_camera/local_setup.bash
[17.264s] -- Installing: /home/dev/gazebo-tutorials/gazebo-drone-ros/install/box_camera/share/box_camera/local_setup.sh
[17.264s] -- Installing: /home/dev/gazebo-tutorials/gazebo-drone-ros/install/box_camera/share/box_camera/local_setup.zsh
[17.265s] -- Installing: /home/dev/gazebo-tutorials/gazebo-drone-ros/install/box_camera/share/box_camera/local_setup.dsv
[17.265s] -- Installing: /home/dev/gazebo-tutorials/gazebo-drone-ros/install/box_camera/share/box_camera/package.dsv
[17.265s] -- Installing: /home/dev/gazebo-tutorials/gazebo-drone-ros/install/box_camera/share/ament_index/resource_index/packages/box_camera
[17.265s] -- Installing: /home/dev/gazebo-tutorials/gazebo-drone-ros/install/box_camera/share/box_camera/cmake/ament_cmake_export_libraries-extras.cmake
[17.265s] -- Installing: /home/dev/gazebo-tutorials/gazebo-drone-ros/install/box_camera/share/box_camera/cmake/box_cameraConfig.cmake
[17.265s] -- Installing: /home/dev/gazebo-tutorials/gazebo-drone-ros/install/box_camera/share/box_camera/cmake/box_cameraConfig-version.cmake
[17.266s] -- Installing: /home/dev/gazebo-tutorials/gazebo-drone-ros/install/box_camera/share/box_camera/package.xml
[17.266s] -- Installing: /home/dev/gazebo-tutorials/gazebo-drone-ros/install/box_camera/include
[17.266s] -- Installing: /home/dev/gazebo-tutorials/gazebo-drone-ros/install/box_camera/include/boxCamera
[17.266s] -- Installing: /home/dev/gazebo-tutorials/gazebo-drone-ros/install/box_camera/include/boxCamera/boxCameraPlugin.hpp
[17.268s] Invoked command in '/home/dev/gazebo-tutorials/gazebo-drone-ros/build/box_camera' returned '0': AMENT_PREFIX_PATH=/home/dev/gazebo-tutorials/gazebo-drone-ros/install/cam_interface:${AMENT_PREFIX_PATH} CMAKE_PREFIX_PATH=/home/dev/gazebo-tutorials/gazebo-drone-ros/install/cam_interface:/opt/ros/humble LD_LIBRARY_PATH=/home/dev/gazebo-tutorials/gazebo-drone-ros/install/cam_interface/lib:${LD_LIBRARY_PATH} PYTHONPATH=/home/dev/gazebo-tutorials/gazebo-drone-ros/install/cam_interface/local/lib/python3.10/dist-packages:${PYTHONPATH} /usr/bin/cmake --install /home/dev/gazebo-tutorials/gazebo-drone-ros/build/box_camera
