[0.225s] Invoking command in '/home/dev/gazebo-tutorials/gazebo-drone-ros/build/box_camera': CMAKE_PREFIX_PATH=/opt/ros/humble /usr/bin/cmake --build /home/dev/gazebo-tutorials/gazebo-drone-ros/build/box_camera -- -j4 -l4
[0.398s] -- Found ament_cmake: 1.3.7 (/opt/ros/humble/share/ament_cmake/cmake)
[0.865s] -- Found rclcpp: 16.0.8 (/opt/ros/humble/share/rclcpp/cmake)
[0.978s] -- Found rosidl_generator_c: 3.1.5 (/opt/ros/humble/share/rosidl_generator_c/cmake)
[0.989s] -- Found rosidl_adapter: 3.1.5 (/opt/ros/humble/share/rosidl_adapter/cmake)
[1.004s] -- Found rosidl_generator_cpp: 3.1.5 (/opt/ros/humble/share/rosidl_generator_cpp/cmake)
[1.053s] -- Using all available rosidl_typesupport_c: rosidl_typesupport_fastrtps_c;rosidl_typesupport_introspection_c
[1.088s] -- Using all available rosidl_typesupport_cpp: rosidl_typesupport_fastrtps_cpp;rosidl_typesupport_introspection_cpp
[1.230s] -- Found rmw_implementation_cmake: 6.1.1 (/opt/ros/humble/share/rmw_implementation_cmake/cmake)
[1.233s] -- Found rmw_fastrtps_cpp: 6.2.6 (/opt/ros/humble/share/rmw_fastrtps_cpp/cmake)
[1.515s] -- Using RMW implementation 'rmw_fastrtps_cpp' as default
[2.000s] -- Found rclpy: 3.3.11 (/opt/ros/humble/share/rclpy/cmake)
[2.016s] [33mCMake Warning (dev) at /usr/share/cmake-3.22/Modules/FindPackageHandleStandardArgs.cmake:438 (message):
[2.017s]   The package name passed to `find_package_handle_standard_args` (PkgConfig)
[2.017s]   does not match the name of the calling package (gazebo).  This can lead to
[2.017s]   problems in calling code that expects `find_package` result variables
[2.017s]   (e.g., `_FOUND`) to follow a certain pattern.
[2.017s] Call Stack (most recent call first):
[2.017s]   /usr/share/cmake-3.22/Modules/FindPkgConfig.cmake:99 (find_package_handle_standard_args)
[2.018s]   /usr/lib/x86_64-linux-gnu/cmake/gazebo/gazebo-config.cmake:72 (include)
[2.018s]   CMakeLists.txt:21 (find_package)
[2.018s] This warning is for project developers.  Use -Wno-dev to suppress it.
[2.018s] [0m
[2.098s] -- Found DART: /usr/include (Required is at least version "6.6") found components: dart 
[2.203s] -- Found Protobuf: /usr/lib/x86_64-linux-gnu/libprotobuf.so (found version "3.12.4") 
[2.206s] -- Looking for ignition-math6 -- found version 6.15.1
[2.220s] -- Searching for dependencies of ignition-math6
[2.226s] -- Looking for OGRE...
[2.240s] -- Found Ogre Ghadamon (1.9.0)
[2.241s] -- Found OGRE: optimized;/usr/lib/x86_64-linux-gnu/libOgreMain.so;debug;/usr/lib/x86_64-linux-gnu/libOgreMain.so
[2.271s] -- Looking for OGRE_Paging...
[2.272s] -- Found OGRE_Paging: optimized;/usr/lib/x86_64-linux-gnu/libOgrePaging.so;debug;/usr/lib/x86_64-linux-gnu/libOgrePaging.so
[2.272s] -- Looking for OGRE_Terrain...
[2.272s] -- Found OGRE_Terrain: optimized;/usr/lib/x86_64-linux-gnu/libOgreTerrain.so;debug;/usr/lib/x86_64-linux-gnu/libOgreTerrain.so
[2.272s] -- Looking for OGRE_Property...
[2.272s] -- Found OGRE_Property: optimized;/usr/lib/x86_64-linux-gnu/libOgreProperty.so;debug;/usr/lib/x86_64-linux-gnu/libOgreProperty.so
[2.272s] -- Looking for OGRE_RTShaderSystem...
[2.272s] -- Found OGRE_RTShaderSystem: optimized;/usr/lib/x86_64-linux-gnu/libOgreRTShaderSystem.so;debug;/usr/lib/x86_64-linux-gnu/libOgreRTShaderSystem.so
[2.272s] -- Looking for OGRE_Volume...
[2.273s] -- Found OGRE_Volume: optimized;/usr/lib/x86_64-linux-gnu/libOgreVolume.so;debug;/usr/lib/x86_64-linux-gnu/libOgreVolume.so
[2.273s] -- Looking for OGRE_Overlay...
[2.273s] -- Found OGRE_Overlay: optimized;/usr/lib/x86_64-linux-gnu/libOgreOverlay.so;debug;/usr/lib/x86_64-linux-gnu/libOgreOverlay.so
[2.602s] -- Looking for ignition-math6 -- found version 6.15.1
[2.608s] -- Looking for ignition-transport8 -- found version 8.2.1
[2.612s] -- Searching for dependencies of ignition-transport8
[2.656s] -- Found Protobuf: /usr/lib/x86_64-linux-gnu/libprotobuf.so (found suitable version "3.12.4", minimum required is "3") 
[2.681s] -- Config-file not installed for ZeroMQ -- checking for pkg-config
[2.697s] -- Checking for module 'libzmq >= 4'
[2.735s] --   Found libzmq , version 4.3.4
[2.847s] -- Checking for module 'uuid'
[2.880s] --   Found uuid, version 2.37.2
[2.957s] -- Looking for ignition-msgs5 -- found version 5.8.1
[2.957s] -- Searching for dependencies of ignition-msgs5
[2.998s] -- Looking for ignition-math6 -- found version 6.15.1
[3.006s] -- Checking for module 'tinyxml2'
[3.037s] --   Found tinyxml2, version 9.0.0
[3.117s] -- Looking for ignition-msgs5 -- found version 5.8.1
[3.117s] -- Looking for ignition-common3 -- found version 3.14.0
[3.118s] -- Searching for dependencies of ignition-common3
[3.118s] -- Looking for dlfcn.h - found
[3.118s] -- Looking for libdl - found
[3.149s] -- Searching for <ignition-common3> component [graphics]
[3.150s] -- Looking for ignition-common3-graphics -- found version 3.14.0
[3.151s] -- Searching for dependencies of ignition-common3-graphics
[3.151s] -- Looking for ignition-math6 -- found version 6.15.1
[3.153s] -- Looking for ignition-fuel_tools4 -- found version 4.4.0
[3.154s] -- Searching for dependencies of ignition-fuel_tools4
[3.245s] -- Checking for module 'jsoncpp'
[3.278s] --   Found jsoncpp, version 1.9.5
[3.387s] -- Checking for module 'libzip'
[3.418s] --   Found libzip, version 1.7.3
[3.501s] -- Looking for ignition-common3 -- found version 3.14.0
[3.502s] -- Looking for ignition-math6 -- found version 6.15.1
[3.502s] -- Looking for ignition-msgs5 -- found version 5.8.1
[3.518s] -- Found gazebo_ros: 3.7.0 (/opt/ros/humble/share/gazebo_ros/cmake)
[3.532s] -- Gazebo version: 11.10
[3.542s] -- Found robot_state_publisher: 3.0.3 (/opt/ros/humble/share/robot_state_publisher/cmake)
[3.697s] -- Found eigen3_cmake_module: 0.1.1 (/opt/ros/humble/share/eigen3_cmake_module/cmake)
[3.706s] -- Ensuring Eigen3 include directory is part of orocos-kdl CMake target
[5.031s] [31mCMake Error at CMakeLists.txt:25 (find_package):
[5.031s]   By not providing "Findxacro.cmake" in CMAKE_MODULE_PATH this project has
[5.031s]   asked CMake to find a package configuration file provided by "xacro", but
[5.031s]   CMake did not find one.
[5.031s] 
[5.031s]   Could not find a package configuration file provided by "xacro" with any of
[5.031s]   the following names:
[5.032s] 
[5.032s]     xacroConfig.cmake
[5.032s]     xacro-config.cmake
[5.032s] 
[5.032s]   Add the installation prefix of "xacro" to CMAKE_PREFIX_PATH or set
[5.032s]   "xacro_DIR" to a directory containing one of the above files.  If "xacro"
[5.032s]   provides a separate development package or SDK, be sure it has been
[5.032s]   installed.
[5.032s] 
[5.032s] [0m
[5.032s] -- Configuring incomplete, errors occurred!
[5.032s] See also "/home/dev/gazebo-tutorials/gazebo-drone-ros/build/box_camera/CMakeFiles/CMakeOutput.log".
[5.074s] gmake: *** [Makefile:267: cmake_check_build_system] Error 1
[5.084s] Invoked command in '/home/dev/gazebo-tutorials/gazebo-drone-ros/build/box_camera' returned '2': CMAKE_PREFIX_PATH=/opt/ros/humble /usr/bin/cmake --build /home/dev/gazebo-tutorials/gazebo-drone-ros/build/box_camera -- -j4 -l4
